{
"src/app/_guards/admin.guard.ts":{"path":"src/app/_guards/admin.guard.ts","statementMap":{"1":{"start":{"line":1,"column":0},"end":{"line":1,"column":42}},"2":{"start":{"line":2,"column":0},"end":{"line":2,"column":53}},"3":{"start":{"line":3,"column":0},"end":{"line":3,"column":36}},"4":{"start":{"line":4,"column":0},"end":{"line":4,"column":54}},"5":{"start":{"line":6,"column":0},"end":{"line":6,"column":39}},"6":{"start":{"line":10,"column":0},"end":{"line":35,"column":0}},"7":{"start":{"line":12,"column":23},"end":{"line":12,"column":37}},"8":{"start":{"line":13,"column":23},"end":{"line":13,"column":49}},"9":{"start":{"line":14,"column":23},"end":{"line":14,"column":63}},"10":{"start":{"line":17,"column":2},"end":{"line":34,"column":3}},"11":{"start":{"line":17,"column":2},"end":{"line":34,"column":2}},"12":{"start":{"line":18,"column":4},"end":{"line":33,"column":7}},"13":{"start":{"line":19,"column":42},"end":{"line":19,"column":96}},"14":{"start":{"line":20,"column":6},"end":{"line":22,"column":7}},"15":{"start":{"line":21,"column":8},"end":{"line":21,"column":20}},"16":{"start":{"line":24,"column":6},"end":{"line":24,"column":19}},"17":{"start":{"line":27,"column":6},"end":{"line":27,"column":36}},"18":{"start":{"line":28,"column":6},"end":{"line":31,"column":9}},"19":{"start":{"line":32,"column":6},"end":{"line":32,"column":34}},"20":{"start":{"line":10,"column":13},"end":{"line":35,"column":1}},"21":{"start":{"line":35,"column":0},"end":{"line":35,"column":1}},"22":{"start":{"line":10,"column":13},"end":{"line":10,"column":23}}},"fnMap":{"1":{"name":"(anonymous_2)","line":10,"loc":{"start":{"line":10,"column":0},"end":{"line":10,"column":-1}}},"2":{"name":"AdminGuard","line":14,"loc":{"start":{"line":14,"column":63},"end":{"line":15,"column":3}}},"3":{"name":"(anonymous_4)","line":17,"loc":{"start":{"line":17,"column":2},"end":{"line":34,"column":3}}},"4":{"name":"(anonymous_5)","line":18,"loc":{"start":{"line":18,"column":48},"end":{"line":26,"column":5}}},"5":{"name":"(anonymous_6)","line":26,"loc":{"start":{"line":26,"column":13},"end":{"line":33,"column":5}}}},"branchMap":{"1":{"line":20,"type":"if","locations":[{"start":{"line":20,"column":6},"end":{"line":22,"column":7}},{"start":{"line":20,"column":6},"end":{"line":22,"column":7}}]}},"s":{"1":1,"2":1,"3":1,"4":1,"5":1,"6":1,"7":0,"8":0,"9":0,"10":1,"11":0,"12":0,"13":0,"14":0,"15":0,"16":0,"17":0,"18":0,"19":0,"20":1,"21":1,"22":1},"b":{"1":[0,0]},"f":{"1":1,"2":0,"3":0,"4":0,"5":0},"l":{"1":1,"2":1,"3":1,"4":1,"6":1,"10":1,"12":0,"13":0,"14":0,"17":1,"18":0,"19":0,"20":0,"21":0,"24":0,"27":0,"28":0,"32":0,"35":1}},
"src/app/notifications/index.ts":{"path":"src/app/notifications/index.ts","statementMap":{"1":{"start":{"line":1,"column":0},"end":{"line":1,"column":41}},"2":{"start":{"line":2,"column":0},"end":{"line":2,"column":39}}},"fnMap":{},"branchMap":{},"s":{"1":1,"2":1},"b":{},"f":{},"l":{"1":1,"2":1}},
"src/app/notifications/notification.component.ts":{"path":"src/app/notifications/notification.component.ts","statementMap":{"1":{"start":{"line":1,"column":0},"end":{"line":1,"column":68}},"2":{"start":{"line":2,"column":0},"end":{"line":2,"column":80}},"3":{"start":{"line":12,"column":0},"end":{"line":36,"column":0}},"4":{"start":{"line":21,"column":22},"end":{"line":21,"column":62}},"5":{"start":{"line":25,"column":2},"end":{"line":27,"column":3}},"6":{"start":{"line":26,"column":4},"end":{"line":26,"column":69}},"7":{"start":{"line":33,"column":2},"end":{"line":35,"column":3}},"8":{"start":{"line":34,"column":4},"end":{"line":34,"column":52}},"9":{"start":{"line":12,"column":13},"end":{"line":36,"column":1}},"10":{"start":{"line":36,"column":0},"end":{"line":36,"column":1}},"11":{"start":{"line":12,"column":13},"end":{"line":12,"column":34}}},"fnMap":{"1":{"name":"(anonymous_2)","line":12,"loc":{"start":{"line":12,"column":0},"end":{"line":12,"column":-1}}},"2":{"name":"NotificationComponent","line":21,"loc":{"start":{"line":21,"column":62},"end":{"line":22,"column":3}}},"3":{"name":"(anonymous_4)","line":25,"loc":{"start":{"line":25,"column":2},"end":{"line":27,"column":3}}},"4":{"name":"(anonymous_5)","line":33,"loc":{"start":{"line":33,"column":31},"end":{"line":35,"column":3}}}},"branchMap":{},"s":{"1":1,"2":1,"3":1,"4":1,"5":1,"6":0,"7":1,"8":0,"9":1,"10":1,"11":1},"b":{},"f":{"1":1,"2":1,"3":0,"4":0},"l":{"1":1,"2":1,"12":1,"21":1,"25":1,"26":0,"33":1,"34":0,"36":1}},
"src/app/notifications/notification.service.ts":{"path":"src/app/notifications/notification.service.ts","statementMap":{"1":{"start":{"line":1,"column":0},"end":{"line":1,"column":42}},"2":{"start":{"line":32,"column":0},"end":{"line":132,"column":0}},"3":{"start":{"line":72,"column":2},"end":{"line":72,"column":43}},"4":{"start":{"line":79,"column":9},"end":{"line":86,"column":3}},"5":{"start":{"line":80,"column":4},"end":{"line":85,"column":7}},"6":{"start":{"line":91,"column":9},"end":{"line":112,"column":3}},"7":{"start":{"line":92,"column":4},"end":{"line":98,"column":5}},"8":{"start":{"line":93,"column":14},"end":{"line":94,"column":70}},"9":{"start":{"line":94,"column":29},"end":{"line":94,"column":69}},"10":{"start":{"line":95,"column":6},"end":{"line":97,"column":7}},"11":{"start":{"line":96,"column":8},"end":{"line":96,"column":36}},"12":{"start":{"line":100,"column":4},"end":{"line":109,"column":5}},"13":{"start":{"line":102,"column":8},"end":{"line":102,"column":72}},"14":{"start":{"line":103,"column":8},"end":{"line":103,"column":14}},"15":{"start":{"line":106,"column":8},"end":{"line":106,"column":46}},"16":{"start":{"line":107,"column":8},"end":{"line":107,"column":14}},"17":{"start":{"line":111,"column":4},"end":{"line":111,"column":42}},"18":{"start":{"line":118,"column":2},"end":{"line":123,"column":3}},"19":{"start":{"line":120,"column":4},"end":{"line":122,"column":5}},"20":{"start":{"line":121,"column":6},"end":{"line":121,"column":38}},"21":{"start":{"line":129,"column":2},"end":{"line":131,"column":3}},"22":{"start":{"line":130,"column":4},"end":{"line":130,"column":30}},"23":{"start":{"line":35,"column":16},"end":{"line":35,"column":51}},"24":{"start":{"line":38,"column":16},"end":{"line":38,"column":44}},"25":{"start":{"line":41,"column":16},"end":{"line":41,"column":33}},"26":{"start":{"line":44,"column":16},"end":{"line":44,"column":39}},"27":{"start":{"line":47,"column":16},"end":{"line":47,"column":41}},"28":{"start":{"line":50,"column":16},"end":{"line":50,"column":46}},"29":{"start":{"line":53,"column":16},"end":{"line":53,"column":39}},"30":{"start":{"line":56,"column":16},"end":{"line":56,"column":35}},"31":{"start":{"line":59,"column":16},"end":{"line":59,"column":54}},"32":{"start":{"line":62,"column":16},"end":{"line":62,"column":48}},"33":{"start":{"line":65,"column":16},"end":{"line":65,"column":54}},"34":{"start":{"line":68,"column":16},"end":{"line":68,"column":52}},"35":{"start":{"line":32,"column":13},"end":{"line":132,"column":1}},"36":{"start":{"line":132,"column":0},"end":{"line":132,"column":1}},"37":{"start":{"line":32,"column":13},"end":{"line":32,"column":32}}},"fnMap":{"1":{"name":"(anonymous_1)","line":32,"loc":{"start":{"line":32,"column":0},"end":{"line":32,"column":-1}}},"2":{"name":"NotificationService","line":31,"loc":{"start":{"line":31,"column":0},"end":{"line":132,"column":1}}},"3":{"name":"(anonymous_3)","line":79,"loc":{"start":{"line":79,"column":64},"end":{"line":86,"column":3}}},"4":{"name":"(anonymous_4)","line":91,"loc":{"start":{"line":91,"column":58},"end":{"line":112,"column":3}}},"5":{"name":"(anonymous_5)","line":94,"loc":{"start":{"line":94,"column":25},"end":{"line":94,"column":69}}},"6":{"name":"(anonymous_6)","line":118,"loc":{"start":{"line":118,"column":32},"end":{"line":123,"column":3}}},"7":{"name":"(anonymous_7)","line":129,"loc":{"start":{"line":129,"column":2},"end":{"line":131,"column":3}}}},"branchMap":{"1":{"line":92,"type":"if","locations":[{"start":{"line":92,"column":4},"end":{"line":98,"column":5}},{"start":{"line":92,"column":4},"end":{"line":98,"column":5}}]},"2":{"line":95,"type":"if","locations":[{"start":{"line":95,"column":6},"end":{"line":97,"column":7}},{"start":{"line":95,"column":6},"end":{"line":97,"column":7}}]},"3":{"line":101,"type":"switch","locations":[{"start":{"line":101,"column":6},"end":{"line":103,"column":14}},{"start":{"line":105,"column":6},"end":{"line":107,"column":14}}]},"4":{"line":120,"type":"if","locations":[{"start":{"line":120,"column":4},"end":{"line":122,"column":5}},{"start":{"line":120,"column":4},"end":{"line":122,"column":5}}]},"5":{"line":120,"type":"binary-expr","locations":[{"start":{"line":120,"column":8},"end":{"line":120,"column":14}},{"start":{"line":120,"column":18},"end":{"line":120,"column":47}}]}},"s":{"1":1,"2":1,"3":1,"4":1,"5":0,"6":1,"7":0,"8":0,"9":0,"10":0,"11":0,"12":0,"13":0,"14":0,"15":0,"16":0,"17":0,"18":1,"19":0,"20":0,"21":1,"22":0,"23":1,"24":1,"25":1,"26":1,"27":1,"28":1,"29":1,"30":1,"31":1,"32":1,"33":1,"34":1,"35":1,"36":1,"37":1},"b":{"1":[0,0],"2":[0,0],"3":[0,0],"4":[0,0],"5":[0,0]},"f":{"1":1,"2":1,"3":0,"4":0,"5":0,"6":0,"7":0},"l":{"1":1,"32":1,"35":1,"38":1,"41":1,"44":1,"47":1,"50":1,"53":1,"56":1,"59":1,"62":1,"65":1,"68":1,"72":1,"79":1,"80":0,"91":1,"92":0,"93":0,"94":0,"95":0,"96":0,"100":0,"102":0,"103":0,"106":0,"107":0,"111":0,"118":1,"120":0,"121":0,"129":1,"130":0,"132":1}},
"src/app/admin/index.ts":{"path":"src/app/admin/index.ts","statementMap":{"1":{"start":{"line":2,"column":0},"end":{"line":2,"column":32}},"2":{"start":{"line":3,"column":0},"end":{"line":3,"column":34}}},"fnMap":{},"branchMap":{},"s":{"1":1,"2":1},"b":{},"f":{},"l":{"2":1,"3":1}},
"src/app/admin/admin.service.ts":{"path":"src/app/admin/admin.service.ts","statementMap":{"1":{"start":{"line":1,"column":0},"end":{"line":1,"column":50}},"2":{"start":{"line":2,"column":0},"end":{"line":2,"column":88}},"3":{"start":{"line":3,"column":0},"end":{"line":3,"column":36}},"4":{"start":{"line":4,"column":0},"end":{"line":4,"column":31}},"5":{"start":{"line":5,"column":0},"end":{"line":5,"column":33}},"6":{"start":{"line":6,"column":0},"end":{"line":6,"column":49}},"7":{"start":{"line":11,"column":0},"end":{"line":11,"column":42}},"8":{"start":{"line":12,"column":0},"end":{"line":12,"column":59}},"9":{"start":{"line":18,"column":0},"end":{"line":313,"column":0}},"10":{"start":{"line":22,"column":47},"end":{"line":22,"column":67}},"11":{"start":{"line":23,"column":23},"end":{"line":23,"column":33}},"12":{"start":{"line":24,"column":23},"end":{"line":24,"column":51}},"13":{"start":{"line":25,"column":23},"end":{"line":25,"column":53}},"14":{"start":{"line":27,"column":4},"end":{"line":27,"column":54}},"15":{"start":{"line":35,"column":2},"end":{"line":57,"column":3}},"16":{"start":{"line":35,"column":2},"end":{"line":57,"column":2}},"17":{"start":{"line":37,"column":4},"end":{"line":37,"column":54}},"18":{"start":{"line":38,"column":19},"end":{"line":38,"column":51}},"19":{"start":{"line":40,"column":18},"end":{"line":43,"column":6}},"20":{"start":{"line":44,"column":18},"end":{"line":44,"column":81}},"21":{"start":{"line":46,"column":4},"end":{"line":56,"column":83}},"22":{"start":{"line":49,"column":26},"end":{"line":49,"column":41}},"23":{"start":{"line":50,"column":10},"end":{"line":52,"column":11}},"24":{"start":{"line":51,"column":12},"end":{"line":51,"column":30}},"25":{"start":{"line":53,"column":10},"end":{"line":53,"column":33}},"26":{"start":{"line":56,"column":44},"end":{"line":56,"column":81}},"27":{"start":{"line":64,"column":2},"end":{"line":81,"column":3}},"28":{"start":{"line":65,"column":14},"end":{"line":65,"column":48}},"29":{"start":{"line":66,"column":16},"end":{"line":66,"column":41}},"30":{"start":{"line":67,"column":18},"end":{"line":67,"column":56}},"31":{"start":{"line":68,"column":18},"end":{"line":68,"column":81}},"32":{"start":{"line":70,"column":4},"end":{"line":80,"column":37}},"33":{"start":{"line":73,"column":25},"end":{"line":73,"column":65}},"34":{"start":{"line":74,"column":10},"end":{"line":76,"column":11}},"35":{"start":{"line":77,"column":10},"end":{"line":77,"column":26}},"36":{"start":{"line":90,"column":2},"end":{"line":105,"column":3}},"37":{"start":{"line":91,"column":14},"end":{"line":91,"column":68}},"38":{"start":{"line":92,"column":16},"end":{"line":92,"column":41}},"39":{"start":{"line":93,"column":18},"end":{"line":93,"column":56}},"40":{"start":{"line":94,"column":18},"end":{"line":94,"column":81}},"41":{"start":{"line":96,"column":4},"end":{"line":104,"column":37}},"42":{"start":{"line":99,"column":25},"end":{"line":99,"column":40}},"43":{"start":{"line":101,"column":10},"end":{"line":101,"column":26}},"44":{"start":{"line":112,"column":2},"end":{"line":129,"column":3}},"45":{"start":{"line":113,"column":14},"end":{"line":113,"column":51}},"46":{"start":{"line":114,"column":16},"end":{"line":114,"column":41}},"47":{"start":{"line":115,"column":18},"end":{"line":115,"column":56}},"48":{"start":{"line":116,"column":18},"end":{"line":116,"column":81}},"49":{"start":{"line":118,"column":4},"end":{"line":128,"column":37}},"50":{"start":{"line":121,"column":25},"end":{"line":121,"column":68}},"51":{"start":{"line":122,"column":10},"end":{"line":124,"column":11}},"52":{"start":{"line":125,"column":10},"end":{"line":125,"column":26}},"53":{"start":{"line":139,"column":2},"end":{"line":157,"column":3}},"54":{"start":{"line":140,"column":34},"end":{"line":140,"column":55}},"55":{"start":{"line":141,"column":4},"end":{"line":141,"column":41}},"56":{"start":{"line":142,"column":4},"end":{"line":142,"column":31}},"57":{"start":{"line":143,"column":14},"end":{"line":143,"column":97}},"58":{"start":{"line":144,"column":16},"end":{"line":144,"column":41}},"59":{"start":{"line":145,"column":18},"end":{"line":145,"column":56}},"60":{"start":{"line":146,"column":18},"end":{"line":146,"column":97}},"61":{"start":{"line":148,"column":4},"end":{"line":156,"column":37}},"62":{"start":{"line":151,"column":25},"end":{"line":151,"column":40}},"63":{"start":{"line":153,"column":10},"end":{"line":153,"column":26}},"64":{"start":{"line":168,"column":2},"end":{"line":185,"column":3}},"65":{"start":{"line":169,"column":14},"end":{"line":169,"column":52}},"66":{"start":{"line":170,"column":16},"end":{"line":170,"column":41}},"67":{"start":{"line":171,"column":18},"end":{"line":171,"column":56}},"68":{"start":{"line":172,"column":18},"end":{"line":172,"column":81}},"69":{"start":{"line":174,"column":4},"end":{"line":184,"column":37}},"70":{"start":{"line":177,"column":25},"end":{"line":177,"column":69}},"71":{"start":{"line":178,"column":10},"end":{"line":180,"column":11}},"72":{"start":{"line":181,"column":10},"end":{"line":181,"column":26}},"73":{"start":{"line":193,"column":2},"end":{"line":209,"column":3}},"74":{"start":{"line":194,"column":16},"end":{"line":194,"column":41}},"75":{"start":{"line":195,"column":18},"end":{"line":195,"column":56}},"76":{"start":{"line":196,"column":18},"end":{"line":196,"column":81}},"77":{"start":{"line":197,"column":23},"end":{"line":206,"column":36}},"78":{"start":{"line":200,"column":23},"end":{"line":200,"column":66}},"79":{"start":{"line":201,"column":8},"end":{"line":203,"column":9}},"80":{"start":{"line":204,"column":8},"end":{"line":204,"column":24}},"81":{"start":{"line":208,"column":4},"end":{"line":208,"column":24}},"82":{"start":{"line":216,"column":2},"end":{"line":233,"column":3}},"83":{"start":{"line":217,"column":14},"end":{"line":217,"column":58}},"84":{"start":{"line":218,"column":16},"end":{"line":218,"column":41}},"85":{"start":{"line":219,"column":18},"end":{"line":219,"column":56}},"86":{"start":{"line":220,"column":18},"end":{"line":220,"column":81}},"87":{"start":{"line":222,"column":4},"end":{"line":232,"column":37}},"88":{"start":{"line":225,"column":25},"end":{"line":225,"column":71}},"89":{"start":{"line":226,"column":10},"end":{"line":228,"column":11}},"90":{"start":{"line":229,"column":10},"end":{"line":229,"column":26}},"91":{"start":{"line":240,"column":2},"end":{"line":257,"column":3}},"92":{"start":{"line":241,"column":14},"end":{"line":241,"column":54}},"93":{"start":{"line":242,"column":16},"end":{"line":242,"column":41}},"94":{"start":{"line":243,"column":18},"end":{"line":243,"column":56}},"95":{"start":{"line":244,"column":18},"end":{"line":244,"column":81}},"96":{"start":{"line":246,"column":4},"end":{"line":256,"column":37}},"97":{"start":{"line":249,"column":25},"end":{"line":249,"column":67}},"98":{"start":{"line":250,"column":10},"end":{"line":252,"column":11}},"99":{"start":{"line":253,"column":10},"end":{"line":253,"column":26}},"100":{"start":{"line":269,"column":2},"end":{"line":287,"column":3}},"101":{"start":{"line":271,"column":14},"end":{"line":271,"column":49}},"102":{"start":{"line":272,"column":16},"end":{"line":272,"column":41}},"103":{"start":{"line":273,"column":18},"end":{"line":273,"column":56}},"104":{"start":{"line":274,"column":18},"end":{"line":274,"column":81}},"105":{"start":{"line":276,"column":4},"end":{"line":286,"column":37}},"106":{"start":{"line":279,"column":25},"end":{"line":279,"column":70}},"107":{"start":{"line":280,"column":10},"end":{"line":282,"column":11}},"108":{"start":{"line":283,"column":10},"end":{"line":283,"column":26}},"109":{"start":{"line":300,"column":10},"end":{"line":312,"column":3}},"110":{"start":{"line":301,"column":4},"end":{"line":301,"column":31}},"111":{"start":{"line":303,"column":4},"end":{"line":311,"column":5}},"112":{"start":{"line":305,"column":52},"end":{"line":305,"column":72}},"113":{"start":{"line":306,"column":31},"end":{"line":306,"column":81}},"114":{"start":{"line":307,"column":6},"end":{"line":307,"column":96}},"115":{"start":{"line":309,"column":31},"end":{"line":309,"column":108}},"116":{"start":{"line":310,"column":6},"end":{"line":310,"column":97}},"117":{"start":{"line":18,"column":13},"end":{"line":313,"column":1}},"118":{"start":{"line":313,"column":0},"end":{"line":313,"column":1}},"119":{"start":{"line":18,"column":13},"end":{"line":18,"column":25}}},"fnMap":{"1":{"name":"(anonymous_4)","line":18,"loc":{"start":{"line":18,"column":0},"end":{"line":18,"column":-1}}},"2":{"name":"AdminService","line":25,"loc":{"start":{"line":25,"column":53},"end":{"line":28,"column":3}}},"3":{"name":"(anonymous_6)","line":35,"loc":{"start":{"line":35,"column":2},"end":{"line":57,"column":3}}},"4":{"name":"(anonymous_7)","line":48,"loc":{"start":{"line":48,"column":28},"end":{"line":54,"column":9}}},"5":{"name":"(anonymous_8)","line":56,"loc":{"start":{"line":56,"column":38},"end":{"line":56,"column":81}}},"6":{"name":"(anonymous_9)","line":64,"loc":{"start":{"line":64,"column":2},"end":{"line":81,"column":3}}},"7":{"name":"(anonymous_10)","line":72,"loc":{"start":{"line":72,"column":28},"end":{"line":78,"column":9}}},"8":{"name":"(anonymous_11)","line":90,"loc":{"start":{"line":90,"column":50},"end":{"line":105,"column":3}}},"9":{"name":"(anonymous_12)","line":98,"loc":{"start":{"line":98,"column":28},"end":{"line":102,"column":9}}},"10":{"name":"(anonymous_13)","line":112,"loc":{"start":{"line":112,"column":2},"end":{"line":129,"column":3}}},"11":{"name":"(anonymous_14)","line":120,"loc":{"start":{"line":120,"column":28},"end":{"line":126,"column":9}}},"12":{"name":"(anonymous_15)","line":139,"loc":{"start":{"line":139,"column":61},"end":{"line":157,"column":3}}},"13":{"name":"(anonymous_16)","line":150,"loc":{"start":{"line":150,"column":28},"end":{"line":154,"column":9}}},"14":{"name":"(anonymous_17)","line":168,"loc":{"start":{"line":168,"column":2},"end":{"line":185,"column":3}}},"15":{"name":"(anonymous_18)","line":176,"loc":{"start":{"line":176,"column":28},"end":{"line":182,"column":9}}},"16":{"name":"(anonymous_19)","line":193,"loc":{"start":{"line":193,"column":40},"end":{"line":209,"column":3}}},"17":{"name":"(anonymous_20)","line":198,"loc":{"start":{"line":198,"column":21},"end":{"line":205,"column":7}}},"18":{"name":"(anonymous_21)","line":216,"loc":{"start":{"line":216,"column":2},"end":{"line":233,"column":3}}},"19":{"name":"(anonymous_22)","line":224,"loc":{"start":{"line":224,"column":28},"end":{"line":230,"column":9}}},"20":{"name":"(anonymous_23)","line":240,"loc":{"start":{"line":240,"column":2},"end":{"line":257,"column":3}}},"21":{"name":"(anonymous_24)","line":248,"loc":{"start":{"line":248,"column":28},"end":{"line":254,"column":9}}},"22":{"name":"(anonymous_25)","line":269,"loc":{"start":{"line":269,"column":2},"end":{"line":287,"column":3}}},"23":{"name":"(anonymous_26)","line":278,"loc":{"start":{"line":278,"column":28},"end":{"line":284,"column":9}}},"24":{"name":"(anonymous_27)","line":300,"loc":{"start":{"line":300,"column":52},"end":{"line":312,"column":3}}}},"branchMap":{"1":{"line":50,"type":"if","locations":[{"start":{"line":50,"column":10},"end":{"line":52,"column":11}},{"start":{"line":50,"column":10},"end":{"line":52,"column":11}}]},"2":{"line":50,"type":"binary-expr","locations":[{"start":{"line":50,"column":14},"end":{"line":50,"column":34}},{"start":{"line":50,"column":38},"end":{"line":50,"column":63}}]},"3":{"line":73,"type":"binary-expr","locations":[{"start":{"line":73,"column":25},"end":{"line":73,"column":40}},{"start":{"line":73,"column":44},"end":{"line":73,"column":65}}]},"4":{"line":74,"type":"if","locations":[{"start":{"line":74,"column":10},"end":{"line":76,"column":11}},{"start":{"line":74,"column":10},"end":{"line":76,"column":11}}]},"5":{"line":121,"type":"binary-expr","locations":[{"start":{"line":121,"column":25},"end":{"line":121,"column":40}},{"start":{"line":121,"column":44},"end":{"line":121,"column":68}}]},"6":{"line":122,"type":"if","locations":[{"start":{"line":122,"column":10},"end":{"line":124,"column":11}},{"start":{"line":122,"column":10},"end":{"line":124,"column":11}}]},"7":{"line":177,"type":"binary-expr","locations":[{"start":{"line":177,"column":25},"end":{"line":177,"column":40}},{"start":{"line":177,"column":44},"end":{"line":177,"column":69}}]},"8":{"line":178,"type":"if","locations":[{"start":{"line":178,"column":10},"end":{"line":180,"column":11}},{"start":{"line":178,"column":10},"end":{"line":180,"column":11}}]},"9":{"line":200,"type":"binary-expr","locations":[{"start":{"line":200,"column":23},"end":{"line":200,"column":38}},{"start":{"line":200,"column":42},"end":{"line":200,"column":66}}]},"10":{"line":201,"type":"if","locations":[{"start":{"line":201,"column":8},"end":{"line":203,"column":9}},{"start":{"line":201,"column":8},"end":{"line":203,"column":9}}]},"11":{"line":225,"type":"binary-expr","locations":[{"start":{"line":225,"column":25},"end":{"line":225,"column":40}},{"start":{"line":225,"column":44},"end":{"line":225,"column":71}}]},"12":{"line":226,"type":"if","locations":[{"start":{"line":226,"column":10},"end":{"line":228,"column":11}},{"start":{"line":226,"column":10},"end":{"line":228,"column":11}}]},"13":{"line":249,"type":"binary-expr","locations":[{"start":{"line":249,"column":25},"end":{"line":249,"column":40}},{"start":{"line":249,"column":44},"end":{"line":249,"column":67}}]},"14":{"line":250,"type":"if","locations":[{"start":{"line":250,"column":10},"end":{"line":252,"column":11}},{"start":{"line":250,"column":10},"end":{"line":252,"column":11}}]},"15":{"line":279,"type":"binary-expr","locations":[{"start":{"line":279,"column":25},"end":{"line":279,"column":40}},{"start":{"line":279,"column":44},"end":{"line":279,"column":70}}]},"16":{"line":280,"type":"if","locations":[{"start":{"line":280,"column":10},"end":{"line":282,"column":11}},{"start":{"line":280,"column":10},"end":{"line":282,"column":11}}]},"17":{"line":303,"type":"if","locations":[{"start":{"line":303,"column":4},"end":{"line":311,"column":5}},{"start":{"line":303,"column":4},"end":{"line":311,"column":5}}]},"18":{"line":303,"type":"binary-expr","locations":[{"start":{"line":303,"column":8},"end":{"line":303,"column":73}},{"start":{"line":304,"column":6},"end":{"line":304,"column":78}}]}},"s":{"1":1,"2":1,"3":1,"4":1,"5":1,"6":1,"7":1,"8":1,"9":1,"10":0,"11":0,"12":0,"13":0,"14":0,"15":1,"16":0,"17":0,"18":0,"19":0,"20":0,"21":0,"22":0,"23":0,"24":0,"25":0,"26":0,"27":1,"28":0,"29":0,"30":0,"31":0,"32":0,"33":0,"34":0,"35":0,"36":1,"37":0,"38":0,"39":0,"40":0,"41":0,"42":0,"43":0,"44":1,"45":0,"46":0,"47":0,"48":0,"49":0,"50":0,"51":0,"52":0,"53":1,"54":0,"55":0,"56":0,"57":0,"58":0,"59":0,"60":0,"61":0,"62":0,"63":0,"64":1,"65":0,"66":0,"67":0,"68":0,"69":0,"70":0,"71":0,"72":0,"73":1,"74":0,"75":0,"76":0,"77":0,"78":0,"79":0,"80":0,"81":0,"82":1,"83":0,"84":0,"85":0,"86":0,"87":0,"88":0,"89":0,"90":0,"91":1,"92":0,"93":0,"94":0,"95":0,"96":0,"97":0,"98":0,"99":0,"100":1,"101":0,"102":0,"103":0,"104":0,"105":0,"106":0,"107":0,"108":0,"109":1,"110":0,"111":0,"112":0,"113":0,"114":0,"115":0,"116":0,"117":1,"118":1,"119":1},"b":{"1":[0,0],"2":[0,0],"3":[0,0],"4":[0,0],"5":[0,0],"6":[0,0],"7":[0,0],"8":[0,0],"9":[0,0],"10":[0,0],"11":[0,0],"12":[0,0],"13":[0,0],"14":[0,0],"15":[0,0],"16":[0,0],"17":[0,0],"18":[0,0]},"f":{"1":1,"2":0,"3":0,"4":0,"5":0,"6":0,"7":0,"8":0,"9":0,"10":0,"11":0,"12":0,"13":0,"14":0,"15":0,"16":0,"17":0,"18":0,"19":0,"20":0,"21":0,"22":0,"23":0,"24":0},"l":{"1":1,"2":1,"3":1,"4":1,"5":1,"6":1,"11":1,"12":1,"18":1,"22":0,"23":0,"24":0,"25":0,"27":0,"35":1,"37":0,"38":0,"40":0,"44":0,"46":0,"49":0,"50":0,"51":0,"53":0,"56":0,"64":1,"65":0,"66":0,"67":0,"68":0,"70":0,"73":0,"74":0,"77":0,"90":1,"91":0,"92":0,"93":0,"94":0,"96":0,"99":0,"101":0,"112":1,"113":0,"114":0,"115":0,"116":0,"118":0,"121":0,"122":0,"125":0,"139":1,"140":0,"141":0,"142":0,"143":0,"144":0,"145":0,"146":0,"148":0,"151":0,"153":0,"168":1,"169":0,"170":0,"171":0,"172":0,"174":0,"177":0,"178":0,"181":0,"193":1,"194":0,"195":0,"196":0,"197":0,"200":0,"201":0,"204":0,"208":0,"216":1,"217":0,"218":0,"219":0,"220":0,"222":0,"225":0,"226":0,"229":0,"240":1,"241":0,"242":0,"243":0,"244":0,"246":0,"249":0,"250":0,"253":0,"269":1,"271":0,"272":0,"273":0,"274":0,"276":0,"279":0,"280":0,"283":0,"300":1,"301":0,"303":0,"305":0,"306":0,"307":0,"309":0,"310":0,"313":1}},
"src/app/in-app-config/index.ts":{"path":"src/app/in-app-config/index.ts","statementMap":{"1":{"start":{"line":1,"column":0},"end":{"line":1,"column":78}},"2":{"start":{"line":1,"column":9},"end":{"line":1,"column":26}},"3":{"start":{"line":1,"column":28},"end":{"line":1,"column":40}},"4":{"start":{"line":1,"column":42},"end":{"line":1,"column":56}},"5":{"start":{"line":2,"column":0},"end":{"line":2,"column":72}},"6":{"start":{"line":2,"column":9},"end":{"line":2,"column":30}},"7":{"start":{"line":2,"column":32},"end":{"line":2,"column":50}}},"fnMap":{},"branchMap":{},"s":{"1":1,"2":1,"3":1,"4":1,"5":1,"6":1,"7":1},"b":{},"f":{},"l":{"1":1,"2":1}},
"src/app/in-app-config/app.tokens.ts":{"path":"src/app/in-app-config/app.tokens.ts","statementMap":{"1":{"start":{"line":1,"column":0},"end":{"line":1,"column":43}},"2":{"start":{"line":5,"column":30},"end":{"line":5,"column":112}},"3":{"start":{"line":6,"column":32},"end":{"line":6,"column":113}},"4":{"start":{"line":7,"column":28},"end":{"line":7,"column":66}},"5":{"start":{"line":9,"column":15},"end":{"line":9,"column":25}},"6":{"start":{"line":10,"column":32},"end":{"line":10,"column":89}},"7":{"start":{"line":11,"column":37},"end":{"line":11,"column":76}},"8":{"start":{"line":13,"column":0},"end":{"line":13,"column":30}},"9":{"start":{"line":14,"column":0},"end":{"line":14,"column":27}},"10":{"start":{"line":15,"column":0},"end":{"line":15,"column":29}},"11":{"start":{"line":16,"column":0},"end":{"line":16,"column":52}},"12":{"start":{"line":18,"column":0},"end":{"line":18,"column":73}},"13":{"start":{"line":20,"column":13},"end":{"line":20,"column":58}},"14":{"start":{"line":21,"column":13},"end":{"line":21,"column":62}},"15":{"start":{"line":22,"column":13},"end":{"line":22,"column":64}},"16":{"start":{"line":24,"column":13},"end":{"line":33,"column":2}},"17":{"start":{"line":35,"column":13},"end":{"line":40,"column":2}}},"fnMap":{},"branchMap":{"1":{"line":5,"type":"cond-expr","locations":[{"start":{"line":5,"column":49},"end":{"line":5,"column":65}},{"start":{"line":5,"column":68},"end":{"line":5,"column":112}}]},"2":{"line":6,"type":"cond-expr","locations":[{"start":{"line":6,"column":53},"end":{"line":6,"column":71}},{"start":{"line":6,"column":74},"end":{"line":6,"column":113}}]},"3":{"line":7,"type":"cond-expr","locations":[{"start":{"line":7,"column":42},"end":{"line":7,"column":53}},{"start":{"line":7,"column":56},"end":{"line":7,"column":66}}]},"4":{"line":10,"type":"cond-expr","locations":[{"start":{"line":10,"column":51},"end":{"line":10,"column":67}},{"start":{"line":10,"column":70},"end":{"line":10,"column":89}}]}},"s":{"1":1,"2":1,"3":1,"4":1,"5":1,"6":1,"7":1,"8":1,"9":1,"10":1,"11":1,"12":1,"13":1,"14":1,"15":1,"16":1,"17":1},"b":{"1":[1,0],"2":[1,0],"3":[1,0],"4":[1,0]},"f":{},"l":{"1":1,"5":1,"6":1,"7":1,"9":1,"10":1,"11":1,"13":1,"14":1,"15":1,"16":1,"18":1,"20":1,"21":1,"22":1,"24":1,"35":1}},
"src/app/account/account.service.ts":{"path":"src/app/account/account.service.ts","statementMap":{"1":{"start":{"line":1,"column":0},"end":{"line":1,"column":50}},"2":{"start":{"line":2,"column":0},"end":{"line":2,"column":71}},"3":{"start":{"line":3,"column":0},"end":{"line":3,"column":53}},"4":{"start":{"line":4,"column":0},"end":{"line":4,"column":31}},"5":{"start":{"line":5,"column":0},"end":{"line":5,"column":33}},"6":{"start":{"line":6,"column":0},"end":{"line":6,"column":42}},"7":{"start":{"line":7,"column":0},"end":{"line":7,"column":83}},"8":{"start":{"line":21,"column":0},"end":{"line":554,"column":0}},"9":{"start":{"line":41,"column":2},"end":{"line":99,"column":2}},"10":{"start":{"line":41,"column":47},"end":{"line":41,"column":67}},"11":{"start":{"line":42,"column":45},"end":{"line":42,"column":63}},"12":{"start":{"line":43,"column":23},"end":{"line":43,"column":33}},"13":{"start":{"line":44,"column":23},"end":{"line":44,"column":51}},"14":{"start":{"line":25,"column":9},"end":{"line":30,"column":4}},"15":{"start":{"line":46,"column":22},"end":{"line":46,"column":69}},"16":{"start":{"line":47,"column":22},"end":{"line":47,"column":58}},"17":{"start":{"line":48,"column":4},"end":{"line":48,"column":52}},"18":{"start":{"line":50,"column":4},"end":{"line":98,"column":5}},"19":{"start":{"line":54,"column":6},"end":{"line":54,"column":37}},"20":{"start":{"line":55,"column":6},"end":{"line":89,"column":7}},"21":{"start":{"line":58,"column":25},"end":{"line":58,"column":58}},"22":{"start":{"line":60,"column":22},"end":{"line":63,"column":10}},"23":{"start":{"line":64,"column":22},"end":{"line":64,"column":83}},"24":{"start":{"line":66,"column":8},"end":{"line":80,"column":81}},"25":{"start":{"line":71,"column":36},"end":{"line":71,"column":51}},"26":{"start":{"line":72,"column":14},"end":{"line":76,"column":15}},"27":{"start":{"line":73,"column":47},"end":{"line":73,"column":62}},"28":{"start":{"line":75,"column":16},"end":{"line":75,"column":88}},"29":{"start":{"line":77,"column":14},"end":{"line":77,"column":44}},"30":{"start":{"line":80,"column":48},"end":{"line":80,"column":79}},"31":{"start":{"line":82,"column":8},"end":{"line":82,"column":79}},"32":{"start":{"line":83,"column":8},"end":{"line":83,"column":39}},"33":{"start":{"line":85,"column":8},"end":{"line":85,"column":26}},"34":{"start":{"line":86,"column":8},"end":{"line":86,"column":47}},"35":{"start":{"line":87,"column":8},"end":{"line":87,"column":54}},"36":{"start":{"line":88,"column":8},"end":{"line":88,"column":48}},"37":{"start":{"line":91,"column":6},"end":{"line":91,"column":82}},"38":{"start":{"line":92,"column":6},"end":{"line":92,"column":37}},"39":{"start":{"line":94,"column":6},"end":{"line":94,"column":24}},"40":{"start":{"line":95,"column":6},"end":{"line":95,"column":45}},"41":{"start":{"line":96,"column":6},"end":{"line":96,"column":52}},"42":{"start":{"line":97,"column":6},"end":{"line":97,"column":46}},"43":{"start":{"line":105,"column":2},"end":{"line":130,"column":3}},"44":{"start":{"line":105,"column":2},"end":{"line":130,"column":2}},"45":{"start":{"line":107,"column":21},"end":{"line":107,"column":54}},"46":{"start":{"line":109,"column":18},"end":{"line":112,"column":6}},"47":{"start":{"line":113,"column":18},"end":{"line":113,"column":79}},"48":{"start":{"line":116,"column":4},"end":{"line":129,"column":77}},"49":{"start":{"line":119,"column":32},"end":{"line":119,"column":47}},"50":{"start":{"line":120,"column":10},"end":{"line":125,"column":11}},"51":{"start":{"line":121,"column":43},"end":{"line":121,"column":58}},"52":{"start":{"line":123,"column":12},"end":{"line":123,"column":42}},"53":{"start":{"line":124,"column":12},"end":{"line":124,"column":84}},"54":{"start":{"line":126,"column":10},"end":{"line":126,"column":33}},"55":{"start":{"line":129,"column":44},"end":{"line":129,"column":75}},"56":{"start":{"line":136,"column":2},"end":{"line":140,"column":3}},"57":{"start":{"line":138,"column":28},"end":{"line":138,"column":57}},"58":{"start":{"line":139,"column":4},"end":{"line":139,"column":45}},"59":{"start":{"line":146,"column":2},"end":{"line":149,"column":3}},"60":{"start":{"line":148,"column":4},"end":{"line":148,"column":36}},"61":{"start":{"line":155,"column":2},"end":{"line":176,"column":3}},"62":{"start":{"line":155,"column":2},"end":{"line":176,"column":2}},"63":{"start":{"line":156,"column":20},"end":{"line":156,"column":49}},"64":{"start":{"line":157,"column":18},"end":{"line":160,"column":6}},"65":{"start":{"line":161,"column":18},"end":{"line":161,"column":79}},"66":{"start":{"line":162,"column":4},"end":{"line":175,"column":87}},"67":{"start":{"line":166,"column":8},"end":{"line":166,"column":39}},"68":{"start":{"line":168,"column":8},"end":{"line":168,"column":26}},"69":{"start":{"line":169,"column":8},"end":{"line":169,"column":47}},"70":{"start":{"line":170,"column":8},"end":{"line":170,"column":54}},"71":{"start":{"line":171,"column":8},"end":{"line":171,"column":48}},"72":{"start":{"line":173,"column":8},"end":{"line":173,"column":20}},"73":{"start":{"line":175,"column":44},"end":{"line":175,"column":85}},"74":{"start":{"line":182,"column":2},"end":{"line":201,"column":3}},"75":{"start":{"line":182,"column":2},"end":{"line":201,"column":2}},"76":{"start":{"line":183,"column":24},"end":{"line":183,"column":63}},"77":{"start":{"line":184,"column":18},"end":{"line":187,"column":6}},"78":{"start":{"line":188,"column":18},"end":{"line":188,"column":79}},"79":{"start":{"line":189,"column":4},"end":{"line":200,"column":87}},"80":{"start":{"line":191,"column":8},"end":{"line":191,"column":39}},"81":{"start":{"line":193,"column":8},"end":{"line":193,"column":26}},"82":{"start":{"line":194,"column":8},"end":{"line":194,"column":47}},"83":{"start":{"line":195,"column":8},"end":{"line":195,"column":54}},"84":{"start":{"line":196,"column":8},"end":{"line":196,"column":48}},"85":{"start":{"line":198,"column":8},"end":{"line":198,"column":31}},"86":{"start":{"line":200,"column":44},"end":{"line":200,"column":85}},"87":{"start":{"line":208,"column":2},"end":{"line":247,"column":3}},"88":{"start":{"line":208,"column":2},"end":{"line":247,"column":2}},"89":{"start":{"line":209,"column":19},"end":{"line":209,"column":47}},"90":{"start":{"line":210,"column":15},"end":{"line":210,"column":47}},"91":{"start":{"line":211,"column":18},"end":{"line":211,"column":67}},"92":{"start":{"line":212,"column":18},"end":{"line":212,"column":79}},"93":{"start":{"line":213,"column":4},"end":{"line":246,"column":87}},"94":{"start":{"line":217,"column":20},"end":{"line":217,"column":60}},"95":{"start":{"line":218,"column":8},"end":{"line":244,"column":9}},"96":{"start":{"line":220,"column":10},"end":{"line":220,"column":29}},"97":{"start":{"line":222,"column":10},"end":{"line":222,"column":40}},"98":{"start":{"line":226,"column":10},"end":{"line":227,"column":75}},"99":{"start":{"line":229,"column":32},"end":{"line":229,"column":59}},"100":{"start":{"line":230,"column":10},"end":{"line":234,"column":11}},"101":{"start":{"line":231,"column":43},"end":{"line":231,"column":58}},"102":{"start":{"line":233,"column":12},"end":{"line":233,"column":84}},"103":{"start":{"line":236,"column":10},"end":{"line":236,"column":22}},"104":{"start":{"line":241,"column":10},"end":{"line":241,"column":41}},"105":{"start":{"line":242,"column":10},"end":{"line":242,"column":38}},"106":{"start":{"line":243,"column":10},"end":{"line":243,"column":23}},"107":{"start":{"line":246,"column":44},"end":{"line":246,"column":85}},"108":{"start":{"line":254,"column":2},"end":{"line":269,"column":3}},"109":{"start":{"line":254,"column":2},"end":{"line":269,"column":2}},"110":{"start":{"line":255,"column":17},"end":{"line":255,"column":54}},"111":{"start":{"line":257,"column":4},"end":{"line":268,"column":87}},"112":{"start":{"line":260,"column":30},"end":{"line":260,"column":76}},"113":{"start":{"line":261,"column":8},"end":{"line":265,"column":9}},"114":{"start":{"line":262,"column":41},"end":{"line":262,"column":56}},"115":{"start":{"line":264,"column":10},"end":{"line":264,"column":82}},"116":{"start":{"line":266,"column":8},"end":{"line":266,"column":20}},"117":{"start":{"line":268,"column":44},"end":{"line":268,"column":85}},"118":{"start":{"line":277,"column":2},"end":{"line":317,"column":3}},"119":{"start":{"line":277,"column":2},"end":{"line":317,"column":2}},"120":{"start":{"line":279,"column":24},"end":{"line":279,"column":63}},"121":{"start":{"line":281,"column":15},"end":{"line":285,"column":6}},"122":{"start":{"line":286,"column":18},"end":{"line":290,"column":6}},"123":{"start":{"line":291,"column":18},"end":{"line":291,"column":79}},"124":{"start":{"line":293,"column":4},"end":{"line":316,"column":77}},"125":{"start":{"line":296,"column":20},"end":{"line":296,"column":60}},"126":{"start":{"line":297,"column":8},"end":{"line":314,"column":9}},"127":{"start":{"line":299,"column":10},"end":{"line":299,"column":29}},"128":{"start":{"line":300,"column":10},"end":{"line":300,"column":56}},"129":{"start":{"line":301,"column":10},"end":{"line":301,"column":40}},"130":{"start":{"line":305,"column":10},"end":{"line":305,"column":92}},"131":{"start":{"line":308,"column":10},"end":{"line":308,"column":22}},"132":{"start":{"line":312,"column":10},"end":{"line":312,"column":48}},"133":{"start":{"line":313,"column":10},"end":{"line":313,"column":23}},"134":{"start":{"line":316,"column":44},"end":{"line":316,"column":75}},"135":{"start":{"line":324,"column":2},"end":{"line":350,"column":3}},"136":{"start":{"line":324,"column":2},"end":{"line":350,"column":2}},"137":{"start":{"line":325,"column":27},"end":{"line":325,"column":62}},"138":{"start":{"line":327,"column":18},"end":{"line":331,"column":6}},"139":{"start":{"line":332,"column":18},"end":{"line":332,"column":79}},"140":{"start":{"line":334,"column":4},"end":{"line":349,"column":77}},"141":{"start":{"line":338,"column":32},"end":{"line":338,"column":47}},"142":{"start":{"line":339,"column":8},"end":{"line":343,"column":9}},"143":{"start":{"line":340,"column":39},"end":{"line":340,"column":54}},"144":{"start":{"line":341,"column":10},"end":{"line":341,"column":35}},"145":{"start":{"line":342,"column":10},"end":{"line":342,"column":82}},"146":{"start":{"line":344,"column":8},"end":{"line":344,"column":20}},"147":{"start":{"line":349,"column":44},"end":{"line":349,"column":75}},"148":{"start":{"line":357,"column":2},"end":{"line":374,"column":3}},"149":{"start":{"line":357,"column":2},"end":{"line":374,"column":2}},"150":{"start":{"line":358,"column":17},"end":{"line":358,"column":55}},"151":{"start":{"line":359,"column":15},"end":{"line":359,"column":47}},"152":{"start":{"line":360,"column":18},"end":{"line":360,"column":67}},"153":{"start":{"line":361,"column":18},"end":{"line":361,"column":79}},"154":{"start":{"line":362,"column":4},"end":{"line":373,"column":77}},"155":{"start":{"line":366,"column":19},"end":{"line":366,"column":61}},"156":{"start":{"line":367,"column":8},"end":{"line":367,"column":26}},"157":{"start":{"line":368,"column":8},"end":{"line":368,"column":20}},"158":{"start":{"line":373,"column":44},"end":{"line":373,"column":75}},"159":{"start":{"line":382,"column":2},"end":{"line":402,"column":3}},"160":{"start":{"line":382,"column":2},"end":{"line":402,"column":2}},"161":{"start":{"line":384,"column":17},"end":{"line":384,"column":69}},"162":{"start":{"line":386,"column":15},"end":{"line":386,"column":47}},"163":{"start":{"line":387,"column":18},"end":{"line":387,"column":67}},"164":{"start":{"line":388,"column":18},"end":{"line":388,"column":79}},"165":{"start":{"line":389,"column":4},"end":{"line":401,"column":87}},"166":{"start":{"line":394,"column":21},"end":{"line":394,"column":63}},"167":{"start":{"line":395,"column":10},"end":{"line":395,"column":28}},"168":{"start":{"line":396,"column":10},"end":{"line":396,"column":22}},"169":{"start":{"line":401,"column":44},"end":{"line":401,"column":85}},"170":{"start":{"line":410,"column":2},"end":{"line":430,"column":3}},"171":{"start":{"line":410,"column":2},"end":{"line":430,"column":2}},"172":{"start":{"line":411,"column":19},"end":{"line":412,"column":48}},"173":{"start":{"line":413,"column":18},"end":{"line":413,"column":61}},"174":{"start":{"line":415,"column":4},"end":{"line":429,"column":77}},"175":{"start":{"line":417,"column":8},"end":{"line":427,"column":9}},"176":{"start":{"line":419,"column":24},"end":{"line":419,"column":66}},"177":{"start":{"line":420,"column":10},"end":{"line":423,"column":11}},"178":{"start":{"line":421,"column":12},"end":{"line":421,"column":33}},"179":{"start":{"line":422,"column":12},"end":{"line":422,"column":24}},"180":{"start":{"line":424,"column":10},"end":{"line":424,"column":23}},"181":{"start":{"line":426,"column":10},"end":{"line":426,"column":23}},"182":{"start":{"line":429,"column":44},"end":{"line":429,"column":75}},"183":{"start":{"line":436,"column":2},"end":{"line":445,"column":3}},"184":{"start":{"line":436,"column":2},"end":{"line":445,"column":2}},"185":{"start":{"line":437,"column":27},"end":{"line":437,"column":59}},"186":{"start":{"line":438,"column":4},"end":{"line":444,"column":77}},"187":{"start":{"line":440,"column":19},"end":{"line":440,"column":61}},"188":{"start":{"line":441,"column":8},"end":{"line":441,"column":26}},"189":{"start":{"line":442,"column":8},"end":{"line":442,"column":20}},"190":{"start":{"line":444,"column":44},"end":{"line":444,"column":75}},"191":{"start":{"line":451,"column":2},"end":{"line":460,"column":3}},"192":{"start":{"line":451,"column":2},"end":{"line":460,"column":2}},"193":{"start":{"line":452,"column":25},"end":{"line":452,"column":55}},"194":{"start":{"line":453,"column":4},"end":{"line":459,"column":77}},"195":{"start":{"line":455,"column":19},"end":{"line":455,"column":61}},"196":{"start":{"line":456,"column":8},"end":{"line":456,"column":26}},"197":{"start":{"line":457,"column":8},"end":{"line":457,"column":20}},"198":{"start":{"line":459,"column":44},"end":{"line":459,"column":75}},"199":{"start":{"line":467,"column":2},"end":{"line":475,"column":3}},"200":{"start":{"line":469,"column":4},"end":{"line":474,"column":5}},"201":{"start":{"line":471,"column":6},"end":{"line":471,"column":55}},"202":{"start":{"line":472,"column":11},"end":{"line":474,"column":5}},"203":{"start":{"line":473,"column":6},"end":{"line":473,"column":55}},"204":{"start":{"line":482,"column":10},"end":{"line":514,"column":3}},"205":{"start":{"line":482,"column":2},"end":{"line":514,"column":2}},"206":{"start":{"line":483,"column":28},"end":{"line":483,"column":65}},"207":{"start":{"line":484,"column":15},"end":{"line":484,"column":46}},"208":{"start":{"line":485,"column":18},"end":{"line":485,"column":67}},"209":{"start":{"line":486,"column":18},"end":{"line":486,"column":79}},"210":{"start":{"line":489,"column":4},"end":{"line":513,"column":87}},"211":{"start":{"line":492,"column":20},"end":{"line":492,"column":60}},"212":{"start":{"line":493,"column":8},"end":{"line":511,"column":9}},"213":{"start":{"line":495,"column":10},"end":{"line":495,"column":29}},"214":{"start":{"line":497,"column":10},"end":{"line":497,"column":40}},"215":{"start":{"line":500,"column":22},"end":{"line":500,"column":43}},"216":{"start":{"line":501,"column":10},"end":{"line":501,"column":92}},"217":{"start":{"line":503,"column":32},"end":{"line":503,"column":59}},"218":{"start":{"line":504,"column":10},"end":{"line":508,"column":11}},"219":{"start":{"line":505,"column":43},"end":{"line":505,"column":58}},"220":{"start":{"line":507,"column":12},"end":{"line":507,"column":84}},"221":{"start":{"line":510,"column":10},"end":{"line":510,"column":22}},"222":{"start":{"line":513,"column":44},"end":{"line":513,"column":85}},"223":{"start":{"line":521,"column":10},"end":{"line":533,"column":3}},"224":{"start":{"line":522,"column":4},"end":{"line":522,"column":31}},"225":{"start":{"line":524,"column":4},"end":{"line":532,"column":5}},"226":{"start":{"line":526,"column":52},"end":{"line":526,"column":72}},"227":{"start":{"line":527,"column":31},"end":{"line":527,"column":81}},"228":{"start":{"line":528,"column":6},"end":{"line":528,"column":94}},"229":{"start":{"line":530,"column":31},"end":{"line":530,"column":108}},"230":{"start":{"line":531,"column":6},"end":{"line":531,"column":95}},"231":{"start":{"line":540,"column":10},"end":{"line":552,"column":3}},"232":{"start":{"line":541,"column":4},"end":{"line":549,"column":5}},"233":{"start":{"line":543,"column":6},"end":{"line":543,"column":37}},"234":{"start":{"line":545,"column":6},"end":{"line":545,"column":24}},"235":{"start":{"line":546,"column":6},"end":{"line":546,"column":45}},"236":{"start":{"line":547,"column":6},"end":{"line":547,"column":52}},"237":{"start":{"line":548,"column":6},"end":{"line":548,"column":46}},"238":{"start":{"line":551,"column":4},"end":{"line":551,"column":43}},"239":{"start":{"line":21,"column":13},"end":{"line":554,"column":1}},"240":{"start":{"line":554,"column":0},"end":{"line":554,"column":1}},"241":{"start":{"line":21,"column":13},"end":{"line":21,"column":27}}},"fnMap":{"1":{"name":"(anonymous_4)","line":21,"loc":{"start":{"line":21,"column":0},"end":{"line":21,"column":-1}}},"2":{"name":"AccountService","line":44,"loc":{"start":{"line":44,"column":51},"end":{"line":99,"column":3}}},"3":{"name":"(anonymous_6)","line":68,"loc":{"start":{"line":68,"column":32},"end":{"line":78,"column":13}}},"4":{"name":"(anonymous_7)","line":80,"loc":{"start":{"line":80,"column":42},"end":{"line":80,"column":79}}},"5":{"name":"(anonymous_8)","line":105,"loc":{"start":{"line":105,"column":2},"end":{"line":130,"column":3}}},"6":{"name":"(anonymous_9)","line":118,"loc":{"start":{"line":118,"column":28},"end":{"line":127,"column":9}}},"7":{"name":"(anonymous_10)","line":129,"loc":{"start":{"line":129,"column":38},"end":{"line":129,"column":75}}},"8":{"name":"(anonymous_11)","line":136,"loc":{"start":{"line":136,"column":2},"end":{"line":140,"column":3}}},"9":{"name":"(anonymous_12)","line":146,"loc":{"start":{"line":146,"column":2},"end":{"line":149,"column":3}}},"10":{"name":"(anonymous_13)","line":155,"loc":{"start":{"line":155,"column":2},"end":{"line":176,"column":3}}},"11":{"name":"(anonymous_14)","line":163,"loc":{"start":{"line":163,"column":31},"end":{"line":174,"column":7}}},"12":{"name":"(anonymous_15)","line":175,"loc":{"start":{"line":175,"column":38},"end":{"line":175,"column":85}}},"13":{"name":"(anonymous_16)","line":182,"loc":{"start":{"line":182,"column":2},"end":{"line":201,"column":3}}},"14":{"name":"(anonymous_17)","line":190,"loc":{"start":{"line":190,"column":31},"end":{"line":199,"column":7}}},"15":{"name":"(anonymous_18)","line":200,"loc":{"start":{"line":200,"column":38},"end":{"line":200,"column":85}}},"16":{"name":"(anonymous_19)","line":208,"loc":{"start":{"line":208,"column":43},"end":{"line":247,"column":3}}},"17":{"name":"(anonymous_20)","line":214,"loc":{"start":{"line":214,"column":31},"end":{"line":245,"column":7}}},"18":{"name":"(anonymous_21)","line":246,"loc":{"start":{"line":246,"column":38},"end":{"line":246,"column":85}}},"19":{"name":"(anonymous_22)","line":254,"loc":{"start":{"line":254,"column":34},"end":{"line":269,"column":3}}},"20":{"name":"(anonymous_23)","line":258,"loc":{"start":{"line":258,"column":31},"end":{"line":267,"column":7}}},"21":{"name":"(anonymous_24)","line":268,"loc":{"start":{"line":268,"column":38},"end":{"line":268,"column":85}}},"22":{"name":"(anonymous_25)","line":278,"loc":{"start":{"line":278,"column":70},"end":{"line":317,"column":3}}},"23":{"name":"(anonymous_26)","line":294,"loc":{"start":{"line":294,"column":31},"end":{"line":315,"column":7}}},"24":{"name":"(anonymous_27)","line":316,"loc":{"start":{"line":316,"column":38},"end":{"line":316,"column":75}}},"25":{"name":"(anonymous_28)","line":324,"loc":{"start":{"line":324,"column":39},"end":{"line":350,"column":3}}},"26":{"name":"(anonymous_29)","line":335,"loc":{"start":{"line":335,"column":31},"end":{"line":348,"column":7}}},"27":{"name":"(anonymous_30)","line":349,"loc":{"start":{"line":349,"column":38},"end":{"line":349,"column":75}}},"28":{"name":"(anonymous_31)","line":357,"loc":{"start":{"line":357,"column":58},"end":{"line":374,"column":3}}},"29":{"name":"(anonymous_32)","line":363,"loc":{"start":{"line":363,"column":31},"end":{"line":372,"column":7}}},"30":{"name":"(anonymous_33)","line":373,"loc":{"start":{"line":373,"column":38},"end":{"line":373,"column":75}}},"31":{"name":"(anonymous_34)","line":383,"loc":{"start":{"line":383,"column":41},"end":{"line":402,"column":3}}},"32":{"name":"(anonymous_35)","line":391,"loc":{"start":{"line":391,"column":28},"end":{"line":400,"column":9}}},"33":{"name":"(anonymous_36)","line":401,"loc":{"start":{"line":401,"column":38},"end":{"line":401,"column":85}}},"34":{"name":"(anonymous_37)","line":410,"loc":{"start":{"line":410,"column":43},"end":{"line":430,"column":3}}},"35":{"name":"(anonymous_38)","line":416,"loc":{"start":{"line":416,"column":31},"end":{"line":428,"column":7}}},"36":{"name":"(anonymous_39)","line":429,"loc":{"start":{"line":429,"column":38},"end":{"line":429,"column":75}}},"37":{"name":"(anonymous_40)","line":436,"loc":{"start":{"line":436,"column":2},"end":{"line":445,"column":3}}},"38":{"name":"(anonymous_41)","line":439,"loc":{"start":{"line":439,"column":31},"end":{"line":443,"column":7}}},"39":{"name":"(anonymous_42)","line":444,"loc":{"start":{"line":444,"column":38},"end":{"line":444,"column":75}}},"40":{"name":"(anonymous_43)","line":451,"loc":{"start":{"line":451,"column":2},"end":{"line":460,"column":3}}},"41":{"name":"(anonymous_44)","line":454,"loc":{"start":{"line":454,"column":31},"end":{"line":458,"column":7}}},"42":{"name":"(anonymous_45)","line":459,"loc":{"start":{"line":459,"column":38},"end":{"line":459,"column":75}}},"43":{"name":"(anonymous_46)","line":467,"loc":{"start":{"line":467,"column":51},"end":{"line":475,"column":3}}},"44":{"name":"(anonymous_47)","line":482,"loc":{"start":{"line":482,"column":64},"end":{"line":514,"column":3}}},"45":{"name":"(anonymous_48)","line":490,"loc":{"start":{"line":490,"column":31},"end":{"line":512,"column":7}}},"46":{"name":"(anonymous_49)","line":513,"loc":{"start":{"line":513,"column":38},"end":{"line":513,"column":85}}},"47":{"name":"(anonymous_50)","line":521,"loc":{"start":{"line":521,"column":46},"end":{"line":533,"column":3}}},"48":{"name":"(anonymous_51)","line":540,"loc":{"start":{"line":540,"column":56},"end":{"line":552,"column":3}}}},"branchMap":{"1":{"line":50,"type":"if","locations":[{"start":{"line":50,"column":4},"end":{"line":98,"column":5}},{"start":{"line":50,"column":4},"end":{"line":98,"column":5}}]},"2":{"line":50,"type":"binary-expr","locations":[{"start":{"line":50,"column":8},"end":{"line":50,"column":19}},{"start":{"line":50,"column":23},"end":{"line":50,"column":34}}]},"3":{"line":55,"type":"if","locations":[{"start":{"line":55,"column":6},"end":{"line":89,"column":7}},{"start":{"line":55,"column":6},"end":{"line":89,"column":7}}]},"4":{"line":72,"type":"if","locations":[{"start":{"line":72,"column":14},"end":{"line":76,"column":15}},{"start":{"line":72,"column":14},"end":{"line":76,"column":15}}]},"5":{"line":120,"type":"if","locations":[{"start":{"line":120,"column":10},"end":{"line":125,"column":11}},{"start":{"line":120,"column":10},"end":{"line":125,"column":11}}]},"6":{"line":217,"type":"binary-expr","locations":[{"start":{"line":217,"column":20},"end":{"line":217,"column":35}},{"start":{"line":217,"column":39},"end":{"line":217,"column":60}}]},"7":{"line":218,"type":"if","locations":[{"start":{"line":218,"column":8},"end":{"line":244,"column":9}},{"start":{"line":218,"column":8},"end":{"line":244,"column":9}}]},"8":{"line":230,"type":"if","locations":[{"start":{"line":230,"column":10},"end":{"line":234,"column":11}},{"start":{"line":230,"column":10},"end":{"line":234,"column":11}}]},"9":{"line":260,"type":"binary-expr","locations":[{"start":{"line":260,"column":30},"end":{"line":260,"column":45}},{"start":{"line":260,"column":49},"end":{"line":260,"column":76}}]},"10":{"line":261,"type":"if","locations":[{"start":{"line":261,"column":8},"end":{"line":265,"column":9}},{"start":{"line":261,"column":8},"end":{"line":265,"column":9}}]},"11":{"line":296,"type":"binary-expr","locations":[{"start":{"line":296,"column":20},"end":{"line":296,"column":35}},{"start":{"line":296,"column":39},"end":{"line":296,"column":60}}]},"12":{"line":297,"type":"if","locations":[{"start":{"line":297,"column":8},"end":{"line":314,"column":9}},{"start":{"line":297,"column":8},"end":{"line":314,"column":9}}]},"13":{"line":339,"type":"if","locations":[{"start":{"line":339,"column":8},"end":{"line":343,"column":9}},{"start":{"line":339,"column":8},"end":{"line":343,"column":9}}]},"14":{"line":366,"type":"binary-expr","locations":[{"start":{"line":366,"column":19},"end":{"line":366,"column":34}},{"start":{"line":366,"column":38},"end":{"line":366,"column":61}}]},"15":{"line":394,"type":"binary-expr","locations":[{"start":{"line":394,"column":21},"end":{"line":394,"column":36}},{"start":{"line":394,"column":40},"end":{"line":394,"column":63}}]},"16":{"line":417,"type":"if","locations":[{"start":{"line":417,"column":8},"end":{"line":427,"column":9}},{"start":{"line":417,"column":8},"end":{"line":427,"column":9}}]},"17":{"line":419,"type":"binary-expr","locations":[{"start":{"line":419,"column":24},"end":{"line":419,"column":39}},{"start":{"line":419,"column":43},"end":{"line":419,"column":66}}]},"18":{"line":420,"type":"if","locations":[{"start":{"line":420,"column":10},"end":{"line":423,"column":11}},{"start":{"line":420,"column":10},"end":{"line":423,"column":11}}]},"19":{"line":440,"type":"binary-expr","locations":[{"start":{"line":440,"column":19},"end":{"line":440,"column":34}},{"start":{"line":440,"column":38},"end":{"line":440,"column":61}}]},"20":{"line":455,"type":"binary-expr","locations":[{"start":{"line":455,"column":19},"end":{"line":455,"column":34}},{"start":{"line":455,"column":38},"end":{"line":455,"column":61}}]},"21":{"line":469,"type":"if","locations":[{"start":{"line":469,"column":4},"end":{"line":474,"column":5}},{"start":{"line":469,"column":4},"end":{"line":474,"column":5}}]},"22":{"line":472,"type":"if","locations":[{"start":{"line":472,"column":11},"end":{"line":474,"column":5}},{"start":{"line":472,"column":11},"end":{"line":474,"column":5}}]},"23":{"line":492,"type":"binary-expr","locations":[{"start":{"line":492,"column":20},"end":{"line":492,"column":35}},{"start":{"line":492,"column":39},"end":{"line":492,"column":60}}]},"24":{"line":493,"type":"if","locations":[{"start":{"line":493,"column":8},"end":{"line":511,"column":9}},{"start":{"line":493,"column":8},"end":{"line":511,"column":9}}]},"25":{"line":504,"type":"if","locations":[{"start":{"line":504,"column":10},"end":{"line":508,"column":11}},{"start":{"line":504,"column":10},"end":{"line":508,"column":11}}]},"26":{"line":524,"type":"if","locations":[{"start":{"line":524,"column":4},"end":{"line":532,"column":5}},{"start":{"line":524,"column":4},"end":{"line":532,"column":5}}]},"27":{"line":524,"type":"binary-expr","locations":[{"start":{"line":524,"column":8},"end":{"line":524,"column":73}},{"start":{"line":525,"column":6},"end":{"line":525,"column":78}}]},"28":{"line":541,"type":"if","locations":[{"start":{"line":541,"column":4},"end":{"line":549,"column":5}},{"start":{"line":541,"column":4},"end":{"line":549,"column":5}}]}},"s":{"1":1,"2":1,"3":1,"4":1,"5":1,"6":1,"7":1,"8":1,"9":1,"10":1,"11":1,"12":1,"13":1,"14":1,"15":1,"16":1,"17":1,"18":1,"19":0,"20":0,"21":0,"22":0,"23":0,"24":0,"25":0,"26":0,"27":0,"28":0,"29":0,"30":0,"31":0,"32":0,"33":0,"34":0,"35":0,"36":0,"37":1,"38":1,"39":1,"40":1,"41":1,"42":1,"43":1,"44":0,"45":0,"46":0,"47":0,"48":0,"49":0,"50":0,"51":0,"52":0,"53":0,"54":0,"55":0,"56":1,"57":0,"58":0,"59":1,"60":0,"61":1,"62":0,"63":0,"64":0,"65":0,"66":0,"67":0,"68":0,"69":0,"70":0,"71":0,"72":0,"73":0,"74":1,"75":0,"76":0,"77":0,"78":0,"79":0,"80":0,"81":0,"82":0,"83":0,"84":0,"85":0,"86":0,"87":1,"88":0,"89":0,"90":0,"91":0,"92":0,"93":0,"94":0,"95":0,"96":0,"97":0,"98":0,"99":0,"100":0,"101":0,"102":0,"103":0,"104":0,"105":0,"106":0,"107":0,"108":1,"109":0,"110":0,"111":0,"112":0,"113":0,"114":0,"115":0,"116":0,"117":0,"118":1,"119":0,"120":0,"121":0,"122":0,"123":0,"124":0,"125":0,"126":0,"127":0,"128":0,"129":0,"130":0,"131":0,"132":0,"133":0,"134":0,"135":1,"136":0,"137":0,"138":0,"139":0,"140":0,"141":0,"142":0,"143":0,"144":0,"145":0,"146":0,"147":0,"148":1,"149":0,"150":0,"151":0,"152":0,"153":0,"154":0,"155":0,"156":0,"157":0,"158":0,"159":1,"160":0,"161":0,"162":0,"163":0,"164":0,"165":0,"166":0,"167":0,"168":0,"169":0,"170":1,"171":0,"172":0,"173":0,"174":0,"175":0,"176":0,"177":0,"178":0,"179":0,"180":0,"181":0,"182":0,"183":1,"184":0,"185":0,"186":0,"187":0,"188":0,"189":0,"190":0,"191":1,"192":0,"193":0,"194":0,"195":0,"196":0,"197":0,"198":0,"199":1,"200":0,"201":0,"202":0,"203":0,"204":1,"205":0,"206":0,"207":0,"208":0,"209":0,"210":0,"211":0,"212":0,"213":0,"214":0,"215":0,"216":0,"217":0,"218":0,"219":0,"220":0,"221":0,"222":0,"223":1,"224":0,"225":0,"226":0,"227":0,"228":0,"229":0,"230":0,"231":1,"232":0,"233":0,"234":0,"235":0,"236":0,"237":0,"238":0,"239":1,"240":1,"241":1},"b":{"1":[0,1],"2":[1,0],"3":[0,0],"4":[0,0],"5":[0,0],"6":[0,0],"7":[0,0],"8":[0,0],"9":[0,0],"10":[0,0],"11":[0,0],"12":[0,0],"13":[0,0],"14":[0,0],"15":[0,0],"16":[0,0],"17":[0,0],"18":[0,0],"19":[0,0],"20":[0,0],"21":[0,0],"22":[0,0],"23":[0,0],"24":[0,0],"25":[0,0],"26":[0,0],"27":[0,0],"28":[0,0]},"f":{"1":1,"2":1,"3":0,"4":0,"5":0,"6":0,"7":0,"8":0,"9":0,"10":0,"11":0,"12":0,"13":0,"14":0,"15":0,"16":0,"17":0,"18":0,"19":0,"20":0,"21":0,"22":0,"23":0,"24":0,"25":0,"26":0,"27":0,"28":0,"29":0,"30":0,"31":0,"32":0,"33":0,"34":0,"35":0,"36":0,"37":0,"38":0,"39":0,"40":0,"41":0,"42":0,"43":0,"44":0,"45":0,"46":0,"47":0,"48":0},"l":{"1":1,"2":1,"3":1,"4":1,"5":1,"6":1,"7":1,"21":1,"25":1,"41":1,"42":1,"43":1,"44":1,"46":1,"47":1,"48":1,"50":1,"54":0,"55":0,"58":0,"60":0,"64":0,"66":0,"71":0,"72":0,"73":0,"75":0,"77":0,"80":0,"82":0,"83":0,"85":0,"86":0,"87":0,"88":0,"91":1,"92":1,"94":1,"95":1,"96":1,"97":1,"105":1,"107":0,"109":0,"113":0,"116":0,"119":0,"120":0,"121":0,"123":0,"124":0,"126":0,"129":0,"136":1,"138":0,"139":0,"146":1,"148":0,"155":1,"156":0,"157":0,"161":0,"162":0,"166":0,"168":0,"169":0,"170":0,"171":0,"173":0,"175":0,"182":1,"183":0,"184":0,"188":0,"189":0,"191":0,"193":0,"194":0,"195":0,"196":0,"198":0,"200":0,"208":1,"209":0,"210":0,"211":0,"212":0,"213":0,"217":0,"218":0,"220":0,"222":0,"226":0,"229":0,"230":0,"231":0,"233":0,"236":0,"241":0,"242":0,"243":0,"246":0,"254":1,"255":0,"257":0,"260":0,"261":0,"262":0,"264":0,"266":0,"268":0,"277":1,"279":0,"281":0,"286":0,"291":0,"293":0,"296":0,"297":0,"299":0,"300":0,"301":0,"305":0,"308":0,"312":0,"313":0,"316":0,"324":1,"325":0,"327":0,"332":0,"334":0,"338":0,"339":0,"340":0,"341":0,"342":0,"344":0,"349":0,"357":1,"358":0,"359":0,"360":0,"361":0,"362":0,"366":0,"367":0,"368":0,"373":0,"382":1,"384":0,"386":0,"387":0,"388":0,"389":0,"394":0,"395":0,"396":0,"401":0,"410":1,"411":0,"413":0,"415":0,"417":0,"419":0,"420":0,"421":0,"422":0,"424":0,"426":0,"429":0,"436":1,"437":0,"438":0,"440":0,"441":0,"442":0,"444":0,"451":1,"452":0,"453":0,"455":0,"456":0,"457":0,"459":0,"467":1,"469":0,"471":0,"472":0,"473":0,"482":1,"483":0,"484":0,"485":0,"486":0,"489":0,"492":0,"493":0,"495":0,"497":0,"500":0,"501":0,"503":0,"504":0,"505":0,"507":0,"510":0,"513":0,"521":1,"522":0,"524":0,"526":0,"527":0,"528":0,"530":0,"531":0,"540":1,"541":0,"543":0,"545":0,"546":0,"547":0,"548":0,"551":0,"554":1}},
"src/app/admin/admin.component.ts":{"path":"src/app/admin/admin.component.ts","statementMap":{"1":{"start":{"line":1,"column":0},"end":{"line":1,"column":42}},"2":{"start":{"line":2,"column":0},"end":{"line":2,"column":68}},"3":{"start":{"line":3,"column":0},"end":{"line":3,"column":52}},"4":{"start":{"line":6,"column":0},"end":{"line":6,"column":33}},"5":{"start":{"line":8,"column":0},"end":{"line":8,"column":49}},"6":{"start":{"line":9,"column":0},"end":{"line":9,"column":42}},"7":{"start":{"line":10,"column":0},"end":{"line":10,"column":55}},"8":{"start":{"line":11,"column":0},"end":{"line":11,"column":79}},"9":{"start":{"line":12,"column":0},"end":{"line":12,"column":54}},"10":{"start":{"line":14,"column":34},"end":{"line":14,"column":82}},"11":{"start":{"line":16,"column":36},"end":{"line":16,"column":60}},"12":{"start":{"line":27,"column":0},"end":{"line":443,"column":0}},"13":{"start":{"line":48,"column":2},"end":{"line":104,"column":2}},"14":{"start":{"line":48,"column":23},"end":{"line":48,"column":42}},"15":{"start":{"line":49,"column":23},"end":{"line":49,"column":49}},"16":{"start":{"line":50,"column":47},"end":{"line":50,"column":67}},"17":{"start":{"line":51,"column":23},"end":{"line":51,"column":51}},"18":{"start":{"line":52,"column":23},"end":{"line":52,"column":63}},"19":{"start":{"line":29,"column":2},"end":{"line":29,"column":29}},"20":{"start":{"line":30,"column":2},"end":{"line":30,"column":31}},"21":{"start":{"line":31,"column":2},"end":{"line":31,"column":35}},"22":{"start":{"line":33,"column":2},"end":{"line":33,"column":29}},"23":{"start":{"line":34,"column":2},"end":{"line":34,"column":41}},"24":{"start":{"line":35,"column":2},"end":{"line":35,"column":39}},"25":{"start":{"line":38,"column":2},"end":{"line":38,"column":30}},"26":{"start":{"line":53,"column":22},"end":{"line":53,"column":58}},"27":{"start":{"line":54,"column":18},"end":{"line":57,"column":6}},"28":{"start":{"line":58,"column":18},"end":{"line":58,"column":79}},"29":{"start":{"line":59,"column":23},"end":{"line":64,"column":6}},"30":{"start":{"line":65,"column":4},"end":{"line":65,"column":33}},"31":{"start":{"line":67,"column":4},"end":{"line":77,"column":6}},"32":{"start":{"line":68,"column":6},"end":{"line":72,"column":9}},"33":{"start":{"line":74,"column":21},"end":{"line":74,"column":73}},"34":{"start":{"line":74,"column":58},"end":{"line":74,"column":72}},"35":{"start":{"line":76,"column":6},"end":{"line":76,"column":68}},"36":{"start":{"line":76,"column":31},"end":{"line":76,"column":66}},"37":{"start":{"line":79,"column":4},"end":{"line":89,"column":6}},"38":{"start":{"line":80,"column":6},"end":{"line":84,"column":9}},"39":{"start":{"line":86,"column":6},"end":{"line":86,"column":28}},"40":{"start":{"line":88,"column":6},"end":{"line":88,"column":55}},"41":{"start":{"line":91,"column":4},"end":{"line":103,"column":6}},"42":{"start":{"line":92,"column":6},"end":{"line":98,"column":9}},"43":{"start":{"line":100,"column":6},"end":{"line":100,"column":26}},"44":{"start":{"line":102,"column":6},"end":{"line":102,"column":55}},"45":{"start":{"line":106,"column":9},"end":{"line":108,"column":3}},"46":{"start":{"line":107,"column":4},"end":{"line":107,"column":33}},"47":{"start":{"line":113,"column":2},"end":{"line":115,"column":3}},"48":{"start":{"line":114,"column":4},"end":{"line":114,"column":30}},"49":{"start":{"line":120,"column":2},"end":{"line":122,"column":3}},"50":{"start":{"line":121,"column":4},"end":{"line":121,"column":30}},"51":{"start":{"line":127,"column":2},"end":{"line":129,"column":3}},"52":{"start":{"line":128,"column":4},"end":{"line":128,"column":32}},"53":{"start":{"line":134,"column":2},"end":{"line":136,"column":3}},"54":{"start":{"line":135,"column":4},"end":{"line":135,"column":32}},"55":{"start":{"line":141,"column":2},"end":{"line":143,"column":3}},"56":{"start":{"line":142,"column":4},"end":{"line":142,"column":34}},"57":{"start":{"line":148,"column":2},"end":{"line":150,"column":3}},"58":{"start":{"line":149,"column":4},"end":{"line":149,"column":34}},"59":{"start":{"line":155,"column":2},"end":{"line":157,"column":3}},"60":{"start":{"line":156,"column":4},"end":{"line":156,"column":33}},"61":{"start":{"line":162,"column":2},"end":{"line":164,"column":3}},"62":{"start":{"line":163,"column":4},"end":{"line":163,"column":33}},"63":{"start":{"line":169,"column":2},"end":{"line":171,"column":3}},"64":{"start":{"line":170,"column":4},"end":{"line":170,"column":31}},"65":{"start":{"line":176,"column":2},"end":{"line":178,"column":3}},"66":{"start":{"line":177,"column":4},"end":{"line":177,"column":31}},"67":{"start":{"line":183,"column":2},"end":{"line":185,"column":3}},"68":{"start":{"line":184,"column":4},"end":{"line":184,"column":37}},"69":{"start":{"line":190,"column":2},"end":{"line":192,"column":3}},"70":{"start":{"line":191,"column":4},"end":{"line":191,"column":37}},"71":{"start":{"line":197,"column":2},"end":{"line":199,"column":3}},"72":{"start":{"line":198,"column":4},"end":{"line":198,"column":33}},"73":{"start":{"line":204,"column":2},"end":{"line":206,"column":3}},"74":{"start":{"line":205,"column":4},"end":{"line":205,"column":33}},"75":{"start":{"line":208,"column":2},"end":{"line":210,"column":3}},"76":{"start":{"line":209,"column":4},"end":{"line":209,"column":26}},"77":{"start":{"line":212,"column":2},"end":{"line":296,"column":3}},"78":{"start":{"line":212,"column":2},"end":{"line":296,"column":2}},"79":{"start":{"line":214,"column":4},"end":{"line":225,"column":11}},"80":{"start":{"line":217,"column":10},"end":{"line":220,"column":13}},"81":{"start":{"line":218,"column":12},"end":{"line":218,"column":37}},"82":{"start":{"line":223,"column":10},"end":{"line":223,"column":34}},"83":{"start":{"line":224,"column":10},"end":{"line":224,"column":69}},"84":{"start":{"line":228,"column":4},"end":{"line":239,"column":11}},"85":{"start":{"line":231,"column":10},"end":{"line":234,"column":13}},"86":{"start":{"line":232,"column":12},"end":{"line":232,"column":39}},"87":{"start":{"line":237,"column":10},"end":{"line":237,"column":34}},"88":{"start":{"line":238,"column":10},"end":{"line":238,"column":69}},"89":{"start":{"line":242,"column":4},"end":{"line":253,"column":11}},"90":{"start":{"line":245,"column":10},"end":{"line":248,"column":13}},"91":{"start":{"line":246,"column":12},"end":{"line":246,"column":41}},"92":{"start":{"line":251,"column":10},"end":{"line":251,"column":34}},"93":{"start":{"line":252,"column":10},"end":{"line":252,"column":69}},"94":{"start":{"line":256,"column":4},"end":{"line":267,"column":11}},"95":{"start":{"line":259,"column":10},"end":{"line":262,"column":13}},"96":{"start":{"line":260,"column":12},"end":{"line":260,"column":41}},"97":{"start":{"line":265,"column":10},"end":{"line":265,"column":34}},"98":{"start":{"line":266,"column":10},"end":{"line":266,"column":69}},"99":{"start":{"line":270,"column":4},"end":{"line":281,"column":11}},"100":{"start":{"line":273,"column":10},"end":{"line":276,"column":13}},"101":{"start":{"line":274,"column":12},"end":{"line":274,"column":38}},"102":{"start":{"line":279,"column":10},"end":{"line":279,"column":34}},"103":{"start":{"line":280,"column":10},"end":{"line":280,"column":69}},"104":{"start":{"line":284,"column":4},"end":{"line":295,"column":11}},"105":{"start":{"line":287,"column":10},"end":{"line":290,"column":13}},"106":{"start":{"line":288,"column":12},"end":{"line":288,"column":44}},"107":{"start":{"line":293,"column":10},"end":{"line":293,"column":34}},"108":{"start":{"line":294,"column":10},"end":{"line":294,"column":69}},"109":{"start":{"line":304,"column":2},"end":{"line":315,"column":3}},"110":{"start":{"line":305,"column":23},"end":{"line":305,"column":28}},"111":{"start":{"line":306,"column":4},"end":{"line":313,"column":5}},"112":{"start":{"line":307,"column":22},"end":{"line":307,"column":53}},"113":{"start":{"line":308,"column":6},"end":{"line":310,"column":7}},"114":{"start":{"line":308,"column":36},"end":{"line":308,"column":51}},"115":{"start":{"line":309,"column":8},"end":{"line":309,"column":28}},"116":{"start":{"line":312,"column":6},"end":{"line":312,"column":21}},"117":{"start":{"line":314,"column":4},"end":{"line":314,"column":24}},"118":{"start":{"line":323,"column":2},"end":{"line":336,"column":3}},"119":{"start":{"line":324,"column":23},"end":{"line":324,"column":28}},"120":{"start":{"line":325,"column":4},"end":{"line":334,"column":5}},"121":{"start":{"line":326,"column":22},"end":{"line":326,"column":53}},"122":{"start":{"line":327,"column":6},"end":{"line":331,"column":7}},"123":{"start":{"line":327,"column":36},"end":{"line":327,"column":51}},"124":{"start":{"line":328,"column":8},"end":{"line":330,"column":9}},"125":{"start":{"line":329,"column":10},"end":{"line":329,"column":30}},"126":{"start":{"line":333,"column":6},"end":{"line":333,"column":21}},"127":{"start":{"line":335,"column":4},"end":{"line":335,"column":24}},"128":{"start":{"line":344,"column":2},"end":{"line":357,"column":3}},"129":{"start":{"line":345,"column":25},"end":{"line":345,"column":30}},"130":{"start":{"line":346,"column":4},"end":{"line":355,"column":5}},"131":{"start":{"line":347,"column":22},"end":{"line":347,"column":53}},"132":{"start":{"line":348,"column":6},"end":{"line":352,"column":7}},"133":{"start":{"line":348,"column":38},"end":{"line":348,"column":53}},"134":{"start":{"line":349,"column":8},"end":{"line":351,"column":9}},"135":{"start":{"line":350,"column":10},"end":{"line":350,"column":32}},"136":{"start":{"line":354,"column":6},"end":{"line":354,"column":21}},"137":{"start":{"line":356,"column":4},"end":{"line":356,"column":26}},"138":{"start":{"line":359,"column":2},"end":{"line":387,"column":3}},"139":{"start":{"line":359,"column":2},"end":{"line":387,"column":2}},"140":{"start":{"line":360,"column":4},"end":{"line":386,"column":11}},"141":{"start":{"line":363,"column":10},"end":{"line":368,"column":15}},"142":{"start":{"line":369,"column":10},"end":{"line":381,"column":17}},"143":{"start":{"line":372,"column":16},"end":{"line":372,"column":35}},"144":{"start":{"line":373,"column":16},"end":{"line":376,"column":19}},"145":{"start":{"line":374,"column":18},"end":{"line":374,"column":43}},"146":{"start":{"line":379,"column":16},"end":{"line":379,"column":40}},"147":{"start":{"line":380,"column":16},"end":{"line":380,"column":75}},"148":{"start":{"line":384,"column":10},"end":{"line":384,"column":34}},"149":{"start":{"line":385,"column":10},"end":{"line":385,"column":69}},"150":{"start":{"line":389,"column":2},"end":{"line":417,"column":3}},"151":{"start":{"line":389,"column":2},"end":{"line":417,"column":2}},"152":{"start":{"line":390,"column":4},"end":{"line":416,"column":11}},"153":{"start":{"line":393,"column":10},"end":{"line":398,"column":15}},"154":{"start":{"line":399,"column":10},"end":{"line":411,"column":17}},"155":{"start":{"line":402,"column":16},"end":{"line":402,"column":39}},"156":{"start":{"line":403,"column":16},"end":{"line":406,"column":19}},"157":{"start":{"line":404,"column":18},"end":{"line":404,"column":47}},"158":{"start":{"line":409,"column":16},"end":{"line":409,"column":40}},"159":{"start":{"line":410,"column":16},"end":{"line":410,"column":75}},"160":{"start":{"line":414,"column":10},"end":{"line":414,"column":34}},"161":{"start":{"line":415,"column":10},"end":{"line":415,"column":69}},"162":{"start":{"line":423,"column":2},"end":{"line":442,"column":3}},"163":{"start":{"line":423,"column":2},"end":{"line":442,"column":2}},"164":{"start":{"line":424,"column":4},"end":{"line":441,"column":11}},"165":{"start":{"line":427,"column":10},"end":{"line":427,"column":32}},"166":{"start":{"line":428,"column":10},"end":{"line":436,"column":15}},"167":{"start":{"line":439,"column":10},"end":{"line":439,"column":34}},"168":{"start":{"line":440,"column":10},"end":{"line":440,"column":69}},"169":{"start":{"line":40,"column":33},"end":{"line":40,"column":70}},"170":{"start":{"line":41,"column":35},"end":{"line":41,"column":74}},"171":{"start":{"line":42,"column":37},"end":{"line":42,"column":78}},"172":{"start":{"line":43,"column":36},"end":{"line":43,"column":76}},"173":{"start":{"line":44,"column":34},"end":{"line":44,"column":72}},"174":{"start":{"line":45,"column":40},"end":{"line":45,"column":84}},"175":{"start":{"line":46,"column":36},"end":{"line":46,"column":76}},"176":{"start":{"line":27,"column":13},"end":{"line":443,"column":1}},"177":{"start":{"line":443,"column":0},"end":{"line":443,"column":1}},"178":{"start":{"line":27,"column":13},"end":{"line":27,"column":27}}},"fnMap":{"1":{"name":"(anonymous_4)","line":27,"loc":{"start":{"line":27,"column":0},"end":{"line":27,"column":-1}}},"2":{"name":"AdminComponent","line":52,"loc":{"start":{"line":52,"column":63},"end":{"line":104,"column":3}}},"3":{"name":"(anonymous_6)","line":67,"loc":{"start":{"line":67,"column":34},"end":{"line":77,"column":5}}},"4":{"name":"(anonymous_7)","line":74,"loc":{"start":{"line":74,"column":53},"end":{"line":74,"column":72}}},"5":{"name":"(anonymous_8)","line":76,"loc":{"start":{"line":76,"column":27},"end":{"line":76,"column":66}}},"6":{"name":"(anonymous_9)","line":79,"loc":{"start":{"line":79,"column":123},"end":{"line":89,"column":5}}},"7":{"name":"(anonymous_10)","line":91,"loc":{"start":{"line":91,"column":121},"end":{"line":103,"column":5}}},"8":{"name":"(anonymous_11)","line":106,"loc":{"start":{"line":106,"column":29},"end":{"line":108,"column":3}}},"9":{"name":"(anonymous_12)","line":113,"loc":{"start":{"line":113,"column":2},"end":{"line":115,"column":3}}},"10":{"name":"(anonymous_13)","line":120,"loc":{"start":{"line":120,"column":2},"end":{"line":122,"column":3}}},"11":{"name":"(anonymous_14)","line":127,"loc":{"start":{"line":127,"column":2},"end":{"line":129,"column":3}}},"12":{"name":"(anonymous_15)","line":134,"loc":{"start":{"line":134,"column":2},"end":{"line":136,"column":3}}},"13":{"name":"(anonymous_16)","line":141,"loc":{"start":{"line":141,"column":2},"end":{"line":143,"column":3}}},"14":{"name":"(anonymous_17)","line":148,"loc":{"start":{"line":148,"column":2},"end":{"line":150,"column":3}}},"15":{"name":"(anonymous_18)","line":155,"loc":{"start":{"line":155,"column":2},"end":{"line":157,"column":3}}},"16":{"name":"(anonymous_19)","line":162,"loc":{"start":{"line":162,"column":2},"end":{"line":164,"column":3}}},"17":{"name":"(anonymous_20)","line":169,"loc":{"start":{"line":169,"column":2},"end":{"line":171,"column":3}}},"18":{"name":"(anonymous_21)","line":176,"loc":{"start":{"line":176,"column":2},"end":{"line":178,"column":3}}},"19":{"name":"(anonymous_22)","line":183,"loc":{"start":{"line":183,"column":2},"end":{"line":185,"column":3}}},"20":{"name":"(anonymous_23)","line":190,"loc":{"start":{"line":190,"column":2},"end":{"line":192,"column":3}}},"21":{"name":"(anonymous_24)","line":197,"loc":{"start":{"line":197,"column":2},"end":{"line":199,"column":3}}},"22":{"name":"(anonymous_25)","line":204,"loc":{"start":{"line":204,"column":2},"end":{"line":206,"column":3}}},"23":{"name":"(anonymous_26)","line":208,"loc":{"start":{"line":208,"column":2},"end":{"line":210,"column":3}}},"24":{"name":"(anonymous_27)","line":212,"loc":{"start":{"line":212,"column":2},"end":{"line":296,"column":3}}},"25":{"name":"(anonymous_28)","line":216,"loc":{"start":{"line":216,"column":18},"end":{"line":221,"column":9}}},"26":{"name":"(anonymous_29)","line":217,"loc":{"start":{"line":217,"column":46},"end":{"line":220,"column":11}}},"27":{"name":"(anonymous_30)","line":222,"loc":{"start":{"line":222,"column":13},"end":{"line":225,"column":9}}},"28":{"name":"(anonymous_31)","line":230,"loc":{"start":{"line":230,"column":18},"end":{"line":235,"column":9}}},"29":{"name":"(anonymous_32)","line":231,"loc":{"start":{"line":231,"column":46},"end":{"line":234,"column":11}}},"30":{"name":"(anonymous_33)","line":236,"loc":{"start":{"line":236,"column":13},"end":{"line":239,"column":9}}},"31":{"name":"(anonymous_34)","line":244,"loc":{"start":{"line":244,"column":18},"end":{"line":249,"column":9}}},"32":{"name":"(anonymous_35)","line":245,"loc":{"start":{"line":245,"column":48},"end":{"line":248,"column":11}}},"33":{"name":"(anonymous_36)","line":250,"loc":{"start":{"line":250,"column":13},"end":{"line":253,"column":9}}},"34":{"name":"(anonymous_37)","line":258,"loc":{"start":{"line":258,"column":18},"end":{"line":263,"column":9}}},"35":{"name":"(anonymous_38)","line":259,"loc":{"start":{"line":259,"column":52},"end":{"line":262,"column":11}}},"36":{"name":"(anonymous_39)","line":264,"loc":{"start":{"line":264,"column":13},"end":{"line":267,"column":9}}},"37":{"name":"(anonymous_40)","line":272,"loc":{"start":{"line":272,"column":18},"end":{"line":277,"column":9}}},"38":{"name":"(anonymous_41)","line":273,"loc":{"start":{"line":273,"column":45},"end":{"line":276,"column":11}}},"39":{"name":"(anonymous_42)","line":278,"loc":{"start":{"line":278,"column":13},"end":{"line":281,"column":9}}},"40":{"name":"(anonymous_43)","line":286,"loc":{"start":{"line":286,"column":18},"end":{"line":291,"column":9}}},"41":{"name":"(anonymous_44)","line":287,"loc":{"start":{"line":287,"column":51},"end":{"line":290,"column":11}}},"42":{"name":"(anonymous_45)","line":292,"loc":{"start":{"line":292,"column":13},"end":{"line":295,"column":9}}},"43":{"name":"(anonymous_46)","line":304,"loc":{"start":{"line":304,"column":45},"end":{"line":315,"column":3}}},"44":{"name":"(anonymous_47)","line":308,"loc":{"start":{"line":308,"column":32},"end":{"line":308,"column":51}}},"45":{"name":"(anonymous_48)","line":323,"loc":{"start":{"line":323,"column":43},"end":{"line":336,"column":3}}},"46":{"name":"(anonymous_49)","line":327,"loc":{"start":{"line":327,"column":32},"end":{"line":327,"column":51}}},"47":{"name":"(anonymous_50)","line":344,"loc":{"start":{"line":344,"column":45},"end":{"line":357,"column":3}}},"48":{"name":"(anonymous_51)","line":348,"loc":{"start":{"line":348,"column":34},"end":{"line":348,"column":53}}},"49":{"name":"(anonymous_52)","line":359,"loc":{"start":{"line":359,"column":51},"end":{"line":387,"column":3}}},"50":{"name":"(anonymous_53)","line":362,"loc":{"start":{"line":362,"column":18},"end":{"line":382,"column":9}}},"51":{"name":"(anonymous_54)","line":371,"loc":{"start":{"line":371,"column":24},"end":{"line":377,"column":15}}},"52":{"name":"(anonymous_55)","line":373,"loc":{"start":{"line":373,"column":52},"end":{"line":376,"column":17}}},"53":{"name":"(anonymous_56)","line":378,"loc":{"start":{"line":378,"column":19},"end":{"line":381,"column":15}}},"54":{"name":"(anonymous_57)","line":383,"loc":{"start":{"line":383,"column":13},"end":{"line":386,"column":9}}},"55":{"name":"(anonymous_58)","line":389,"loc":{"start":{"line":389,"column":62},"end":{"line":417,"column":3}}},"56":{"name":"(anonymous_59)","line":392,"loc":{"start":{"line":392,"column":18},"end":{"line":412,"column":9}}},"57":{"name":"(anonymous_60)","line":401,"loc":{"start":{"line":401,"column":24},"end":{"line":407,"column":15}}},"58":{"name":"(anonymous_61)","line":403,"loc":{"start":{"line":403,"column":54},"end":{"line":406,"column":17}}},"59":{"name":"(anonymous_62)","line":408,"loc":{"start":{"line":408,"column":19},"end":{"line":411,"column":15}}},"60":{"name":"(anonymous_63)","line":413,"loc":{"start":{"line":413,"column":13},"end":{"line":416,"column":9}}},"61":{"name":"(anonymous_64)","line":423,"loc
[...]
":578,"column":48}},"236":{"start":{"line":582,"column":2},"end":{"line":584,"column":3}},"237":{"start":{"line":583,"column":4},"end":{"line":583,"column":17}},"238":{"start":{"line":591,"column":2},"end":{"line":598,"column":3}},"239":{"start":{"line":592,"column":4},"end":{"line":596,"column":5}},"240":{"start":{"line":593,"column":6},"end":{"line":595,"column":7}},"241":{"start":{"line":594,"column":8},"end":{"line":594,"column":21}},"242":{"start":{"line":597,"column":4},"end":{"line":597,"column":16}},"243":{"start":{"line":605,"column":10},"end":{"line":607,"column":3}},"244":{"start":{"line":606,"column":4},"end":{"line":606,"column":33}},"245":{"start":{"line":28,"column":11},"end":{"line":28,"column":31}},"246":{"start":{"line":25,"column":13},"end":{"line":608,"column":1}},"247":{"start":{"line":608,"column":0},"end":{"line":608,"column":1}},"248":{"start":{"line":25,"column":13},"end":{"line":25,"column":41}}},"fnMap":{"1":{"name":"(anonymous_2)","line":25,"loc":{"start":{"line":25,"column":0},"end":{"line":25,"column":-1}}},"2":{"name":"OwcCollectionEditorComponent","line":38,"loc":{"start":{"line":38,"column":63},"end":{"line":39,"column":3}}},"3":{"name":"(anonymous_4)","line":41,"loc":{"start":{"line":41,"column":2},"end":{"line":79,"column":3}}},"4":{"name":"(anonymous_5)","line":81,"loc":{"start":{"line":81,"column":34},"end":{"line":128,"column":3}}},"5":{"name":"(anonymous_6)","line":85,"loc":{"start":{"line":85,"column":42},"end":{"line":126,"column":5}}},"6":{"name":"(anonymous_7)","line":136,"loc":{"start":{"line":136,"column":22},"end":{"line":143,"column":3}}},"7":{"name":"(anonymous_8)","line":145,"loc":{"start":{"line":145,"column":22},"end":{"line":152,"column":3}}},"8":{"name":"(anonymous_9)","line":154,"loc":{"start":{"line":154,"column":27},"end":{"line":170,"column":3}}},"9":{"name":"(anonymous_10)","line":158,"loc":{"start":{"line":158,"column":42},"end":{"line":168,"column":5}}},"10":{"name":"(anonymous_11)","line":172,"loc":{"start":{"line":172,"column":24},"end":{"line":182,"column":3}}},"11":{"name":"(anonymous_12)","line":184,"loc":{"start":{"line":184,"column":44},"end":{"line":187,"column":3}}},"12":{"name":"(anonymous_13)","line":189,"loc":{"start":{"line":189,"column":59},"end":{"line":193,"column":3}}},"13":{"name":"(anonymous_14)","line":195,"loc":{"start":{"line":195,"column":31},"end":{"line":208,"column":3}}},"14":{"name":"(anonymous_15)","line":199,"loc":{"start":{"line":199,"column":42},"end":{"line":206,"column":5}}},"15":{"name":"(anonymous_16)","line":210,"loc":{"start":{"line":210,"column":2},"end":{"line":213,"column":3}}},"16":{"name":"(anonymous_17)","line":215,"loc":{"start":{"line":215,"column":35},"end":{"line":219,"column":3}}},"17":{"name":"(anonymous_18)","line":221,"loc":{"start":{"line":221,"column":2},"end":{"line":228,"column":3}}},"18":{"name":"(anonymous_19)","line":230,"loc":{"start":{"line":230,"column":36},"end":{"line":243,"column":3}}},"19":{"name":"(anonymous_20)","line":234,"loc":{"start":{"line":234,"column":42},"end":{"line":241,"column":5}}},"20":{"name":"(anonymous_21)","line":245,"loc":{"start":{"line":245,"column":2},"end":{"line":252,"column":3}}},"21":{"name":"(anonymous_22)","line":254,"loc":{"start":{"line":254,"column":2},"end":{"line":257,"column":3}}},"22":{"name":"(anonymous_23)","line":259,"loc":{"start":{"line":259,"column":37},"end":{"line":263,"column":3}}},"23":{"name":"(anonymous_24)","line":265,"loc":{"start":{"line":265,"column":43},"end":{"line":280,"column":3}}},"24":{"name":"(anonymous_25)","line":282,"loc":{"start":{"line":282,"column":37},"end":{"line":297,"column":3}}},"25":{"name":"(anonymous_26)","line":299,"loc":{"start":{"line":299,"column":35},"end":{"line":319,"column":3}}},"26":{"name":"(anonymous_27)","line":303,"loc":{"start":{"line":303,"column":42},"end":{"line":317,"column":5}}},"27":{"name":"(anonymous_28)","line":321,"loc":{"start":{"line":321,"column":2},"end":{"line":335,"column":3}}},"28":{"name":"(anonymous_29)","line":337,"loc":{"start":{"line":337,"column":37},"end":{"line":341,"column":3}}},"29":{"name":"(anonymous_30)","line":343,"loc":{"start":{"line":343,"column":37},"end":{"line":359,"column":3}}},"30":{"name":"(anonymous_31)","line":347,"loc":{"start":{"line":347,"column":42},"end":{"line":357,"column":5}}},"31":{"name":"(anonymous_32)","line":361,"loc":{"start":{"line":361,"column":2},"end":{"line":371,"column":3}}},"32":{"name":"(anonymous_33)","line":373,"loc":{"start":{"line":373,"column":71},"end":{"line":378,"column":3}}},"33":{"name":"(anonymous_34)","line":380,"loc":{"start":{"line":380,"column":32},"end":{"line":396,"column":3}}},"34":{"name":"(anonymous_35)","line":384,"loc":{"start":{"line":384,"column":42},"end":{"line":394,"column":5}}},"35":{"name":"(anonymous_36)","line":398,"loc":{"start":{"line":398,"column":2},"end":{"line":408,"column":3}}},"36":{"name":"(anonymous_37)","line":410,"loc":{"start":{"line":410,"column":67},"end":{"line":415,"column":3}}},"37":{"name":"(anonymous_38)","line":417,"loc":{"start":{"line":417,"column":33},"end":{"line":425,"column":3}}},"38":{"name":"(anonymous_39)","line":421,"loc":{"start":{"line":421,"column":42},"end":{"line":423,"column":5}}},"39":{"name":"(anonymous_40)","line":427,"loc":{"start":{"line":427,"column":2},"end":{"line":430,"column":3}}},"40":{"name":"(anonymous_41)","line":432,"loc":{"start":{"line":432,"column":36},"end":{"line":448,"column":3}}},"41":{"name":"(anonymous_42)","line":450,"loc":{"start":{"line":450,"column":69},"end":{"line":455,"column":3}}},"42":{"name":"(anonymous_43)","line":457,"loc":{"start":{"line":457,"column":31},"end":{"line":476,"column":3}}},"43":{"name":"(anonymous_44)","line":461,"loc":{"start":{"line":461,"column":13},"end":{"line":471,"column":7}}},"44":{"name":"(anonymous_45)","line":472,"loc":{"start":{"line":472,"column":11},"end":{"line":475,"column":7}}},"45":{"name":"(anonymous_46)","line":478,"loc":{"start":{"line":478,"column":2},"end":{"line":563,"column":3}}},"46":{"name":"(anonymous_47)","line":482,"loc":{"start":{"line":482,"column":69},"end":{"line":482,"column":95}}},"47":{"name":"(anonymous_48)","line":483,"loc":{"start":{"line":483,"column":77},"end":{"line":483,"column":103}}},"48":{"name":"(anonymous_49)","line":485,"loc":{"start":{"line":485,"column":81},"end":{"line":485,"column":107}}},"49":{"name":"(anonymous_50)","line":487,"loc":{"start":{"line":487,"column":73},"end":{"line":487,"column":99}}},"50":{"name":"(anonymous_51)","line":497,"loc":{"start":{"line":497,"column":68},"end":{"line":552,"column":5}}},"51":{"name":"(anonymous_52)","line":501,"loc":{"start":{"line":501,"column":80},"end":{"line":501,"column":106}}},"52":{"name":"(anonymous_53)","line":502,"loc":{"start":{"line":502,"column":88},"end":{"line":502,"column":114}}},"53":{"name":"(anonymous_54)","line":504,"loc":{"start":{"line":504,"column":98},"end":{"line":504,"column":124}}},"54":{"name":"(anonymous_55)","line":507,"loc":{"start":{"line":507,"column":94},"end":{"line":507,"column":120}}},"55":{"name":"(anonymous_56)","line":510,"loc":{"start":{"line":510,"column":86},"end":{"line":510,"column":112}}},"56":{"name":"(anonymous_57)","line":513,"loc":{"start":{"line":513,"column":84},"end":{"line":513,"column":110}}},"57":{"name":"(anonymous_58)","line":516,"loc":{"start":{"line":516,"column":91},"end":{"line":547,"column":7}}},"58":{"name":"(anonymous_59)","line":519,"loc":{"start":{"line":519,"column":82},"end":{"line":521,"column":11}}},"59":{"name":"(anonymous_60)","line":521,"loc":{"start":{"line":521,"column":34},"end":{"line":530,"column":11}}},"60":{"name":"(anonymous_61)","line":533,"loc":{"start":{"line":533,"column":73},"end":{"line":535,"column":11}}},"61":{"name":"(anonymous_62)","line":535,"loc":{"start":{"line":535,"column":33},"end":{"line":541,"column":11}}},"62":{"name":"(anonymous_63)","line":544,"loc":{"start":{"line":544,"column":62},"end":{"line":544,"column":87}}},"63":{"name":"(anonymous_64)","line":565,"loc":{"start":{"line":565,"column":2},"end":{"line":573,"column":3}}},"64":{"name":"(anonymous_65)","line":575,"loc":{"start":{"line":575,"column":2},"end":{"line":580,"column":3}}},"65":{"name":"(anonymous_66)","line":578,"loc":{"start":{"line":578,"column":24},"end":{"line":578,"column":48}}},"66":{"name":"(anonymous_67)","line":582,"loc":{"start":{"line":582,"column":34},"end":{"line":584,"column":3}}},"67":{"name":"(anonymous_68)","line":591,"loc":{"start":{"line":591,"column":24},"end":{"line":598,"column":3}}},"68":{"name":"(anonymous_69)","line":605,"loc":{"start":{"line":605,"column":45},"end":{"line":607,"column":3}}}},"branchMap":{"1":{"line":82,"type":"if","locations":[{"start":{"line":82,"column":4},"end":{"line":84,"column":5}},{"start":{"line":82,"column":4},"end":{"line":84,"column":5}}]},"2":{"line":137,"type":"if","locations":[{"start":{"line":137,"column":4},"end":{"line":142,"column":5}},{"start":{"line":137,"column":4},"end":{"line":142,"column":5}}]},"3":{"line":146,"type":"if","locations":[{"start":{"line":146,"column":4},"end":{"line":151,"column":5}},{"start":{"line":146,"column":4},"end":{"line":151,"column":5}}]},"4":{"line":155,"type":"if","locations":[{"start":{"line":155,"column":4},"end":{"line":157,"column":5}},{"start":{"line":155,"column":4},"end":{"line":157,"column":5}}]},"5":{"line":196,"type":"if","locations":[{"start":{"line":196,"column":4},"end":{"line":198,"column":5}},{"start":{"line":196,"column":4},"end":{"line":198,"column":5}}]},"6":{"line":231,"type":"if","locations":[{"start":{"line":231,"column":4},"end":{"line":233,"column":5}},{"start":{"line":231,"column":4},"end":{"line":233,"column":5}}]},"7":{"line":266,"type":"if","locations":[{"start":{"line":266,"column":4},"end":{"line":272,"column":5}},{"start":{"line":266,"column":4},"end":{"line":272,"column":5}}]},"8":{"line":283,"type":"if","locations":[{"start":{"line":283,"column":4},"end":{"line":289,"column":5}},{"start":{"line":283,"column":4},"end":{"line":289,"column":5}}]},"9":{"line":300,"type":"if","locations":[{"start":{"line":300,"column":4},"end":{"line":302,"column":5}},{"start":{"line":300,"column":4},"end":{"line":302,"column":5}}]},"10":{"line":344,"type":"if","locations":[{"start":{"line":344,"column":4},"end":{"line":346,"column":5}},{"start":{"line":344,"column":4},"end":{"line":346,"column":5}}]},"11":{"line":381,"type":"if","locations":[{"start":{"line":381,"column":4},"end":{"line":383,"column":5}},{"start":{"line":381,"column":4},"end":{"line":383,"column":5}}]},"12":{"line":418,"type":"if","locations":[{"start":{"line":418,"column":4},"end":{"line":420,"column":5}},{"start":{"line":418,"column":4},"end":{"line":420,"column":5}}]},"13":{"line":433,"type":"if","locations":[{"start":{"line":433,"column":4},"end":{"line":440,"column":5}},{"start":{"line":433,"column":4},"end":{"line":440,"column":5}}]},"14":{"line":468,"type":"if","locations":[{"start":{"line":468,"column":8},"end":{"line":470,"column":9}},{"start":{"line":468,"column":8},"end":{"line":470,"column":9}}]},"15":{"line":468,"type":"binary-expr","locations":[{"start":{"line":468,"column":12},"end":{"line":468,"column":22}},{"start":{"line":468,"column":26},"end":{"line":468,"column":45}}]},"16":{"line":486,"type":"if","locations":[{"start":{"line":486,"column":4},"end":{"line":488,"column":5}},{"start":{"line":486,"column":4},"end":{"line":488,"column":5}}]},"17":{"line":489,"type":"if","locations":[{"start":{"line":489,"column":4},"end":{"line":491,"column":5}},{"start":{"line":489,"column":4},"end":{"line":491,"column":5}}]},"18":{"line":489,"type":"binary-expr","locations":[{"start":{"line":489,"column":8},"end":{"line":489,"column":21}},{"start":{"line":489,"column":25},"end":{"line":489,"column":72}}]},"19":{"line":492,"type":"if","locations":[{"start":{"line":492,"column":4},"end":{"line":494,"column":5}},{"start":{"line":492,"column":4},"end":{"line":494,"column":5}}]},"20":{"line":492,"type":"binary-expr","locations":[{"start":{"line":492,"column":8},"end":{"line":492,"column":23}},{"start":{"line":492,"column":27},"end":{"line":492,"column":76}}]},"21":{"line":503,"type":"if","locations":[{"start":{"line":503,"column":6},"end":{"line":505,"column":7}},{"start":{"line":503,"column":6},"end":{"line":505,"column":7}}]},"22":{"line":506,"type":"if","locations":[{"start":{"line":506,"column":6},"end":{"line":508,"column":7}},{"start":{"line":506,"column":6},"end":{"line":508,"column":7}}]},"23":{"line":509,"type":"if","locations":[{"start":{"line":509,"column":6},"end":{"line":511,"column":7}},{"start":{"line":509,"column":6},"end":{"line":511,"column":7}}]},"24":{"line":512,"type":"if","locations":[{"start":{"line":512,"column":6},"end":{"line":514,"column":7}},{"start":{"line":512,"column":6},"end":{"line":514,"column":7}}]},"25":{"line":518,"type":"if","locations":[{"start":{"line":518,"column":8},"end":{"line":531,"column":9}},{"start":{"line":518,"column":8},"end":{"line":531,"column":9}}]},"26":{"line":523,"type":"if","locations":[{"start":{"line":523,"column":12},"end":{"line":525,"column":13}},{"start":{"line":523,"column":12},"end":{"line":525,"column":13}}]},"27":{"line":526,"type":"if","locations":[{"start":{"line":526,"column":12},"end":{"line":528,"column":13}},{"start":{"line":526,"column":12},"end":{"line":528,"column":13}}]},"28":{"line":532,"type":"if","locations":[{"start":{"line":532,"column":8},"end":{"line":542,"column":9}},{"start":{"line":532,"column":8},"end":{"line":542,"column":9}}]},"29":{"line":537,"type":"if","locations":[{"start":{"line":537,"column":12},"end":{"line":539,"column":13}},{"start":{"line":537,"column":12},"end":{"line":539,"column":13}}]},"30":{"line":543,"type":"if","locations":[{"start":{"line":543,"column":8},"end":{"line":545,"column":9}},{"start":{"line":543,"column":8},"end":{"line":545,"column":9}}]},"31":{"line":593,"type":"if","locations":[{"start":{"line":593,"column":6},"end":{"line":595,"column":7}},{"start":{"line":593,"column":6},"end":{"line":595,"column":7}}]},"32":{"line":593,"type":"binary-expr","locations":[{"start":{"line":593,"column":10},"end":{"line":593,"column":33}},{"start":{"line":593,"column":37},"end":{"line":593,"column":56}},{"start":{"line":593,"column":60},"end":{"line":593,"column":77}}]}},"s":{"1":1,"2":1,"3":1,"4":1,"5":1,"6":1,"7":0,"8":0,"9":0,"10":0,"11":1,"12":1,"13":0,"14":1,"15":0,"16":0,"17":0,"18":1,"19":0,"20":0,"21":0,"22":0,"23":0,"24":0,"25":1,"26":0,"27":0,"28":0,"29":1,"30":0,"31":0,"32":0,"33":1,"34":0,"35":0,"36":0,"37":0,"38":0,"39":0,"40":1,"41":0,"42":0,"43":1,"44":0,"45":0,"46":1,"47":0,"48":0,"49":0,"50":1,"51":0,"52":0,"53":0,"54":0,"55":0,"56":0,"57":1,"58":0,"59":0,"60":1,"61":0,"62":0,"63":0,"64":1,"65":0,"66":0,"67":1,"68":0,"69":0,"70":0,"71":0,"72":0,"73":0,"74":1,"75":0,"76":0,"77":1,"78":0,"79":0,"80":1,"81":0,"82":0,"83":0,"84":1,"85":0,"86":0,"87":0,"88":1,"89":0,"90":0,"91":0,"92":1,"93":0,"94":0,"95":0,"96":0,"97":0,"98":0,"99":1,"100":0,"101":0,"102":1,"103":0,"104":0,"105":0,"106":1,"107":0,"108":0,"109":0,"110":0,"111":0,"112":0,"113":1,"114":0,"115":0,"116":1,"117":0,"118":0,"119":0,"120":0,"121":1,"122":0,"123":0,"124":0,"125":0,"126":0,"127":0,"128":1,"129":0,"130":0,"131":1,"132":0,"133":0,"134":0,"135":0,"136":1,"137":0,"138":0,"139":0,"140":0,"141":0,"142":0,"143":1,"144":0,"145":0,"146":1,"147":0,"148":0,"149":0,"150":1,"151":0,"152":0,"153":0,"154":0,"155":1,"156":0,"157":0,"158":0,"159":0,"160":0,"161":0,"162":0,"163":0,"164":0,"165":0,"166":1,"167":0,"168":0,"169":0,"170":0,"171":0,"172":0,"173":0,"174":0,"175":0,"176":0,"177":0,"178":0,"179":0,"180":0,"181":0,"182":0,"183":0,"184":0,"185":0,"186":0,"187":0,"188":0,"189":0,"190":0,"191":0,"192":0,"193":0,"194":0,"195":0,"196":0,"197":0,"198":0,"199":0,"200":0,"201":0,"202":0,"203":0,"204":0,"205":0,"206":0,"207":0,"208":0,"209":0,"210":0,"211":0,"212":0,"213":0,"214":0,"215":0,"216":0,"217":0,"218":0,"219":0,"220":0,"221":0,"222":0,"223":0,"224":0,"225":0,"226":0,"227":0,"228":0,"229":1,"230":0,"231":0,"232":1,"233":0,"234":0,"235":0,"236":1,"237":0,"238":1,"239":0,"240":0,"241":0,"242":0,"243":1,"244":0,"245":1,"246":1,"247":1,"248":1},"b":{"1":[0,0],"2":[0,0],"3":[0,0],"4":[0,0],"5":[0,0],"6":[0,0],"7":[0,0],"8":[0,0],"9":[0,0],"10":[0,0],"11":[0,0],"12":[0,0],"13":[0,0],"14":[0,0],"15":[0,0],"16":[0,0],"17":[0,0],"18":[0,0],"19":[0,0],"20":[0,0],"21":[0,0],"22":[0,0],"23":[0,0],"24":[0,0],"25":[0,0],"26":[0,0],"27":[0,0],"28":[0,0],"29":[0,0],"30":[0,0],"31":[0,0],"32":[0,0,0]},"f":{"1":1,"2":0,"3":0,"4":0,"5":0,"6":0,"7":0,"8":0,"9":0,"10":0,"11":0,"12":0,"13":0,"14":0,"15":0,"16":0,"17":0,"18":0,"19":0,"20":0,"21":0,"22":0,"23":0,"24":0,"25":0,"26":0,"27":0,"28":0,"29":0,"30":0,"31":0,"32":0,"33":0,"34":0,"35":0,"36":0,"37":0,"38":0,"39":0,"40":0,"41":0,"42":0,"43":0,"44":0,"45":0,"46":0,"47":0,"48":0,"49":0,"50":0,"51":0,"52":0,"53":0,"54":0,"55":0,"56":0,"57":0,"58":0,"59":0,"60":0,"61":0,"62":0,"63":0,"64":0,"65":0,"66":0,"67":0,"68":0},"l":{"1":1,"2":1,"3":1,"4":1,"5":1,"25":1,"28":1,"30":1,"31":1,"33":0,"35":0,"36":0,"37":0,"38":0,"41":1,"42":0,"45":0,"78":0,"81":1,"82":0,"83":0,"85":0,"86":0,"127":0,"136":1,"137":0,"138":0,"141":0,"145":1,"146":0,"147":0,"150":0,"154":1,"155":0,"156":0,"158":0,"159":0,"169":0,"172":1,"173":0,"181":0,"184":1,"185":0,"186":0,"189":1,"190":0,"191":0,"192":0,"195":1,"196":0,"197":0,"199":0,"200":0,"207":0,"210":1,"211":0,"212":0,"215":1,"216":0,"217":0,"218":0,"221":1,"222":0,"227":0,"230":1,"231":0,"232":0,"234":0,"235":0,"242":0,"245":1,"246":0,"251":0,"254":1,"255":0,"256":0,"259":1,"260":0,"261":0,"262":0,"265":1,"266":0,"267":0,"274":0,"282":1,"283":0,"284":0,"291":0,"299":1,"300":0,"301":0,"303":0,"304":0,"318":0,"321":1,"322":0,"334":0,"337":1,"338":0,"339":0,"340":0,"343":1,"344":0,"345":0,"347":0,"348":0,"358":0,"361":1,"362":0,"370":0,"373":1,"374":0,"375":0,"376":0,"377":0,"380":1,"381":0,"382":0,"384":0,"385":0,"395":0,"398":1,"399":0,"407":0,"410":1,"411":0,"412":0,"413":0,"414":0,"417":1,"418":0,"419":0,"421":0,"422":0,"424":0,"427":1,"428":0,"429":0,"432":1,"433":0,"434":0,"441":0,"450":1,"451":0,"452":0,"453":0,"454":0,"457":1,"458":0,"459":0,"460":0,"462":0,"467":0,"468":0,"469":0,"473":0,"474":0,"478":1,"479":0,"480":0,"482":0,"483":0,"485":0,"486":0,"487":0,"489":0,"490":0,"492":0,"493":0,"497":0,"498":0,"499":0,"501":0,"502":0,"503":0,"504":0,"506":0,"507":0,"509":0,"510":0,"512":0,"513":0,"516":0,"517":0,"518":0,"519":0,"520":0,"522":0,"523":0,"524":0,"526":0,"527":0,"529":0,"532":0,"533":0,"534":0,"536":0,"537":0,"538":0,"540":0,"543":0,"544":0,"546":0,"550":0,"551":0,"554":0,"561":0,"562":0,"565":1,"567":0,"572":0,"575":1,"576":0,"577":0,"578":0,"582":1,"583":0,"591":1,"592":0,"593":0,"594":0,"597":0,"605":1,"606":0,"608":1}},
"src/app/x3d-view/index.ts":{"path":"src/app/x3d-view/index.ts","statementMap":{"1":{"start":{"line":1,"column":0},"end":{"line":1,"column":37}}},"fnMap":{},"branchMap":{},"s":{"1":1},"b":{},"f":{},"l":{"1":1}},
"src/app/x3d-view/x3d-view.component.ts":{"path":"src/app/x3d-view/x3d-view.component.ts","statementMap":{"1":{"start":{"line":1,"column":0},"end":{"line":1,"column":78}},"2":{"start":{"line":13,"column":0},"end":{"line":18,"column":0}},"3":{"start":{"line":15,"column":2},"end":{"line":17,"column":3}},"4":{"start":{"line":16,"column":4},"end":{"line":16,"column":24}},"5":{"start":{"line":13,"column":13},"end":{"line":18,"column":1}},"6":{"start":{"line":18,"column":0},"end":{"line":18,"column":1}},"7":{"start":{"line":13,"column":13},"end":{"line":13,"column":29}}},"fnMap":{"1":{"name":"(anonymous_1)","line":13,"loc":{"start":{"line":13,"column":0},"end":{"line":13,"column":-1}}},"2":{"name":"X3dViewComponent","line":13,"loc":{"start":{"line":13,"column":0},"end":{"line":18,"column":1}}},"3":{"name":"(anonymous_3)","line":15,"loc":{"start":{"line":15,"column":2},"end":{"line":17,"column":3}}}},"branchMap":{},"s":{"1":1,"2":1,"3":1,"4":0,"5":1,"6":1,"7":1},"b":{},"f":{"1":1,"2":0,"3":0},"l":{"1":1,"13":1,"15":1,"16":0,"18":1}}}
