{
"src/app/_guards/admin.guard.ts":{"path":"src/app/_guards/admin.guard.ts","statementMap":{"1":{"start":{"line":1,"column":0},"end":{"line":1,"column":42}},"2":{"start":{"line":2,"column":0},"end":{"line":2,"column":53}},"3":{"start":{"line":3,"column":0},"end":{"line":3,"column":36}},"4":{"start":{"line":4,"column":0},"end":{"line":4,"column":54}},"5":{"start":{"line":5,"column":0},"end":{"line":5,"column":39}},"6":{"start":{"line":6,"column":0},"end":{"line":6,"column":43}},"7":{"start":{"line":11,"column":23},"end":{"line":11,"column":0}},"8":{"start":{"line":13,"column":23},"end":{"line":13,"column":37}},"9":{"start":{"line":13,"column":47},"end":{"line":13,"column":73}},"10":{"start":{"line":14,"column":23},"end":{"line":14,"column":53}},"11":{"start":{"line":15,"column":23},"end":{"line":15,"column":63}},"12":{"start":{"line":18,"column":2},"end":{"line":35,"column":3}},"13":{"start":{"line":18,"column":2},"end":{"line":35,"column":2}},"14":{"start":{"line":19,"column":4},"end":{"line":34,"column":7}},"15":{"start":{"line":20,"column":42},"end":{"line":20,"column":96}},"16":{"start":{"line":21,"column":6},"end":{"line":23,"column":7}},"17":{"start":{"line":22,"column":8},"end":{"line":22,"column":20}},"18":{"start":{"line":25,"column":6},"end":{"line":25,"column":19}},"19":{"start":{"line":28,"column":6},"end":{"line":28,"column":36}},"20":{"start":{"line":29,"column":6},"end":{"line":32,"column":9}},"21":{"start":{"line":33,"column":6},"end":{"line":33,"column":34}},"22":{"start":{"line":36,"column":0},"end":{"line":36,"column":1}},"23":{"start":{"line":11,"column":13},"end":{"line":36,"column":1}},"24":{"start":{"line":11,"column":13},"end":{"line":11,"column":23}}},"fnMap":{"1":{"name":"(anonymous_2)","line":11,"loc":{"start":{"line":11,"column":23},"end":{"line":11,"column":0}}},"2":{"name":"AdminGuard","line":15,"loc":{"start":{"line":15,"column":63},"end":{"line":16,"column":3}}},"3":{"name":"(anonymous_4)","line":18,"loc":{"start":{"line":18,"column":2},"end":{"line":35,"column":3}}},"4":{"name":"(anonymous_5)","line":19,"loc":{"start":{"line":19,"column":48},"end":{"line":27,"column":5}}},"5":{"name":"(anonymous_6)","line":27,"loc":{"start":{"line":27,"column":13},"end":{"line":34,"column":5}}}},"branchMap":{"1":{"line":21,"type":"if","locations":[{"start":{"line":21,"column":6},"end":{"line":23,"column":7}},{"start":{"line":21,"column":6},"end":{"line":23,"column":7}}]}},"s":{"1":1,"2":1,"3":1,"4":1,"5":1,"6":1,"7":1,"8":0,"9":0,"10":0,"11":0,"12":1,"13":0,"14":0,"15":0,"16":0,"17":0,"18":0,"19":0,"20":0,"21":0,"22":1,"23":1,"24":1},"b":{"1":[0,0]},"f":{"1":1,"2":0,"3":0,"4":0,"5":0},"l":{"1":1,"2":1,"3":1,"4":1,"5":1,"6":1,"11":1,"13":0,"14":0,"15":0,"18":1,"19":0,"20":0,"21":0,"22":0,"25":0,"28":0,"29":0,"33":0,"36":1}},
"src/app/notifications/index.ts":{"path":"src/app/notifications/index.ts","statementMap":{"1":{"start":{"line":1,"column":0},"end":{"line":1,"column":41}},"2":{"start":{"line":2,"column":0},"end":{"line":2,"column":39}}},"fnMap":{},"branchMap":{},"s":{"1":1,"2":1},"b":{},"f":{},"l":{"1":1,"2":1}},
"src/app/notifications/notification.component.ts":{"path":"src/app/notifications/notification.component.ts","statementMap":{"1":{"start":{"line":1,"column":0},"end":{"line":1,"column":68}},"2":{"start":{"line":2,"column":0},"end":{"line":2,"column":80}},"3":{"start":{"line":12,"column":34},"end":{"line":12,"column":0}},"4":{"start":{"line":21,"column":22},"end":{"line":21,"column":62}},"5":{"start":{"line":25,"column":2},"end":{"line":27,"column":3}},"6":{"start":{"line":26,"column":4},"end":{"line":26,"column":69}},"7":{"start":{"line":33,"column":2},"end":{"line":35,"column":3}},"8":{"start":{"line":34,"column":4},"end":{"line":34,"column":52}},"9":{"start":{"line":36,"column":0},"end":{"line":36,"column":1}},"10":{"start":{"line":12,"column":13},"end":{"line":36,"column":1}},"11":{"start":{"line":12,"column":13},"end":{"line":12,"column":34}}},"fnMap":{"1":{"name":"(anonymous_2)","line":12,"loc":{"start":{"line":12,"column":34},"end":{"line":12,"column":0}}},"2":{"name":"NotificationComponent","line":21,"loc":{"start":{"line":21,"column":62},"end":{"line":22,"column":3}}},"3":{"name":"(anonymous_4)","line":25,"loc":{"start":{"line":25,"column":2},"end":{"line":27,"column":3}}},"4":{"name":"(anonymous_5)","line":33,"loc":{"start":{"line":33,"column":31},"end":{"line":35,"column":3}}}},"branchMap":{},"s":{"1":1,"2":1,"3":1,"4":1,"5":1,"6":0,"7":1,"8":0,"9":1,"10":1,"11":1},"b":{},"f":{"1":1,"2":1,"3":0,"4":0},"l":{"1":1,"2":1,"12":1,"21":1,"25":1,"26":0,"33":1,"34":0,"36":1}},
"src/app/notifications/notification.service.ts":{"path":"src/app/notifications/notification.service.ts","statementMap":{"1":{"start":{"line":1,"column":0},"end":{"line":1,"column":42}},"2":{"start":{"line":32,"column":32},"end":{"line":32,"column":0}},"3":{"start":{"line":72,"column":2},"end":{"line":72,"column":43}},"4":{"start":{"line":79,"column":9},"end":{"line":86,"column":3}},"5":{"start":{"line":80,"column":4},"end":{"line":85,"column":7}},"6":{"start":{"line":91,"column":9},"end":{"line":112,"column":3}},"7":{"start":{"line":92,"column":4},"end":{"line":98,"column":5}},"8":{"start":{"line":93,"column":14},"end":{"line":94,"column":70}},"9":{"start":{"line":94,"column":29},"end":{"line":94,"column":69}},"10":{"start":{"line":95,"column":6},"end":{"line":97,"column":7}},"11":{"start":{"line":96,"column":8},"end":{"line":96,"column":36}},"12":{"start":{"line":100,"column":4},"end":{"line":109,"column":5}},"13":{"start":{"line":102,"column":8},"end":{"line":102,"column":72}},"14":{"start":{"line":103,"column":8},"end":{"line":103,"column":14}},"15":{"start":{"line":106,"column":8},"end":{"line":106,"column":46}},"16":{"start":{"line":107,"column":8},"end":{"line":107,"column":14}},"17":{"start":{"line":111,"column":4},"end":{"line":111,"column":42}},"18":{"start":{"line":118,"column":2},"end":{"line":123,"column":3}},"19":{"start":{"line":120,"column":4},"end":{"line":122,"column":5}},"20":{"start":{"line":121,"column":6},"end":{"line":121,"column":38}},"21":{"start":{"line":129,"column":2},"end":{"line":131,"column":3}},"22":{"start":{"line":130,"column":4},"end":{"line":130,"column":30}},"23":{"start":{"line":132,"column":0},"end":{"line":132,"column":1}},"24":{"start":{"line":35,"column":16},"end":{"line":35,"column":51}},"25":{"start":{"line":38,"column":16},"end":{"line":38,"column":44}},"26":{"start":{"line":41,"column":16},"end":{"line":41,"column":33}},"27":{"start":{"line":44,"column":16},"end":{"line":44,"column":39}},"28":{"start":{"line":47,"column":16},"end":{"line":47,"column":41}},"29":{"start":{"line":50,"column":16},"end":{"line":50,"column":46}},"30":{"start":{"line":53,"column":16},"end":{"line":53,"column":39}},"31":{"start":{"line":56,"column":16},"end":{"line":56,"column":35}},"32":{"start":{"line":59,"column":16},"end":{"line":59,"column":54}},"33":{"start":{"line":62,"column":16},"end":{"line":62,"column":48}},"34":{"start":{"line":65,"column":16},"end":{"line":65,"column":54}},"35":{"start":{"line":68,"column":16},"end":{"line":68,"column":52}},"36":{"start":{"line":32,"column":13},"end":{"line":132,"column":1}},"37":{"start":{"line":32,"column":13},"end":{"line":32,"column":32}}},"fnMap":{"1":{"name":"(anonymous_1)","line":32,"loc":{"start":{"line":32,"column":32},"end":{"line":32,"column":0}}},"2":{"name":"NotificationService","line":31,"loc":{"start":{"line":31,"column":0},"end":{"line":132,"column":1}}},"3":{"name":"(anonymous_3)","line":79,"loc":{"start":{"line":79,"column":64},"end":{"line":86,"column":3}}},"4":{"name":"(anonymous_4)","line":91,"loc":{"start":{"line":91,"column":58},"end":{"line":112,"column":3}}},"5":{"name":"(anonymous_5)","line":94,"loc":{"start":{"line":94,"column":25},"end":{"line":94,"column":69}}},"6":{"name":"(anonymous_6)","line":118,"loc":{"start":{"line":118,"column":32},"end":{"line":123,"column":3}}},"7":{"name":"(anonymous_7)","line":129,"loc":{"start":{"line":129,"column":2},"end":{"line":131,"column":3}}}},"branchMap":{"1":{"line":92,"type":"if","locations":[{"start":{"line":92,"column":4},"end":{"line":98,"column":5}},{"start":{"line":92,"column":4},"end":{"line":98,"column":5}}]},"2":{"line":95,"type":"if","locations":[{"start":{"line":95,"column":6},"end":{"line":97,"column":7}},{"start":{"line":95,"column":6},"end":{"line":97,"column":7}}]},"3":{"line":101,"type":"switch","locations":[{"start":{"line":101,"column":6},"end":{"line":103,"column":14}},{"start":{"line":105,"column":6},"end":{"line":107,"column":14}}]},"4":{"line":120,"type":"if","locations":[{"start":{"line":120,"column":4},"end":{"line":122,"column":5}},{"start":{"line":120,"column":4},"end":{"line":122,"column":5}}]},"5":{"line":120,"type":"binary-expr","locations":[{"start":{"line":120,"column":8},"end":{"line":120,"column":14}},{"start":{"line":120,"column":18},"end":{"line":120,"column":47}}]}},"s":{"1":1,"2":1,"3":1,"4":1,"5":0,"6":1,"7":0,"8":0,"9":0,"10":0,"11":0,"12":0,"13":0,"14":0,"15":0,"16":0,"17":0,"18":1,"19":0,"20":0,"21":1,"22":0,"23":1,"24":1,"25":1,"26":1,"27":1,"28":1,"29":1,"30":1,"31":1,"32":1,"33":1,"34":1,"35":1,"36":1,"37":1},"b":{"1":[0,0],"2":[0,0],"3":[0,0],"4":[0,0],"5":[0,0]},"f":{"1":1,"2":1,"3":0,"4":0,"5":0,"6":0,"7":0},"l":{"1":1,"32":1,"35":1,"38":1,"41":1,"44":1,"47":1,"50":1,"53":1,"56":1,"59":1,"62":1,"65":1,"68":1,"72":1,"79":1,"80":0,"91":1,"92":0,"93":0,"94":0,"95":0,"96":0,"100":0,"102":0,"103":0,"106":0,"107":0,"111":0,"118":1,"120":0,"121":0,"129":1,"130":0,"132":1}},
"src/app/admin/index.ts":{"path":"src/app/admin/index.ts","statementMap":{"1":{"start":{"line":2,"column":0},"end":{"line":2,"column":32}},"2":{"start":{"line":3,"column":0},"end":{"line":3,"column":34}}},"fnMap":{},"branchMap":{},"s":{"1":1,"2":1},"b":{},"f":{},"l":{"2":1,"3":1}},
"src/app/admin/admin.service.ts":{"path":"src/app/admin/admin.service.ts","statementMap":{"1":{"start":{"line":1,"column":0},"end":{"line":1,"column":50}},"2":{"start":{"line":2,"column":0},"end":{"line":2,"column":71}},"3":{"start":{"line":3,"column":0},"end":{"line":3,"column":40}},"4":{"start":{"line":4,"column":0},"end":{"line":4,"column":36}},"5":{"start":{"line":5,"column":0},"end":{"line":5,"column":31}},"6":{"start":{"line":6,"column":0},"end":{"line":6,"column":33}},"7":{"start":{"line":7,"column":0},"end":{"line":7,"column":42}},"8":{"start":{"line":8,"column":0},"end":{"line":8,"column":49}},"9":{"start":{"line":12,"column":0},"end":{"line":12,"column":59}},"10":{"start":{"line":19,"column":25},"end":{"line":19,"column":0}},"11":{"start":{"line":23,"column":47},"end":{"line":23,"column":67}},"12":{"start":{"line":24,"column":23},"end":{"line":24,"column":33}},"13":{"start":{"line":24,"column":43},"end":{"line":24,"column":57}},"14":{"start":{"line":25,"column":23},"end":{"line":25,"column":53}},"15":{"start":{"line":26,"column":23},"end":{"line":26,"column":51}},"16":{"start":{"line":28,"column":4},"end":{"line":28,"column":54}},"17":{"start":{"line":36,"column":2},"end":{"line":58,"column":3}},"18":{"start":{"line":36,"column":2},"end":{"line":58,"column":2}},"19":{"start":{"line":38,"column":4},"end":{"line":38,"column":54}},"20":{"start":{"line":39,"column":19},"end":{"line":39,"column":51}},"21":{"start":{"line":40,"column":4},"end":{"line":40,"column":40}},"22":{"start":{"line":41,"column":18},"end":{"line":44,"column":6}},"23":{"start":{"line":45,"column":18},"end":{"line":45,"column":81}},"24":{"start":{"line":47,"column":4},"end":{"line":57,"column":83}},"25":{"start":{"line":50,"column":26},"end":{"line":50,"column":41}},"26":{"start":{"line":51,"column":10},"end":{"line":53,"column":11}},"27":{"start":{"line":52,"column":12},"end":{"line":52,"column":30}},"28":{"start":{"line":54,"column":10},"end":{"line":54,"column":33}},"29":{"start":{"line":57,"column":44},"end":{"line":57,"column":81}},"30":{"start":{"line":65,"column":2},"end":{"line":82,"column":3}},"31":{"start":{"line":66,"column":14},"end":{"line":66,"column":48}},"32":{"start":{"line":67,"column":16},"end":{"line":67,"column":41}},"33":{"start":{"line":68,"column":18},"end":{"line":68,"column":56}},"34":{"start":{"line":69,"column":18},"end":{"line":69,"column":81}},"35":{"start":{"line":71,"column":4},"end":{"line":81,"column":37}},"36":{"start":{"line":74,"column":25},"end":{"line":74,"column":65}},"37":{"start":{"line":75,"column":10},"end":{"line":77,"column":11}},"38":{"start":{"line":76,"column":12},"end":{"line":76,"column":41}},"39":{"start":{"line":78,"column":10},"end":{"line":78,"column":26}},"40":{"start":{"line":89,"column":2},"end":{"line":106,"column":3}},"41":{"start":{"line":90,"column":14},"end":{"line":90,"column":51}},"42":{"start":{"line":91,"column":16},"end":{"line":91,"column":41}},"43":{"start":{"line":92,"column":18},"end":{"line":92,"column":56}},"44":{"start":{"line":93,"column":18},"end":{"line":93,"column":81}},"45":{"start":{"line":95,"column":4},"end":{"line":105,"column":37}},"46":{"start":{"line":98,"column":25},"end":{"line":98,"column":68}},"47":{"start":{"line":99,"column":10},"end":{"line":101,"column":11}},"48":{"start":{"line":100,"column":12},"end":{"line":100,"column":41}},"49":{"start":{"line":102,"column":10},"end":{"line":102,"column":26}},"50":{"start":{"line":117,"column":2},"end":{"line":134,"column":3}},"51":{"start":{"line":118,"column":14},"end":{"line":118,"column":52}},"52":{"start":{"line":119,"column":16},"end":{"line":119,"column":41}},"53":{"start":{"line":120,"column":18},"end":{"line":120,"column":56}},"54":{"start":{"line":121,"column":18},"end":{"line":121,"column":81}},"55":{"start":{"line":123,"column":4},"end":{"line":133,"column":37}},"56":{"start":{"line":126,"column":25},"end":{"line":126,"column":69}},"57":{"start":{"line":127,"column":10},"end":{"line":129,"column":11}},"58":{"start":{"line":128,"column":12},"end":{"line":128,"column":41}},"59":{"start":{"line":130,"column":10},"end":{"line":130,"column":26}},"60":{"start":{"line":141,"column":2},"end":{"line":158,"column":3}},"61":{"start":{"line":142,"column":14},"end":{"line":142,"column":58}},"62":{"start":{"line":143,"column":16},"end":{"line":143,"column":41}},"63":{"start":{"line":144,"column":18},"end":{"line":144,"column":56}},"64":{"start":{"line":145,"column":18},"end":{"line":145,"column":81}},"65":{"start":{"line":147,"column":4},"end":{"line":157,"column":37}},"66":{"start":{"line":150,"column":25},"end":{"line":150,"column":71}},"67":{"start":{"line":151,"column":10},"end":{"line":153,"column":11}},"68":{"start":{"line":152,"column":12},"end":{"line":152,"column":41}},"69":{"start":{"line":154,"column":10},"end":{"line":154,"column":26}},"70":{"start":{"line":165,"column":2},"end":{"line":182,"column":3}},"71":{"start":{"line":166,"column":14},"end":{"line":166,"column":54}},"72":{"start":{"line":167,"column":16},"end":{"line":167,"column":41}},"73":{"start":{"line":168,"column":18},"end":{"line":168,"column":56}},"74":{"start":{"line":169,"column":18},"end":{"line":169,"column":81}},"75":{"start":{"line":171,"column":4},"end":{"line":181,"column":37}},"76":{"start":{"line":174,"column":25},"end":{"line":174,"column":67}},"77":{"start":{"line":175,"column":10},"end":{"line":177,"column":11}},"78":{"start":{"line":176,"column":12},"end":{"line":176,"column":41}},"79":{"start":{"line":178,"column":10},"end":{"line":178,"column":26}},"80":{"start":{"line":194,"column":2},"end":{"line":212,"column":3}},"81":{"start":{"line":196,"column":14},"end":{"line":196,"column":49}},"82":{"start":{"line":197,"column":16},"end":{"line":197,"column":41}},"83":{"start":{"line":198,"column":18},"end":{"line":198,"column":56}},"84":{"start":{"line":199,"column":18},"end":{"line":199,"column":81}},"85":{"start":{"line":201,"column":4},"end":{"line":211,"column":37}},"86":{"start":{"line":204,"column":25},"end":{"line":204,"column":70}},"87":{"start":{"line":205,"column":10},"end":{"line":207,"column":11}},"88":{"start":{"line":206,"column":12},"end":{"line":206,"column":41}},"89":{"start":{"line":208,"column":10},"end":{"line":208,"column":26}},"90":{"start":{"line":225,"column":10},"end":{"line":237,"column":3}},"91":{"start":{"line":226,"column":4},"end":{"line":226,"column":31}},"92":{"start":{"line":228,"column":4},"end":{"line":236,"column":5}},"93":{"start":{"line":230,"column":52},"end":{"line":230,"column":72}},"94":{"start":{"line":231,"column":31},"end":{"line":231,"column":81}},"95":{"start":{"line":232,"column":6},"end":{"line":232,"column":96}},"96":{"start":{"line":234,"column":31},"end":{"line":234,"column":108}},"97":{"start":{"line":235,"column":6},"end":{"line":235,"column":97}},"98":{"start":{"line":238,"column":0},"end":{"line":238,"column":1}},"99":{"start":{"line":19,"column":13},"end":{"line":238,"column":1}},"100":{"start":{"line":19,"column":13},"end":{"line":19,"column":25}}},"fnMap":{"1":{"name":"(anonymous_4)","line":19,"loc":{"start":{"line":19,"column":25},"end":{"line":19,"column":0}}},"2":{"name":"AdminService","line":26,"loc":{"start":{"line":26,"column":51},"end":{"line":29,"column":3}}},"3":{"name":"(anonymous_6)","line":36,"loc":{"start":{"line":36,"column":2},"end":{"line":58,"column":3}}},"4":{"name":"(anonymous_7)","line":49,"loc":{"start":{"line":49,"column":28},"end":{"line":55,"column":9}}},"5":{"name":"(anonymous_8)","line":57,"loc":{"start":{"line":57,"column":38},"end":{"line":57,"column":81}}},"6":{"name":"(anonymous_9)","line":65,"loc":{"start":{"line":65,"column":2},"end":{"line":82,"column":3}}},"7":{"name":"(anonymous_10)","line":73,"loc":{"start":{"line":73,"column":28},"end":{"line":79,"column":9}}},"8":{"name":"(anonymous_11)","line":89,"loc":{"start":{"line":89,"column":2},"end":{"line":106,"column":3}}},"9":{"name":"(anonymous_12)","line":97,"loc":{"start":{"line":97,"column":28},"end":{"line":103,"column":9}}},"10":{"name":"(anonymous_13)","line":117,"loc":{"start":{"line":117,"column":2},"end":{"line":134,"column":3}}},"11":{"name":"(anonymous_14)","line":125,"loc":{"start":{"line":125,"column":28},"end":{"line":131,"column":9}}},"12":{"name":"(anonymous_15)","line":141,"loc":{"start":{"line":141,"column":2},"end":{"line":158,"column":3}}},"13":{"name":"(anonymous_16)","line":149,"loc":{"start":{"line":149,"column":28},"end":{"line":155,"column":9}}},"14":{"name":"(anonymous_17)","line":165,"loc":{"start":{"line":165,"column":2},"end":{"line":182,"column":3}}},"15":{"name":"(anonymous_18)","line":173,"loc":{"start":{"line":173,"column":28},"end":{"line":179,"column":9}}},"16":{"name":"(anonymous_19)","line":194,"loc":{"start":{"line":194,"column":2},"end":{"line":212,"column":3}}},"17":{"name":"(anonymous_20)","line":203,"loc":{"start":{"line":203,"column":28},"end":{"line":209,"column":9}}},"18":{"name":"(anonymous_21)","line":225,"loc":{"start":{"line":225,"column":52},"end":{"line":237,"column":3}}}},"branchMap":{"1":{"line":51,"type":"if","locations":[{"start":{"line":51,"column":10},"end":{"line":53,"column":11}},{"start":{"line":51,"column":10},"end":{"line":53,"column":11}}]},"2":{"line":51,"type":"binary-expr","locations":[{"start":{"line":51,"column":14},"end":{"line":51,"column":34}},{"start":{"line":51,"column":38},"end":{"line":51,"column":63}}]},"3":{"line":74,"type":"binary-expr","locations":[{"start":{"line":74,"column":25},"end":{"line":74,"column":40}},{"start":{"line":74,"column":44},"end":{"line":74,"column":65}}]},"4":{"line":75,"type":"if","locations":[{"start":{"line":75,"column":10},"end":{"line":77,"column":11}},{"start":{"line":75,"column":10},"end":{"line":77,"column":11}}]},"5":{"line":98,"type":"binary-expr","locations":[{"start":{"line":98,"column":25},"end":{"line":98,"column":40}},{"start":{"line":98,"column":44},"end":{"line":98,"column":68}}]},"6":{"line":99,"type":"if","locations":[{"start":{"line":99,"column":10},"end":{"line":101,"column":11}},{"start":{"line":99,"column":10},"end":{"line":101,"column":11}}]},"7":{"line":126,"type":"binary-expr","locations":[{"start":{"line":126,"column":25},"end":{"line":126,"column":40}},{"start":{"line":126,"column":44},"end":{"line":126,"column":69}}]},"8":{"line":127,"type":"if","locations":[{"start":{"line":127,"column":10},"end":{"line":129,"column":11}},{"start":{"line":127,"column":10},"end":{"line":129,"column":11}}]},"9":{"line":150,"type":"binary-expr","locations":[{"start":{"line":150,"column":25},"end":{"line":150,"column":40}},{"start":{"line":150,"column":44},"end":{"line":150,"column":71}}]},"10":{"line":151,"type":"if","locations":[{"start":{"line":151,"column":10},"end":{"line":153,"column":11}},{"start":{"line":151,"column":10},"end":{"line":153,"column":11}}]},"11":{"line":174,"type":"binary-expr","locations":[{"start":{"line":174,"column":25},"end":{"line":174,"column":40}},{"start":{"line":174,"column":44},"end":{"line":174,"column":67}}]},"12":{"line":175,"type":"if","locations":[{"start":{"line":175,"column":10},"end":{"line":177,"column":11}},{"start":{"line":175,"column":10},"end":{"line":177,"column":11}}]},"13":{"line":204,"type":"binary-expr","locations":[{"start":{"line":204,"column":25},"end":{"line":204,"column":40}},{"start":{"line":204,"column":44},"end":{"line":204,"column":70}}]},"14":{"line":205,"type":"if","locations":[{"start":{"line":205,"column":10},"end":{"line":207,"column":11}},{"start":{"line":205,"column":10},"end":{"line":207,"column":11}}]},"15":{"line":228,"type":"if","locations":[{"start":{"line":228,"column":4},"end":{"line":236,"column":5}},{"start":{"line":228,"column":4},"end":{"line":236,"column":5}}]},"16":{"line":228,"type":"binary-expr","locations":[{"start":{"line":228,"column":8},"end":{"line":228,"column":73}},{"start":{"line":229,"column":6},"end":{"line":229,"column":78}}]}},"s":{"1":1,"2":1,"3":1,"4":1,"5":1,"6":1,"7":1,"8":1,"9":1,"10":1,"11":0,"12":0,"13":0,"14":0,"15":0,"16":0,"17":1,"18":0,"19":0,"20":0,"21":0,"22":0,"23":0,"24":0,"25":0,"26":0,"27":0,"28":0,"29":0,"30":1,"31":0,"32":0,"33":0,"34":0,"35":0,"36":0,"37":0,"38":0,"39":0,"40":1,"41":0,"42":0,"43":0,"44":0,"45":0,"46":0,"47":0,"48":0,"49":0,"50":1,"51":0,"52":0,"53":0,"54":0,"55":0,"56":0,"57":0,"58":0,"59":0,"60":1,"61":0,"62":0,"63":0,"64":0,"65":0,"66":0,"67":0,"68":0,"69":0,"70":1,"71":0,"72":0,"73":0,"74":0,"75":0,"76":0,"77":0,"78":0,"79":0,"80":1,"81":0,"82":0,"83":0,"84":0,"85":0,"86":0,"87":0,"88":0,"89":0,"90":1,"91":0,"92":0,"93":0,"94":0,"95":0,"96":0,"97":0,"98":1,"99":1,"100":1},"b":{"1":[0,0],"2":[0,0],"3":[0,0],"4":[0,0],"5":[0,0],"6":[0,0],"7":[0,0],"8":[0,0],"9":[0,0],"10":[0,0],"11":[0,0],"12":[0,0],"13":[0,0],"14":[0,0],"15":[0,0],"16":[0,0]},"f":{"1":1,"2":0,"3":0,"4":0,"5":0,"6":0,"7":0,"8":0,"9":0,"10":0,"11":0,"12":0,"13":0,"14":0,"15":0,"16":0,"17":0,"18":0},"l":{"1":1,"2":1,"3":1,"4":1,"5":1,"6":1,"7":1,"8":1,"12":1,"19":1,"23":0,"24":0,"25":0,"26":0,"28":0,"36":1,"38":0,"39":0,"40":0,"41":0,"45":0,"47":0,"50":0,"51":0,"52":0,"54":0,"57":0,"65":1,"66":0,"67":0,"68":0,"69":0,"71":0,"74":0,"75":0,"76":0,"78":0,"89":1,"90":0,"91":0,"92":0,"93":0,"95":0,"98":0,"99":0,"100":0,"102":0,"117":1,"118":0,"119":0,"120":0,"121":0,"123":0,"126":0,"127":0,"128":0,"130":0,"141":1,"142":0,"143":0,"144":0,"145":0,"147":0,"150":0,"151":0,"152":0,"154":0,"165":1,"166":0,"167":0,"168":0,"169":0,"171":0,"174":0,"175":0,"176":0,"178":0,"194":1,"196":0,"197":0,"198":0,"199":0,"201":0,"204":0,"205":0,"206":0,"208":0,"225":1,"226":0,"228":0,"230":0,"231":0,"232":0,"234":0,"235":0,"238":1}},
"src/app/in-app-config/index.ts":{"path":"src/app/in-app-config/index.ts","statementMap":{"1":{"start":{"line":1,"column":0},"end":{"line":1,"column":78}},"2":{"start":{"line":1,"column":9},"end":{"line":1,"column":26}},"3":{"start":{"line":1,"column":28},"end":{"line":1,"column":40}},"4":{"start":{"line":1,"column":42},"end":{"line":1,"column":56}},"5":{"start":{"line":2,"column":0},"end":{"line":2,"column":72}},"6":{"start":{"line":2,"column":9},"end":{"line":2,"column":30}},"7":{"start":{"line":2,"column":32},"end":{"line":2,"column":50}}},"fnMap":{},"branchMap":{},"s":{"1":1,"2":1,"3":1,"4":1,"5":1,"6":1,"7":1},"b":{},"f":{},"l":{"1":1,"2":1}},
"src/app/in-app-config/app.tokens.ts":{"path":"src/app/in-app-config/app.tokens.ts","statementMap":{"1":{"start":{"line":1,"column":0},"end":{"line":1,"column":43}},"2":{"start":{"line":5,"column":30},"end":{"line":5,"column":112}},"3":{"start":{"line":6,"column":32},"end":{"line":6,"column":113}},"4":{"start":{"line":7,"column":28},"end":{"line":7,"column":66}},"5":{"start":{"line":9,"column":15},"end":{"line":9,"column":25}},"6":{"start":{"line":10,"column":32},"end":{"line":10,"column":89}},"7":{"start":{"line":11,"column":37},"end":{"line":11,"column":76}},"8":{"start":{"line":13,"column":0},"end":{"line":13,"column":30}},"9":{"start":{"line":14,"column":0},"end":{"line":14,"column":27}},"10":{"start":{"line":15,"column":0},"end":{"line":15,"column":29}},"11":{"start":{"line":16,"column":0},"end":{"line":16,"column":52}},"12":{"start":{"line":18,"column":0},"end":{"line":18,"column":73}},"13":{"start":{"line":20,"column":13},"end":{"line":20,"column":58}},"14":{"start":{"line":21,"column":13},"end":{"line":21,"column":62}},"15":{"start":{"line":22,"column":13},"end":{"line":22,"column":64}},"16":{"start":{"line":24,"column":13},"end":{"line":33,"column":2}},"17":{"start":{"line":35,"column":13},"end":{"line":40,"column":2}}},"fnMap":{},"branchMap":{"1":{"line":5,"type":"cond-expr","locations":[{"start":{"line":5,"column":49},"end":{"line":5,"column":65}},{"start":{"line":5,"column":68},"end":{"line":5,"column":112}}]},"2":{"line":6,"type":"cond-expr","locations":[{"start":{"line":6,"column":53},"end":{"line":6,"column":71}},{"start":{"line":6,"column":74},"end":{"line":6,"column":113}}]},"3":{"line":7,"type":"cond-expr","locations":[{"start":{"line":7,"column":42},"end":{"line":7,"column":53}},{"start":{"line":7,"column":56},"end":{"line":7,"column":66}}]},"4":{"line":10,"type":"cond-expr","locations":[{"start":{"line":10,"column":51},"end":{"line":10,"column":67}},{"start":{"line":10,"column":70},"end":{"line":10,"column":89}}]}},"s":{"1":1,"2":1,"3":1,"4":1,"5":1,"6":1,"7":1,"8":1,"9":1,"10":1,"11":1,"12":1,"13":1,"14":1,"15":1,"16":1,"17":1},"b":{"1":[1,0],"2":[1,0],"3":[1,0],"4":[1,0]},"f":{},"l":{"1":1,"5":1,"6":1,"7":1,"9":1,"10":1,"11":1,"13":1,"14":1,"15":1,"16":1,"18":1,"20":1,"21":1,"22":1,"24":1,"35":1}},
"src/app/account/account.service.ts":{"path":"src/app/account/account.service.ts","statementMap":{"1":{"start":{"line":1,"column":0},"end":{"line":1,"column":50}},"2":{"start":{"line":2,"column":0},"end":{"line":2,"column":71}},"3":{"start":{"line":3,"column":0},"end":{"line":3,"column":40}},"4":{"start":{"line":4,"column":0},"end":{"line":4,"column":53}},"5":{"start":{"line":5,"column":0},"end":{"line":5,"column":31}},"6":{"start":{"line":6,"column":0},"end":{"line":6,"column":33}},"7":{"start":{"line":7,"column":0},"end":{"line":7,"column":42}},"8":{"start":{"line":8,"column":0},"end":{"line":8,"column":83}},"9":{"start":{"line":22,"column":27},"end":{"line":22,"column":0}},"10":{"start":{"line":44,"column":2},"end":{"line":103,"column":2}},"11":{"start":{"line":44,"column":47},"end":{"line":44,"column":67}},"12":{"start":{"line":45,"column":45},"end":{"line":45,"column":63}},"13":{"start":{"line":46,"column":50},"end":{"line":46,"column":74}},"14":{"start":{"line":47,"column":23},"end":{"line":47,"column":33}},"15":{"start":{"line":47,"column":43},"end":{"line":47,"column":57}},"16":{"start":{"line":48,"column":23},"end":{"line":48,"column":51}},"17":{"start":{"line":26,"column":9},"end":{"line":31,"column":4}},"18":{"start":{"line":50,"column":22},"end":{"line":50,"column":69}},"19":{"start":{"line":51,"column":22},"end":{"line":51,"column":58}},"20":{"start":{"line":52,"column":4},"end":{"line":52,"column":52}},"21":{"start":{"line":54,"column":4},"end":{"line":102,"column":5}},"22":{"start":{"line":58,"column":6},"end":{"line":58,"column":37}},"23":{"start":{"line":59,"column":6},"end":{"line":93,"column":7}},"24":{"start":{"line":60,"column":8},"end":{"line":60,"column":61}},"25":{"start":{"line":62,"column":25},"end":{"line":62,"column":58}},"26":{"start":{"line":63,"column":8},"end":{"line":63,"column":44}},"27":{"start":{"line":64,"column":22},"end":{"line":67,"column":10}},"28":{"start":{"line":68,"column":22},"end":{"line":68,"column":83}},"29":{"start":{"line":70,"column":8},"end":{"line":84,"column":81}},"30":{"start":{"line":74,"column":14},"end":{"line":74,"column":66}},"31":{"start":{"line":75,"column":36},"end":{"line":75,"column":51}},"32":{"start":{"line":76,"column":14},"end":{"line":80,"column":15}},"33":{"start":{"line":77,"column":47},"end":{"line":77,"column":62}},"34":{"start":{"line":78,"column":16},"end":{"line":78,"column":41}},"35":{"start":{"line":79,"column":16},"end":{"line":79,"column":88}},"36":{"start":{"line":81,"column":14},"end":{"line":81,"column":44}},"37":{"start":{"line":84,"column":48},"end":{"line":84,"column":79}},"38":{"start":{"line":86,"column":8},"end":{"line":86,"column":79}},"39":{"start":{"line":87,"column":8},"end":{"line":87,"column":39}},"40":{"start":{"line":89,"column":8},"end":{"line":89,"column":26}},"41":{"start":{"line":90,"column":8},"end":{"line":90,"column":47}},"42":{"start":{"line":91,"column":8},"end":{"line":91,"column":54}},"43":{"start":{"line":92,"column":8},"end":{"line":92,"column":48}},"44":{"start":{"line":95,"column":6},"end":{"line":95,"column":82}},"45":{"start":{"line":96,"column":6},"end":{"line":96,"column":37}},"46":{"start":{"line":98,"column":6},"end":{"line":98,"column":24}},"47":{"start":{"line":99,"column":6},"end":{"line":99,"column":45}},"48":{"start":{"line":100,"column":6},"end":{"line":100,"column":52}},"49":{"start":{"line":101,"column":6},"end":{"line":101,"column":46}},"50":{"start":{"line":109,"column":2},"end":{"line":134,"column":3}},"51":{"start":{"line":109,"column":2},"end":{"line":134,"column":2}},"52":{"start":{"line":111,"column":21},"end":{"line":111,"column":54}},"53":{"start":{"line":112,"column":4},"end":{"line":112,"column":40}},"54":{"start":{"line":113,"column":18},"end":{"line":116,"column":6}},"55":{"start":{"line":117,"column":18},"end":{"line":117,"column":79}},"56":{"start":{"line":120,"column":4},"end":{"line":133,"column":77}},"57":{"start":{"line":123,"column":32},"end":{"line":123,"column":47}},"58":{"start":{"line":124,"column":10},"end":{"line":129,"column":11}},"59":{"start":{"line":125,"column":43},"end":{"line":125,"column":58}},"60":{"start":{"line":126,"column":12},"end":{"line":126,"column":37}},"61":{"start":{"line":127,"column":12},"end":{"line":127,"column":42}},"62":{"start":{"line":128,"column":12},"end":{"line":128,"column":84}},"63":{"start":{"line":130,"column":10},"end":{"line":130,"column":33}},"64":{"start":{"line":133,"column":44},"end":{"line":133,"column":75}},"65":{"start":{"line":140,"column":2},"end":{"line":143,"column":3}},"66":{"start":{"line":142,"column":4},"end":{"line":142,"column":45}},"67":{"start":{"line":149,"column":2},"end":{"line":170,"column":3}},"68":{"start":{"line":149,"column":2},"end":{"line":170,"column":2}},"69":{"start":{"line":150,"column":20},"end":{"line":150,"column":49}},"70":{"start":{"line":151,"column":18},"end":{"line":154,"column":6}},"71":{"start":{"line":155,"column":18},"end":{"line":155,"column":79}},"72":{"start":{"line":156,"column":4},"end":{"line":169,"column":87}},"73":{"start":{"line":160,"column":8},"end":{"line":160,"column":39}},"74":{"start":{"line":162,"column":8},"end":{"line":162,"column":26}},"75":{"start":{"line":163,"column":8},"end":{"line":163,"column":47}},"76":{"start":{"line":164,"column":8},"end":{"line":164,"column":54}},"77":{"start":{"line":165,"column":8},"end":{"line":165,"column":48}},"78":{"start":{"line":167,"column":8},"end":{"line":167,"column":20}},"79":{"start":{"line":169,"column":44},"end":{"line":169,"column":85}},"80":{"start":{"line":176,"column":2},"end":{"line":195,"column":3}},"81":{"start":{"line":176,"column":2},"end":{"line":195,"column":2}},"82":{"start":{"line":177,"column":24},"end":{"line":177,"column":63}},"83":{"start":{"line":178,"column":18},"end":{"line":181,"column":6}},"84":{"start":{"line":182,"column":18},"end":{"line":182,"column":79}},"85":{"start":{"line":183,"column":4},"end":{"line":194,"column":87}},"86":{"start":{"line":185,"column":8},"end":{"line":185,"column":39}},"87":{"start":{"line":187,"column":8},"end":{"line":187,"column":26}},"88":{"start":{"line":188,"column":8},"end":{"line":188,"column":47}},"89":{"start":{"line":189,"column":8},"end":{"line":189,"column":54}},"90":{"start":{"line":190,"column":8},"end":{"line":190,"column":48}},"91":{"start":{"line":192,"column":8},"end":{"line":192,"column":31}},"92":{"start":{"line":194,"column":44},"end":{"line":194,"column":85}},"93":{"start":{"line":202,"column":2},"end":{"line":241,"column":3}},"94":{"start":{"line":202,"column":2},"end":{"line":241,"column":2}},"95":{"start":{"line":203,"column":19},"end":{"line":203,"column":47}},"96":{"start":{"line":204,"column":15},"end":{"line":204,"column":47}},"97":{"start":{"line":205,"column":18},"end":{"line":205,"column":67}},"98":{"start":{"line":206,"column":18},"end":{"line":206,"column":79}},"99":{"start":{"line":207,"column":4},"end":{"line":240,"column":87}},"100":{"start":{"line":211,"column":20},"end":{"line":211,"column":60}},"101":{"start":{"line":212,"column":8},"end":{"line":238,"column":9}},"102":{"start":{"line":214,"column":10},"end":{"line":214,"column":29}},"103":{"start":{"line":215,"column":10},"end":{"line":215,"column":56}},"104":{"start":{"line":216,"column":10},"end":{"line":216,"column":40}},"105":{"start":{"line":220,"column":10},"end":{"line":221,"column":75}},"106":{"start":{"line":223,"column":32},"end":{"line":223,"column":59}},"107":{"start":{"line":224,"column":10},"end":{"line":228,"column":11}},"108":{"start":{"line":225,"column":43},"end":{"line":225,"column":58}},"109":{"start":{"line":226,"column":12},"end":{"line":226,"column":37}},"110":{"start":{"line":227,"column":12},"end":{"line":227,"column":84}},"111":{"start":{"line":230,"column":10},"end":{"line":230,"column":22}},"112":{"start":{"line":235,"column":10},"end":{"line":235,"column":41}},"113":{"start":{"line":236,"column":10},"end":{"line":236,"column":38}},"114":{"start":{"line":237,"column":10},"end":{"line":237,"column":23}},"115":{"start":{"line":240,"column":44},"end":{"line":240,"column":85}},"116":{"start":{"line":248,"column":2},"end":{"line":263,"column":3}},"117":{"start":{"line":248,"column":2},"end":{"line":263,"column":2}},"118":{"start":{"line":249,"column":17},"end":{"line":249,"column":54}},"119":{"start":{"line":251,"column":4},"end":{"line":262,"column":87}},"120":{"start":{"line":254,"column":30},"end":{"line":254,"column":76}},"121":{"start":{"line":255,"column":8},"end":{"line":259,"column":9}},"122":{"start":{"line":256,"column":41},"end":{"line":256,"column":56}},"123":{"start":{"line":257,"column":10},"end":{"line":257,"column":35}},"124":{"start":{"line":258,"column":10},"end":{"line":258,"column":82}},"125":{"start":{"line":260,"column":8},"end":{"line":260,"column":20}},"126":{"start":{"line":262,"column":44},"end":{"line":262,"column":85}},"127":{"start":{"line":271,"column":2},"end":{"line":311,"column":3}},"128":{"start":{"line":271,"column":2},"end":{"line":311,"column":2}},"129":{"start":{"line":273,"column":24},"end":{"line":273,"column":63}},"130":{"start":{"line":275,"column":15},"end":{"line":279,"column":6}},"131":{"start":{"line":280,"column":18},"end":{"line":284,"column":6}},"132":{"start":{"line":285,"column":18},"end":{"line":285,"column":79}},"133":{"start":{"line":287,"column":4},"end":{"line":310,"column":77}},"134":{"start":{"line":290,"column":20},"end":{"line":290,"column":60}},"135":{"start":{"line":291,"column":8},"end":{"line":308,"column":9}},"136":{"start":{"line":293,"column":10},"end":{"line":293,"column":29}},"137":{"start":{"line":294,"column":10},"end":{"line":294,"column":56}},"138":{"start":{"line":295,"column":10},"end":{"line":295,"column":40}},"139":{"start":{"line":299,"column":10},"end":{"line":299,"column":92}},"140":{"start":{"line":302,"column":10},"end":{"line":302,"column":22}},"141":{"start":{"line":306,"column":10},"end":{"line":306,"column":48}},"142":{"start":{"line":307,"column":10},"end":{"line":307,"column":23}},"143":{"start":{"line":310,"column":44},"end":{"line":310,"column":75}},"144":{"start":{"line":318,"column":2},"end":{"line":344,"column":3}},"145":{"start":{"line":318,"column":2},"end":{"line":344,"column":2}},"146":{"start":{"line":319,"column":27},"end":{"line":319,"column":62}},"147":{"start":{"line":321,"column":18},"end":{"line":325,"column":6}},"148":{"start":{"line":326,"column":18},"end":{"line":326,"column":79}},"149":{"start":{"line":328,"column":4},"end":{"line":343,"column":77}},"150":{"start":{"line":332,"column":32},"end":{"line":332,"column":47}},"151":{"start":{"line":333,"column":8},"end":{"line":337,"column":9}},"152":{"start":{"line":334,"column":39},"end":{"line":334,"column":54}},"153":{"start":{"line":335,"column":10},"end":{"line":335,"column":35}},"154":{"start":{"line":336,"column":10},"end":{"line":336,"column":82}},"155":{"start":{"line":338,"column":8},"end":{"line":338,"column":20}},"156":{"start":{"line":343,"column":44},"end":{"line":343,"column":75}},"157":{"start":{"line":351,"column":2},"end":{"line":368,"column":3}},"158":{"start":{"line":351,"column":2},"end":{"line":368,"column":2}},"159":{"start":{"line":352,"column":17},"end":{"line":352,"column":55}},"160":{"start":{"line":353,"column":15},"end":{"line":353,"column":47}},"161":{"start":{"line":354,"column":18},"end":{"line":354,"column":67}},"162":{"start":{"line":355,"column":18},"end":{"line":355,"column":79}},"163":{"start":{"line":356,"column":4},"end":{"line":367,"column":77}},"164":{"start":{"line":360,"column":19},"end":{"line":360,"column":61}},"165":{"start":{"line":361,"column":8},"end":{"line":361,"column":26}},"166":{"start":{"line":362,"column":8},"end":{"line":362,"column":20}},"167":{"start":{"line":367,"column":44},"end":{"line":367,"column":75}},"168":{"start":{"line":376,"column":2},"end":{"line":396,"column":3}},"169":{"start":{"line":376,"column":2},"end":{"line":396,"column":2}},"170":{"start":{"line":378,"column":17},"end":{"line":378,"column":69}},"171":{"start":{"line":380,"column":15},"end":{"line":380,"column":47}},"172":{"start":{"line":381,"column":18},"end":{"line":381,"column":67}},"173":{"start":{"line":382,"column":18},"end":{"line":382,"column":79}},"174":{"start":{"line":383,"column":4},"end":{"line":395,"column":87}},"175":{"start":{"line":388,"column":21},"end":{"line":388,"column":63}},"176":{"start":{"line":389,"column":10},"end":{"line":389,"column":28}},"177":{"start":{"line":390,"column":10},"end":{"line":390,"column":22}},"178":{"start":{"line":395,"column":44},"end":{"line":395,"column":85}},"179":{"start":{"line":404,"column":2},"end":{"line":424,"column":3}},"180":{"start":{"line":404,"column":2},"end":{"line":424,"column":2}},"181":{"start":{"line":405,"column":19},"end":{"line":406,"column":48}},"182":{"start":{"line":407,"column":18},"end":{"line":407,"column":61}},"183":{"start":{"line":409,"column":4},"end":{"line":423,"column":77}},"184":{"start":{"line":411,"column":8},"end":{"line":421,"column":9}},"185":{"start":{"line":413,"column":24},"end":{"line":413,"column":66}},"186":{"start":{"line":414,"column":10},"end":{"line":417,"column":11}},"187":{"start":{"line":415,"column":12},"end":{"line":415,"column":33}},"188":{"start":{"line":416,"column":12},"end":{"line":416,"column":24}},"189":{"start":{"line":418,"column":10},"end":{"line":418,"column":23}},"190":{"start":{"line":420,"column":10},"end":{"line":420,"column":23}},"191":{"start":{"line":423,"column":44},"end":{"line":423,"column":75}},"192":{"start":{"line":430,"column":2},"end":{"line":439,"column":3}},"193":{"start":{"line":430,"column":2},"end":{"line":439,"column":2}},"194":{"start":{"line":431,"column":27},"end":{"line":431,"column":59}},"195":{"start":{"line":432,"column":4},"end":{"line":438,"column":77}},"196":{"start":{"line":434,"column":19},"end":{"line":434,"column":61}},"197":{"start":{"line":435,"column":8},"end":{"line":435,"column":26}},"198":{"start":{"line":436,"column":8},"end":{"line":436,"column":20}},"199":{"start":{"line":438,"column":44},"end":{"line":438,"column":75}},"200":{"start":{"line":445,"column":2},"end":{"line":454,"column":3}},"201":{"start":{"line":445,"column":2},"end":{"line":454,"column":2}},"202":{"start":{"line":446,"column":25},"end":{"line":446,"column":55}},"203":{"start":{"line":447,"column":4},"end":{"line":453,"column":77}},"204":{"start":{"line":449,"column":19},"end":{"line":449,"column":61}},"205":{"start":{"line":450,"column":8},"end":{"line":450,"column":26}},"206":{"start":{"line":451,"column":8},"end":{"line":451,"column":20}},"207":{"start":{"line":453,"column":44},"end":{"line":453,"column":75}},"208":{"start":{"line":461,"column":2},"end":{"line":469,"column":3}},"209":{"start":{"line":462,"column":4},"end":{"line":462,"column":44}},"210":{"start":{"line":463,"column":4},"end":{"line":468,"column":5}},"211":{"start":{"line":465,"column":6},"end":{"line":465,"column":55}},"212":{"start":{"line":466,"column":11},"end":{"line":468,"column":5}},"213":{"start":{"line":467,"column":6},"end":{"line":467,"column":55}},"214":{"start":{"line":476,"column":10},"end":{"line":508,"column":3}},"215":{"start":{"line":476,"column":2},"end":{"line":508,"column":2}},"216":{"start":{"line":477,"column":28},"end":{"line":477,"column":65}},"217":{"start":{"line":478,"column":15},"end":{"line":478,"column":46}},"218":{"start":{"line":479,"column":18},"end":{"line":479,"column":67}},"219":{"start":{"line":480,"column":18},"end":{"line":480,"column":79}},"220":{"start":{"line":481,"column":4},"end":{"line":481,"column":22}},"221":{"start":{"line":483,"column":4},"end":{"line":507,"column":87}},"222":{"start":{"line":486,"column":20},"end":{"line":486,"column":60}},"223":{"start":{"line":487,"column":8},"end":{"line":505,"column":9}},"224":{"start":{"line":489,"column":10},"end":{"line":489,"column":29}},"225":{"start":{"line":490,"column":10},"end":{"line":490,"column":56}},"226":{"start":{"line":491,"column":10},"end":{"line":491,"column":40}},"227":{"start":{"line":494,"column":22},"end":{"line":494,"column":43}},"228":{"start":{"line":495,"column":10},"end":{"line":495,"column":92}},"229":{"start":{"line":497,"column":32},"end":{"line":497,"column":59}},"230":{"start":{"line":498,"column":10},"end":{"line":502,"column":11}},"231":{"start":{"line":499,"column":43},"end":{"line":499,"column":58}},"232":{"start":{"line":500,"column":12},"end":{"line":500,"column":37}},"233":{"start":{"line":501,"column":12},"end":{"line":501,"column":84}},"234":{"start":{"line":504,"column":10},"end":{"line":504,"column":22}},"235":{"start":{"line":507,"column":44},"end":{"line":507,"column":85}},"236":{"start":{"line":515,"column":10},"end":{"line":527,"column":3}},"237":{"start":{"line":516,"column":4},"end":{"line":516,"column":31}},"238":{"start":{"line":518,"column":4},"end":{"line":526,"column":5}},"239":{"start":{"line":520,"column":52},"end":{"line":520,"column":72}},"240":{"start":{"line":521,"column":31},"end":{"line":521,"column":81}},"241":{"start":{"line":522,"column":6},"end":{"line":522,"column":94}},"242":{"start":{"line":524,"column":31},"end":{"line":524,"column":108}},"243":{"start":{"line":525,"column":6},"end":{"line":525,"column":95}},"244":{"start":{"line":534,"column":10},"end":{"line":546,"column":3}},"245":{"start":{"line":535,"column":4},"end":{"line":543,"column":5}},"246":{"start":{"line":537,"column":6},"end":{"line":537,"column":37}},"247":{"start":{"line":539,"column":6},"end":{"line":539,"column":24}},"248":{"start":{"line":540,"column":6},"end":{"line":540,"column":45}},"249":{"start":{"line":541,"column":6},"end":{"line":541,"column":52}},"250":{"start":{"line":542,"column":6},"end":{"line":542,"column":46}},"251":{"start":{"line":545,"column":4},"end":{"line":545,"column":43}},"252":{"start":{"line":548,"column":0},"end":{"line":548,"column":1}},"253":{"start":{"line":22,"column":13},"end":{"line":548,"column":1}},"254":{"start":{"line":22,"column":13},"end":{"line":22,"column":27}}},"fnMap":{"1":{"name":"(anonymous_4)","line":22,"loc":{"start":{"line":22,"column":27},"end":{"line":22,"column":0}}},"2":{"name":"AccountService","line":48,"loc":{"start":{"line":48,"column":51},"end":{"line":103,"column":3}}},"3":{"name":"(anonymous_6)","line":72,"loc":{"start":{"line":72,"column":32},"end":{"line":82,"column":13}}},"4":{"name":"(anonymous_7)","line":84,"loc":{"start":{"line":84,"column":42},"end":{"line":84,"column":79}}},"5":{"name":"(anonymous_8)","line":109,"loc":{"start":{"line":109,"column":2},"end":{"line":134,"column":3}}},"6":{"name":"(anonymous_9)","line":122,"loc":{"start":{"line":122,"column":28},"end":{"line":131,"column":9}}},"7":{"name":"(anonymous_10)","line":133,"loc":{"start":{"line":133,"column":38},"end":{"line":133,"column":75}}},"8":{"name":"(anonymous_11)","line":140,"loc":{"start":{"line":140,"column":2},"end":{"line":143,"column":3}}},"9":{"name":"(anonymous_12)","line":149,"loc":{"start":{"line":149,"column":2},"end":{"line":170,"column":3}}},"10":{"name":"(anonymous_13)","line":157,"loc":{"start":{"line":157,"column":31},"end":{"line":168,"column":7}}},"11":{"name":"(anonymous_14)","line":169,"loc":{"start":{"line":169,"column":38},"end":{"line":169,"column":85}}},"12":{"name":"(anonymous_15)","line":176,"loc":{"start":{"line":176,"column":2},"end":{"line":195,"column":3}}},"13":{"name":"(anonymous_16)","line":184,"loc":{"start":{"line":184,"column":31},"end":{"line":193,"column":7}}},"14":{"name":"(anonymous_17)","line":194,"loc":{"start":{"line":194,"column":38},"end":{"line":194,"column":85}}},"15":{"name":"(anonymous_18)","line":202,"loc":{"start":{"line":202,"column":43},"end":{"line":241,"column":3}}},"16":{"name":"(anonymous_19)","line":208,"loc":{"start":{"line":208,"column":31},"end":{"line":239,"column":7}}},"17":{"name":"(anonymous_20)","line":240,"loc":{"start":{"line":240,"column":38},"end":{"line":240,"column":85}}},"18":{"name":"(anonymous_21)","line":248,"loc":{"start":{"line":248,"column":34},"end":{"line":263,"column":3}}},"19":{"name":"(anonymous_22)","line":252,"loc":{"start":{"line":252,"column":31},"end":{"line":261,"column":7}}},"20":{"name":"(anonymous_23)","line":262,"loc":{"start":{"line":262,"column":38},"end":{"line":262,"column":85}}},"21":{"name":"(anonymous_24)","line":272,"loc":{"start":{"line":272,"column":70},"end":{"line":311,"column":3}}},"22":{"name":"(anonymous_25)","line":288,"loc":{"start":{"line":288,"column":31},"end":{"line":309,"column":7}}},"23":{"name":"(anonymous_26)","line":310,"loc":{"start":{"line":310,"column":38},"end":{"line":310,"column":75}}},"24":{"name":"(anonymous_27)","line":318,"loc":{"start":{"line":318,"column":39},"end":{"line":344,"column":3}}},"25":{"name":"(anonymous_28)","line":329,"loc":{"start":{"line":329,"column":31},"end":{"line":342,"column":7}}},"26":{"name":"(anonymous_29)","line":343,"loc":{"start":{"line":343,"column":38},"end":{"line":343,"column":75}}},"27":{"name":"(anonymous_30)","line":351,"loc":{"start":{"line":351,"column":58},"end":{"line":368,"column":3}}},"28":{"name":"(anonymous_31)","line":357,"loc":{"start":{"line":357,"column":31},"end":{"line":366,"column":7}}},"29":{"name":"(anonymous_32)","line":367,"loc":{"start":{"line":367,"column":38},"end":{"line":367,"column":75}}},"30":{"name":"(anonymous_33)","line":377,"loc":{"start":{"line":377,"column":41},"end":{"line":396,"column":3}}},"31":{"name":"(anonymous_34)","line":385,"loc":{"start":{"line":385,"column":28},"end":{"line":394,"column":9}}},"32":{"name":"(anonymous_35)","line":395,"loc":{"start":{"line":395,"column":38},"end":{"line":395,"column":85}}},"33":{"name":"(anonymous_36)","line":404,"loc":{"start":{"line":404,"column":43},"end":{"line":424,"column":3}}},"34":{"name":"(anonymous_37)","line":410,"loc":{"start":{"line":410,"column":31},"end":{"line":422,"column":7}}},"35":{"name":"(anonymous_38)","line":423,"loc":{"start":{"line":423,"column":38},"end":{"line":423,"column":75}}},"36":{"name":"(anonymous_39)","line":430,"loc":{"start":{"line":430,"column":2},"end":{"line":439,"column":3}}},"37":{"name":"(anonymous_40)","line":433,"loc":{"start":{"line":433,"column":31},"end":{"line":437,"column":7}}},"38":{"name":"(anonymous_41)","line":438,"loc":{"start":{"line":438,"column":38},"end":{"line":438,"column":75}}},"39":{"name":"(anonymous_42)","line":445,"loc":{"start":{"line":445,"column":2},"end":{"line":454,"column":3}}},"40":{"name":"(anonymous_43)","line":448,"loc":{"start":{"line":448,"column":31},"end":{"line":452,"column":7}}},"41":{"name":"(anonymous_44)","line":453,"loc":{"start":{"line":453,"column":38},"end":{"line":453,"column":75}}},"42":{"name":"(anonymous_45)","line":461,"loc":{"start":{"line":461,"column":51},"end":{"line":469,"column":3}}},"43":{"name":"(anonymous_46)","line":476,"loc":{"start":{"line":476,"column":64},"end":{"line":508,"column":3}}},"44":{"name":"(anonymous_47)","line":484,"loc":{"start":{"line":484,"column":31},"end":{"line":506,"column":7}}},"45":{"name":"(anonymous_48)","line":507,"loc":{"start":{"line":507,"column":38},"end":{"line":507,"column":85}}},"46":{"name":"(anonymous_49)","line":515,"loc":{"start":{"line":515,"column":46},"end":{"line":527,"column":3}}},"47":{"name":"(anonymous_50)","line":534,"loc":{"start":{"line":534,"column":56},"end":{"line":546,"column":3}}}},"branchMap":{"1":{"line":54,"type":"if","locations":[{"start":{"line":54,"column":4},"end":{"line":102,"column":5}},{"start":{"line":54,"column":4},"end":{"line":102,"column":5}}]},"2":{"line":54,"type":"binary-expr","locations":[{"start":{"line":54,"column":8},"end":{"line":54,"column":19}},{"start":{"line":54,"column":23},"end":{"line":54,"column":34}}]},"3":{"line":59,"type":"if","locations":[{"start":{"line":59,"column":6},"end":{"line":93,"column":7}},{"start":{"line":59,"column":6},"end":{"line":93,"column":7}}]},"4":{"line":76,"type":"if","locations":[{"start":{"line":76,"column":14},"end":{"line":80,"column":15}},{"start":{"line":76,"column":14},"end":{"line":80,"column":15}}]},"5":{"line":124,"type":"if","locations":[{"start":{"line":124,"column":10},"end":{"line":129,"column":11}},{"start":{"line":124,"column":10},"end":{"line":129,"column":11}}]},"6":{"line":211,"type":"binary-expr","locations":[{"start":{"line":211,"column":20},"end":{"line":211,"column":35}},{"start":{"line":211,"column":39},"end":{"line":211,"column":60}}]},"7":{"line":212,"type":"if","locations":[{"start":{"line":212,"column":8},"end":{"line":238,"column":9}},{"start":{"line":212,"column":8},"end":{"line":238,"column":9}}]},"8":{"line":224,"type":"if","locations":[{"start":{"line":224,"column":10},"end":{"line":228,"column":11}},{"start":{"line":224,"column":10},"end":{"line":228,"column":11}}]},"9":{"line":254,"type":"binary-expr","locations":[{"start":{"line":254,"column":30},"end":{"line":254,"column":45}},{"start":{"line":254,"column":49},"end":{"line":254,"column":76}}]},"10":{"line":255,"type":"if","locations":[{"start":{"line":255,"column":8},"end":{"line":259,"column":9}},{"start":{"line":255,"column":8},"end":{"line":259,"column":9}}]},"11":{"line":290,"type":"binary-expr","locations":[{"start":{"line":290,"column":20},"end":{"line":290,"column":35}},{"start":{"line":290,"column":39},"end":{"line":290,"column":60}}]},"12":{"line":291,"type":"if","locations":[{"start":{"line":291,"column":8},"end":{"line":308,"column":9}},{"start":{"line":291,"column":8},"end":{"line":308,"column":9}}]},"13":{"line":333,"type":"if","locations":[{"start":{"line":333,"column":8},"end":{"line":337,"column":9}},{"start":{"line":333,"column":8},"end":{"line":337,"column":9}}]},"14":{"line":360,"type":"binary-expr","locations":[{"start":{"line":360,"column":19},"end":{"line":360,"column":34}},{"start":{"line":360,"column":38},"end":{"line":360,"column":61}}]},"15":{"line":388,"type":"binary-expr","locations":[{"start":{"line":388,"column":21},"end":{"line":388,"column":36}},{"start":{"line":388,"column":40},"end":{"line":388,"column":63}}]},"16":{"line":411,"type":"if","locations":[{"start":{"line":411,"column":8},"end":{"line":421,"column":9}},{"start":{"line":411,"column":8},"end":{"line":421,"column":9}}]},"17":{"line":413,"type":"binary-expr","locations":[{"start":{"line":413,"column":24},"end":{"line":413,"column":39}},{"start":{"line":413,"column":43},"end":{"line":413,"column":66}}]},"18":{"line":414,"type":"if","locations":[{"start":{"line":414,"column":10},"end":{"line":417,"column":11}},{"start":{"line":414,"column":10},"end":{"line":417,"column":11}}]},"19":{"line":434,"type":"binary-expr","locations":[{"start":{"line":434,"column":19},"end":{"line":434,"column":34}},{"start":{"line":434,"column":38},"end":{"line":434,"column":61}}]},"20":{"line":449,"type":"binary-expr","locations":[{"start":{"line":449,"column":19},"end":{"line":449,"column":34}},{"start":{"line":449,"column":38},"end":{"line":449,"column":61}}]},"21":{"line":463,"type":"if","locations":[{"start":{"line":463,"column":4},"end":{"line":468,"column":5}},{"start":{"line":463,"column":4},"end":{"line":468,"column":5}}]},"22":{"line":466,"type":"if","locations":[{"start":{"line":466,"column":11},"end":{"line":468,"column":5}},{"start":{"line":466,"column":11},"end":{"line":468,"column":5}}]},"23":{"line":486,"type":"binary-expr","locations":[{"start":{"line":486,"column":20},"end":{"line":486,"column":35}},{"start":{"line":486,"column":39},"end":{"line":486,"column":60}}]},"24":{"line":487,"type":"if","locations":[{"start":{"line":487,"column":8},"end":{"line":505,"column":9}},{"start":{"line":487,"column":8},"end":{"line":505,"column":9}}]},"25":{"line":498,"type":"if","locations":[{"start":{"line":498,"column":10},"end":{"line":502,"column":11}},{"start":{"line":498,"column":10},"end":{"line":502,"column":11}}]},"26":{"line":518,"type":"if","locations":[{"start":{"line":518,"column":4},"end":{"line":526,"column":5}},{"start":{"line":518,"column":4},"end":{"line":526,"column":5}}]},"27":{"line":518,"type":"binary-expr","locations":[{"start":{"line":518,"column":8},"end":{"line":518,"column":73}},{"start":{"line":519,"column":6},"end":{"line":519,"column":78}}]},"28":{"line":535,"type":"if","locations":[{"start":{"line":535,"column":4},"end":{"line":543,"column":5}},{"start":{"line":535,"column":4},"end":{"line":543,"column":5}}]}},"s":{"1":1,"2":1,"3":1,"4":1,"5":1,"6":1,"7":1,"8":1,"9":1,"10":1,"11":1,"12":1,"13":1,"14":1,"15":1,"16":1,"17":1,"18":1,"19":1,"20":1,"21":1,"22":0,"23":0,"24":0,"25":0,"26":0,"27":0,"28":0,"29":0,"30":0,"31":0,"32":0,"33":0,"34":0,"35":0,"36":0,"37":0,"38":0,"39":0,"40":0,"41":0,"42":0,"43":0,"44":1,"45":1,"46":1,"47":1,"48":1,"49":1,"50":1,"51":0,"52":0,"53":0,"54":0,"55":0,"56":0,"57":0,"58":0,"59":0,"60":0,"61":0,"62":0,"63":0,"64":0,"65":1,"66":0,"67":1,"68":0,"69":0,"70":0,"71":0,"72":0,"73":0,"74":0,"75":0,"76":0,"77":0,"78":0,"79":0,"80":1,"81":0,"82":0,"83":0,"84":0,"85":0,"86":0,"87":0,"88":0,"89":0,"90":0,"91":0,"92":0,"93":1,"94":0,"95":0,"96":0,"97":0,"98":0,"99":0,"100":0,"101":0,"102":0,"103":0,"104":0,"105":0,"106":0,"107":0,"108":0,"109":0,"110":0,"111":0,"112":0,"113":0,"114":0,"115":0,"116":1,"117":0,"118":0,"119":0,"120":0,"121":0,"122":0,"123":0,"124":0,"125":0,"126":0,"127":1,"128":0,"129":0,"130":0,"131":0,"132":0,"133":0,"134":0,"135":0,"136":0,"137":0,"138":0,"139":0,"140":0,"141":0,"142":0,"143":0,"144":1,"145":0,"146":0,"147":0,"148":0,"149":0,"150":0,"151":0,"152":0,"153":0,"154":0,"155":0,"156":0,"157":1,"158":0,"159":0,"160":0,"161":0,"162":0,"163":0,"164":0,"165":0,"166":0,"167":0,"168":1,"169":0,"170":0,"171":0,"172":0,"173":0,"174":0,"175":0,"176":0,"177":0,"178":0,"179":1,"180":0,"181":0,"182":0,"183":0,"184":0,"185":0,"186":0,"187":0,"188":0,"189":0,"190":0,"191":0,"192":1,"193":0,"194":0,"195":0,"196":0,"197":0,"198":0,"199":0,"200":1,"201":0,"202":0,"203":0,"204":0,"205":0,"206":0,"207":0,"208":1,"209":0,"210":0,"211":0,"212":0,"213":0,"214":1,"215":0,"216":0,"217":0,"218":0,"219":0,"220":0,"221":0,"222":0,"223":0,"224":0,"225":0,"226":0,"227":0,"228":0,"229":0,"230":0,"231":0,"232":0,"233":0,"234":0,"235":0,"236":1,"237":0,"238":0,"239":0,"240":0,"241":0,"242":0,"243":0,"244":1,"245":0,"246":0,"247":0,"248":0,"249":0,"250":0,"251":0,"252":1,"253":1,"254":1},"b":{"1":[0,1],"2":[1,0],"3":[0,0],"4":[0,0],"5":[0,0],"6":[0,0],"7":[0,0],"8":[0,0],"9":[0,0],"10":[0,0],"11":[0,0],"12":[0,0],"13":[0,0],"14":[0,0],"15":[0,0],"16":[0,0],"17":[0,0],"18":[0,0],"19":[0,0],"20":[0,0],"21":[0,0],"22":[0,0],"23":[0,0],"24":[0,0],"25":[0,0],"26":[0,0],"27":[0,0],"28":[0,0]},"f":{"1":1,"2":1,"3":0,"4":0,"5":0,"6":0,"7":0,"8":0,"9":0,"10":0,"11":0,"12":0,"13":0,"14":0,"15":0,"16":0,"17":0,"18":0,"19":0,"20":0,"21":0,"22":0,"23":0,"24":0,"25":0,"26":0,"27":0,"28":0,"29":0,"30":0,"31":0,"32":0,"33":0,"34":0,"35":0,"36":0,"37":0,"38":0,"39":0,"40":0,"41":0,"42":0,"43":0,"44":0,"45":0,"46":0,"47":0},"l":{"1":1,"2":1,"3":1,"4":1,"5":1,"6":1,"7":1,"8":1,"22":1,"26":1,"44":1,"45":1,"46":1,"47":1,"48":1,"50":1,"51":1,"52":1,"54":1,"58":0,"59":0,"60":0,"62":0,"63":0,"64":0,"68":0,"70":0,"74":0,"75":0,"76":0,"77":0,"78":0,"79":0,"81":0,"84":0,"86":0,"87":0,"89":0,"90":0,"91":0,"92":0,"95":1,"96":1,"98":1,"99":1,"100":1,"101":1,"109":1,"111":0,"112":0,"113":0,"117":0,"120":0,"123":0,"124":0,"125":0,"126":0,"127":0,"128":0,"130":0,"133":0,"140":1,"142":0,"149":1,"150":0,"151":0,"155":0,"156":0,"160":0,"162":0,"163":0,"164":0,"165":0,"167":0,"169":0,"176":1,"177":0,"178":0,"182":0,"183":0,"185":0,"187":0,"188":0,"189":0,"190":0,"192":0,"194":0,"202":1,"203":0,"204":0,"205":0,"206":0,"207":0,"211":0,"212":0,"214":0,"215":0,"216":0,"220":0,"223":0,"224":0,"225":0,"226":0,"227":0,"230":0,"235":0,"236":0,"237":0,"240":0,"248":1,"249":0,"251":0,"254":0,"255":0,"256":0,"257":0,"258":0,"260":0,"262":0,"271":1,"273":0,"275":0,"280":0,"285":0,"287":0,"290":0,"291":0,"293":0,"294":0,"295":0,"299":0,"302":0,"306":0,"307":0,"310":0,"318":1,"319":0,"321":0,"326":0,"328":0,"332":0,"333":0,"334":0,"335":0,"336":0,"338":0,"343":0,"351":1,"352":0,"353":0,"354":0,"355":0,"356":0,"360":0,"361":0,"362":0,"367":0,"376":1,"378":0,"380":0,"381":0,"382":0,"383":0,"388":0,"389":0,"390":0,"395":0,"404":1,"405":0,"407":0,"409":0,"411":0,"413":0,"414":0,"415":0,"416":0,"418":0,"420":0,"423":0,"430":1,"431":0,"432":0,"434":0,"435":0,"436":0,"438":0,"445":1,"446":0,"447":0,"449":0,"450":0,"451":0,"453":0,"461":1,"462":0,"463":0,"465":0,"466":0,"467":0,"476":1,"477":0,"478":0,"479":0,"480":0,"481":0,"483":0,"486":0,"487":0,"489":0,"490":0,"491":0,"494":0,"495":0,"497":0,"498":0,"499":0,"500":0,"501":0,"504":0,"507":0,"515":1,"516":0,"518":0,"520":0,"521":0,"522":0,"524":0,"525":0,"534":1,"535":0,"537":0,"539":0,"540":0,"541":0,"542":0,"545":0,"548":1}},
"src/app/admin/admin.component.ts":{"path":"src/app/admin/admin.component.ts","statementMap":{"1":{"start":{"line":1,"column":0},"end":{"line":1,"column":42}},"2":{"start":{"line":2,"column":0},"end":{"line":2,"column":60}},"3":{"start":{"line":3,"column":0},"end":{"line":3,"column":52}},"4":{"start":{"line":6,"column":0},"end":{"line":6,"column":33}},"5":{"start":{"line":7,"column":0},"end":{"line":7,"column":75}},"6":{"start":{"line":17,"column":27},"end":{"line":17,"column":0}},"7":{"start":{"line":34,"column":23},"end":{"line":34,"column":42}},"8":{"start":{"line":35,"column":23},"end":{"line":35,"column":49}},"9":{"start":{"line":36,"column":23},"end":{"line":36,"column":63}},"10":{"start":{"line":19,"column":2},"end":{"line":19,"column":29}},"11":{"start":{"line":20,"column":2},"end":{"line":20,"column":31}},"12":{"start":{"line":21,"column":2},"end":{"line":21,"column":35}},"13":{"start":{"line":23,"column":2},"end":{"line":23,"column":29}},"14":{"start":{"line":24,"column":2},"end":{"line":24,"column":41}},"15":{"start":{"line":25,"column":2},"end":{"line":25,"column":39}},"16":{"start":{"line":42,"column":2},"end":{"line":44,"column":3}},"17":{"start":{"line":43,"column":4},"end":{"line":43,"column":30}},"18":{"start":{"line":49,"column":2},"end":{"line":51,"column":3}},"19":{"start":{"line":50,"column":4},"end":{"line":50,"column":30}},"20":{"start":{"line":56,"column":2},"end":{"line":58,"column":3}},"21":{"start":{"line":57,"column":4},"end":{"line":57,"column":32}},"22":{"start":{"line":63,"column":2},"end":{"line":65,"column":3}},"23":{"start":{"line":64,"column":4},"end":{"line":64,"column":32}},"24":{"start":{"line":70,"column":2},"end":{"line":72,"column":3}},"25":{"start":{"line":71,"column":4},"end":{"line":71,"column":34}},"26":{"start":{"line":77,"column":2},"end":{"line":79,"column":3}},"27":{"start":{"line":78,"column":4},"end":{"line":78,"column":34}},"28":{"start":{"line":84,"column":2},"end":{"line":86,"column":3}},"29":{"start":{"line":85,"column":4},"end":{"line":85,"column":33}},"30":{"start":{"line":91,"column":2},"end":{"line":93,"column":3}},"31":{"start":{"line":92,"column":4},"end":{"line":92,"column":33}},"32":{"start":{"line":98,"column":2},"end":{"line":100,"column":3}},"33":{"start":{"line":99,"column":4},"end":{"line":99,"column":31}},"34":{"start":{"line":105,"column":2},"end":{"line":107,"column":3}},"35":{"start":{"line":106,"column":4},"end":{"line":106,"column":31}},"36":{"start":{"line":112,"column":2},"end":{"line":114,"column":3}},"37":{"start":{"line":113,"column":4},"end":{"line":113,"column":37}},"38":{"start":{"line":119,"column":2},"end":{"line":121,"column":3}},"39":{"start":{"line":120,"column":4},"end":{"line":120,"column":37}},"40":{"start":{"line":123,"column":2},"end":{"line":125,"column":3}},"41":{"start":{"line":124,"column":4},"end":{"line":124,"column":26}},"42":{"start":{"line":127,"column":2},"end":{"line":211,"column":3}},"43":{"start":{"line":127,"column":2},"end":{"line":211,"column":2}},"44":{"start":{"line":129,"column":4},"end":{"line":140,"column":11}},"45":{"start":{"line":132,"column":10},"end":{"line":135,"column":13}},"46":{"start":{"line":133,"column":12},"end":{"line":133,"column":37}},"47":{"start":{"line":134,"column":12},"end":{"line":134,"column":36}},"48":{"start":{"line":138,"column":10},"end":{"line":138,"column":34}},"49":{"start":{"line":139,"column":10},"end":{"line":139,"column":69}},"50":{"start":{"line":143,"column":4},"end":{"line":154,"column":11}},"51":{"start":{"line":146,"column":10},"end":{"line":149,"column":13}},"52":{"start":{"line":147,"column":12},"end":{"line":147,"column":39}},"53":{"start":{"line":148,"column":12},"end":{"line":148,"column":35}},"54":{"start":{"line":152,"column":10},"end":{"line":152,"column":34}},"55":{"start":{"line":153,"column":10},"end":{"line":153,"column":69}},"56":{"start":{"line":157,"column":4},"end":{"line":168,"column":11}},"57":{"start":{"line":160,"column":10},"end":{"line":163,"column":13}},"58":{"start":{"line":161,"column":12},"end":{"line":161,"column":41}},"59":{"start":{"line":162,"column":12},"end":{"line":162,"column":36}},"60":{"start":{"line":166,"column":10},"end":{"line":166,"column":34}},"61":{"start":{"line":167,"column":10},"end":{"line":167,"column":69}},"62":{"start":{"line":171,"column":4},"end":{"line":182,"column":11}},"63":{"start":{"line":174,"column":10},"end":{"line":177,"column":13}},"64":{"start":{"line":175,"column":12},"end":{"line":175,"column":41}},"65":{"start":{"line":176,"column":12},"end":{"line":176,"column":36}},"66":{"start":{"line":180,"column":10},"end":{"line":180,"column":34}},"67":{"start":{"line":181,"column":10},"end":{"line":181,"column":69}},"68":{"start":{"line":185,"column":4},"end":{"line":196,"column":11}},"69":{"start":{"line":188,"column":10},"end":{"line":191,"column":13}},"70":{"start":{"line":189,"column":12},"end":{"line":189,"column":38}},"71":{"start":{"line":190,"column":12},"end":{"line":190,"column":47}},"72":{"start":{"line":194,"column":10},"end":{"line":194,"column":34}},"73":{"start":{"line":195,"column":10},"end":{"line":195,"column":69}},"74":{"start":{"line":199,"column":4},"end":{"line":210,"column":11}},"75":{"start":{"line":202,"column":10},"end":{"line":205,"column":13}},"76":{"start":{"line":203,"column":12},"end":{"line":203,"column":44}},"77":{"start":{"line":204,"column":12},"end":{"line":204,"column":43}},"78":{"start":{"line":208,"column":10},"end":{"line":208,"column":34}},"79":{"start":{"line":209,"column":10},"end":{"line":209,"column":69}},"80":{"start":{"line":212,"column":0},"end":{"line":212,"column":1}},"81":{"start":{"line":27,"column":33},"end":{"line":27,"column":70}},"82":{"start":{"line":28,"column":35},"end":{"line":28,"column":74}},"83":{"start":{"line":29,"column":37},"end":{"line":29,"column":78}},"84":{"start":{"line":30,"column":36},"end":{"line":30,"column":76}},"85":{"start":{"line":31,"column":34},"end":{"line":31,"column":72}},"86":{"start":{"line":32,"column":40},"end":{"line":32,"column":84}},"87":{"start":{"line":17,"column":13},"end":{"line":212,"column":1}},"88":{"start":{"line":17,"column":13},"end":{"line":17,"column":27}}},"fnMap":{"1":{"name":"(anonymous_2)","line":17,"loc":{"start":{"line":17,"column":27},"end":{"line":17,"column":0}}},"2":{"name":"AdminComponent","line":36,"loc":{"start":{"line":36,"column":63},"end":{"line":37,"column":3}}},"3":{"name":"(anonymous_4)","line":42,"loc":{"start":{"line":42,"column":2},"end":{"line":44,"column":3}}},"4":{"name":"(anonymous_5)","line":49,"loc":{"start":{"line":49,"column":2},"end":{"line":51,"column":3}}},"5":{"name":"(anonymous_6)","line":56,"loc":{"start":{"line":56,"column":2},"end":{"line":58,"column":3}}},"6":{"name":"(anonymous_7)","line":63,"loc":{"start":{"line":63,"column":2},"end":{"line":65,"column":3}}},"7":{"name":"(anonymous_8)","line":70,"loc":{"start":{"line":70,"column":2},"end":{"line":72,"column":3}}},"8":{"name":"(anonymous_9)","line":77,"loc":{"start":{"line":77,"column":2},"end":{"line":79,"column":3}}},"9":{"name":"(anonymous_10)","line":84,"loc":{"start":{"line":84,"column":2},"end":{"line":86,"column":3}}},"10":{"name":"(anonymous_11)","line":91,"loc":{"start":{"line":91,"column":2},"end":{"line":93,"column":3}}},"11":{"name":"(anonymous_12)","line":98,"loc":{"start":{"line":98,"column":2},"end":{"line":100,"column":3}}},"12":{"name":"(anonymous_13)","line":105,"loc":{"start":{"line":105,"column":2},"end":{"line":107,"column":3}}},"13":{"name":"(anonymous_14)","line":112,"loc":{"start":{"line":112,"column":2},"end":{"line":114,"column":3}}},"14":{"name":"(anonymous_15)","line":119,"loc":{"start":{"line":119,"column":2},"end":{"line":121,"column":3}}},"15":{"name":"(anonymous_16)","line":123,"loc":{"start":{"line":123,"column":2},"end":{"line":125,"column":3}}},"16":{"name":"(anonymous_17)","line":127,"loc":{"start":{"line":127,"column":2},"end":{"line":211,"column":3}}},"17":{"name":"(anonymous_18)","line":131,"loc":{"start":{"line":131,"column":18},"end":{"line":136,"column":9}}},"18":{"name":"(anonymous_19)","line":132,"loc":{"start":{"line":132,"column":46},"end":{"line":135,"column":11}}},"19":{"name":"(anonymous_20)","line":137,"loc":{"start":{"line":137,"column":13},"end":{"line":140,"column":9}}},"20":{"name":"(anonymous_21)","line":145,"loc":{"start":{"line":145,"column":18},"end":{"line":150,"column":9}}},"21":{"name":"(anonymous_22)","line":146,"loc":{"start":{"line":146,"column":46},"end":{"line":149,"column":11}}},"22":{"name":"(anonymous_23)","line":151,"loc":{"start":{"line":151,"column":13},"end":{"line":154,"column":9}}},"23":{"name":"(anonymous_24)","line":159,"loc":{"start":{"line":159,"column":18},"end":{"line":164,"column":9}}},"24":{"name":"(anonymous_25)","line":160,"loc":{"start":{"line":160,"column":48},"end":{"line":163,"column":11}}},"25":{"name":"(anonymous_26)","line":165,"loc":{"start":{"line":165,"column":13},"end":{"line":168,"column":9}}},"26":{"name":"(anonymous_27)","line":173,"loc":{"start":{"line":173,"column":18},"end":{"line":178,"column":9}}},"27":{"name":"(anonymous_28)","line":174,"loc":{"start":{"line":174,"column":52},"end":{"line":177,"column":11}}},"28":{"name":"(anonymous_29)","line":179,"loc":{"start":{"line":179,"column":13},"end":{"line":182,"column":9}}},"29":{"name":"(anonymous_30)","line":187,"loc":{"start":{"line":187,"column":18},"end":{"line":192,"column":9}}},"30":{"name":"(anonymous_31)","line":188,"loc":{"start":{"line":188,"column":45},"end":{"line":191,"column":11}}},"31":{"name":"(anonymous_32)","line":193,"loc":{"start":{"line":193,"column":13},"end":{"line":196,"column":9}}},"32":{"name":"(anonymous_33)","line":201,"loc":{"start":{"line":201,"column":18},"end":{"line":206,"column":9}}},"33":{"name":"(anonymous_34)","line":202,"loc":{"start":{"line":202,"column":51},"end":{"line":205,"column":11}}},"34":{"name":"(anonymous_35)","line":207,"loc":{"start":{"line":207,"column":13},"end":{"line":210,"column":9}}}},"branchMap":{},"s":{"1":1,"2":1,"3":1,"4":1,"5":1,"6":1,"7":0,"8":0,"9":0,"10":0,"11":0,"12":0,"13":0,"14":0,"15":0,"16":1,"17":0,"18":1,"19":0,"20":1,"21":0,"22":1,"23":0,"24":1,"25":0,"26":1,"27":0,"28":1,"29":0,"30":1,"31":0,"32":1,"33":0,"34":1,"35":0,"36":1,"37":0,"38":1,"39":0,"40":1,"41":0,"42":1,"43":0,"44":0,"45":0,"46":0,"47":0,"48":0,"49":0,"50":0,"51":0,"52":0,"53":0,"54":0,"55":0,"56":0,"57":0,"58":0,"59":0,"60":0,"61":0,"62":0,"63":0,"64":0,"65":0,"66":0,"67":0,"68":0,"69":0,"70":0,"71":0,"72":0,"73":0,"74":0,"75":0,"76":0,"77":0,"78":0,"79":0,"80":1,"81":1,"82":1,"83":1,"84":1,"85":1,"86":1,"87":1,"88":1},"b":{},"f":{"1":1,"2":0,"3":0,"4":0,"5":0,"6":0,"7":0,"8":0,"9":0,"10":0,"11":0,"12":0,"13":0,"14":0,"15":0,"16":0,"17":0,"18":0,"19":0,"20":0,"21":0,"22":0,"23":0,"24":0,"25":0,"26":0,"27":0,"28":0,"29":0,"30":0,"31":0,"32":0,"33":0,"34":0},"l":{"1":1,"2":1,"3":1,"6":1,"7":1,"17":1,"19":0,"20":0,"21":0,"23":0,"24":0,"25":0,"27":1,"28":1,"29":1,"30":1,"31":1,"32":1,"34":0,"35":0,"36":0,"42":1,"43":0,"49":1,"50":0,"56":1,"57":0,"63":1,"64":0,"70":1,"71":0,"77":1,"78":0,"84":1,"85":0,"91":1,"92":0,"98":1,"99":0,"105":1,"106":0,"112":1,"113":0,"119":1,"120":0,"123":1,"124":0,"127":1,"129":0,"132":0,"133":0,"134":0,"138":0,"139":0,"143":0,"146":0,"147":0,"148":0,"152":0,"153":0,"157":0,"160":0,"161":0,"162":0,"166":0,"167":0,"171":0,"174":0,"175":0,"176":0,"180":0,"181":0,"185":0,"188":0,"189":0,"190":0,"194":0,"195":0,"199":0,"202":0,"203":0,"204":0,"208":0,"209":0,"212":1}},
"src/app/account/index.ts":{"path":"src/app/account/index.ts","statementMap":{"1":{"start":{"line":2,"column":0},"end":{"line":2,"column":36}},"2":{"start":{"line":3,"column":0},"end":{"line":3,"column":51}},"3":{"start":{"line":4,"column":0},"end":{"line":4,"column":50}},"4":{"start":{"line":5,"column":0},"end":{"line":5,"column":53}},"5":{"start":{"line":6,"column":0},"end":{"line":6,"column":34}},"6":{"start":{"line":7,"column":0},"end":{"line":7,"column":38}},"7":{"start":{"line":8,"column":0},"end":{"line":8,"column":36}},"8":{"start":{"line":9,"column":0},"end":{"line":9,"column":34}},"9":{"start":{"line":10,"column":0},"end":{"line":10,"column":38}},"10":{"start":{"line":11,"column":0},"end":{"line":11,"column":36}},"11":{"start":{"line":12,"column":0},"end":{"line":12,"column":37}},"12":{"start":{"line":13,"column":0},"end":{"line":13,"column":39}},"13":{"start":{"line":14,"column":0},"end":{"line":14,"column":46}}},"fnMap":{},"branchMap":{},"s":{"1":1,"2":1,"3":1,"4":1,"5":1,"6":1,"7":1,"8":1,"9":1,"10":1,"11":1,"12":1,"13":1},"b":{},"f":{},"l":{"2":1,"3":1,"4":1,"5":1,"6":1,"7":1,"8":1,"9":1,"10":1,"11":1,"12":1,"13":1,"14":1}},
"src/app/account/account.component.ts":{"path":"src/app/account/account.component.ts","statementMap":{"1":{"start":{"line":1,"column":0},"end":{"line":1,"column":56}},"2":{"start":{"line":2,"column":0},"end":{"line":2,"column":50}},"3":{"start":{"line":4,"column":0},"end":{"line":4,"column":53}},"4":{"start":{"line":6,"column":0},"end":{"line":6,"column":36}},"5":{"start":{"line":16,"column":29},"end":{"line":16,"column":0}},"6":{"start":{"line":29,"column":23},"end":{"line":29,"column":53}},"7":{"start":{"line":30,"column":23},"end":{"line":30,"column":49}},"8":{"start":{"line":22,"column":11},"end":{"line":22,"column":69}},"9":{"start":{"line":36,"column":2},"end":{"line":47,"column":3}},"10":{"start":{"line":36,"column":2},"end":{"line":47,"column":2}},"11":{"start":{"line":38,"column":4},"end":{"line":46,"column":11}},"12":{"start":{"line":41,"column":10},"end":{"line":41,"column":34}},"13":{"start":{"line":44,"column":10},"end":{"line":44,"column":34}},"14":{"start":{"line":45,"column":10},"end":{"line":45,"column":62}},"15":{"start":{"line":49,"column":2},"end":{"line":61,"column":3}},"16":{"start":{"line":50,"column":4},"end":{"line":60,"column":7}},"17":{"start":{"line":51,"column":42},"end":{"line":51,"column":96}},"18":{"start":{"line":52,"column":6},"end":{"line":54,"column":7}},"19":{"start":{"line":53,"column":8},"end":{"line":53,"column":20}},"20":{"start":{"line":56,"column":6},"end":{"line":56,"column":19}},"21":{"start":{"line":59,"column":6},"end":{"line":59,"column":34}},"22":{"start":{"line":62,"column":0},"end":{"line":62,"column":1}},"23":{"start":{"line":16,"column":13},"end":{"line":62,"column":1}},"24":{"start":{"line":16,"column":13},"end":{"line":16,"column":29}}},"fnMap":{"1":{"name":"(anonymous_2)","line":16,"loc":{"start":{"line":16,"column":29},"end":{"line":16,"column":0}}},"2":{"name":"AccountComponent","line":30,"loc":{"start":{"line":30,"column":49},"end":{"line":31,"column":3}}},"3":{"name":"(anonymous_4)","line":36,"loc":{"start":{"line":36,"column":2},"end":{"line":47,"column":3}}},"4":{"name":"(anonymous_5)","line":40,"loc":{"start":{"line":40,"column":12},"end":{"line":42,"column":9}}},"5":{"name":"(anonymous_6)","line":43,"loc":{"start":{"line":43,"column":13},"end":{"line":46,"column":9}}},"6":{"name":"(anonymous_7)","line":49,"loc":{"start":{"line":49,"column":2},"end":{"line":61,"column":3}}},"7":{"name":"(anonymous_8)","line":50,"loc":{"start":{"line":50,"column":48},"end":{"line":58,"column":5}}},"8":{"name":"(anonymous_9)","line":58,"loc":{"start":{"line":58,"column":13},"end":{"line":60,"column":5}}}},"branchMap":{"1":{"line":52,"type":"if","locations":[{"start":{"line":52,"column":6},"end":{"line":54,"column":7}},{"start":{"line":52,"column":6},"end":{"line":54,"column":7}}]}},"s":{"1":1,"2":1,"3":1,"4":1,"5":1,"6":0,"7":0,"8":1,"9":1,"10":0,"11":0,"12":0,"13":0,"14":0,"15":1,"16":0,"17":0,"18":0,"19":0,"20":0,"21":0,"22":1,"23":1,"24":1},"b":{"1":[0,0]},"f":{"1":1,"2":0,"3":0,"4":0,"5":0,"6":0,"7":0,"8":0},"l":{"1":1,"2":1,"4":1,"6":1,"16":1,"22":1,"29":0,"30":0,"36":1,"38":0,"41":0,"44":0,"45":0,"49":1,"50":0,"51":0,"52":0,"53":0,"56":0,"59":0,"62":1}},
"src/app/account/account-password-modal.component.ts":{"path":"src/app/account/account-password-modal.component.ts","statementMap":{"1":{"start":{"line":1,"column":0},"end":{"line":1,"column":52}},"2":{"start":{"line":2,"column":0},"end":{"line":2,"column":52}},"3":{"start":{"line":3,"column":0},"end":{"line":3,"column":50}},"4":{"start":{"line":4,"column":0},"end":{"line":4,"column":54}},"5":{"start":{"line":15,"column":42},"end":{"line":15,"column":0}},"6":{"start":{"line":36,"column":23},"end":{"line":36,"column":53}},"7":{"start":{"line":37,"column":23},"end":{"line":37,"column":63}},"8":{"start":{"line":24,"column":2},"end":{"line":24,"column":26}},"9":{"start":{"line":25,"column":2},"end":{"line":25,"column":29}},"10":{"start":{"line":27,"column":2},"end":{"line":27,"column":40}},"11":{"start":{"line":28,"column":2},"end":{"line":28,"column":18}},"12":{"start":{"line":29,"column":2},"end":{"line":29,"column":13}},"13":{"start":{"line":39,"column":4},"end":{"line":39,"column":59}},"14":{"start":{"line":46,"column":2},"end":{"line":49,"column":3}},"15":{"start":{"line":47,"column":4},"end":{"line":47,"column":82}},"16":{"start":{"line":48,"column":4},"end":{"line":48,"column":85}},"17":{"start":{"line":55,"column":2},"end":{"line":58,"column":3}},"18":{"start":{"line":56,"column":4},"end":{"line":56,"column":38}},"19":{"start":{"line":57,"column":4},"end":{"line":57,"column":22}},"20":{"start":{"line":63,"column":2},"end":{"line":67,"column":3}},"21":{"start":{"line":65,"column":4},"end":{"line":65,"column":20}},"22":{"start":{"line":66,"column":4},"end":{"line":66,"column":22}},"23":{"start":{"line":72,"column":2},"end":{"line":102,"column":3}},"24":{"start":{"line":72,"column":2},"end":{"line":102,"column":2}},"25":{"start":{"line":73,"column":4},"end":{"line":73,"column":24}},"26":{"start":{"line":74,"column":4},"end":{"line":101,"column":11}},"27":{"start":{"line":78,"column":10},"end":{"line":95,"column":11}},"28":{"start":{"line":80,"column":12},"end":{"line":80,"column":33}},"29":{"start":{"line":81,"column":12},"end":{"line":84,"column":15}},"30":{"start":{"line":85,"column":12},"end":{"line":85,"column":30}},"31":{"start":{"line":88,"column":12},"end":{"line":91,"column":15}},"32":{"start":{"line":92,"column":12},"end":{"line":92,"column":73}},"33":{"start":{"line":93,"column":12},"end":{"line":93,"column":33}},"34":{"start":{"line":94,"column":12},"end":{"line":94,"column":30}},"35":{"start":{"line":98,"column":10},"end":{"line":98,"column":31}},"36":{"start":{"line":99,"column":10},"end":{"line":99,"column":69}},"37":{"start":{"line":100,"column":10},"end":{"line":100,"column":28}},"38":{"start":{"line":103,"column":0},"end":{"line":103,"column":1}},"39":{"start":{"line":16,"column":39},"end":{"line":16,"column":68}},"40":{"start":{"line":15,"column":13},"end":{"line":103,"column":1}},"41":{"start":{"line":15,"column":13},"end":{"line":15,"column":42}}},"fnMap":{"1":{"name":"(anonymous_2)","line":15,"loc":{"start":{"line":15,"column":42},"end":{"line":15,"column":0}}},"2":{"name":"AccountPasswordModalComponent","line":37,"loc":{"start":{"line":37,"column":63},"end":{"line":40,"column":3}}},"3":{"name":"(anonymous_4)","line":46,"loc":{"start":{"line":46,"column":34},"end":{"line":49,"column":3}}},"4":{"name":"(anonymous_5)","line":55,"loc":{"start":{"line":55,"column":40},"end":{"line":58,"column":3}}},"5":{"name":"(anonymous_6)","line":63,"loc":{"start":{"line":63,"column":2},"end":{"line":67,"column":3}}},"6":{"name":"(anonymous_7)","line":72,"loc":{"start":{"line":72,"column":2},"end":{"line":102,"column":3}}},"7":{"name":"(anonymous_8)","line":76,"loc":{"start":{"line":76,"column":14},"end":{"line":96,"column":9}}},"8":{"name":"(anonymous_9)","line":97,"loc":{"start":{"line":97,"column":13},"end":{"line":101,"column":9}}}},"branchMap":{"1":{"line":78,"type":"if","locations":[{"start":{"line":78,"column":10},"end":{"line":95,"column":11}},{"start":{"line":78,"column":10},"end":{"line":95,"column":11}}]}},"s":{"1":1,"2":1,"3":1,"4":1,"5":1,"6":0,"7":0,"8":0,"9":0,"10":0,"11":0,"12":0,"13":0,"14":1,"15":0,"16":0,"17":1,"18":0,"19":0,"20":1,"21":0,"22":0,"23":1,"24":0,"25":0,"26":0,"27":0,"28":0,"29":0,"30":0,"31":0,"32":0,"33":0,"34":0,"35":0,"36":0,"37":0,"38":1,"39":1,"40":1,"41":1},"b":{"1":[0,0]},"f":{"1":1,"2":0,"3":0,"4":0,"5":0,"6":0,"7":0,"8":0},"l":{"1":1,"2":1,"3":1,"4":1,"15":1,"16":1,"24":0,"25":0,"27":0,"28":0,"29":0,"36":0,"37":0,"39":0,"46":1,"47":0,"48":0,"55":1,"56":0,"57":0,"63":1,"65":0,"66":0,"72":1,"73":0,"74":0,"78":0,"80":0,"81":0,"85":0,"88":0,"92":0,"93":0,"94":0,"98":0,"99":0,"100":0,"103":1}},
[...]
":"ValidatorsSacGwh","line":34,"loc":{"start":{"line":34,"column":0},"end":{"line":83,"column":1}}},"4":{"name":"(anonymous_3)","line":39,"loc":{"start":{"line":39,"column":42},"end":{"line":43,"column":3}}},"5":{"name":"(anonymous_4)","line":48,"loc":{"start":{"line":48,"column":39},"end":{"line":52,"column":3}}},"6":{"name":"(anonymous_5)","line":60,"loc":{"start":{"line":60,"column":43},"end":{"line":70,"column":3}}}},"branchMap":{"1":{"line":42,"type":"cond-expr","locations":[{"start":{"line":42,"column":6},"end":{"line":42,"column":24}},{"start":{"line":42,"column":27},"end":{"line":42,"column":31}}]},"2":{"line":41,"type":"binary-expr","locations":[{"start":{"line":41,"column":12},"end":{"line":41,"column":18}},{"start":{"line":41,"column":22},"end":{"line":41,"column":47}}]},"3":{"line":51,"type":"cond-expr","locations":[{"start":{"line":51,"column":6},"end":{"line":51,"column":21}},{"start":{"line":51,"column":24},"end":{"line":51,"column":28}}]},"4":{"line":50,"type":"binary-expr","locations":[{"start":{"line":50,"column":12},"end":{"line":50,"column":18}},{"start":{"line":50,"column":22},"end":{"line":50,"column":56}}]},"5":{"line":62,"type":"cond-expr","locations":[{"start":{"line":62,"column":43},"end":{"line":62,"column":47}},{"start":{"line":62,"column":50},"end":{"line":62,"column":65}}]},"6":{"line":69,"type":"cond-expr","locations":[{"start":{"line":69,"column":6},"end":{"line":69,"column":25}},{"start":{"line":69,"column":28},"end":{"line":69,"column":32}}]},"7":{"line":64,"type":"binary-expr","locations":[{"start":{"line":64,"column":12},"end":{"line":64,"column":36}},{"start":{"line":65,"column":9},"end":{"line":65,"column":39}},{"start":{"line":66,"column":9},"end":{"line":66,"column":26}},{"start":{"line":67,"column":9},"end":{"line":67,"column":37}}]}},"s":{"1":1,"2":0,"3":0,"4":1,"5":1,"6":0,"7":0,"8":1,"9":0,"10":0,"11":1,"12":0,"13":0,"14":0,"15":1,"16":1},"b":{"1":[0,0],"2":[0,0],"3":[0,0],"4":[0,0],"5":[0,0],"6":[0,0],"7":[0,0,0,0]},"f":{"1":0,"2":1,"3":0,"4":0,"5":0,"6":0},"l":{"2":1,"15":0,"28":0,"34":1,"39":1,"40":0,"41":0,"48":1,"49":0,"50":0,"60":1,"61":0,"62":0,"64":0,"83":1}},
"src/app/context/fileloader.component.ts":{"path":"src/app/context/fileloader.component.ts","statementMap":{"1":{"start":{"line":1,"column":0},"end":{"line":1,"column":65}},"2":{"start":{"line":2,"column":0},"end":{"line":2,"column":64}},"3":{"start":{"line":3,"column":0},"end":{"line":3,"column":75}},"4":{"start":{"line":4,"column":0},"end":{"line":4,"column":44}},"5":{"start":{"line":5,"column":0},"end":{"line":5,"column":83}},"6":{"start":{"line":6,"column":0},"end":{"line":6,"column":60}},"7":{"start":{"line":9,"column":16},"end":{"line":9,"column":50}},"8":{"start":{"line":25,"column":32},"end":{"line":25,"column":0}},"9":{"start":{"line":29,"column":47},"end":{"line":29,"column":67}},"10":{"start":{"line":30,"column":23},"end":{"line":30,"column":37}},"11":{"start":{"line":31,"column":23},"end":{"line":31,"column":53}},"12":{"start":{"line":32,"column":23},"end":{"line":32,"column":63}},"13":{"start":{"line":33,"column":23},"end":{"line":33,"column":37}},"14":{"start":{"line":34,"column":23},"end":{"line":34,"column":33}},"15":{"start":{"line":27,"column":2},"end":{"line":27,"column":20}},"16":{"start":{"line":40,"column":2},"end":{"line":45,"column":3}},"17":{"start":{"line":40,"column":2},"end":{"line":45,"column":2}},"18":{"start":{"line":42,"column":4},"end":{"line":44,"column":7}},"19":{"start":{"line":43,"column":6},"end":{"line":43,"column":47}},"20":{"start":{"line":47,"column":10},"end":{"line":81,"column":3}},"21":{"start":{"line":47,"column":2},"end":{"line":81,"column":2}},"22":{"start":{"line":48,"column":4},"end":{"line":80,"column":6}},"23":{"start":{"line":50,"column":30},"end":{"line":50,"column":60}},"24":{"start":{"line":51,"column":33},"end":{"line":51,"column":66}},"25":{"start":{"line":53,"column":8},"end":{"line":70,"column":10}},"26":{"start":{"line":55,"column":40},"end":{"line":55,"column":84}},"27":{"start":{"line":56,"column":25},"end":{"line":56,"column":84}},"28":{"start":{"line":57,"column":12},"end":{"line":57,"column":53}},"29":{"start":{"line":63,"column":12},"end":{"line":63,"column":35}},"30":{"start":{"line":64,"column":12},"end":{"line":64,"column":31}},"31":{"start":{"line":65,"column":12},"end":{"line":68,"column":15}},"32":{"start":{"line":73,"column":8},"end":{"line":73,"column":31}},"33":{"start":{"line":74,"column":8},"end":{"line":74,"column":27}},"34":{"start":{"line":75,"column":8},"end":{"line":78,"column":11}},"35":{"start":{"line":88,"column":10},"end":{"line":98,"column":3}},"36":{"start":{"line":88,"column":2},"end":{"line":98,"column":2}},"37":{"start":{"line":89,"column":18},"end":{"line":89,"column":63}},"38":{"start":{"line":90,"column":23},"end":{"line":95,"column":76}},"39":{"start":{"line":92,"column":8},"end":{"line":92,"column":37}},"40":{"start":{"line":93,"column":8},"end":{"line":93,"column":49}},"41":{"start":{"line":95,"column":44},"end":{"line":95,"column":75}},"42":{"start":{"line":97,"column":4},"end":{"line":97,"column":24}},"43":{"start":{"line":106,"column":10},"end":{"line":115,"column":3}},"44":{"start":{"line":106,"column":2},"end":{"line":115,"column":2}},"45":{"start":{"line":107,"column":18},"end":{"line":107,"column":103}},"46":{"start":{"line":108,"column":4},"end":{"line":114,"column":77}},"47":{"start":{"line":110,"column":8},"end":{"line":110,"column":47}},"48":{"start":{"line":112,"column":8},"end":{"line":112,"column":24}},"49":{"start":{"line":114,"column":44},"end":{"line":114,"column":75}},"50":{"start":{"line":122,"column":10},"end":{"line":137,"column":3}},"51":{"start":{"line":123,"column":4},"end":{"line":123,"column":31}},"52":{"start":{"line":124,"column":4},"end":{"line":124,"column":26}},"53":{"start":{"line":126,"column":4},"end":{"line":136,"column":5}},"54":{"start":{"line":127,"column":52},"end":{"line":127,"column":72}},"55":{"start":{"line":128,"column":31},"end":{"line":128,"column":104}},"56":{"start":{"line":129,"column":6},"end":{"line":129,"column":96}},"57":{"start":{"line":130,"column":11},"end":{"line":136,"column":5}},"58":{"start":{"line":131,"column":28},"end":{"line":131,"column":88}},"59":{"start":{"line":132,"column":6},"end":{"line":132,"column":66}},"60":{"start":{"line":134,"column":31},"end":{"line":134,"column":108}},"61":{"start":{"line":135,"column":6},"end":{"line":135,"column":97}},"62":{"start":{"line":138,"column":0},"end":{"line":138,"column":1}},"63":{"start":{"line":25,"column":13},"end":{"line":138,"column":1}},"64":{"start":{"line":25,"column":13},"end":{"line":25,"column":32}}},"fnMap":{"1":{"name":"(anonymous_4)","line":25,"loc":{"start":{"line":25,"column":32},"end":{"line":25,"column":0}}},"2":{"name":"FileLoaderComponent","line":34,"loc":{"start":{"line":34,"column":33},"end":{"line":35,"column":3}}},"3":{"name":"(anonymous_6)","line":40,"loc":{"start":{"line":40,"column":2},"end":{"line":45,"column":3}}},"4":{"name":"(anonymous_7)","line":42,"loc":{"start":{"line":42,"column":57},"end":{"line":44,"column":5}}},"5":{"name":"(anonymous_8)","line":47,"loc":{"start":{"line":47,"column":43},"end":{"line":81,"column":3}}},"6":{"name":"(anonymous_9)","line":49,"loc":{"start":{"line":49,"column":22},"end":{"line":71,"column":7}}},"7":{"name":"(anonymous_10)","line":54,"loc":{"start":{"line":54,"column":26},"end":{"line":61,"column":11}}},"8":{"name":"(anonymous_11)","line":62,"loc":{"start":{"line":62,"column":17},"end":{"line":69,"column":11}}},"9":{"name":"(anonymous_12)","line":72,"loc":{"start":{"line":72,"column":13},"end":{"line":79,"column":7}}},"10":{"name":"(anonymous_13)","line":88,"loc":{"start":{"line":88,"column":39},"end":{"line":98,"column":3}}},"11":{"name":"(anonymous_14)","line":91,"loc":{"start":{"line":91,"column":21},"end":{"line":94,"column":7}}},"12":{"name":"(anonymous_15)","line":95,"loc":{"start":{"line":95,"column":38},"end":{"line":95,"column":75}}},"13":{"name":"(anonymous_16)","line":106,"loc":{"start":{"line":106,"column":57},"end":{"line":115,"column":3}}},"14":{"name":"(anonymous_17)","line":109,"loc":{"start":{"line":109,"column":21},"end":{"line":113,"column":7}}},"15":{"name":"(anonymous_18)","line":114,"loc":{"start":{"line":114,"column":38},"end":{"line":114,"column":75}}},"16":{"name":"(anonymous_19)","line":122,"loc":{"start":{"line":122,"column":46},"end":{"line":137,"column":3}}}},"branchMap":{"1":{"line":126,"type":"if","locations":[{"start":{"line":126,"column":4},"end":{"line":136,"column":5}},{"start":{"line":126,"column":4},"end":{"line":136,"column":5}}]},"2":{"line":126,"type":"binary-expr","locations":[{"start":{"line":126,"column":8},"end":{"line":126,"column":49}},{"start":{"line":126,"column":53},"end":{"line":126,"column":113}}]},"3":{"line":130,"type":"if","locations":[{"start":{"line":130,"column":11},"end":{"line":136,"column":5}},{"start":{"line":130,"column":11},"end":{"line":136,"column":5}}]}},"s":{"1":1,"2":1,"3":1,"4":1,"5":1,"6":1,"7":1,"8":1,"9":0,"10":0,"11":0,"12":0,"13":0,"14":0,"15":0,"16":1,"17":0,"18":0,"19":0,"20":1,"21":0,"22":0,"23":0,"24":0,"25":0,"26":0,"27":0,"28":0,"29":0,"30":0,"31":0,"32":0,"33":0,"34":0,"35":1,"36":0,"37":0,"38":0,"39":0,"40":0,"41":0,"42":0,"43":1,"44":0,"45":0,"46":0,"47":0,"48":0,"49":0,"50":1,"51":0,"52":0,"53":0,"54":0,"55":0,"56":0,"57":0,"58":0,"59":0,"60":0,"61":0,"62":1,"63":1,"64":1},"b":{"1":[0,0],"2":[0,0],"3":[0,0]},"f":{"1":1,"2":0,"3":0,"4":0,"5":0,"6":0,"7":0,"8":0,"9":0,"10":0,"11":0,"12":0,"13":0,"14":0,"15":0,"16":0},"l":{"1":1,"2":1,"3":1,"4":1,"5":1,"6":1,"9":1,"25":1,"27":0,"29":0,"30":0,"31":0,"32":0,"33":0,"34":0,"40":1,"42":0,"43":0,"47":1,"48":0,"50":0,"51":0,"53":0,"55":0,"56":0,"57":0,"63":0,"64":0,"65":0,"73":0,"74":0,"75":0,"88":1,"89":0,"90":0,"92":0,"93":0,"95":0,"97":0,"106":1,"107":0,"108":0,"110":0,"112":0,"114":0,"122":1,"123":0,"124":0,"126":0,"127":0,"128":0,"129":0,"130":0,"131":0,"132":0,"134":0,"135":0,"138":1}},
"src/app/ol3-map/index.ts":{"path":"src/app/ol3-map/index.ts","statementMap":{"1":{"start":{"line":1,"column":0},"end":{"line":1,"column":36}}},"fnMap":{},"branchMap":{},"s":{"1":1},"b":{},"f":{},"l":{"1":1}},
"src/app/ol3-map/ol3-map.component.ts":{"path":"src/app/ol3-map/ol3-map.component.ts","statementMap":{"1":{"start":{"line":1,"column":0},"end":{"line":1,"column":78}},"2":{"start":{"line":3,"column":0},"end":{"line":3,"column":111}},"3":{"start":{"line":4,"column":0},"end":{"line":4,"column":40}},"4":{"start":{"line":6,"column":0},"end":{"line":9,"column":0}},"5":{"start":{"line":9,"column":0},"end":{"line":9,"column":1}},"6":{"start":{"line":6,"column":13},"end":{"line":6,"column":25}},"7":{"start":{"line":20,"column":28},"end":{"line":20,"column":0}},"8":{"start":{"line":22,"column":12},"end":{"line":22,"column":60}},"9":{"start":{"line":62,"column":10},"end":{"line":62,"column":61}},"10":{"start":{"line":63,"column":10},"end":{"line":63,"column":64}},"11":{"start":{"line":68,"column":10},"end":{"line":68,"column":52}},"12":{"start":{"line":69,"column":10},"end":{"line":69,"column":50}},"13":{"start":{"line":70,"column":10},"end":{"line":70,"column":53}},"14":{"start":{"line":24,"column":11},"end":{"line":37,"column":3}},"15":{"start":{"line":25,"column":4},"end":{"line":31,"column":5}},"16":{"start":{"line":27,"column":6},"end":{"line":27,"column":38}},"17":{"start":{"line":30,"column":6},"end":{"line":30,"column":29}},"18":{"start":{"line":33,"column":4},"end":{"line":36,"column":5}},"19":{"start":{"line":35,"column":6},"end":{"line":35,"column":66}},"20":{"start":{"line":39,"column":11},"end":{"line":47,"column":3}},"21":{"start":{"line":40,"column":4},"end":{"line":42,"column":5}},"22":{"start":{"line":41,"column":6},"end":{"line":41,"column":13}},"23":{"start":{"line":44,"column":4},"end":{"line":44,"column":30}},"24":{"start":{"line":45,"column":4},"end":{"line":45,"column":30}},"25":{"start":{"line":46,"column":4},"end":{"line":46,"column":87}},"26":{"start":{"line":49,"column":11},"end":{"line":59,"column":3}},"27":{"start":{"line":50,"column":4},"end":{"line":52,"column":5}},"28":{"start":{"line":51,"column":6},"end":{"line":51,"column":13}},"29":{"start":{"line":54,"column":4},"end":{"line":54,"column":33}},"30":{"start":{"line":56,"column":4},"end":{"line":58,"column":5}},"31":{"start":{"line":57,"column":6},"end":{"line":57,"column":83}},"32":{"start":{"line":76,"column":2},"end":{"line":130,"column":3}},"33":{"start":{"line":77,"column":22},"end":{"line":89,"column":6}},"34":{"start":{"line":91,"column":25},"end":{"line":103,"column":6}},"35":{"start":{"line":106,"column":4},"end":{"line":126,"column":7}},"36":{"start":{"line":128,"column":4},"end":{"line":128,"column":64}},"37":{"start":{"line":129,"column":4},"end":{"line":129,"column":49}},"38":{"start":{"line":135,"column":10},"end":{"line":160,"column":3}},"39":{"start":{"line":136,"column":4},"end":{"line":159,"column":5}},"40":{"start":{"line":137,"column":17},"end":{"line":137,"column":71}},"41":{"start":{"line":139,"column":6},"end":{"line":142,"column":7}},"42":{"start":{"line":140,"column":8},"end":{"line":140,"column":23}},"43":{"start":{"line":141,"column":8},"end":{"line":141,"column":22}},"44":{"start":{"line":144,"column":6},"end":{"line":146,"column":7}},"45":{"start":{"line":145,"column":8},"end":{"line":145,"column":42}},"46":{"start":{"line":147,"column":6},"end":{"line":149,"column":7}},"47":{"start":{"line":148,"column":8},"end":{"line":148,"column":42}},"48":{"start":{"line":150,"column":6},"end":{"line":153,"column":8}},"49":{"start":{"line":155,"column":6},"end":{"line":158,"column":8}},"50":{"start":{"line":165,"column":10},"end":{"line":170,"column":3}},"51":{"start":{"line":166,"column":23},"end":{"line":166,"column":42}},"52":{"start":{"line":168,"column":4},"end":{"line":168,"column":40}},"53":{"start":{"line":169,"column":4},"end":{"line":169,"column":41}},"54":{"start":{"line":172,"column":0},"end":{"line":172,"column":1}},"55":{"start":{"line":20,"column":13},"end":{"line":172,"column":1}},"56":{"start":{"line":20,"column":13},"end":{"line":20,"column":28}}},"fnMap":{"1":{"name":"(anonymous_2)","line":6,"loc":{"start":{"line":6,"column":0},"end":{"line":6,"column":-1}}},"2":{"name":"Ol3MapExtent","line":6,"loc":{"start":{"line":6,"column":0},"end":{"line":9,"column":1}}},"3":{"name":"(anonymous_4)","line":20,"loc":{"start":{"line":20,"column":28},"end":{"line":20,"column":0}}},"4":{"name":"Ol3MapComponent","line":11,"loc":{"start":{"line":11,"column":0},"end":{"line":172,"column":1}}},"5":{"name":"(anonymous_6)","line":24,"loc":{"start":{"line":24,"column":37},"end":{"line":37,"column":3}}},"6":{"name":"(anonymous_7)","line":39,"loc":{"start":{"line":39,"column":52},"end":{"line":47,"column":3}}},"7":{"name":"(anonymous_8)","line":49,"loc":{"start":{"line":49,"column":52},"end":{"line":59,"column":3}}},"8":{"name":"(anonymous_9)","line":76,"loc":{"start":{"line":76,"column":2},"end":{"line":130,"column":3}}},"9":{"name":"(anonymous_10)","line":135,"loc":{"start":{"line":135,"column":2},"end":{"line":160,"column":3}}},"10":{"name":"(anonymous_11)","line":165,"loc":{"start":{"line":165,"column":30},"end":{"line":170,"column":3}}}},"branchMap":{"1":{"line":25,"type":"if","locations":[{"start":{"line":25,"column":4},"end":{"line":31,"column":5}},{"start":{"line":25,"column":4},"end":{"line":31,"column":5}}]},"2":{"line":33,"type":"if","locations":[{"start":{"line":33,"column":4},"end":{"line":36,"column":5}},{"start":{"line":33,"column":4},"end":{"line":36,"column":5}}]},"3":{"line":40,"type":"if","locations":[{"start":{"line":40,"column":4},"end":{"line":42,"column":5}},{"start":{"line":40,"column":4},"end":{"line":42,"column":5}}]},"4":{"line":40,"type":"binary-expr","locations":[{"start":{"line":40,"column":8},"end":{"line":40,"column":17}},{"start":{"line":40,"column":21},"end":{"line":40,"column":42}}]},"5":{"line":50,"type":"if","locations":[{"start":{"line":50,"column":4},"end":{"line":52,"column":5}},{"start":{"line":50,"column":4},"end":{"line":52,"column":5}}]},"6":{"line":50,"type":"binary-expr","locations":[{"start":{"line":50,"column":8},"end":{"line":50,"column":23}},{"start":{"line":50,"column":27},"end":{"line":50,"column":54}}]},"7":{"line":56,"type":"if","locations":[{"start":{"line":56,"column":4},"end":{"line":58,"column":5}},{"start":{"line":56,"column":4},"end":{"line":58,"column":5}}]},"8":{"line":136,"type":"if","locations":[{"start":{"line":136,"column":4},"end":{"line":159,"column":5}},{"start":{"line":136,"column":4},"end":{"line":159,"column":5}}]},"9":{"line":139,"type":"if","locations":[{"start":{"line":139,"column":6},"end":{"line":142,"column":7}},{"start":{"line":139,"column":6},"end":{"line":142,"column":7}}]},"10":{"line":144,"type":"if","locations":[{"start":{"line":144,"column":6},"end":{"line":146,"column":7}},{"start":{"line":144,"column":6},"end":{"line":146,"column":7}}]},"11":{"line":144,"type":"binary-expr","locations":[{"start":{"line":144,"column":10},"end":{"line":144,"column":23}},{"start":{"line":144,"column":27},"end":{"line":144,"column":39}}]},"12":{"line":147,"type":"if","locations":[{"start":{"line":147,"column":6},"end":{"line":149,"column":7}},{"start":{"line":147,"column":6},"end":{"line":149,"column":7}}]},"13":{"line":147,"type":"binary-expr","locations":[{"start":{"line":147,"column":10},"end":{"line":147,"column":23}},{"start":{"line":147,"column":27},"end":{"line":147,"column":39}}]}},"s":{"1":1,"2":1,"3":1,"4":1,"5":1,"6":1,"7":1,"8":1,"9":0,"10":0,"11":0,"12":0,"13":0,"14":2,"15":0,"16":0,"17":0,"18":0,"19":0,"20":2,"21":0,"22":0,"23":0,"24":0,"25":0,"26":2,"27":0,"28":0,"29":0,"30":0,"31":0,"32":1,"33":0,"34":0,"35":0,"36":0,"37":0,"38":1,"39":0,"40":0,"41":0,"42":0,"43":0,"44":0,"45":0,"46":0,"47":0,"48":0,"49":0,"50":1,"51":0,"52":0,"53":0,"54":1,"55":1,"56":1},"b":{"1":[0,0],"2":[0,0],"3":[0,0],"4":[0,0],"5":[0,0],"6":[0,0],"7":[0,0],"8":[0,0],"9":[0,0],"10":[0,0],"11":[0,0],"12":[0,0],"13":[0,0]},"f":{"1":1,"2":0,"3":1,"4":0,"5":0,"6":0,"7":0,"8":0,"9":0,"10":0},"l":{"1":1,"3":1,"4":1,"6":1,"9":1,"20":1,"22":1,"24":2,"25":0,"27":0,"30":0,"33":0,"35":0,"39":2,"40":0,"41":0,"44":0,"45":0,"46":0,"49":2,"50":0,"51":0,"54":0,"56":0,"57":0,"62":0,"63":0,"68":0,"69":0,"70":0,"76":1,"77":0,"91":0,"106":0,"128":0,"129":0,"135":1,"136":0,"137":0,"139":0,"140":0,"141":0,"144":0,"145":0,"147":0,"148":0,"150":0,"155":0,"165":1,"166":0,"168":0,"169":0,"172":1}},
"src/app/x3d-view/index.ts":{"path":"src/app/x3d-view/index.ts","statementMap":{"1":{"start":{"line":1,"column":0},"end":{"line":1,"column":37}}},"fnMap":{},"branchMap":{},"s":{"1":1},"b":{},"f":{},"l":{"1":1}},
"src/app/x3d-view/x3d-view.component.ts":{"path":"src/app/x3d-view/x3d-view.component.ts","statementMap":{"1":{"start":{"line":1,"column":0},"end":{"line":1,"column":78}},"2":{"start":{"line":13,"column":29},"end":{"line":13,"column":0}},"3":{"start":{"line":15,"column":2},"end":{"line":17,"column":3}},"4":{"start":{"line":16,"column":4},"end":{"line":16,"column":24}},"5":{"start":{"line":18,"column":0},"end":{"line":18,"column":1}},"6":{"start":{"line":13,"column":13},"end":{"line":18,"column":1}},"7":{"start":{"line":13,"column":13},"end":{"line":13,"column":29}}},"fnMap":{"1":{"name":"(anonymous_1)","line":13,"loc":{"start":{"line":13,"column":29},"end":{"line":13,"column":0}}},"2":{"name":"X3dViewComponent","line":13,"loc":{"start":{"line":13,"column":0},"end":{"line":18,"column":1}}},"3":{"name":"(anonymous_3)","line":15,"loc":{"start":{"line":15,"column":2},"end":{"line":17,"column":3}}}},"branchMap":{},"s":{"1":1,"2":1,"3":1,"4":0,"5":1,"6":1,"7":1},"b":{},"f":{"1":1,"2":0,"3":0},"l":{"1":1,"13":1,"15":1,"16":0,"18":1}},
"src/app/context/index.ts":{"path":"src/app/context/index.ts","statementMap":{"1":{"start":{"line":1,"column":0},"end":{"line":1,"column":36}},"2":{"start":{"line":2,"column":0},"end":{"line":2,"column":39}}},"fnMap":{},"branchMap":{},"s":{"1":1,"2":1},"b":{},"f":{},"l":{"1":1,"2":1}}}
