TN:
SF:src/app/_guards/admin.guard.ts
FN:10,(anonymous_2)
FN:14,AdminGuard
FN:17,(anonymous_4)
FN:18,(anonymous_5)
FN:26,(anonymous_6)
FNF:5
FNH:1
FNDA:1,(anonymous_2)
FNDA:0,AdminGuard
FNDA:0,(anonymous_4)
FNDA:0,(anonymous_5)
FNDA:0,(anonymous_6)
DA:1,1
DA:2,1
DA:3,1
DA:4,1
DA:6,1
DA:10,1
DA:12,0
DA:13,0
DA:14,0
DA:17,1
DA:18,0
DA:19,0
DA:20,0
DA:21,0
DA:24,0
DA:27,0
DA:28,0
DA:32,0
DA:35,1
LF:19
LH:8
BRDA:20,1,0,0
BRDA:20,1,1,0
BRF:2
BRH:0
end_of_record
TN:
SF:src/app/notifications/index.ts
FNF:0
FNH:0
DA:1,1
DA:2,1
LF:2
LH:2
BRF:0
BRH:0
end_of_record
TN:
SF:src/app/notifications/notification.component.ts
FN:12,(anonymous_2)
FN:21,NotificationComponent
FN:25,(anonymous_4)
FN:33,(anonymous_5)
FNF:4
FNH:2
FNDA:1,(anonymous_2)
FNDA:1,NotificationComponent
FNDA:0,(anonymous_4)
FNDA:0,(anonymous_5)
DA:1,1
DA:2,1
DA:12,1
DA:21,1
DA:25,1
DA:26,0
DA:33,1
DA:34,0
DA:36,1
LF:9
LH:7
BRF:0
BRH:0
end_of_record
TN:
SF:src/app/notifications/notification.service.ts
FN:32,(anonymous_1)
FN:31,NotificationService
FN:79,(anonymous_3)
FN:91,(anonymous_4)
FN:94,(anonymous_5)
FN:118,(anonymous_6)
FN:129,(anonymous_7)
FNF:7
FNH:2
FNDA:1,(anonymous_1)
FNDA:1,NotificationService
FNDA:0,(anonymous_3)
FNDA:0,(anonymous_4)
FNDA:0,(anonymous_5)
FNDA:0,(anonymous_6)
FNDA:0,(anonymous_7)
DA:1,1
DA:32,1
DA:35,1
DA:38,1
DA:41,1
DA:44,1
DA:47,1
DA:50,1
DA:53,1
DA:56,1
DA:59,1
DA:62,1
DA:65,1
DA:68,1
DA:72,1
DA:79,1
DA:80,0
DA:91,1
DA:92,0
DA:93,0
DA:94,0
DA:95,0
DA:96,0
DA:100,0
DA:102,0
DA:103,0
DA:106,0
DA:107,0
DA:111,0
DA:118,1
DA:120,0
DA:121,0
DA:129,1
DA:130,0
DA:132,1
LF:35
LH:20
BRDA:92,1,0,0
BRDA:92,1,1,0
BRDA:95,2,0,0
BRDA:95,2,1,0
BRDA:101,3,0,0
BRDA:101,3,1,0
BRDA:120,4,0,0
BRDA:120,4,1,0
BRDA:120,5,0,0
BRDA:120,5,1,0
BRF:10
BRH:0
end_of_record
TN:
SF:src/app/admin/index.ts
FNF:0
FNH:0
DA:2,1
DA:3,1
LF:2
LH:2
BRF:0
BRH:0
end_of_record
TN:
SF:src/app/admin/admin.service.ts
FN:18,(anonymous_4)
FN:25,AdminService
FN:35,(anonymous_6)
FN:48,(anonymous_7)
FN:56,(anonymous_8)
FN:64,(anonymous_9)
FN:72,(anonymous_10)
FN:90,(anonymous_11)
FN:98,(anonymous_12)
FN:112,(anonymous_13)
FN:120,(anonymous_14)
FN:139,(anonymous_15)
FN:150,(anonymous_16)
FN:168,(anonymous_17)
FN:176,(anonymous_18)
FN:193,(anonymous_19)
FN:198,(anonymous_20)
FN:216,(anonymous_21)
FN:224,(anonymous_22)
FN:240,(anonymous_23)
FN:248,(anonymous_24)
FN:269,(anonymous_25)
FN:278,(anonymous_26)
FN:300,(anonymous_27)
FNF:24
FNH:1
FNDA:1,(anonymous_4)
FNDA:0,AdminService
FNDA:0,(anonymous_6)
FNDA:0,(anonymous_7)
FNDA:0,(anonymous_8)
FNDA:0,(anonymous_9)
FNDA:0,(anonymous_10)
FNDA:0,(anonymous_11)
FNDA:0,(anonymous_12)
FNDA:0,(anonymous_13)
FNDA:0,(anonymous_14)
FNDA:0,(anonymous_15)
FNDA:0,(anonymous_16)
FNDA:0,(anonymous_17)
FNDA:0,(anonymous_18)
FNDA:0,(anonymous_19)
FNDA:0,(anonymous_20)
FNDA:0,(anonymous_21)
FNDA:0,(anonymous_22)
FNDA:0,(anonymous_23)
FNDA:0,(anonymous_24)
FNDA:0,(anonymous_25)
FNDA:0,(anonymous_26)
FNDA:0,(anonymous_27)
DA:1,1
DA:2,1
DA:3,1
DA:4,1
DA:5,1
DA:6,1
DA:11,1
DA:12,1
DA:18,1
DA:22,0
DA:23,0
DA:24,0
DA:25,0
DA:27,0
DA:35,1
DA:37,0
DA:38,0
DA:40,0
DA:44,0
DA:46,0
DA:49,0
DA:50,0
DA:51,0
DA:53,0
DA:56,0
DA:64,1
DA:65,0
DA:66,0
DA:67,0
DA:68,0
DA:70,0
DA:73,0
DA:74,0
DA:77,0
DA:90,1
DA:91,0
DA:92,0
DA:93,0
DA:94,0
DA:96,0
DA:99,0
DA:101,0
DA:112,1
DA:113,0
DA:114,0
DA:115,0
DA:116,0
DA:118,0
DA:121,0
DA:122,0
DA:125,0
DA:139,1
DA:140,0
DA:141,0
DA:142,0
DA:143,0
DA:144,0
DA:145,0
DA:146,0
DA:148,0
DA:151,0
DA:153,0
DA:168,1
DA:169,0
DA:170,0
DA:171,0
DA:172,0
DA:174,0
DA:177,0
DA:178,0
DA:181,0
DA:193,1
DA:194,0
DA:195,0
DA:196,0
DA:197,0
DA:200,0
DA:201,0
DA:204,0
DA:208,0
DA:216,1
DA:217,0
DA:218,0
DA:219,0
DA:220,0
DA:222,0
DA:225,0
DA:226,0
DA:229,0
DA:240,1
DA:241,0
DA:242,0
DA:243,0
DA:244,0
DA:246,0
DA:249,0
DA:250,0
DA:253,0
DA:269,1
DA:271,0
DA:272,0
DA:273,0
DA:274,0
DA:276,0
DA:279,0
DA:280,0
DA:283,0
DA:300,1
DA:301,0
DA:303,0
DA:305,0
DA:306,0
DA:307,0
DA:309,0
DA:310,0
DA:313,1
LF:116
LH:21
BRDA:50,1,0,0
BRDA:50,1,1,0
BRDA:50,2,0,0
BRDA:50,2,1,0
BRDA:73,3,0,0
BRDA:73,3,1,0
BRDA:74,4,0,0
BRDA:74,4,1,0
BRDA:121,5,0,0
BRDA:121,5,1,0
BRDA:122,6,0,0
BRDA:122,6,1,0
BRDA:177,7,0,0
BRDA:177,7,1,0
BRDA:178,8,0,0
BRDA:178,8,1,0
BRDA:200,9,0,0
BRDA:200,9,1,0
BRDA:201,10,0,0
BRDA:201,10,1,0
BRDA:225,11,0,0
BRDA:225,11,1,0
BRDA:226,12,0,0
BRDA:226,12,1,0
BRDA:249,13,0,0
BRDA:249,13,1,0
BRDA:250,14,0,0
BRDA:250,14,1,0
BRDA:279,15,0,0
BRDA:279,15,1,0
BRDA:280,16,0,0
BRDA:280,16,1,0
BRDA:303,17,0,0
BRDA:303,17,1,0
BRDA:303,18,0,0
BRDA:303,18,1,0
BRF:36
BRH:0
end_of_record
TN:
SF:src/app/in-app-config/index.ts
FNF:0
FNH:0
DA:1,1
DA:2,1
LF:2
LH:2
BRF:0
BRH:0
end_of_record
TN:
SF:src/app/in-app-config/app.tokens.ts
FNF:0
FNH:0
DA:1,1
DA:5,1
DA:6,1
DA:7,1
DA:9,1
DA:10,1
DA:11,1
DA:13,1
DA:14,1
DA:15,1
DA:16,1
DA:18,1
DA:20,1
DA:21,1
DA:22,1
DA:24,1
DA:35,1
LF:17
LH:17
BRDA:5,1,0,1
BRDA:5,1,1,0
BRDA:6,2,0,1
BRDA:6,2,1,0
BRDA:7,3,0,1
BRDA:7,3,1,0
BRDA:10,4,0,1
BRDA:10,4,1,0
BRF:8
BRH:4
end_of_record
TN:
SF:src/app/account/account.service.ts
FN:21,(anonymous_4)
FN:44,AccountService
FN:68,(anonymous_6)
FN:80,(anonymous_7)
FN:105,(anonymous_8)
FN:118,(anonymous_9)
FN:129,(anonymous_10)
FN:136,(anonymous_11)
FN:146,(anonymous_12)
FN:155,(anonymous_13)
FN:163,(anonymous_14)
FN:175,(anonymous_15)
FN:182,(anonymous_16)
FN:190,(anonymous_17)
FN:200,(anonymous_18)
FN:208,(anonymous_19)
FN:214,(anonymous_20)
FN:246,(anonymous_21)
FN:254,(anonymous_22)
FN:258,(anonymous_23)
FN:268,(anonymous_24)
FN:278,(anonymous_25)
FN:294,(anonymous_26)
FN:316,(anonymous_27)
FN:324,(anonymous_28)
FN:335,(anonymous_29)
FN:349,(anonymous_30)
FN:357,(anonymous_31)
FN:363,(anonymous_32)
FN:373,(anonymous_33)
FN:383,(anonymous_34)
FN:391,(anonymous_35)
FN:401,(anonymous_36)
FN:410,(anonymous_37)
FN:416,(anonymous_38)
FN:429,(anonymous_39)
FN:436,(anonymous_40)
FN:439,(anonymous_41)
FN:444,(anonymous_42)
FN:451,(anonymous_43)
FN:454,(anonymous_44)
FN:459,(anonymous_45)
FN:467,(anonymous_46)
FN:482,(anonymous_47)
FN:490,(anonymous_48)
FN:513,(anonymous_49)
FN:521,(anonymous_50)
FN:540,(anonymous_51)
FNF:48
FNH:2
FNDA:1,(anonymous_4)
FNDA:1,AccountService
FNDA:0,(anonymous_6)
FNDA:0,(anonymous_7)
FNDA:0,(anonymous_8)
FNDA:0,(anonymous_9)
FNDA:0,(anonymous_10)
FNDA:0,(anonymous_11)
FNDA:0,(anonymous_12)
FNDA:0,(anonymous_13)
FNDA:0,(anonymous_14)
FNDA:0,(anonymous_15)
FNDA:0,(anonymous_16)
FNDA:0,(anonymous_17)
FNDA:0,(anonymous_18)
FNDA:0,(anonymous_19)
FNDA:0,(anonymous_20)
FNDA:0,(anonymous_21)
FNDA:0,(anonymous_22)
FNDA:0,(anonymous_23)
FNDA:0,(anonymous_24)
FNDA:0,(anonymous_25)
FNDA:0,(anonymous_26)
FNDA:0,(anonymous_27)
FNDA:0,(anonymous_28)
FNDA:0,(anonymous_29)
FNDA:0,(anonymous_30)
FNDA:0,(anonymous_31)
FNDA:0,(anonymous_32)
FNDA:0,(anonymous_33)
FNDA:0,(anonymous_34)
FNDA:0,(anonymous_35)
FNDA:0,(anonymous_36)
FNDA:0,(anonymous_37)
FNDA:0,(anonymous_38)
FNDA:0,(anonymous_39)
FNDA:0,(anonymous_40)
FNDA:0,(anonymous_41)
FNDA:0,(anonymous_42)
FNDA:0,(anonymous_43)
FNDA:0,(anonymous_44)
FNDA:0,(anonymous_45)
FNDA:0,(anonymous_46)
FNDA:0,(anonymous_47)
FNDA:0,(anonymous_48)
FNDA:0,(anonymous_49)
FNDA:0,(anonymous_50)
FNDA:0,(anonymous_51)
DA:1,1
DA:2,1
DA:3,1
DA:4,1
DA:5,1
DA:6,1
DA:7,1
DA:21,1
DA:25,1
DA:41,1
DA:42,1
DA:43,1
DA:44,1
DA:46,1
DA:47,1
DA:48,1
DA:50,1
DA:54,0
DA:55,0
DA:58,0
DA:60,0
DA:64,0
DA:66,0
DA:71,0
DA:72,0
DA:73,0
DA:75,0
DA:77,0
DA:80,0
DA:82,0
DA:83,0
DA:85,0
DA:86,0
DA:87,0
DA:88,0
DA:91,1
DA:92,1
DA:94,1
DA:95,1
DA:96,1
DA:97,1
DA:105,1
DA:107,0
DA:109,0
DA:113,0
DA:116,0
DA:119,0
DA:120,0
DA:121,0
DA:123,0
DA:124,0
DA:126,0
DA:129,0
DA:136,1
DA:138,0
DA:139,0
DA:146,1
DA:148,0
DA:155,1
DA:156,0
DA:157,0
DA:161,0
DA:162,0
DA:166,0
DA:168,0
DA:169,0
DA:170,0
DA:171,0
DA:173,0
DA:175,0
DA:182,1
DA:183,0
DA:184,0
DA:188,0
DA:189,0
DA:191,0
DA:193,0
DA:194,0
DA:195,0
DA:196,0
DA:198,0
DA:200,0
DA:208,1
DA:209,0
DA:210,0
DA:211,0
DA:212,0
DA:213,0
DA:217,0
DA:218,0
DA:220,0
DA:222,0
DA:226,0
DA:229,0
DA:230,0
DA:231,0
DA:233,0
DA:236,0
DA:241,0
DA:242,0
DA:243,0
DA:246,0
DA:254,1
DA:255,0
DA:257,0
DA:260,0
DA:261,0
DA:262,0
DA:264,0
DA:266,0
DA:268,0
DA:277,1
DA:279,0
DA:281,0
DA:286,0
DA:291,0
DA:293,0
DA:296,0
DA:297,0
DA:299,0
DA:300,0
DA:301,0
DA:305,0
DA:308,0
DA:312,0
DA:313,0
DA:316,0
DA:324,1
DA:325,0
DA:327,0
DA:332,0
DA:334,0
DA:338,0
DA:339,0
DA:340,0
DA:341,0
DA:342,0
DA:344,0
DA:349,0
DA:357,1
DA:358,0
DA:359,0
DA:360,0
DA:361,0
DA:362,0
DA:366,0
DA:367,0
DA:368,0
DA:373,0
DA:382,1
DA:384,0
DA:386,0
DA:387,0
DA:388,0
DA:389,0
DA:394,0
DA:395,0
DA:396,0
DA:401,0
DA:410,1
DA:411,0
DA:413,0
DA:415,0
DA:417,0
DA:419,0
DA:420,0
DA:421,0
DA:422,0
DA:424,0
DA:426,0
DA:429,0
DA:436,1
DA:437,0
DA:438,0
DA:440,0
DA:441,0
DA:442,0
DA:444,0
DA:451,1
DA:452,0
DA:453,0
DA:455,0
DA:456,0
DA:457,0
DA:459,0
DA:467,1
DA:469,0
DA:471,0
DA:472,0
DA:473,0
DA:482,1
DA:483,0
DA:484,0
DA:485,0
DA:486,0
DA:489,0
DA:492,0
DA:493,0
DA:495,0
DA:497,0
DA:500,0
DA:501,0
DA:503,0
DA:504,0
DA:505,0
DA:507,0
DA:510,0
DA:513,0
DA:521,1
DA:522,0
DA:524,0
DA:526,0
DA:527,0
DA:528,0
DA:530,0
DA:531,0
DA:540,1
DA:541,0
DA:543,0
DA:545,0
DA:546,0
DA:547,0
DA:548,0
DA:551,0
DA:554,1
LF:225
LH:42
BRDA:50,1,0,0
BRDA:50,1,1,1
BRDA:50,2,0,1
BRDA:50,2,1,0
BRDA:55,3,0,0
BRDA:55,3,1,0
BRDA:72,4,0,0
BRDA:72,4,1,0
BRDA:120,5,0,0
BRDA:120,5,1,0
BRDA:217,6,0,0
BRDA:217,6,1,0
BRDA:218,7,0,0
BRDA:218,7,1,0
BRDA:230,8,0,0
BRDA:230,8,1,0
BRDA:260,9,0,0
BRDA:260,9,1,0
BRDA:261,10,0,0
BRDA:261,10,1,0
BRDA:296,11,0,0
BRDA:296,11,1,0
BRDA:297,12,0,0
BRDA:297,12,1,0
BRDA:339,13,0,0
BRDA:339,13,1,0
BRDA:366,14,0,0
BRDA:366,14,1,0
BRDA:394,15,0,0
BRDA:394,15,1,0
BRDA:417,16,0,0
BRDA:417,16,1,0
BRDA:419,17,0,0
BRDA:419,17,1,0
BRDA:420,18,0,0
BRDA:420,18,1,0
BRDA:440,19,0,0
BRDA:440,19,1,0
BRDA:455,20,0,0
BRDA:455,20,1,0
BRDA:469,21,0,0
BRDA:469,21,1,0
BRDA:472,22,0,0
BRDA:472,22,1,0
BRDA:492,23,0,0
BRDA:492,23,1,0
BRDA:493,24,0,0
BRDA:493,24,1,0
BRDA:504,25,0,0
BRDA:504,25,1,0
BRDA:524,26,0,0
BRDA:524,26,1,0
BRDA:524,27,0,0
BRDA:524,27,1,0
BRDA:541,28,0,0
BRDA:541,28,1,0
BRF:56
BRH:2
end_of_record
TN:
SF:src/app/admin/admin.component.ts
FN:27,(anonymous_4)
FN:52,AdminComponent
FN:67,(anonymous_6)
FN:74,(anonymous_7)
FN:76,(anonymous_8)
FN:79,(anonymous_9)
FN:91,(anonymous_10)
FN:106,(anonymous_11)
FN:113,(anonymous_12)
FN:120,(anonymous_13)
FN:127,(anonymous_14)
FN:134,(anonymous_15)
FN:141,(anonymous_16)
FN:148,(anonymous_17)
FN:155,(anonymous_18)
FN:162,(anonymous_19)
FN:169,(anonymous_20)
FN:176,(anonymous_21)
FN:183,(anonymous_22)
FN:190,(anonymous_23)
FN:197,(anonymous_24)
FN:204,(anonymous_25)
FN:208,(anonymous_26)
FN:212,(anonymous_27)
FN:216,(anonymous_28)
FN:217,(anonymous_29)
FN:222,(anonymous_30)
FN:230,(anonymous_31)
FN:231,(anonymous_32)
FN:236,(anonymous_33)
FN:244,(anonymous_34)
FN:245,(anonymous_35)
FN:250,(anonymous_36)
FN:258,(anonymous_37)
FN:259,(anonymous_38)
FN:264,(anonymous_39)
FN:272,(anonymous_40)
FN:273,(anonymous_41)
FN:278,(anonymous_42)
FN:286,(anonymous_43)
FN:287,(anonymous_44)
FN:292,(anonymous_45)
FN:304,(anonymous_46)
FN:308,(anonymous_47)
FN:323,(anonymous_48)
FN:327,(anonymous_49)
FN:344,(anonymous_50)
FN:348,(anonymous_51)
FN:359,(anonymous_52)
FN:362,(anonymous_53)
FN:371,(anonymous_54)
FN:373,(anonymous_55)
FN:378,(anonymous_56)
FN:383,(anonymous_57)
FN:389,(anonymous_58)
FN:392,(anonymous_59)
FN:401,(anonymous_60)
FN:403,(anonymous_61)
FN:408,(anonymous_62)
FN:413,(anonymous_63)
FN:423,(anonymous_64)
FN:426,(anonymous_65)
FN:438,(anonymous_66)
FNF:63
FNH:1
FNDA:1,(anonymous_4)
FNDA:0,AdminComponent
FNDA:0,(anonymous_6)
FNDA:0,(anonymous_7)
FNDA:0,(anonymous_8)
FNDA:0,(anonymous_9)
FNDA:0,(anonymous_10)
FNDA:0,(anonymous_11)
FNDA:0,(anonymous_12)
FNDA:0,(anonymous_13)
FNDA:0,(anonymous_14)
FNDA:0,(anonymous_15)
FNDA:0,(anonymous_16)
FNDA:0,(anonymous_17)
FNDA:0,(anonymous_18)
FNDA:0,(anonymous_19)
FNDA:0,(anonymous_20)
FNDA:0,(anonymous_21)
FNDA:0,(anonymous_22)
FNDA:0,(anonymous_23)
FNDA:0,(anonymous_24)
FNDA:0,(anonymous_25)
FNDA:0,(anonymous_26)
FNDA:0,(anonymous_27)
FNDA:0,(anonymous_28)
FNDA:0,(anonymous_29)
FNDA:0,(anonymous_30)
FNDA:0,(anonymous_31)
FNDA:0,(anonymous_32)
FNDA:0,(anonymous_33)
FNDA:0,(anonymous_34)
FNDA:0,(anonymous_35)
FNDA:0,(anonymous_36)
FNDA:0,(anonymous_37)
FNDA:0,(anonymous_38)
FNDA:0,(anonymous_39)
FNDA:0,(anonymous_40)
FNDA:0,(anonymous_41)
FNDA:0,(anonymous_42)
FNDA:0,(anonymous_43)
FNDA:0,(anonymous_44)
FNDA:0,(anonymous_45)
FNDA:0,(anonymous_46)
FNDA:0,(anonymous_47)
FNDA:0,(anonymous_48)
FNDA:0,(anonymous_49)
FNDA:0,(anonymous_50)
FNDA:0,(anonymous_51)
FNDA:0,(anonymous_52)
FNDA:0,(anonymous_53)
FNDA:0,(anonymous_54)
FNDA:0,(anonymous_55)
FNDA:0,(anonymous_56)
FNDA:0,(anonymous_57)
FNDA:0,(anonymous_58)
FNDA:0,(anonymous_59)
FNDA:0,(anonymous_60)
FNDA:0,(anonymous_61)
FNDA:0,(anonymous_62)
FNDA:0,(anonymous_63)
FNDA:0,(anonymous_64)
FNDA:0,(anonymous_65)
FNDA:0,(anonymous_66)
DA:1,1
DA:2,1
DA:3,1
DA:6,1
DA:8,1
DA:9,1
DA:10,1
DA:11,1
DA:12,1
DA:14,1
DA:16,1
DA:27,1
DA:29,0
DA:30,0
DA:31,0
DA:33,0
DA:34,0
DA:35,0
DA:38,0
DA:40,1
DA:41,1
DA:42,1
DA:43,1
DA:44,1
DA:45,1
DA:46,1
DA:48,0
DA:49,0
DA:50,0
DA:51,0
DA:52,0
DA:53,0
DA:54,0
DA:58,0
DA:59,0
DA:65,0
DA:67,0
DA:68,0
DA:74,0
DA:76,0
DA:79,0
DA:80,0
DA:86,0
DA:88,0
DA:91,0
DA:92,0
DA:100,0
DA:102,0
DA:106,1
DA:107,0
DA:113,1
DA:114,0
DA:120,1
DA:121,0
DA:127,1
DA:128,0
DA:134,1
DA:135,0
DA:141,1
DA:142,0
DA:148,1
DA:149,0
DA:155,1
DA:156,0
DA:162,1
DA:163,0
DA:169,1
DA:170,0
DA:176,1
DA:177,0
DA:183,1
DA:184,0
DA:190,1
DA:191,0
DA:197,1
DA:198,0
DA:204,1
DA:205,0
DA:208,1
DA:209,0
DA:212,1
DA:214,0
DA:217,0
DA:218,0
DA:223,0
DA:224,0
DA:228,0
DA:231,0
DA:232,0
DA:237,0
DA:238,0
DA:242,0
DA:245,0
DA:246,0
DA:251,0
DA:252,0
DA:256,0
DA:259,0
DA:260,0
DA:265,0
DA:266,0
DA:270,0
DA:273,0
DA:274,0
DA:279,0
DA:280,0
DA:284,0
DA:287,0
DA:288,0
DA:293,0
DA:294,0
DA:304,1
DA:305,0
DA:306,0
DA:307,0
DA:308,0
DA:309,0
DA:312,0
DA:314,0
DA:323,1
DA:324,0
DA:325,0
DA:326,0
DA:327,0
DA:328,0
DA:329,0
DA:333,0
DA:335,0
DA:344,1
DA:345,0
DA:346,0
DA:347,0
DA:348,0
DA:349,0
DA:350,0
DA:354,0
DA:356,0
DA:359,1
DA:360,0
DA:363,0
DA:369,0
DA:372,0
DA:373,0
DA:374,0
DA:379,0
DA:380,0
DA:384,0
DA:385,0
DA:389,1
DA:390,0
DA:393,0
DA:399,0
DA:402,0
DA:403,0
DA:404,0
DA:409,0
DA:410,0
DA:414,0
DA:415,0
DA:423,1
DA:424,0
DA:427,0
DA:428,0
DA:439,0
DA:440,0
DA:443,1
LF:166
LH:43
BRDA:308,1,0,0
BRDA:308,1,1,0
BRDA:327,2,0,0
BRDA:327,2,1,0
BRDA:328,3,0,0
BRDA:328,3,1,0
BRDA:348,4,0,0
BRDA:348,4,1,0
BRDA:349,5,0,0
BRDA:349,5,1,0
BRF:10
BRH:0
end_of_record
TN:
SF:src/app/_guards/auth.guard.ts
FN:9,(anonymous_2)
FN:12,AuthGuard
FN:15,(anonymous_4)
FN:16,(anonymous_5)
FN:22,(anonymous_6)
FNF:5
FNH:1
FNDA:1,(anonymous_2)
FNDA:0,AuthGuard
FNDA:0,(anonymous_4)
FNDA:0,(anonymous_5)
FNDA:0,(anonymous_6)
DA:1,1
DA:2,1
DA:3,1
DA:4,1
DA:5,1
DA:9,1
DA:11,0
DA:12,0
DA:15,1
DA:16,0
DA:17,0
DA:18,0
DA:20,0
DA:23,0
DA:24,0
DA:28,0
DA:33,1
LF:17
LH:8
BRDA:17,1,0,0
BRDA:17,1,1,0
BRF:2
BRH:0
end_of_record
TN:
SF:src/app/account/index.ts
FNF:0
FNH:0
DA:2,1
DA:3,1
DA:4,1
DA:5,1
DA:6,1
DA:7,1
DA:8,1
DA:9,1
DA:10,1
DA:11,1
DA:12,1
DA:13,1
DA:14,1
LF:13
LH:13
BRF:0
BRH:0
end_of_record
TN:
SF:src/app/account/account.component.ts
FN:15,(anonymous_2)
FN:29,AccountComponent
FN:35,(anonymous_4)
FN:39,(anonymous_5)
FN:42,(anonymous_6)
FN:48,(anonymous_7)
FN:49,(anonymous_8)
FN:57,(anonymous_9)
FNF:8
FNH:1
FNDA:1,(anonymous_2)
FNDA:0,AccountComponent
FNDA:0,(anonymous_4)
FNDA:0,(anonymous_5)
FNDA:0,(anonymous_6)
FNDA:0,(anonymous_7)
FNDA:0,(anonymous_8)
FNDA:0,(anonymous_9)
DA:1,1
DA:2,1
DA:4,1
DA:5,1
DA:15,1
DA:21,1
DA:28,0
DA:29,0
DA:35,1
DA:37,0
DA:40,0
DA:43,0
DA:44,0
DA:48,1
DA:49,0
DA:50,0
DA:51,0
DA:52,0
DA:55,0
DA:58,0
DA:61,1
LF:21
LH:9
BRDA:51,1,0,0
BRDA:51,1,1,0
BRF:2
BRH:0
end_of_record
TN:
SF:src/app/account/account-password-modal.component.ts
FN:15,(anonymous_2)
FN:37,AccountPasswordModalComponent
FN:46,(anonymous_4)
FN:55,(anonymous_5)
FN:63,(anonymous_6)
FN:72,(anonymous_7)
FN:76,(anonymous_8)
FN:97,(anonymous_9)
FNF:8
FNH:1
FNDA:1,(anonymous_2)
FNDA:0,AccountPasswordModalComponent
FNDA:0,(anonymous_4)
FNDA:0,(anonymous_5)
FNDA:0,(anonymous_6)
FNDA:0,(anonymous_7)
FNDA:0,(anonymous_8)
FNDA:0,(anonymous_9)
DA:1,1
DA:2,1
DA:3,1
DA:4,1
DA:15,1
DA:16,1
DA:24,0
DA:25,0
DA:27,0
DA:28,0
DA:29,0
DA:36,0
DA:37,0
DA:39,0
DA:46,1
DA:47,0
DA:48,0
DA:55,1
DA:56,0
DA:57,0
DA:63,1
DA:65,0
DA:66,0
DA:72,1
DA:73,0
DA:74,0
DA:78,0
DA:80,0
DA:81,0
DA:85,0
DA:88,0
DA:92,0
DA:93,0
DA:94,0
DA:98,0
DA:99,0
DA:100,0
DA:103,1
LF:38
LH:11
BRDA:78,1,0,0
BRDA:78,1,1,0
BRF:2
BRH:0
end_of_record
TN:
SF:src/app/account/account-profile-modal.component.ts
FN:16,(anonymous_2)
FN:31,AccountProfileModalComponent
FN:37,(anonymous_4)
FN:41,(anonymous_5)
FN:44,(anonymous_6)
FN:50,(anonymous_7)
FN:59,(anonymous_8)
FN:67,(anonymous_9)
FN:71,(anonymous_10)
FN:75,(anonymous_11)
FN:95,(anonymous_12)
FNF:11
FNH:1
FNDA:1,(anonymous_2)
FNDA:0,AccountProfileModalComponent
FNDA:0,(anonymous_4)
FNDA:0,(anonymous_5)
FNDA:0,(anonymous_6)
FNDA:0,(anonymous_7)
FNDA:0,(anonymous_8)
FNDA:0,(anonymous_9)
FNDA:0,(anonymous_10)
FNDA:0,(anonymous_11)
FNDA:0,(anonymous_12)
DA:1,1
DA:2,1
DA:3,1
DA:4,1
DA:16,1
DA:17,1
DA:19,0
DA:20,0
DA:21,0
DA:30,0
DA:31,0
DA:37,1
DA:39,0
DA:42,0
DA:45,0
DA:46,0
DA:50,1
DA:52,0
DA:59,1
DA:60,0
DA:61,0
DA:67,1
DA:68,0
DA:71,1
DA:72,0
DA:73,0
DA:76,0
DA:78,0
DA:79,0
DA:83,0
DA:86,0
DA:90,0
DA:91,0
DA:92,0
DA:96,0
DA:97,0
DA:98,0
DA:101,1
LF:38
LH:12
BRDA:76,1,0,0
BRDA:76,1,1,0
BRF:2
BRH:0
end_of_record
TN:
SF:src/app/account/account-deleteself-modal.component.ts
FN:15,(anonymous_2)
FN:33,AccountDeleteSelfModalComponent
FN:40,(anonymous_4)
FN:48,(anonymous_5)
FN:55,(anonymous_6)
FN:59,(anonymous_7)
FN:80,(anonymous_8)
FNF:7
FNH:1
FNDA:1,(anonymous_2)
FNDA:0,AccountDeleteSelfModalComponent
FNDA:0,(anonymous_4)
FNDA:0,(anonymous_5)
FNDA:0,(anonymous_6)
FNDA:0,(anonymous_7)
FNDA:0,(anonymous_8)
DA:1,1
DA:2,1
DA:3,1
DA:4,1
DA:15,1
DA:16,1
DA:22,0
DA:24,0
DA:25,0
DA:32,0
DA:33,0
DA:40,1
DA:41,0
DA:42,0
DA:48,1
DA:49,0
DA:55,1
DA:56,0
DA:57,0
DA:61,0
DA:63,0
DA:64,0
DA:68,0
DA:71,0
DA:75,0
DA:76,0
DA:77,0
DA:81,0
DA:82,0
DA:83,0
DA:86,1
LF:31
LH:10
BRDA:61,1,0,0
BRDA:61,1,1,0
BRF:2
BRH:0
end_of_record
TN:
SF:src/app/account/gapi-auth.component.ts
FN:23,(anonymous_2)
FN:31,GApiAuthComponent
FN:34,(anonymous_4)
FN:36,(anonymous_5)
FN:44,(anonymous_6)
FN:46,(anonymous_7)
FN:56,(anonymous_8)
FN:60,(anonymous_9)
FN:73,(anonymous_10)
FN:78,(anonymous_11)
FN:80,(anonymous_12)
FN:82,(anonymous_13)
FN:94,(anonymous_14)
FN:97,(anonymous_15)
FNF:14
FNH:1
FNDA:1,(anonymous_2)
FNDA:0,GApiAuthComponent
FNDA:0,(anonymous_4)
FNDA:0,(anonymous_5)
FNDA:0,(anonymous_6)
FNDA:0,(anonymous_7)
FNDA:0,(anonymous_8)
FNDA:0,(anonymous_9)
FNDA:0,(anonymous_10)
FNDA:0,(anonymous_11)
FNDA:0,(anonymous_12)
FNDA:0,(anonymous_13)
FNDA:0,(anonymous_14)
FNDA:0,(anonymous_15)
DA:1,1
DA:10,1
DA:23,1
DA:24,1
DA:28,1
DA:30,0
DA:31,0
DA:34,1
DA:35,0
DA:37,0
DA:38,0
DA:40,0
DA:44,1
DA:45,0
DA:46,0
DA:47,0
DA:56,1
DA:57,0
DA:59,0
DA:62,0
DA:63,0
DA:64,0
DA:71,0
DA:74,0
DA:78,1
DA:79,0
DA:80,0
DA:81,0
DA:83,0
DA:84,0
DA:86,0
DA:88,0
DA:94,1
DA:95,0
DA:96,0
DA:98,0
DA:99,0
DA:101,0
DA:103,0
DA:107,1
LF:40
LH:11
BRDA:37,1,0,0
BRDA:37,1,1,0
BRDA:83,2,0,0
BRDA:83,2,1,0
BRDA:98,3,0,0
BRDA:98,3,1,0
BRF:6
BRH:0
end_of_record
TN:
SF:src/app/account/gapi-auth.service.ts
FN:5,(anonymous_2)
FN:10,GApiAuthService
FN:12,(anonymous_4)
FN:15,(anonymous_5)
FN:33,(anonymous_6)
FNF:5
FNH:1
FNDA:1,(anonymous_2)
FNDA:0,GApiAuthService
FNDA:0,(anonymous_4)
FNDA:0,(anonymous_5)
FNDA:0,(anonymous_6)
DA:1,1
DA:2,1
DA:5,1
DA:7,0
DA:8,0
DA:10,0
DA:12,0
DA:15,1
DA:16,0
DA:17,0
DA:18,0
DA:19,0
DA:20,0
DA:21,0
DA:23,0
DA:24,0
DA:25,0
DA:26,0
DA:27,0
DA:28,0
DA:30,0
DA:33,1
DA:34,0
DA:36,1
LF:24
LH:6
BRDA:16,1,0,0
BRDA:16,1,1,0
BRF:2
BRH:0
end_of_record
TN:
SF:src/app/account/login.component.ts
FN:18,(anonymous_2)
FN:31,LoginComponent
FN:37,(anonymous_4)
FN:41,(anonymous_5)
FN:47,(anonymous_6)
FN:57,(anonymous_7)
FN:64,(anonymous_8)
FN:70,(anonymous_9)
FNF:8
FNH:1
FNDA:1,(anonymous_2)
FNDA:0,LoginComponent
FNDA:0,(anonymous_4)
FNDA:0,(anonymous_5)
FNDA:0,(anonymous_6)
FNDA:0,(anonymous_7)
FNDA:0,(anonymous_8)
FNDA:0,(anonymous_9)
DA:1,1
DA:2,1
DA:3,1
DA:4,1
DA:18,1
DA:20,0
DA:21,0
DA:30,0
DA:31,0
DA:37,1
DA:38,0
DA:39,0
DA:44,0
DA:45,0
DA:48,0
DA:49,0
DA:57,1
DA:58,0
DA:59,0
DA:62,0
DA:63,0
DA:67,0
DA:68,0
DA:71,0
DA:72,0
DA:75,0
DA:76,0
DA:83,1
LF:28
LH:8
BRDA:59,1,0,0
BRDA:59,1,1,0
BRF:2
BRH:0
end_of_record
TN:
SF:src/app/account/recaptcha.component.ts
FN:24,(anonymous_2)
FN:49,ReCaptchaComponent
FN:52,(anonymous_4)
FN:54,(anonymous_5)
FN:65,(anonymous_6)
FN:67,(anonymous_7)
FN:73,(anonymous_8)
FN:81,(anonymous_9)
FN:89,(anonymous_10)
FN:93,(anonymous_11)
FNF:10
FNH:1
FNDA:1,(anonymous_2)
FNDA:0,ReCaptchaComponent
FNDA:0,(anonymous_4)
FNDA:0,(anonymous_5)
FNDA:0,(anonymous_6)
FNDA:0,(anonymous_7)
FNDA:0,(anonymous_8)
FNDA:0,(anonymous_9)
FNDA:0,(anonymous_10)
FNDA:0,(anonymous_11)
DA:1,1
DA:10,1
DA:24,1
DA:27,1
DA:29,1
DA:31,1
DA:33,1
DA:35,1
DA:38,1
DA:41,1
DA:43,1
DA:45,1
DA:46,0
DA:48,0
DA:49,0
DA:52,1
DA:53,0
DA:55,0
DA:56,0
DA:59,0
DA:66,0
DA:68,0
DA:73,1
DA:74,0
DA:75,0
DA:78,0
DA:81,1
DA:82,0
DA:83,0
DA:86,0
DA:89,1
DA:90,0
DA:93,1
DA:94,0
DA:96,1
LF:35
LH:18
BRDA:55,1,0,0
BRDA:55,1,1,0
BRDA:74,2,0,0
BRDA:74,2,1,0
BRDA:82,3,0,0
BRDA:82,3,1,0
BRF:6
BRH:0
end_of_record
TN:
SF:src/app/account/recaptcha.service.ts
FN:18,(anonymous_2)
FN:23,ReCaptchaService
FN:25,(anonymous_4)
FN:28,(anonymous_5)
FN:44,(anonymous_6)
FNF:5
FNH:1
FNDA:1,(anonymous_2)
FNDA:0,ReCaptchaService
FNDA:0,(anonymous_4)
FNDA:0,(anonymous_5)
FNDA:0,(anonymous_6)
DA:1,1
DA:2,1
DA:18,1
DA:20,0
DA:21,0
DA:23,0
DA:25,0
DA:28,1
DA:29,0
DA:30,0
DA:31,0
DA:32,0
DA:33,0
DA:34,0
DA:37,0
DA:38,0
DA:39,0
DA:41,0
DA:44,1
DA:45,0
DA:47,1
LF:21
LH:6
BRDA:29,1,0,0
BRDA:29,1,1,0
BRDA:36,2,0,0
BRDA:36,2,1,0
BRF:4
BRH:0
end_of_record
TN:
SF:src/app/account/register.component.ts
FN:19,(anonymous_2)
FN:35,RegisterComponent
FN:39,(anonymous_4)
FN:43,(anonymous_5)
FN:60,(anonymous_6)
FN:83,(anonymous_7)
FN:94,(anonymous_8)
FN:97,(anonymous_9)
FN:112,(anonymous_10)
FN:125,(anonymous_11)
FN:132,(anonymous_12)
FN:148,(anonymous_13)
FNF:12
FNH:1
FNDA:1,(anonymous_2)
FNDA:0,RegisterComponent
FNDA:0,(anonymous_4)
FNDA:0,(anonymous_5)
FNDA:0,(anonymous_6)
FNDA:0,(anonymous_7)
FNDA:0,(anonymous_8)
FNDA:0,(anonymous_9)
FNDA:0,(anonymous_10)
FNDA:0,(anonymous_11)
FNDA:0,(anonymous_12)
FNDA:0,(anonymous_13)
DA:1,1
DA:2,1
DA:3,1
DA:4,1
DA:5,1
DA:19,1
DA:21,0
DA:22,0
DA:23,0
DA:24,0
DA:25,0
DA:34,0
DA:35,0
DA:36,0
DA:39,1
DA:40,0
DA:43,1
DA:44,0
DA:47,0
DA:58,0
DA:62,0
DA:64,0
DA:70,0
DA:71,0
DA:74,0
DA:79,0
DA:80,0
DA:84,0
DA:85,0
DA:94,1
DA:95,0
DA:96,0
DA:100,0
DA:101,0
DA:103,0
DA:104,0
DA:105,0
DA:114,0
DA:115,0
DA:116,0
DA:117,0
DA:125,1
DA:126,0
DA:127,0
DA:130,0
DA:131,0
DA:133,0
DA:135,0
DA:136,0
DA:139,0
DA:140,0
DA:145,0
DA:149,0
DA:150,0
DA:153,0
DA:154,0
DA:161,1
LF:57
LH:11
BRDA:62,1,0,0
BRDA:62,1,1,0
BRDA:100,2,0,0
BRDA:100,2,1,0
BRDA:127,3,0,0
BRDA:127,3,1,0
BRDA:133,4,0,0
BRDA:133,4,1,0
BRF:8
BRH:0
end_of_record
TN:
SF:src/app/account/reset-pass.component.ts
FN:15,(anonymous_2)
FN:27,ResetPassComponent
FN:34,(anonymous_4)
FN:39,(anonymous_5)
FN:48,(anonymous_6)
FNF:5
FNH:1
FNDA:1,(anonymous_2)
FNDA:0,ResetPassComponent
FNDA:0,(anonymous_4)
FNDA:0,(anonymous_5)
FNDA:0,(anonymous_6)
DA:1,1
DA:2,1
DA:3,1
DA:4,1
DA:15,1
DA:17,0
DA:18,0
DA:26,0
DA:27,0
DA:34,1
DA:35,0
DA:36,0
DA:37,0
DA:40,0
DA:41,0
DA:46,0
DA:49,0
DA:50,0
DA:53,1
LF:19
LH:7
BRF:0
BRH:0
end_of_record
TN:
SF:src/app/account/reset-pass-redeem.component.ts
FN:12,(anonymous_2)
FN:20,ResetPassRedeemComponent
FN:23,(anonymous_4)
FN:24,(anonymous_5)
FN:38,(anonymous_6)
FN:42,(anonymous_7)
FN:51,(anonymous_8)
FN:62,(anonymous_9)
FNF:8
FNH:1
FNDA:1,(anonymous_2)
FNDA:0,ResetPassRedeemComponent
FNDA:0,(anonymous_4)
FNDA:0,(anonymous_5)
FNDA:0,(anonymous_6)
FNDA:0,(anonymous_7)
FNDA:0,(anonymous_8)
FNDA:0,(anonymous_9)
DA:1,1
DA:2,1
DA:3,1
DA:4,1
DA:12,1
DA:13,0
DA:14,0
DA:16,0
DA:17,0
DA:19,0
DA:20,0
DA:23,1
DA:24,0
DA:25,0
DA:26,0
DA:27,0
DA:31,0
DA:33,0
DA:38,1
DA:39,0
DA:42,1
DA:43,0
DA:44,0
DA:45,0
DA:46,0
DA:48,0
DA:49,0
DA:55,0
DA:56,0
DA:60,0
DA:63,0
DA:64,0
DA:68,1
LF:33
LH:9
BRDA:26,1,0,0
BRDA:26,1,1,0
BRDA:44,2,0,0
BRDA:44,2,1,0
BRF:4
BRH:0
end_of_record
TN:
SF:src/app/_guards/child-category.resolve.ts
FN:19,(anonymous_2)
FN:23,ChildCategoriesResolve
FN:26,(anonymous_4)
FN:32,(anonymous_5)
FN:35,(anonymous_6)
FN:46,(anonymous_7)
FNF:6
FNH:1
FNDA:1,(anonymous_2)
FNDA:0,ChildCategoriesResolve
FNDA:0,(anonymous_4)
FNDA:0,(anonymous_5)
FNDA:0,(anonymous_6)
FNDA:0,(anonymous_7)
DA:1,1
DA:2,1
DA:7,1
DA:8,1
DA:9,1
DA:10,1
DA:11,1
DA:12,1
DA:13,1
DA:16,1
DA:19,1
DA:21,0
DA:22,0
DA:23,0
DA:26,1
DA:27,0
DA:29,0
DA:32,0
DA:33,0
DA:34,0
DA:36,0
DA:38,0
DA:40,0
DA:44,0
DA:47,0
DA:52,0
DA:55,1
LF:27
LH:13
BRDA:36,1,0,0
BRDA:36,1,1,0
BRF:2
BRH:0
end_of_record
TN:
SF:src/app/dashboards/index.ts
FNF:0
FNH:0
DA:2,1
DA:3,1
DA:4,1
DA:5,1
DA:6,1
DA:7,1
DA:8,1
DA:9,1
LF:8
LH:8
BRF:0
BRH:0
end_of_record
TN:
SF:src/app/dashboards/categories.service.ts
FN:15,(anonymous_2)
FN:24,CategoriesService
FN:28,(anonymous_4)
FN:31,(anonymous_5)
FN:37,(anonymous_6)
FN:47,(anonymous_7)
FN:56,(anonymous_8)
FN:57,(anonymous_9)
FN:58,(anonymous_10)
FN:67,(anonymous_11)
FN:69,(anonymous_12)
FN:71,(anonymous_13)
FN:76,(anonymous_14)
FN:86,(anonymous_15)
FN:93,(anonymous_16)
FN:97,(anonymous_17)
FN:101,(anonymous_18)
FN:109,(anonymous_19)
FN:134,(anonymous_20)
FN:142,(anonymous_21)
FN:148,(anonymous_22)
FN:151,(anonymous_23)
FN:180,(anonymous_24)
FN:182,(anonymous_25)
FN:191,(anonymous_26)
FN:199,(anonymous_27)
FNF:26
FNH:1
FNDA:1,(anonymous_2)
FNDA:0,CategoriesService
FNDA:0,(anonymous_4)
FNDA:0,(anonymous_5)
FNDA:0,(anonymous_6)
FNDA:0,(anonymous_7)
FNDA:0,(anonymous_8)
FNDA:0,(anonymous_9)
FNDA:0,(anonymous_10)
FNDA:0,(anonymous_11)
FNDA:0,(anonymous_12)
FNDA:0,(anonymous_13)
FNDA:0,(anonymous_14)
FNDA:0,(anonymous_15)
FNDA:0,(anonymous_16)
FNDA:0,(anonymous_17)
FNDA:0,(anonymous_18)
FNDA:0,(anonymous_19)
FNDA:0,(anonymous_20)
FNDA:0,(anonymous_21)
FNDA:0,(anonymous_22)
FNDA:0,(anonymous_23)
FNDA:0,(anonymous_24)
FNDA:0,(anonymous_25)
FNDA:0,(anonymous_26)
FNDA:0,(anonymous_27)
DA:1,1
DA:2,1
DA:3,1
DA:4,1
DA:5,1
DA:9,1
DA:15,1
DA:17,0
DA:19,0
DA:24,0
DA:26,0
DA:29,0
DA:30,0
DA:31,0
DA:32,0
DA:33,0
DA:38,0
DA:39,0
DA:47,1
DA:48,0
DA:56,1
DA:57,0
DA:58,0
DA:67,1
DA:69,0
DA:71,0
DA:73,0
DA:75,0
DA:76,0
DA:86,1
DA:88,0
DA:89,0
DA:90,0
DA:92,0
DA:93,0
DA:94,0
DA:97,0
DA:98,0
DA:101,0
DA:102,0
DA:103,0
DA:105,0
DA:109,0
DA:110,0
DA:111,0
DA:113,0
DA:117,0
DA:118,0
DA:122,0
DA:123,0
DA:126,0
DA:134,1
DA:135,0
DA:138,0
DA:140,0
DA:143,0
DA:145,0
DA:146,0
DA:148,0
DA:149,0
DA:150,0
DA:151,0
DA:153,0
DA:154,0
DA:165,0
DA:166,0
DA:179,0
DA:180,0
DA:181,0
DA:182,0
DA:184,0
DA:185,0
DA:188,0
DA:191,0
DA:199,1
DA:200,0
DA:202,0
DA:204,0
DA:205,0
DA:206,0
DA:208,0
DA:209,0
DA:212,1
LF:83
LH:14
BRDA:32,1,0,0
BRDA:32,1,1,0
BRDA:58,2,0,0
BRDA:58,2,1,0
BRDA:92,3,0,0
BRDA:92,3,1,0
BRDA:92,4,0,0
BRDA:92,4,1,0
BRDA:92,4,2,0
BRDA:102,5,0,0
BRDA:102,5,1,0
BRDA:110,6,0,0
BRDA:110,6,1,0
BRDA:117,7,0,0
BRDA:117,7,1,0
BRDA:122,8,0,0
BRDA:122,8,1,0
BRDA:150,9,0,0
BRDA:150,9,1,0
BRDA:150,10,0,0
BRDA:150,10,1,0
BRDA:153,11,0,0
BRDA:153,11,1,0
BRDA:155,12,0,0
BRDA:155,12,1,0
BRDA:165,13,0,0
BRDA:165,13,1,0
BRDA:167,14,0,0
BRDA:167,14,1,0
BRDA:202,15,0,0
BRDA:202,15,1,0
BRDA:202,16,0,0
BRDA:202,16,1,0
BRF:33
BRH:0
end_of_record
TN:
SF:src/app/dashboards/dashboard-button.component.ts
FN:10,(anonymous_2)
FN:10,DashboardButtonComponent
FNF:2
FNH:1
FNDA:1,(anonymous_2)
FNDA:0,DashboardButtonComponent
DA:1,1
DA:10,1
DA:11,1
DA:12,1
DA:13,1
DA:14,1
LF:6
LH:6
BRF:0
BRH:0
end_of_record
TN:
SF:src/app/dashboards/dashboard-category.component.ts
FN:14,(anonymous_2)
FN:26,DashboardCategoryComponent
FN:30,(anonymous_4)
FN:32,(anonymous_5)
FN:38,(anonymous_6)
FN:48,(anonymous_7)
FN:64,(anonymous_8)
FN:71,(anonymous_9)
FNF:8
FNH:1
FNDA:1,(anonymous_2)
FNDA:0,DashboardCategoryComponent
FNDA:0,(anonymous_4)
FNDA:0,(anonymous_5)
FNDA:0,(anonymous_6)
FNDA:0,(anonymous_7)
FNDA:0,(anonymous_8)
FNDA:0,(anonymous_9)
DA:1,1
DA:2,1
DA:3,1
DA:5,1
DA:6,1
DA:14,1
DA:16,0
DA:17,0
DA:18,0
DA:19,0
DA:20,0
DA:21,0
DA:23,0
DA:24,0
DA:25,0
DA:26,0
DA:27,0
DA:30,1
DA:32,0
DA:34,0
DA:36,0
DA:39,0
DA:40,0
DA:42,0
DA:43,0
DA:45,0
DA:46,0
DA:48,0
DA:50,0
DA:53,0
DA:54,0
DA:57,0
DA:59,0
DA:60,0
DA:65,0
DA:71,1
DA:72,0
DA:75,1
LF:38
LH:9
BRDA:39,1,0,0
BRDA:39,1,1,0
BRDA:39,2,0,0
BRDA:39,2,1,0
BRDA:53,3,0,0
BRDA:53,3,1,0
BRF:6
BRH:0
end_of_record
TN:
SF:src/app/dashboards/dashboard-home.component.ts
FN:14,(anonymous_2)
FN:20,DashboardHomeComponent
FN:23,(anonymous_4)
FN:26,(anonymous_5)
FN:27,(anonymous_6)
FN:33,(anonymous_7)
FNF:6
FNH:1
FNDA:1,(anonymous_2)
FNDA:0,DashboardHomeComponent
FNDA:0,(anonymous_4)
FNDA:0,(anonymous_5)
FNDA:0,(anonymous_6)
FNDA:0,(anonymous_7)
DA:1,1
DA:3,1
DA:4,1
DA:14,1
DA:16,0
DA:17,0
DA:19,0
DA:20,0
DA:23,1
DA:24,0
DA:27,0
DA:28,0
DA:29,0
DA:30,0
DA:34,0
DA:37,1
LF:16
LH:6
BRF:0
BRH:0
end_of_record
TN:
SF:src/app/dashboards/result-cards.component.ts
FN:30,(anonymous_2)
FN:88,ResultCardsComponent
FN:90,(anonymous_4)
FN:99,(anonymous_5)
FN:131,(anonymous_6)
FN:156,(anonymous_7)
FN:160,(anonymous_8)
FN:163,(anonymous_9)
FN:166,(anonymous_10)
FN:170,(anonymous_11)
FN:178,(anonymous_12)
FN:181,(anonymous_13)
FN:184,(anonymous_14)
FN:187,(anonymous_15)
FN:200,(anonymous_16)
FN:205,(anonymous_17)
FN:215,(anonymous_18)
FN:221,(anonymous_19)
FN:233,(anonymous_20)
FN:241,(anonymous_21)
FN:248,(anonymous_22)
FN:257,(anonymous_23)
FN:271,(anonymous_24)
FN:280,(anonymous_25)
FN:288,(anonymous_26)
FN:291,(anonymous_27)
FN:294,(anonymous_28)
FN:297,(anonymous_29)
FN:310,(anonymous_30)
FN:315,(anonymous_31)
FN:325,(anonymous_32)
FN:332,(anonymous_33)
FN:337,(anonymous_34)
FN:342,(anonymous_35)
FN:347,(anonymous_36)
FN:353,(anonymous_37)
FN:356,(anonymous_38)
FN:368,(anonymous_39)
FN:373,(anonymous_40)
FN:379,(anonymous_41)
FN:381,(anonymous_42)
FN:393,(anonymous_43)
FN:398,(anonymous_44)
FN:404,(anonymous_45)
FN:406,(anonymous_46)
FN:418,(anonymous_47)
FN:423,(anonymous_48)
FN:429,(anonymous_49)
FN:431,(anonymous_50)
FN:443,(anonymous_51)
FN:450,(anonymous_52)
FN:451,(anonymous_53)
FN:454,(anonymous_54)
FN:457,(anonymous_55)
FN:460,(anonymous_56)
FN:465,(anonymous_57)
FN:467,(anonymous_58)
FN:468,(anonymous_59)
FN:470,(anonymous_60)
FN:471,(anonymous_61)
FN:473,(anonymous_62)
FN:474,(anonymous_63)
FN:476,(anonymous_64)
FN:477,(anonymous_65)
FN:485,(anonymous_66)
FN:497,(anonymous_67)
FN:508,(anonymous_68)
FN:513,(anonymous_69)
FN:524,(anonymous_70)
FN:526,(anonymous_71)
FN:528,(anonymous_72)
FN:532,(anonymous_73)
FN:550,(anonymous_74)
FN:552,(anonymous_75)
FN:557,(anonymous_76)
FN:564,(anonymous_77)
FN:566,(anonymous_78)
FN:575,(anonymous_79)
FN:582,(anonymous_80)
FN:585,(anonymous_81)
FN:588,(anonymous_82)
FN:589,(anonymous_83)
FN:596,(anonymous_84)
FN:614,(anonymous_85)
FN:619,(anonymous_86)
FN:622,(anonymous_87)
FN:629,(anonymous_88)
FN:632,(anonymous_89)
FN:639,(anonymous_90)
FN:642,(anonymous_91)
FN:649,(anonymous_92)
FN:652,(anonymous_93)
FN:653,(anonymous_94)
FN:680,(anonymous_95)
FNF:94
FNH:1
FNDA:1,(anonymous_2)
FNDA:0,ResultCardsComponent
FNDA:0,(anonymous_4)
FNDA:0,(anonymous_5)
FNDA:0,(anonymous_6)
FNDA:0,(anonymous_7)
FNDA:0,(anonymous_8)
FNDA:0,(anonymous_9)
FNDA:0,(anonymous_10)
FNDA:0,(anonymous_11)
FNDA:0,(anonymous_12)
FNDA:0,(anonymous_13)
FNDA:0,(anonymous_14)
FNDA:0,(anonymous_15)
FNDA:0,(anonymous_16)
FNDA:0,(anonymous_17)
FNDA:0,(anonymous_18)
FNDA:0,(anonymous_19)
FNDA:0,(anonymous_20)
FNDA:0,(anonymous_21)
FNDA:0,(anonymous_22)
FNDA:0,(anonymous_23)
FNDA:0,(anonymous_24)
FNDA:0,(anonymous_25)
FNDA:0,(anonymous_26)
FNDA:0,(anonymous_27)
FNDA:0,(anonymous_28)
FNDA:0,(anonymous_29)
FNDA:0,(anonymous_30)
FNDA:0,(anonymous_31)
FNDA:0,(anonymous_32)
FNDA:0,(anonymous_33)
FNDA:0,(anonymous_34)
FNDA:0,(anonymous_35)
FNDA:0,(anonymous_36)
FNDA:0,(anonymous_37)
FNDA:0,(anonymous_38)
FNDA:0,(anonymous_39)
FNDA:0,(anonymous_40)
FNDA:0,(anonymous_41)
FNDA:0,(anonymous_42)
FNDA:0,(anonymous_43)
FNDA:0,(anonymous_44)
FNDA:0,(anonymous_45)
FNDA:0,(anonymous_46)
FNDA:0,(anonymous_47)
FNDA:0,(anonymous_48)
FNDA:0,(anonymous_49)
FNDA:0,(anonymous_50)
FNDA:0,(anonymous_51)
FNDA:0,(anonymous_52)
FNDA:0,(anonymous_53)
FNDA:0,(anonymous_54)
FNDA:0,(anonymous_55)
FNDA:0,(anonymous_56)
FNDA:0,(anonymous_57)
FNDA:0,(anonymous_58)
FNDA:0,(anonymous_59)
FNDA:0,(anonymous_60)
FNDA:0,(anonymous_61)
FNDA:0,(anonymous_62)
FNDA:0,(anonymous_63)
FNDA:0,(anonymous_64)
FNDA:0,(anonymous_65)
FNDA:0,(anonymous_66)
FNDA:0,(anonymous_67)
FNDA:0,(anonymous_68)
FNDA:0,(anonymous_69)
FNDA:0,(anonymous_70)
FNDA:0,(anonymous_71)
FNDA:0,(anonymous_72)
FNDA:0,(anonymous_73)
FNDA:0,(anonymous_74)
FNDA:0,(anonymous_75)
FNDA:0,(anonymous_76)
FNDA:0,(anonymous_77)
FNDA:0,(anonymous_78)
FNDA:0,(anonymous_79)
FNDA:0,(anonymous_80)
FNDA:0,(anonymous_81)
FNDA:0,(anonymous_82)
FNDA:0,(anonymous_83)
FNDA:0,(anonymous_84)
FNDA:0,(anonymous_85)
FNDA:0,(anonymous_86)
FNDA:0,(anonymous_87)
FNDA:0,(anonymous_88)
FNDA:0,(anonymous_89)
FNDA:0,(anonymous_90)
FNDA:0,(anonymous_91)
FNDA:0,(anonymous_92)
FNDA:0,(anonymous_93)
FNDA:0,(anonymous_94)
FNDA:0,(anonymous_95)
DA:1,1
DA:2,1
DA:3,1
DA:5,1
DA:13,1
DA:14,1
DA:15,1
DA:16,1
DA:18,1
DA:19,1
DA:30,1
DA:31,1
DA:33,1
DA:36,0
DA:38,0
DA:40,0
DA:41,0
DA:42,0
DA:43,0
DA:44,0
DA:45,0
DA:47,0
DA:48,0
DA:49,0
DA:50,0
DA:51,0
DA:52,0
DA:53,0
DA:54,0
DA:55,0
DA:56,0
DA:57,0
DA:58,0
DA:59,0
DA:63,0
DA:64,0
DA:65,0
DA:81,0
DA:82,0
DA:83,0
DA:84,0
DA:85,0
DA:86,0
DA:87,0
DA:88,0
DA:90,0
DA:92,0
DA:99,1
DA:101,0
DA:108,0
DA:124,0
DA:125,0
DA:126,0
DA:127,0
DA:129,0
DA:130,0
DA:131,0
DA:132,0
DA:133,0
DA:134,0
DA:135,0
DA:137,0
DA:138,0
DA:143,0
DA:148,0
DA:150,0
DA:157,0
DA:158,0
DA:159,0
DA:160,0
DA:161,0
DA:162,0
DA:163,0
DA:164,0
DA:165,0
DA:166,0
DA:167,0
DA:168,0
DA:171,0
DA:172,0
DA:177,0
DA:179,0
DA:182,0
DA:184,0
DA:185,0
DA:187,0
DA:188,0
DA:189,0
DA:191,0
DA:192,0
DA:194,0
DA:195,0
DA:197,0
DA:201,0
DA:202,0
DA:206,0
DA:214,0
DA:216,0
DA:217,0
DA:218,0
DA:222,0
DA:223,0
DA:225,0
DA:230,0
DA:234,0
DA:241,1
DA:242,0
DA:248,1
DA:251,0
DA:254,1
DA:258,0
DA:263,0
DA:265,0
DA:272,0
DA:273,0
DA:274,0
DA:275,0
DA:276,0
DA:277,0
DA:278,0
DA:281,0
DA:282,0
DA:287,0
DA:289,0
DA:292,0
DA:294,0
DA:295,0
DA:297,0
DA:298,0
DA:299,0
DA:301,0
DA:302,0
DA:304,0
DA:305,0
DA:307,0
DA:311,0
DA:312,0
DA:316,0
DA:325,1
DA:326,0
DA:327,0
DA:329,0
DA:330,0
DA:331,0
DA:332,0
DA:333,0
DA:334,0
DA:337,0
DA:338,0
DA:342,1
DA:343,0
DA:344,0
DA:345,0
DA:346,0
DA:347,0
DA:350,0
DA:351,0
DA:353,0
DA:356,0
DA:357,0
DA:359,0
DA:361,0
DA:365,0
DA:368,1
DA:369,0
DA:370,0
DA:371,0
DA:372,0
DA:373,0
DA:376,0
DA:377,0
DA:379,0
DA:381,0
DA:382,0
DA:384,0
DA:386,0
DA:390,0
DA:393,1
DA:394,0
DA:395,0
DA:396,0
DA:397,0
DA:398,0
DA:401,0
DA:402,0
DA:404,0
DA:406,0
DA:407,0
DA:409,0
DA:411,0
DA:415,0
DA:418,1
DA:419,0
DA:420,0
DA:421,0
DA:422,0
DA:423,0
DA:426,0
DA:427,0
DA:429,0
DA:431,0
DA:432,0
DA:434,0
DA:436,0
DA:440,0
DA:443,1
DA:444,0
DA:450,1
DA:451,0
DA:452,0
DA:454,0
DA:455,0
DA:457,0
DA:458,0
DA:460,0
DA:461,0
DA:465,1
DA:466,0
DA:467,0
DA:468,0
DA:469,0
DA:470,0
DA:471,0
DA:472,0
DA:473,0
DA:474,0
DA:475,0
DA:476,0
DA:477,0
DA:479,0
DA:485,1
DA:486,0
DA:488,0
DA:497,1
DA:498,0
DA:499,0
DA:508,1
DA:510,0
DA:513,1
DA:524,1
DA:525,0
DA:526,0
DA:527,0
DA:528,0
DA:529,0
DA:531,0
DA:532,0
DA:533,0
DA:534,0
DA:536,0
DA:539,0
DA:542,0
DA:550,1
DA:551,0
DA:553,0
DA:557,0
DA:558,0
DA:561,0
DA:564,1
DA:565,0
DA:567,0
DA:568,0
DA:570,0
DA:575,0
DA:576,0
DA:579,0
DA:582,1
DA:583,0
DA:584,0
DA:586,0
DA:587,0
DA:588,0
DA:590,0
DA:596,0
DA:597,0
DA:600,0
DA:611,1
DA:615,0
DA:616,0
DA:617,0
DA:618,0
DA:619,0
DA:620,0
DA:622,0
DA:623,0
DA:624,0
DA:626,0
DA:629,0
DA:630,0
DA:632,0
DA:633,0
DA:634,0
DA:636,0
DA:639,0
DA:640,0
DA:642,0
DA:643,0
DA:644,0
DA:646,0
DA:649,0
DA:650,0
DA:652,0
DA:654,0
DA:655,0
DA:657,0
DA:660,0
DA:661,0
DA:662,0
DA:664,0
DA:665,0
DA:667,0
DA:668,0
DA:670,0
DA:671,0
DA:674,0
DA:675,0
DA:677,0
DA:680,1
DA:681,0
DA:682,0
DA:684,0
DA:685,0
DA:687,0
DA:691,1
LF:324
LH:36
BRDA:188,1,0,0
BRDA:188,1,1,0
BRDA:188,2,0,0
BRDA:188,2,1,0
BRDA:191,3,0,0
BRDA:191,3,1,0
BRDA:194,4,0,0
BRDA:194,4,1,0
BRDA:216,5,0,0
BRDA:216,5,1,0
BRDA:222,6,0,0
BRDA:222,6,1,0
BRDA:298,7,0,0
BRDA:298,7,1,0
BRDA:298,8,0,0
BRDA:298,8,1,0
BRDA:301,9,0,0
BRDA:301,9,1,0
BRDA:304,10,0,0
BRDA:304,10,1,0
BRDA:326,11,0,0
BRDA:326,11,1,0
BRDA:329,12,0,0
BRDA:329,12,1,0
BRDA:331,13,0,0
BRDA:331,13,1,0
BRDA:333,14,0,0
BRDA:333,14,1,0
BRDA:350,15,0,0
BRDA:350,15,1,0
BRDA:376,16,0,0
BRDA:376,16,1,0
BRDA:401,17,0,0
BRDA:401,17,1,0
BRDA:426,18,0,0
BRDA:426,18,1,0
BRDA:525,19,0,0
BRDA:525,19,1,0
BRDA:525,20,0,0
BRDA:525,20,1,0
BRDA:527,21,0,0
BRDA:527,21,1,0
BRDA:527,21,2,0
BRDA:531,22,0,0
BRDA:531,22,1,0
BRDA:531,23,0,0
BRDA:531,23,1,0
BRDA:532,24,0,0
BRDA:532,24,1,0
BRDA:533,25,0,0
BRDA:533,25,1,0
BRDA:567,26,0,0
BRDA:567,26,1,0
BRDA:586,27,0,0
BRDA:586,27,1,0
BRDA:588,28,0,0
BRDA:588,28,1,0
BRDA:588,28,2,0
BRDA:623,29,0,0
BRDA:623,29,1,0
BRDA:633,30,0,0
BRDA:633,30,1,0
BRDA:643,31,0,0
BRDA:643,31,1,0
BRDA:652,32,0,0
BRDA:652,32,1,0
BRDA:652,32,2,0
BRDA:654,33,0,0
BRDA:654,33,1,0
BRDA:661,34,0,0
BRDA:661,34,1,0
BRDA:664,35,0,0
BRDA:664,35,1,0
BRDA:667,36,0,0
BRDA:667,36,1,0
BRDA:670,37,0,0
BRDA:670,37,1,0
BRDA:674,38,0,0
BRDA:674,38,1,0
BRDA:681,39,0,0
BRDA:681,39,1,0
BRDA:681,40,0,0
BRDA:681,40,1,0
BRDA:681,40,2,0
BRDA:681,41,0,0
BRDA:681,41,1,0
BRDA:684,42,0,0
BRDA:684,42,1,0
BRDA:684,43,0,0
BRDA:684,43,1,0
BRF:90
BRH:0
end_of_record
TN:
SF:src/app/search/index.ts
FNF:0
FNH:0
DA:1,1
DA:2,1
DA:3,1
DA:4,1
DA:5,1
DA:6,1
DA:7,1
LF:7
LH:7
BRF:0
BRH:0
end_of_record
TN:
SF:src/app/search/search.component.ts
FN:21,(anonymous_2)
FN:65,SearchComponent
FN:72,(anonymous_4)
FN:74,(anonymous_5)
FN:109,(anonymous_6)
FN:120,(anonymous_7)
FN:132,(anonymous_8)
FN:142,(anonymous_9)
FN:153,(anonymous_10)
FN:167,(anonymous_11)
FN:177,(anonymous_12)
FN:201,(anonymous_13)
FN:211,(anonymous_14)
FN:222,(anonymous_15)
FN:233,(anonymous_16)
FN:240,(anonymous_17)
FN:253,(anonymous_18)
FN:256,(anonymous_19)
FN:262,(anonymous_20)
FN:267,(anonymous_21)
FN:276,(anonymous_22)
FN:276,Search
FNF:22
FNH:2
FNDA:1,(anonymous_2)
FNDA:0,SearchComponent
FNDA:0,(anonymous_4)
FNDA:0,(anonymous_5)
FNDA:0,(anonymous_6)
FNDA:0,(anonymous_7)
FNDA:0,(anonymous_8)
FNDA:0,(anonymous_9)
FNDA:0,(anonymous_10)
FNDA:0,(anonymous_11)
FNDA:0,(anonymous_12)
FNDA:0,(anonymous_13)
FNDA:0,(anonymous_14)
FNDA:0,(anonymous_15)
FNDA:0,(anonymous_16)
FNDA:0,(anonymous_17)
FNDA:0,(anonymous_18)
FNDA:0,(anonymous_19)
FNDA:0,(anonymous_20)
FNDA:0,(anonymous_21)
FNDA:1,(anonymous_22)
FNDA:0,Search
DA:1,1
DA:3,1
DA:4,1
DA:6,1
DA:7,1
DA:8,1
DA:10,1
DA:21,1
DA:22,1
DA:25,0
DA:28,0
DA:46,0
DA:48,0
DA:62,0
DA:63,0
DA:64,0
DA:65,0
DA:72,1
DA:74,0
DA:75,0
DA:76,0
DA:78,0
DA:81,0
DA:82,0
DA:84,0
DA:87,0
DA:88,0
DA:89,0
DA:90,0
DA:92,0
DA:93,0
DA:96,0
DA:97,0
DA:99,0
DA:102,0
DA:103,0
DA:105,0
DA:106,0
DA:109,0
DA:110,0
DA:111,0
DA:115,0
DA:116,0
DA:117,0
DA:121,0
DA:122,0
DA:124,0
DA:129,0
DA:133,0
DA:142,1
DA:143,0
DA:153,1
DA:154,0
DA:167,1
DA:168,0
DA:170,0
DA:178,0
DA:181,0
DA:183,0
DA:192,0
DA:193,0
DA:199,0
DA:202,0
DA:203,0
DA:211,1
DA:212,0
DA:213,0
DA:214,0
DA:215,0
DA:222,1
DA:223,0
DA:224,0
DA:233,1
DA:234,0
DA:240,1
DA:241,0
DA:253,1
DA:254,0
DA:255,0
DA:257,0
DA:262,1
DA:263,0
DA:264,0
DA:267,1
DA:268,0
DA:269,0
DA:271,1
DA:276,1
DA:283,1
LF:89
LH:23
BRDA:75,1,0,0
BRDA:75,1,1,0
BRDA:81,2,0,0
BRDA:81,2,1,0
BRDA:87,3,0,0
BRDA:87,3,1,0
BRDA:96,4,0,0
BRDA:96,4,1,0
BRDA:102,5,0,0
BRDA:102,5,1,0
BRDA:103,6,0,0
BRDA:103,6,1,0
BRDA:105,7,0,0
BRDA:105,7,1,0
BRDA:115,8,0,0
BRDA:115,8,1,0
BRDA:121,9,0,0
BRDA:121,9,1,0
BRDA:181,10,0,0
BRDA:181,10,1,0
BRDA:223,11,0,0
BRDA:223,11,1,0
BRDA:254,12,0,0
BRDA:254,12,1,0
BRF:24
BRH:0
end_of_record
TN:
SF:src/app/search/result.service.ts
FN:13,(anonymous_4)
FN:24,ResultService
FN:41,(anonymous_6)
FN:57,(anonymous_7)
FN:60,(anonymous_8)
FN:64,(anonymous_9)
FN:81,(anonymous_10)
FN:100,(anonymous_11)
FN:116,(anonymous_12)
FN:119,(anonymous_13)
FN:123,(anonymous_14)
FN:140,(anonymous_15)
FN:148,(anonymous_16)
FNF:13
FNH:1
FNDA:1,(anonymous_4)
FNDA:0,ResultService
FNDA:0,(anonymous_6)
FNDA:0,(anonymous_7)
FNDA:0,(anonymous_8)
FNDA:0,(anonymous_9)
FNDA:0,(anonymous_10)
FNDA:0,(anonymous_11)
FNDA:0,(anonymous_12)
FNDA:0,(anonymous_13)
FNDA:0,(anonymous_14)
FNDA:0,(anonymous_15)
FNDA:0,(anonymous_16)
DA:1,1
DA:2,1
DA:3,1
DA:4,1
DA:6,1
DA:7,1
DA:8,1
DA:10,1
DA:13,1
DA:16,0
DA:23,0
DA:24,0
DA:37,1
DA:38,0
DA:39,0
DA:40,0
DA:43,0
DA:44,0
DA:45,0
DA:46,0
DA:47,0
DA:48,0
DA:49,0
DA:50,0
DA:55,0
DA:58,0
DA:59,0
DA:60,0
DA:61,0
DA:62,0
DA:64,0
DA:65,0
DA:66,0
DA:67,0
DA:68,0
DA:70,0
DA:71,0
DA:73,0
DA:74,0
DA:81,0
DA:95,1
DA:96,0
DA:98,0
DA:99,0
DA:102,0
DA:103,0
DA:104,0
DA:105,0
DA:106,0
DA:107,0
DA:108,0
DA:109,0
DA:114,0
DA:117,0
DA:118,0
DA:119,0
DA:120,0
DA:121,0
DA:123,0
DA:124,0
DA:125,0
DA:126,0
DA:127,0
DA:129,0
DA:130,0
DA:132,0
DA:133,0
DA:140,0
DA:148,1
DA:149,0
DA:151,0
DA:152,0
DA:153,0
DA:154,0
DA:156,0
DA:157,0
DA:160,1
LF:77
LH:13
BRDA:38,1,0,0
BRDA:38,1,1,0
BRDA:39,2,0,0
BRDA:39,2,1,0
BRDA:40,3,0,0
BRDA:40,3,1,0
BRDA:49,4,0,0
BRDA:49,4,1,0
BRDA:58,5,0,0
BRDA:58,5,1,0
BRDA:96,6,0,0
BRDA:96,6,1,0
BRDA:98,7,0,0
BRDA:98,7,1,0
BRDA:99,8,0,0
BRDA:99,8,1,0
BRDA:108,9,0,0
BRDA:108,9,1,0
BRDA:117,10,0,0
BRDA:117,10,1,0
BRDA:151,11,0,0
BRDA:151,11,1,0
BRF:22
BRH:0
end_of_record
TN:
SF:src/app/search/result-detail-modal.component.ts
FN:15,(anonymous_2)
FN:29,ResultDetailModalComponent
FN:32,(anonymous_4)
FN:34,(anonymous_5)
FN:39,(anonymous_6)
FN:41,(anonymous_7)
FN:46,(anonymous_8)
FN:54,(anonymous_9)
FN:60,(anonymous_10)
FN:67,(anonymous_11)
FN:80,(anonymous_12)
FN:88,(anonymous_13)
FN:91,(anonymous_14)
FN:98,(anonymous_15)
FN:110,(anonymous_16)
FN:114,(anonymous_17)
FNF:16
FNH:1
FNDA:1,(anonymous_2)
FNDA:0,ResultDetailModalComponent
FNDA:0,(anonymous_4)
FNDA:0,(anonymous_5)
FNDA:0,(anonymous_6)
FNDA:0,(anonymous_7)
FNDA:0,(anonymous_8)
FNDA:0,(anonymous_9)
FNDA:0,(anonymous_10)
FNDA:0,(anonymous_11)
FNDA:0,(anonymous_12)
FNDA:0,(anonymous_13)
FNDA:0,(anonymous_14)
FNDA:0,(anonymous_15)
FNDA:0,(anonymous_16)
FNDA:0,(anonymous_17)
DA:1,1
DA:2,1
DA:4,1
DA:5,1
DA:6,1
DA:8,1
DA:15,1
DA:18,0
DA:19,0
DA:20,0
DA:22,1
DA:24,1
DA:26,0
DA:27,0
DA:28,0
DA:29,0
DA:32,1
DA:33,0
DA:35,0
DA:36,0
DA:37,0
DA:40,0
DA:41,0
DA:42,0
DA:47,0
DA:48,0
DA:51,0
DA:55,0
DA:56,0
DA:60,1
DA:61,0
DA:62,0
DA:64,0
DA:68,0
DA:69,0
DA:71,0
DA:77,0
DA:81,0
DA:84,0
DA:88,1
DA:89,0
DA:90,0
DA:92,0
DA:99,0
DA:102,0
DA:110,1
DA:111,0
DA:114,1
DA:115,0
DA:117,1
LF:50
LH:15
BRDA:35,1,0,0
BRDA:35,1,1,0
BRDA:61,2,0,0
BRDA:61,2,1,0
BRDA:68,3,0,0
BRDA:68,3,1,0
BRDA:89,4,0,0
BRDA:89,4,1,0
BRF:8
BRH:0
end_of_record
TN:
SF:src/app/owc/index.ts
FNF:0
FNH:0
DA:2,1
DA:3,1
DA:4,1
DA:5,1
DA:6,1
DA:7,1
DA:8,1
DA:9,1
DA:10,1
DA:11,1
DA:12,1
DA:13,1
DA:14,1
DA:15,1
DA:16,1
DA:17,1
LF:16
LH:16
BRF:0
BRH:0
end_of_record
TN:
SF:src/app/owc/collections.service.ts
FN:15,(anonymous_4)
FN:20,CollectionsService
FN:28,(anonymous_6)
FN:36,(anonymous_7)
FN:47,(anonymous_8)
FN:58,(anonymous_9)
FN:71,(anonymous_10)
FN:91,(anonymous_11)
FN:101,(anonymous_12)
FN:115,(anonymous_13)
FN:126,(anonymous_14)
FN:143,(anonymous_15)
FN:154,(anonymous_16)
FN:162,(anonymous_17)
FN:166,(anonymous_18)
FN:168,(anonymous_19)
FN:172,(anonymous_20)
FN:194,(anonymous_21)
FN:201,(anonymous_22)
FN:206,(anonymous_23)
FN:224,(anonymous_24)
FN:231,(anonymous_25)
FN:252,(anonymous_26)
FN:259,(anonymous_27)
FN:275,(anonymous_28)
FN:282,(anonymous_29)
FN:304,(anonymous_30)
FN:312,(anonymous_31)
FN:334,(anonymous_32)
FN:344,(anonymous_33)
FN:375,(anonymous_34)
FN:385,(anonymous_35)
FN:409,(anonymous_36)
FN:419,(anonymous_37)
FN:443,(anonymous_38)
FN:453,(anonymous_39)
FN:476,(anonymous_40)
FN:487,(anonymous_41)
FN:503,(anonymous_42)
FNF:39
FNH:1
FNDA:1,(anonymous_4)
FNDA:0,CollectionsService
FNDA:0,(anonymous_6)
FNDA:0,(anonymous_7)
FNDA:0,(anonymous_8)
FNDA:0,(anonymous_9)
FNDA:0,(anonymous_10)
FNDA:0,(anonymous_11)
FNDA:0,(anonymous_12)
FNDA:0,(anonymous_13)
FNDA:0,(anonymous_14)
FNDA:0,(anonymous_15)
FNDA:0,(anonymous_16)
FNDA:0,(anonymous_17)
FNDA:0,(anonymous_18)
FNDA:0,(anonymous_19)
FNDA:0,(anonymous_20)
FNDA:0,(anonymous_21)
FNDA:0,(anonymous_22)
FNDA:0,(anonymous_23)
FNDA:0,(anonymous_24)
FNDA:0,(anonymous_25)
FNDA:0,(anonymous_26)
FNDA:0,(anonymous_27)
FNDA:0,(anonymous_28)
FNDA:0,(anonymous_29)
FNDA:0,(anonymous_30)
FNDA:0,(anonymous_31)
FNDA:0,(anonymous_32)
FNDA:0,(anonymous_33)
FNDA:0,(anonymous_34)
FNDA:0,(anonymous_35)
FNDA:0,(anonymous_36)
FNDA:0,(anonymous_37)
FNDA:0,(anonymous_38)
FNDA:0,(anonymous_39)
FNDA:0,(anonymous_40)
FNDA:0,(anonymous_41)
FNDA:0,(anonymous_42)
DA:1,1
DA:2,1
DA:3,1
DA:4,1
DA:5,1
DA:6,1
DA:9,1
DA:12,1
DA:15,1
DA:17,0
DA:18,0
DA:19,0
DA:20,0
DA:28,1
DA:29,0
DA:36,1
DA:38,0
DA:39,0
DA:41,0
DA:42,0
DA:45,0
DA:48,0
DA:49,0
DA:52,0
DA:58,1
DA:60,0
DA:61,0
DA:62,0
DA:64,0
DA:65,0
DA:66,0
DA:69,0
DA:72,0
DA:73,0
DA:74,0
DA:76,0
DA:78,0
DA:91,1
DA:93,0
DA:94,0
DA:95,0
DA:96,0
DA:99,0
DA:102,0
DA:103,0
DA:104,0
DA:106,0
DA:108,0
DA:115,1
DA:117,0
DA:118,0
DA:120,0
DA:121,0
DA:124,0
DA:127,0
DA:128,0
DA:131,0
DA:143,1
DA:145,0
DA:146,0
DA:147,0
DA:148,0
DA:149,0
DA:150,0
DA:151,0
DA:153,0
DA:154,0
DA:156,0
DA:157,0
DA:160,0
DA:163,0
DA:164,0
DA:165,0
DA:166,0
DA:167,0
DA:168,0
DA:169,0
DA:170,0
DA:172,0
DA:173,0
DA:174,0
DA:175,0
DA:176,0
DA:178,0
DA:180,0
DA:183,0
DA:194,1
DA:195,0
DA:196,0
DA:197,0
DA:198,0
DA:200,0
DA:203,0
DA:205,0
DA:206,0
DA:208,0
DA:224,1
DA:225,0
DA:226,0
DA:227,0
DA:228,0
DA:229,0
DA:232,0
DA:233,0
DA:236,0
DA:252,1
DA:253,0
DA:254,0
DA:255,0
DA:256,0
DA:257,0
DA:260,0
DA:261,0
DA:264,0
DA:275,1
DA:276,0
DA:277,0
DA:278,0
DA:279,0
DA:280,0
DA:283,0
DA:284,0
DA:287,0
DA:304,1
DA:305,0
DA:306,0
DA:308,0
DA:309,0
DA:310,0
DA:313,0
DA:314,0
DA:317,0
DA:334,1
DA:335,0
DA:336,0
DA:337,0
DA:338,0
DA:340,0
DA:341,0
DA:342,0
DA:345,0
DA:346,0
DA:348,0
DA:349,0
DA:351,0
DA:352,0
DA:355,0
DA:375,1
DA:376,0
DA:377,0
DA:378,0
DA:379,0
DA:381,0
DA:382,0
DA:383,0
DA:386,0
DA:387,0
DA:390,0
DA:409,1
DA:410,0
DA:411,0
DA:412,0
DA:413,0
DA:415,0
DA:416,0
DA:417,0
DA:420,0
DA:421,0
DA:424,0
DA:443,1
DA:444,0
DA:445,0
DA:446,0
DA:447,0
DA:449,0
DA:450,0
DA:451,0
DA:454,0
DA:455,0
DA:458,0
DA:476,1
DA:477,0
DA:478,0
DA:479,0
DA:480,0
DA:481,0
DA:483,0
DA:484,0
DA:485,0
DA:488,0
DA:489,0
DA:492,0
DA:503,1
DA:504,0
DA:506,0
DA:507,0
DA:508,0
DA:509,0
DA:511,0
DA:512,0
DA:515,1
LF:201
LH:27
BRDA:49,1,0,0
BRDA:49,1,1,0
BRDA:61,2,0,0
BRDA:61,2,1,0
BRDA:74,3,0,0
BRDA:74,3,1,0
BRDA:74,4,0,0
BRDA:74,4,1,0
BRDA:104,5,0,0
BRDA:104,5,1,0
BRDA:104,6,0,0
BRDA:104,6,1,0
BRDA:127,7,0,0
BRDA:127,7,1,0
BRDA:128,8,0,0
BRDA:128,8,1,0
BRDA:149,9,0,0
BRDA:149,9,1,0
BRDA:153,10,0,0
BRDA:153,10,1,0
BRDA:153,11,0,0
BRDA:153,11,1,0
BRDA:156,12,0,0
BRDA:156,12,1,0
BRDA:163,13,0,0
BRDA:163,13,1,0
BRDA:164,14,0,0
BRDA:164,14,1,0
BRDA:167,15,0,0
BRDA:167,15,1,0
BRDA:205,16,0,0
BRDA:205,16,1,0
BRDA:233,17,0,0
BRDA:233,17,1,0
BRDA:261,18,0,0
BRDA:261,18,1,0
BRDA:284,19,0,0
BRDA:284,19,1,0
BRDA:314,20,0,0
BRDA:314,20,1,0
BRDA:346,21,0,0
BRDA:346,21,1,0
BRDA:348,22,0,0
BRDA:348,22,1,0
BRDA:387,23,0,0
BRDA:387,23,1,0
BRDA:421,24,0,0
BRDA:421,24,1,0
BRDA:455,25,0,0
BRDA:455,25,1,0
BRDA:489,26,0,0
BRDA:489,26,1,0
BRDA:506,27,0,0
BRDA:506,27,1,0
BRF:54
BRH:0
end_of_record
TN:
SF:src/app/owc/collections.component.ts
FN:22,(anonymous_2)
FN:208,CollectionsComponent
FN:32,(anonymous_4)
FN:34,(anonymous_5)
FN:50,(anonymous_6)
FN:71,(anonymous_7)
FN:78,(anonymous_8)
FN:85,(anonymous_9)
FN:90,(anonymous_10)
FN:100,(anonymous_11)
FN:103,(anonymous_12)
FN:112,(anonymous_13)
FN:121,(anonymous_14)
FN:124,(anonymous_15)
FN:134,(anonymous_16)
FN:143,(anonymous_17)
FN:145,(anonymous_18)
FN:149,(anonymous_19)
FN:155,(anonymous_20)
FN:159,(anonymous_21)
FN:163,(anonymous_22)
FN:173,(anonymous_23)
FN:176,(anonymous_24)
FNF:23
FNH:1
FNDA:1,(anonymous_2)
FNDA:0,CollectionsComponent
FNDA:0,(anonymous_4)
FNDA:0,(anonymous_5)
FNDA:0,(anonymous_6)
FNDA:0,(anonymous_7)
FNDA:0,(anonymous_8)
FNDA:0,(anonymous_9)
FNDA:0,(anonymous_10)
FNDA:0,(anonymous_11)
FNDA:0,(anonymous_12)
FNDA:0,(anonymous_13)
FNDA:0,(anonymous_14)
FNDA:0,(anonymous_15)
FNDA:0,(anonymous_16)
FNDA:0,(anonymous_17)
FNDA:0,(anonymous_18)
FNDA:0,(anonymous_19)
FNDA:0,(anonymous_20)
FNDA:0,(anonymous_21)
FNDA:0,(anonymous_22)
FNDA:0,(anonymous_23)
FNDA:0,(anonymous_24)
DA:1,1
DA:2,1
DA:3,1
DA:4,1
DA:5,1
DA:10,1
DA:11,1
DA:22,1
DA:23,1
DA:24,1
DA:25,1
DA:26,1
DA:27,0
DA:28,0
DA:32,1
DA:33,0
DA:35,0
DA:39,0
DA:50,1
DA:51,0
DA:71,1
DA:72,0
DA:73,0
DA:74,0
DA:78,1
DA:79,0
DA:80,0
DA:81,0
DA:82,0
DA:85,1
DA:86,0
DA:87,0
DA:90,1
DA:92,0
DA:97,0
DA:100,1
DA:102,0
DA:104,0
DA:110,0
DA:113,0
DA:114,0
DA:121,1
DA:122,0
DA:123,0
DA:126,0
DA:131,0
DA:132,0
DA:135,0
DA:136,0
DA:143,1
DA:144,0
DA:146,0
DA:147,0
DA:150,0
DA:151,0
DA:155,1
DA:156,0
DA:159,1
DA:160,0
DA:163,1
DA:164,0
DA:165,0
DA:173,0
DA:174,0
DA:177,0
DA:188,0
DA:205,0
DA:206,0
DA:207,0
DA:208,0
DA:211,1
LF:71
LH:25
BRDA:73,1,0,0
BRDA:73,1,1,0
BRDA:164,2,0,0
BRDA:164,2,1,0
BRF:4
BRH:0
end_of_record
TN:
SF:src/app/workbench/index.ts
FNF:0
FNH:0
DA:1,1
DA:2,1
DA:3,1
DA:4,1
DA:5,1
DA:6,1
DA:7,1
LF:7
LH:7
BRF:0
BRH:0
end_of_record
TN:
SF:src/app/workbench/metadata.ts
FN:27,(anonymous_0)
FN:27,GeoMetadata
FN:47,(anonymous_2)
FN:47,GeoExtent
FN:55,(anonymous_4)
FN:55,GeoCitation
FN:61,(anonymous_6)
FN:61,GeoContact
FN:70,(anonymous_8)
FN:70,GeoDistribution
FNF:10
FNH:5
FNDA:1,(anonymous_0)
FNDA:0,GeoMetadata
FNDA:1,(anonymous_2)
FNDA:0,GeoExtent
FNDA:1,(anonymous_4)
FNDA:0,GeoCitation
FNDA:1,(anonymous_6)
FNDA:0,GeoContact
FNDA:1,(anonymous_8)
FNDA:0,GeoDistribution
DA:27,1
DA:45,1
DA:47,1
DA:53,1
DA:55,1
DA:59,1
DA:61,1
DA:68,1
DA:70,1
DA:76,1
LF:10
LH:10
BRF:0
BRH:0
end_of_record
TN:
SF:src/app/workbench/workbench.types.ts
FN:39,(anonymous_0)
FN:39,CswTransactionResponse
FNF:2
FNH:1
FNDA:1,(anonymous_0)
FNDA:0,CswTransactionResponse
DA:39,1
DA:42,1
DA:53,1
DA:60,1
DA:67,1
DA:73,1
LF:6
LH:6
BRF:0
BRH:0
end_of_record
TN:
SF:src/app/workbench/workbench.service.ts
FN:16,(anonymous_4)
FN:19,WorkbenchService
FN:28,(anonymous_6)
FN:34,(anonymous_7)
FN:39,(anonymous_8)
FN:48,(anonymous_9)
FN:54,(anonymous_10)
FN:59,(anonymous_11)
FN:68,(anonymous_12)
FN:74,(anonymous_13)
FN:79,(anonymous_14)
FN:87,(anonymous_15)
FN:93,(anonymous_16)
FN:102,(anonymous_17)
FN:112,(anonymous_18)
FN:114,(anonymous_19)
FN:125,(anonymous_20)
FN:134,(anonymous_21)
FN:142,(anonymous_22)
FN:149,(anonymous_23)
FN:157,(anonymous_24)
FN:163,(anonymous_25)
FN:170,(anonymous_26)
FN:178,(anonymous_27)
FN:186,(anonymous_28)
FN:189,(anonymous_29)
FN:197,(anonymous_30)
FN:203,(anonymous_31)
FN:210,(anonymous_32)
FN:219,(anonymous_33)
FN:225,(anonymous_34)
FN:232,(anonymous_35)
FN:240,(anonymous_36)
FN:243,(anonymous_37)
FN:247,(anonymous_38)
FN:257,(anonymous_39)
FN:266,(anonymous_40)
FN:269,(anonymous_41)
FN:274,(anonymous_42)
FN:277,(anonymous_43)
FN:286,(anonymous_44)
FN:295,(anonymous_45)
FN:302,(anonymous_46)
FN:310,(anonymous_47)
FN:318,(anonymous_48)
FN:325,(anonymous_49)
FN:333,(anonymous_50)
FN:339,(anonymous_51)
FN:346,(anonymous_52)
FN:359,(anonymous_53)
FN:368,(anonymous_54)
FN:373,(anonymous_55)
FN:382,(anonymous_56)
FN:385,(anonymous_57)
FN:390,(anonymous_58)
FN:399,(anonymous_59)
FN:404,(anonymous_60)
FN:408,(anonymous_61)
FN:418,(anonymous_62)
FN:424,(anonymous_63)
FN:433,(anonymous_64)
FN:442,(anonymous_65)
FN:450,(anonymous_66)
FN:464,(anonymous_67)
FN:472,(anonymous_68)
FN:485,(anonymous_69)
FNF:66
FNH:1
FNDA:1,(anonymous_4)
FNDA:0,WorkbenchService
FNDA:0,(anonymous_6)
FNDA:0,(anonymous_7)
FNDA:0,(anonymous_8)
FNDA:0,(anonymous_9)
FNDA:0,(anonymous_10)
FNDA:0,(anonymous_11)
FNDA:0,(anonymous_12)
FNDA:0,(anonymous_13)
FNDA:0,(anonymous_14)
FNDA:0,(anonymous_15)
FNDA:0,(anonymous_16)
FNDA:0,(anonymous_17)
FNDA:0,(anonymous_18)
FNDA:0,(anonymous_19)
FNDA:0,(anonymous_20)
FNDA:0,(anonymous_21)
FNDA:0,(anonymous_22)
FNDA:0,(anonymous_23)
FNDA:0,(anonymous_24)
FNDA:0,(anonymous_25)
FNDA:0,(anonymous_26)
FNDA:0,(anonymous_27)
FNDA:0,(anonymous_28)
FNDA:0,(anonymous_29)
FNDA:0,(anonymous_30)
FNDA:0,(anonymous_31)
FNDA:0,(anonymous_32)
FNDA:0,(anonymous_33)
FNDA:0,(anonymous_34)
FNDA:0,(anonymous_35)
FNDA:0,(anonymous_36)
FNDA:0,(anonymous_37)
FNDA:0,(anonymous_38)
FNDA:0,(anonymous_39)
FNDA:0,(anonymous_40)
FNDA:0,(anonymous_41)
FNDA:0,(anonymous_42)
FNDA:0,(anonymous_43)
FNDA:0,(anonymous_44)
FNDA:0,(anonymous_45)
FNDA:0,(anonymous_46)
FNDA:0,(anonymous_47)
FNDA:0,(anonymous_48)
FNDA:0,(anonymous_49)
FNDA:0,(anonymous_50)
FNDA:0,(anonymous_51)
FNDA:0,(anonymous_52)
FNDA:0,(anonymous_53)
FNDA:0,(anonymous_54)
FNDA:0,(anonymous_55)
FNDA:0,(anonymous_56)
FNDA:0,(anonymous_57)
FNDA:0,(anonymous_58)
FNDA:0,(anonymous_59)
FNDA:0,(anonymous_60)
FNDA:0,(anonymous_61)
FNDA:0,(anonymous_62)
FNDA:0,(anonymous_63)
FNDA:0,(anonymous_64)
FNDA:0,(anonymous_65)
FNDA:0,(anonymous_66)
FNDA:0,(anonymous_67)
FNDA:0,(anonymous_68)
FNDA:0,(anonymous_69)
DA:1,1
DA:2,1
DA:3,1
DA:4,1
DA:5,1
DA:10,1
DA:16,1
DA:17,0
DA:18,0
DA:19,0
DA:28,1
DA:29,0
DA:30,0
DA:31,0
DA:33,0
DA:37,0
DA:39,0
DA:48,1
DA:49,0
DA:50,0
DA:51,0
DA:53,0
DA:57,0
DA:59,0
DA:68,1
DA:69,0
DA:70,0
DA:71,0
DA:73,0
DA:77,0
DA:79,0
DA:87,1
DA:88,0
DA:89,0
DA:90,0
DA:92,0
DA:96,0
DA:97,0
DA:100,0
DA:102,0
DA:112,1
DA:113,0
DA:115,0
DA:116,0
DA:119,0
DA:120,0
DA:121,0
DA:123,0
DA:125,0
DA:134,1
DA:135,0
DA:136,0
DA:137,0
DA:138,0
DA:139,0
DA:141,0
DA:143,0
DA:144,0
DA:145,0
DA:147,0
DA:149,0
DA:157,1
DA:158,0
DA:159,0
DA:160,0
DA:162,0
DA:164,0
DA:165,0
DA:166,0
DA:168,0
DA:170,0
DA:178,1
DA:179,0
DA:180,0
DA:181,0
DA:182,0
DA:183,0
DA:185,0
DA:187,0
DA:189,0
DA:197,1
DA:198,0
DA:199,0
DA:200,0
DA:202,0
DA:204,0
DA:205,0
DA:206,0
DA:208,0
DA:210,0
DA:219,1
DA:220,0
DA:221,0
DA:222,0
DA:224,0
DA:226,0
DA:227,0
DA:228,0
DA:230,0
DA:232,0
DA:240,1
DA:241,0
DA:242,0
DA:245,0
DA:247,0
DA:249,0
DA:257,1
DA:258,0
DA:259,0
DA:260,0
DA:261,0
DA:262,0
DA:263,0
DA:264,0
DA:265,0
DA:267,0
DA:269,0
DA:271,0
DA:272,0
DA:273,0
DA:275,0
DA:277,0
DA:286,1
DA:287,0
DA:288,0
DA:289,0
DA:290,0
DA:291,0
DA:292,0
DA:294,0
DA:296,0
DA:297,0
DA:298,0
DA:300,0
DA:302,0
DA:310,1
DA:311,0
DA:312,0
DA:313,0
DA:314,0
DA:315,0
DA:317,0
DA:319,0
DA:320,0
DA:321,0
DA:323,0
DA:325,0
DA:333,1
DA:334,0
DA:335,0
DA:336,0
DA:338,0
DA:340,0
DA:341,0
DA:342,0
DA:344,0
DA:346,0
DA:359,1
DA:360,0
DA:361,0
DA:362,0
DA:363,0
DA:364,0
DA:365,0
DA:367,0
DA:369,0
DA:370,0
DA:371,0
DA:373,0
DA:382,1
DA:383,0
DA:384,0
DA:388,0
DA:390,0
DA:399,1
DA:400,0
DA:401,0
DA:402,0
DA:403,0
DA:406,0
DA:408,0
DA:410,0
DA:418,1
DA:419,0
DA:420,0
DA:421,0
DA:423,0
DA:427,0
DA:428,0
DA:431,0
DA:433,0
DA:442,1
DA:443,0
DA:444,0
DA:446,0
DA:450,1
DA:451,0
DA:452,0
DA:454,0
DA:464,1
DA:465,0
DA:466,0
DA:468,0
DA:472,1
DA:473,0
DA:474,0
DA:476,0
DA:485,1
DA:486,0
DA:488,0
DA:489,0
DA:490,0
DA:491,0
DA:492,0
DA:493,0
DA:494,0
DA:496,0
DA:497,0
DA:500,1
LF:219
LH:32
BRDA:37,1,0,0
BRDA:37,1,1,0
BRDA:57,2,0,0
BRDA:57,2,1,0
BRDA:77,3,0,0
BRDA:77,3,1,0
BRDA:96,4,0,0
BRDA:96,4,1,0
BRDA:97,5,0,0
BRDA:97,5,1,0
BRDA:116,6,0,0
BRDA:116,6,1,0
BRDA:120,7,0,0
BRDA:120,7,1,0
BRDA:120,8,0,0
BRDA:120,8,1,0
BRDA:143,9,0,0
BRDA:143,9,1,0
BRDA:144,10,0,0
BRDA:144,10,1,0
BRDA:164,11,0,0
BRDA:164,11,1,0
BRDA:165,12,0,0
BRDA:165,12,1,0
BRDA:187,13,0,0
BRDA:187,13,1,0
BRDA:204,14,0,0
BRDA:204,14,1,0
BRDA:205,15,0,0
BRDA:205,15,1,0
BRDA:226,16,0,0
BRDA:226,16,1,0
BRDA:227,17,0,0
BRDA:227,17,1,0
BRDA:261,18,0,0
BRDA:261,18,1,0
BRDA:296,19,0,0
BRDA:296,19,1,0
BRDA:297,20,0,0
BRDA:297,20,1,0
BRDA:319,21,0,0
BRDA:319,21,1,0
BRDA:320,22,0,0
BRDA:320,22,1,0
BRDA:340,23,0,0
BRDA:340,23,1,0
BRDA:341,24,0,0
BRDA:341,24,1,0
BRDA:369,25,0,0
BRDA:369,25,1,0
BRDA:369,25,2,0
BRDA:427,26,0,0
BRDA:427,26,1,0
BRDA:428,27,0,0
BRDA:428,27,1,0
BRDA:443,28,0,0
BRDA:443,28,1,0
BRDA:451,29,0,0
BRDA:451,29,1,0
BRDA:465,30,0,0
BRDA:465,30,1,0
BRDA:473,31,0,0
BRDA:473,31,1,0
BRDA:488,32,0,0
BRDA:488,32,1,0
BRDA:488,33,0,0
BRDA:488,33,1,0
BRDA:492,34,0,0
BRDA:492,34,1,0
BRF:69
BRH:0
end_of_record
TN:
SF:src/app/workbench/userfiles.component.ts
FN:11,(anonymous_2)
FN:16,UserFilesComponent
FN:19,(anonymous_4)
FN:22,(anonymous_5)
FN:23,(anonymous_6)
FN:28,(anonymous_7)
FN:36,(anonymous_8)
FN:39,(anonymous_9)
FN:41,(anonymous_10)
FN:51,(anonymous_11)
FN:81,(anonymous_12)
FN:84,(anonymous_13)
FN:93,(anonymous_14)
FNF:13
FNH:1
FNDA:1,(anonymous_2)
FNDA:0,UserFilesComponent
FNDA:0,(anonymous_4)
FNDA:0,(anonymous_5)
FNDA:0,(anonymous_6)
FNDA:0,(anonymous_7)
FNDA:0,(anonymous_8)
FNDA:0,(anonymous_9)
FNDA:0,(anonymous_10)
FNDA:0,(anonymous_11)
FNDA:0,(anonymous_12)
FNDA:0,(anonymous_13)
FNDA:0,(anonymous_14)
DA:1,1
DA:2,1
DA:4,1
DA:11,1
DA:13,0
DA:15,0
DA:16,0
DA:19,1
DA:20,0
DA:23,0
DA:24,0
DA:25,0
DA:29,0
DA:30,0
DA:36,1
DA:37,0
DA:40,0
DA:41,0
DA:42,0
DA:43,0
DA:45,0
DA:52,0
DA:53,0
DA:55,0
DA:81,1
DA:82,0
DA:85,0
DA:86,0
DA:94,0
DA:95,0
DA:98,1
LF:31
LH:8
BRF:0
BRH:0
end_of_record
TN:
SF:src/app/workbench/usermetarecords.component.ts
FN:11,(anonymous_2)
FN:16,UsermetarecordsComponent
FN:19,(anonymous_4)
FN:22,(anonymous_5)
FN:23,(anonymous_6)
FN:28,(anonymous_7)
FN:36,(anonymous_8)
FN:39,(anonymous_9)
FN:41,(anonymous_10)
FN:51,(anonymous_11)
FN:62,(anonymous_12)
FN:65,(anonymous_13)
FN:74,(anonymous_14)
FNF:13
FNH:1
FNDA:1,(anonymous_2)
FNDA:0,UsermetarecordsComponent
FNDA:0,(anonymous_4)
FNDA:0,(anonymous_5)
FNDA:0,(anonymous_6)
FNDA:0,(anonymous_7)
FNDA:0,(anonymous_8)
FNDA:0,(anonymous_9)
FNDA:0,(anonymous_10)
FNDA:0,(anonymous_11)
FNDA:0,(anonymous_12)
FNDA:0,(anonymous_13)
FNDA:0,(anonymous_14)
DA:1,1
DA:2,1
DA:4,1
DA:11,1
DA:13,0
DA:15,0
DA:16,0
DA:19,1
DA:20,0
DA:23,0
DA:24,0
DA:25,0
DA:29,0
DA:30,0
DA:36,1
DA:37,0
DA:40,0
DA:41,0
DA:42,0
DA:43,0
DA:45,0
DA:52,0
DA:53,0
DA:55,0
DA:62,1
DA:63,0
DA:66,0
DA:67,0
DA:75,0
DA:76,0
DA:79,1
LF:31
LH:8
BRF:0
BRH:0
end_of_record
TN:
SF:src/app/workbench/basic-fileupload.component.ts
FN:14,(anonymous_4)
FN:24,BasicFileUploadComponent
FN:42,(anonymous_6)
FN:49,(anonymous_7)
FN:51,(anonymous_8)
FN:54,(anonymous_9)
FN:66,(anonymous_10)
FN:82,(anonymous_11)
FNF:8
FNH:1
FNDA:1,(anonymous_4)
FNDA:0,BasicFileUploadComponent
FNDA:0,(anonymous_6)
FNDA:0,(anonymous_7)
FNDA:0,(anonymous_8)
FNDA:0,(anonymous_9)
FNDA:0,(anonymous_10)
FNDA:0,(anonymous_11)
DA:1,1
DA:2,1
DA:3,1
DA:4,1
DA:5,1
DA:6,1
DA:14,1
DA:17,1
DA:20,0
DA:22,0
DA:23,0
DA:24,0
DA:26,0
DA:27,0
DA:31,0
DA:32,0
DA:38,0
DA:42,0
DA:43,0
DA:49,0
DA:51,0
DA:54,0
DA:55,0
DA:61,0
DA:63,0
DA:66,0
DA:67,0
DA:75,0
DA:77,0
DA:82,1
DA:83,0
DA:85,1
LF:32
LH:10
BRF:0
BRH:0
end_of_record
TN:
SF:src/app/workbench/metadata-editor.component.ts
FN:21,(anonymous_4)
FN:70,MetadataEditorComponent
FN:73,(anonymous_6)
FN:76,(anonymous_7)
FN:88,(anonymous_8)
FN:94,(anonymous_9)
FN:95,(anonymous_10)
FN:99,(anonymous_11)
FN:141,(anonymous_12)
FN:154,(anonymous_13)
FN:161,(anonymous_14)
FN:168,(anonymous_15)
FN:173,(anonymous_16)
FN:176,(anonymous_17)
FN:182,(anonymous_18)
FN:187,(anonymous_19)
FN:194,(anonymous_20)
FN:204,(anonymous_21)
FN:211,(anonymous_22)
FN:221,(anonymous_23)
FN:225,(anonymous_24)
FN:229,(anonymous_25)
FN:235,(anonymous_26)
FN:241,(anonymous_27)
FN:245,(anonymous_28)
FN:248,(anonymous_29)
FN:258,(anonymous_30)
FNF:27
FNH:1
FNDA:1,(anonymous_4)
FNDA:0,MetadataEditorComponent
FNDA:0,(anonymous_6)
FNDA:0,(anonymous_7)
FNDA:0,(anonymous_8)
FNDA:0,(anonymous_9)
FNDA:0,(anonymous_10)
FNDA:0,(anonymous_11)
FNDA:0,(anonymous_12)
FNDA:0,(anonymous_13)
FNDA:0,(anonymous_14)
FNDA:0,(anonymous_15)
FNDA:0,(anonymous_16)
FNDA:0,(anonymous_17)
FNDA:0,(anonymous_18)
FNDA:0,(anonymous_19)
FNDA:0,(anonymous_20)
FNDA:0,(anonymous_21)
FNDA:0,(anonymous_22)
FNDA:0,(anonymous_23)
FNDA:0,(anonymous_24)
FNDA:0,(anonymous_25)
FNDA:0,(anonymous_26)
FNDA:0,(anonymous_27)
FNDA:0,(anonymous_28)
FNDA:0,(anonymous_29)
FNDA:0,(anonymous_30)
DA:1,1
DA:2,1
DA:3,1
DA:4,1
DA:6,1
DA:7,1
DA:8,1
DA:10,1
DA:11,1
DA:21,1
DA:23,0
DA:38,0
DA:40,0
DA:52,0
DA:54,0
DA:55,0
DA:61,0
DA:63,0
DA:65,0
DA:66,0
DA:67,0
DA:68,0
DA:69,0
DA:70,0
DA:72,0
DA:74,0
DA:78,0
DA:79,0
DA:82,0
DA:84,0
DA:88,1
DA:89,0
DA:90,0
DA:92,0
DA:95,0
DA:96,0
DA:100,0
DA:103,0
DA:141,0
DA:142,0
DA:143,0
DA:148,0
DA:149,0
DA:150,0
DA:151,0
DA:154,1
DA:155,0
DA:156,0
DA:157,0
DA:161,1
DA:162,0
DA:163,0
DA:164,0
DA:168,1
DA:169,0
DA:171,0
DA:172,0
DA:174,0
DA:177,0
DA:180,0
DA:183,0
DA:184,0
DA:185,0
DA:188,0
DA:189,0
DA:194,1
DA:195,0
DA:196,0
DA:204,1
DA:205,0
DA:206,0
DA:207,0
DA:208,0
DA:209,0
DA:210,0
DA:211,0
DA:212,0
DA:217,0
DA:221,1
DA:222,0
DA:225,1
DA:226,0
DA:229,1
DA:230,0
DA:231,0
DA:232,0
DA:235,1
DA:236,0
DA:237,0
DA:238,0
DA:241,1
DA:242,0
DA:245,1
DA:246,0
DA:250,0
DA:251,0
DA:258,0
DA:261,1
LF:98
LH:23
BRDA:78,1,0,0
BRDA:78,1,1,0
BRDA:155,2,0,0
BRDA:155,2,1,0
BRDA:162,3,0,0
BRDA:162,3,1,0
BRDA:210,4,0,0
BRDA:210,4,1,0
BRDA:242,5,0,0
BRDA:242,5,1,0
BRF:10
BRH:0
end_of_record
TN:
SF:src/app/owc/collections-desk.component.ts
FN:21,(anonymous_2)
FN:211,CollectionsDeskComponent
FN:39,(anonymous_4)
FN:46,(anonymous_5)
FN:50,(anonymous_6)
FN:53,(anonymous_7)
FN:55,(anonymous_8)
FN:65,(anonymous_9)
FN:72,(anonymous_10)
FN:74,(anonymous_11)
FN:79,(anonymous_12)
FN:105,(anonymous_13)
FN:111,(anonymous_14)
FN:119,(anonymous_15)
FN:129,(anonymous_16)
FN:134,(anonymous_17)
FN:144,(anonymous_18)
FN:150,(anonymous_19)
FN:155,(anonymous_20)
FN:179,(anonymous_21)
FN:183,(anonymous_22)
FN:193,(anonymous_23)
FN:199,(anonymous_24)
FN:200,(anonymous_25)
FN:217,(anonymous_26)
FN:231,(anonymous_27)
FN:232,(anonymous_28)
FN:237,(anonymous_29)
FN:244,(anonymous_30)
FN:245,(anonymous_31)
FN:250,(anonymous_32)
FN:261,(anonymous_33)
FN:1232,(anonymous_34)
FN:1239,(anonymous_35)
FN:1242,(anonymous_36)
FN:1260,(anonymous_37)
FN:1267,(anonymous_38)
FN:1295,(anonymous_39)
FN:1296,(anonymous_40)
FNF:39
FNH:1
FNDA:1,(anonymous_2)
FNDA:0,CollectionsDeskComponent
FNDA:0,(anonymous_4)
FNDA:0,(anonymous_5)
FNDA:0,(anonymous_6)
FNDA:0,(anonymous_7)
FNDA:0,(anonymous_8)
FNDA:0,(anonymous_9)
FNDA:0,(anonymous_10)
FNDA:0,(anonymous_11)
FNDA:0,(anonymous_12)
FNDA:0,(anonymous_13)
FNDA:0,(anonymous_14)
FNDA:0,(anonymous_15)
FNDA:0,(anonymous_16)
FNDA:0,(anonymous_17)
FNDA:0,(anonymous_18)
FNDA:0,(anonymous_19)
FNDA:0,(anonymous_20)
FNDA:0,(anonymous_21)
FNDA:0,(anonymous_22)
FNDA:0,(anonymous_23)
FNDA:0,(anonymous_24)
FNDA:0,(anonymous_25)
FNDA:0,(anonymous_26)
FNDA:0,(anonymous_27)
FNDA:0,(anonymous_28)
FNDA:0,(anonymous_29)
FNDA:0,(anonymous_30)
FNDA:0,(anonymous_31)
FNDA:0,(anonymous_32)
FNDA:0,(anonymous_33)
FNDA:0,(anonymous_34)
FNDA:0,(anonymous_35)
FNDA:0,(anonymous_36)
FNDA:0,(anonymous_37)
FNDA:0,(anonymous_38)
FNDA:0,(anonymous_39)
FNDA:0,(anonymous_40)
DA:1,1
DA:2,1
DA:3,1
DA:4,1
DA:5,1
DA:21,1
DA:23,1
DA:24,0
DA:25,0
DA:26,0
DA:27,0
DA:28,0
DA:29,0
DA:31,0
DA:32,0
DA:39,1
DA:40,0
DA:46,1
DA:47,0
DA:50,1
DA:51,0
DA:54,0
DA:55,0
DA:56,0
DA:59,0
DA:66,0
DA:67,0
DA:70,0
DA:73,0
DA:74,0
DA:75,0
DA:80,0
DA:81,0
DA:105,1
DA:106,0
DA:107,0
DA:109,0
DA:113,0
DA:114,0
DA:115,0
DA:117,0
DA:120,0
DA:126,0
DA:127,0
DA:130,0
DA:131,0
DA:135,0
DA:136,0
DA:144,1
DA:145,0
DA:147,0
DA:148,0
DA:149,0
DA:150,0
DA:151,0
DA:152,0
DA:153,0
DA:155,0
DA:156,0
DA:157,0
DA:165,0
DA:166,0
DA:179,1
DA:181,0
DA:184,0
DA:190,0
DA:191,0
DA:194,0
DA:195,0
DA:199,1
DA:200,0
DA:209,0
DA:210,0
DA:211,0
DA:217,1
DA:229,0
DA:232,0
DA:233,0
DA:238,0
DA:239,0
DA:242,0
DA:245,0
DA:246,0
DA:251,0
DA:252,0
DA:261,1
DA:263,0
DA:264,0
DA:265,0
DA:267,0
DA:269,0
DA:270,0
DA:272,0
DA:275,0
DA:277,0
DA:279,0
DA:281,0
DA:305,0
DA:356,0
DA:1231,0
DA:1232,0
DA:1233,0
DA:1235,0
DA:1236,0
DA:1237,0
DA:1239,0
DA:1240,0
DA:1241,0
DA:1242,0
DA:1243,0
DA:1245,0
DA:1250,0
DA:1255,0
DA:1260,0
DA:1261,0
DA:1262,0
DA:1267,0
DA:1268,0
DA:1295,0
DA:1296,0
DA:1297,0
DA:1302,0
DA:1303,0
DA:1304,0
DA:1305,0
DA:1306,0
DA:1307,0
DA:1308,0
DA:1309,0
DA:1330,0
DA:1349,0
DA:1352,0
DA:1417,0
DA:1419,0
DA:1421,0
DA:1422,0
DA:1424,0
DA:1446,0
DA:1449,1
LF:139
LH:17
BRDA:1233,1,0,0
BRDA:1233,1,1,0
BRDA:1240,2,0,0
BRDA:1240,2,1,0
BRDA:1303,3,0,0
BRDA:1303,3,1,0
BRDA:1350,4,0,0
BRDA:1350,4,1,0
BRF:8
BRH:0
end_of_record
TN:
SF:src/app/owc/owc-resource-detail-modal.component.ts
FN:14,(anonymous_2)
FN:56,OwcResourceDetailModalComponent
FN:23,(anonymous_4)
FN:25,(anonymous_5)
FN:41,(anonymous_6)
FN:59,(anonymous_7)
FN:67,(anonymous_8)
FN:82,(anonymous_9)
FN:86,(anonymous_10)
FN:90,(anonymous_11)
FN:99,(anonymous_12)
FN:108,(anonymous_13)
FN:137,(anonymous_14)
FN:140,(anonymous_15)
FN:150,(anonymous_16)
FNF:15
FNH:1
FNDA:1,(anonymous_2)
FNDA:0,OwcResourceDetailModalComponent
FNDA:0,(anonymous_4)
FNDA:0,(anonymous_5)
FNDA:0,(anonymous_6)
FNDA:0,(anonymous_7)
FNDA:0,(anonymous_8)
FNDA:0,(anonymous_9)
FNDA:0,(anonymous_10)
FNDA:0,(anonymous_11)
FNDA:0,(anonymous_12)
FNDA:0,(anonymous_13)
FNDA:0,(anonymous_14)
FNDA:0,(anonymous_15)
FNDA:0,(anonymous_16)
DA:1,1
DA:2,1
DA:3,1
DA:4,1
DA:7,1
DA:14,1
DA:15,1
DA:16,1
DA:17,1
DA:19,1
DA:23,1
DA:24,0
DA:26,0
DA:30,0
DA:41,1
DA:42,0
DA:43,0
DA:47,0
DA:55,0
DA:56,0
DA:59,1
DA:60,0
DA:61,0
DA:62,0
DA:63,0
DA:67,1
DA:68,0
DA:69,0
DA:70,0
DA:71,0
DA:72,0
DA:73,0
DA:74,0
DA:75,0
DA:76,0
DA:82,1
DA:83,0
DA:86,1
DA:87,0
DA:90,1
DA:92,0
DA:99,1
DA:101,0
DA:108,1
DA:109,0
DA:110,0
DA:118,0
DA:128,0
DA:137,1
DA:139,0
DA:142,0
DA:148,0
DA:151,0
DA:152,0
DA:161,1
LF:55
LH:21
BRDA:60,1,0,0
BRDA:60,1,1,0
BRDA:60,2,0,0
BRDA:60,2,1,0
BRDA:109,3,0,0
BRDA:109,3,1,0
BRF:6
BRH:0
end_of_record
TN:
SF:src/app/owc/owc-author.component.ts
FN:14,(anonymous_2)
FN:14,OwcAuthorComponent
FNF:2
FNH:1
FNDA:1,(anonymous_2)
FNDA:0,OwcAuthorComponent
DA:1,1
DA:14,1
DA:15,1
DA:16,1
LF:4
LH:4
BRF:0
BRH:0
end_of_record
TN:
SF:src/app/owc/owc-category.component.ts
FN:13,(anonymous_2)
FN:13,OwcCategoryComponent
FNF:2
FNH:1
FNDA:1,(anonymous_2)
FNDA:0,OwcCategoryComponent
DA:1,1
DA:13,1
DA:14,1
DA:15,1
LF:4
LH:4
BRF:0
BRH:0
end_of_record
TN:
SF:src/app/owc/owc-content.component.ts
FN:14,(anonymous_2)
FN:14,OwcContentComponent
FNF:2
FNH:1
FNDA:1,(anonymous_2)
FNDA:0,OwcContentComponent
DA:1,1
DA:14,1
DA:15,1
DA:16,1
LF:4
LH:4
BRF:0
BRH:0
end_of_record
TN:
SF:src/app/owc/owc-operation.component.ts
FN:27,(anonymous_2)
FN:27,OwcOperationComponent
FNF:2
FNH:1
FNDA:1,(anonymous_2)
FNDA:0,OwcOperationComponent
DA:1,1
DA:27,1
DA:28,1
DA:29,1
LF:4
LH:4
BRF:0
BRH:0
end_of_record
TN:
SF:src/app/owc/owc-styleset.component.ts
FN:17,(anonymous_2)
FN:17,OwcStyleSetComponent
FNF:2
FNH:1
FNDA:1,(anonymous_2)
FNDA:0,OwcStyleSetComponent
DA:1,1
DA:17,1
DA:18,1
DA:19,1
LF:4
LH:4
BRF:0
BRH:0
end_of_record
TN:
SF:src/app/owc/owc-creator-application.component.ts
FN:21,(anonymous_2)
FN:21,OwcCreatorApplicationComponent
FNF:2
FNH:1
FNDA:1,(anonymous_2)
FNDA:0,OwcCreatorApplicationComponent
DA:1,1
DA:21,1
DA:22,1
DA:23,1
LF:4
LH:4
BRF:0
BRH:0
end_of_record
TN:
SF:src/app/owc/owc-creator-display.component.ts
FN:20,(anonymous_2)
FN:20,OwcCreatorDisplayComponent
FNF:2
FNH:1
FNDA:1,(anonymous_2)
FNDA:0,OwcCreatorDisplayComponent
DA:1,1
DA:20,1
DA:21,1
DA:22,1
LF:4
LH:4
BRF:0
BRH:0
end_of_record
TN:
SF:src/app/owc/owc-link.component.ts
FN:24,(anonymous_2)
FN:24,OwcLinkComponent
FNF:2
FNH:1
FNDA:1,(anonymous_2)
FNDA:0,OwcLinkComponent
DA:1,1
DA:24,1
DA:25,1
DA:26,1
LF:4
LH:4
BRF:0
BRH:0
end_of_record
TN:
SF:src/app/owc/owc-offering.component.ts
FN:10,(anonymous_2)
FN:4,OwcOfferingComponent
FN:24,(anonymous_4)
FNF:3
FNH:1
FNDA:1,(anonymous_2)
FNDA:0,OwcOfferingComponent
FNDA:0,(anonymous_4)
DA:1,1
DA:10,1
DA:11,1
DA:13,0
DA:14,0
DA:16,0
DA:17,0
DA:18,0
DA:19,0
DA:20,0
DA:21,0
DA:22,0
DA:24,1
DA:25,0
DA:27,0
DA:28,0
DA:31,0
DA:32,0
DA:35,0
DA:36,0
DA:39,0
DA:40,0
DA:43,0
DA:44,0
DA:47,0
DA:48,0
DA:51,0
DA:52,0
DA:55,0
DA:58,1
LF:30
LH:5
BRDA:26,1,0,0
BRDA:26,1,1,0
BRDA:26,1,2,0
BRDA:26,1,3,0
BRDA:26,1,4,0
BRDA:26,1,5,0
BRDA:26,1,6,0
BRF:7
BRH:0
end_of_record
TN:
SF:src/app/owc/owc-context-properties.component.ts
FN:9,(anonymous_2)
FN:9,OwcContextPropertiesComponent
FNF:2
FNH:1
FNDA:1,(anonymous_2)
FNDA:0,OwcContextPropertiesComponent
DA:1,1
DA:9,1
DA:10,1
DA:11,1
LF:4
LH:4
BRF:0
BRH:0
end_of_record
TN:
SF:src/app/owc/owc-resource-properties.component.ts
FN:9,(anonymous_2)
FN:9,OwcResourcePropertiesComponent
FN:12,(anonymous_4)
FNF:3
FNH:1
FNDA:1,(anonymous_2)
FNDA:0,OwcResourcePropertiesComponent
FNDA:0,(anonymous_4)
DA:1,1
DA:9,1
DA:10,1
DA:12,1
DA:13,0
DA:15,1
LF:6
LH:5
BRF:0
BRH:0
end_of_record
TN:
SF:src/app/owc/owc-leaflet-viewer.component.ts
FN:50,(anonymous_2)
FN:252,OwcLeafletViewerComponent
FN:56,(anonymous_4)
FN:63,(anonymous_5)
FN:70,(anonymous_6)
FN:77,(anonymous_7)
FN:81,(anonymous_8)
FN:87,(anonymous_9)
FN:114,(anonymous_10)
FN:254,(anonymous_11)
FN:130,(anonymous_12)
FN:132,(anonymous_13)
FN:133,(anonymous_14)
FN:134,(anonymous_15)
FN:160,(anonymous_16)
FN:181,(anonymous_17)
FN:202,(anonymous_18)
FN:207,(anonymous_19)
FN:214,(anonymous_20)
FN:224,(anonymous_21)
FN:227,(anonymous_22)
FN:260,(anonymous_23)
FN:277,(anonymous_24)
FN:283,(anonymous_25)
FN:343,(anonymous_26)
FNF:25
FNH:1
FNDA:1,(anonymous_2)
FNDA:0,OwcLeafletViewerComponent
FNDA:0,(anonymous_4)
FNDA:0,(anonymous_5)
FNDA:0,(anonymous_6)
FNDA:0,(anonymous_7)
FNDA:0,(anonymous_8)
FNDA:0,(anonymous_9)
FNDA:0,(anonymous_10)
FNDA:0,(anonymous_11)
FNDA:0,(anonymous_12)
FNDA:0,(anonymous_13)
FNDA:0,(anonymous_14)
FNDA:0,(anonymous_15)
FNDA:0,(anonymous_16)
FNDA:0,(anonymous_17)
FNDA:0,(anonymous_18)
FNDA:0,(anonymous_19)
FNDA:0,(anonymous_20)
FNDA:0,(anonymous_21)
FNDA:0,(anonymous_22)
FNDA:0,(anonymous_23)
FNDA:0,(anonymous_24)
FNDA:0,(anonymous_25)
FNDA:0,(anonymous_26)
DA:1,1
DA:2,1
DA:3,1
DA:4,1
DA:7,1
DA:8,1
DA:11,1
DA:13,1
DA:14,1
DA:15,1
DA:50,1
DA:54,0
DA:59,0
DA:60,0
DA:66,0
DA:67,0
DA:72,0
DA:73,0
DA:74,0
DA:75,0
DA:78,0
DA:79,0
DA:82,0
DA:88,0
DA:89,0
DA:91,0
DA:108,0
DA:109,0
DA:110,0
DA:111,0
DA:115,0
DA:116,0
DA:117,0
DA:121,0
DA:123,0
DA:130,1
DA:131,0
DA:132,0
DA:133,0
DA:134,0
DA:136,0
DA:137,0
DA:138,0
DA:139,0
DA:140,0
DA:141,0
DA:150,0
DA:152,0
DA:159,0
DA:161,0
DA:170,0
DA:181,1
DA:182,0
DA:202,1
DA:204,0
DA:207,1
DA:208,0
DA:209,0
DA:210,0
DA:211,0
DA:214,1
DA:215,0
DA:216,0
DA:224,0
DA:225,0
DA:228,0
DA:239,0
DA:248,0
DA:249,0
DA:250,0
DA:251,0
DA:252,0
DA:254,0
DA:256,0
DA:260,1
DA:261,0
DA:262,0
DA:263,0
DA:267,0
DA:270,0
DA:277,1
DA:278,0
DA:280,0
DA:283,1
DA:284,0
DA:292,0
DA:293,0
DA:294,0
DA:296,0
DA:298,0
DA:301,0
DA:302,0
DA:304,0
DA:305,0
DA:307,0
DA:308,0
DA:310,0
DA:311,0
DA:313,0
DA:314,0
DA:316,0
DA:317,0
DA:319,0
DA:320,0
DA:329,0
DA:330,0
DA:333,0
DA:335,0
DA:336,0
DA:339,0
DA:343,1
DA:344,0
DA:346,1
LF:113
LH:21
BRDA:78,1,0,0
BRDA:78,1,1,0
BRDA:115,2,0,0
BRDA:115,2,1,0
BRDA:137,3,0,0
BRDA:137,3,1,0
BRDA:137,4,0,0
BRDA:137,4,1,0
BRDA:139,5,0,0
BRDA:139,5,1,0
BRDA:139,6,0,0
BRDA:139,6,1,0
BRDA:139,6,2,0
BRDA:144,7,0,0
BRDA:144,7,1,0
BRDA:145,8,0,0
BRDA:145,8,1,0
BRDA:215,9,0,0
BRDA:215,9,1,0
BRDA:261,10,0,0
BRDA:261,10,1,0
BRDA:301,11,0,0
BRDA:301,11,1,0
BRDA:301,12,0,0
BRDA:301,12,1,0
BRDA:302,13,0,0
BRDA:302,13,1,0
BRDA:304,14,0,0
BRDA:304,14,1,0
BRDA:304,15,0,0
BRDA:304,15,1,0
BRDA:305,16,0,0
BRDA:305,16,1,0
BRDA:307,17,0,0
BRDA:307,17,1,0
BRDA:307,18,0,0
BRDA:307,18,1,0
BRDA:308,19,0,0
BRDA:308,19,1,0
BRDA:310,20,0,0
BRDA:310,20,1,0
BRDA:310,21,0,0
BRDA:310,21,1,0
BRDA:311,22,0,0
BRDA:311,22,1,0
BRDA:313,23,0,0
BRDA:313,23,1,0
BRDA:313,24,0,0
BRDA:313,24,1,0
BRDA:314,25,0,0
BRDA:314,25,1,0
BRDA:316,26,0,0
BRDA:316,26,1,0
BRDA:316,27,0,0
BRDA:316,27,1,0
BRDA:317,28,0,0
BRDA:317,28,1,0
BRDA:319,29,0,0
BRDA:319,29,1,0
BRDA:319,30,0,0
BRDA:319,30,1,0
BRDA:320,31,0,0
BRDA:320,31,1,0
BRDA:329,32,0,0
BRDA:329,32,1,0
BRDA:329,33,0,0
BRDA:329,33,1,0
BRDA:329,33,2,0
BRDA:335,34,0,0
BRDA:335,34,1,0
BRDA:335,35,0,0
BRDA:335,35,1,0
BRDA:335,35,2,0
BRF:73
BRH:0
end_of_record
TN:
SF:src/app/search/result-detail.component.ts
FN:10,(anonymous_2)
FN:10,ResultDetailComponent
FNF:2
FNH:1
FNDA:1,(anonymous_2)
FNDA:0,ResultDetailComponent
DA:1,1
DA:10,1
DA:12,1
DA:13,1
LF:4
LH:4
BRF:0
BRH:0
end_of_record
TN:
SF:src/app/search/result.ts
FN:1,(anonymous_0)
FN:1,Result
FNF:2
FNH:1
FNDA:1,(anonymous_0)
FNDA:0,Result
DA:1,1
DA:3,1
LF:2
LH:2
BRF:0
BRH:0
end_of_record
TN:
SF:src/app/search/featureOriginFilter.pipe.ts
FN:7,(anonymous_1)
FN:7,FeatureOriginPipe
FN:8,(anonymous_3)
FN:9,(anonymous_4)
FNF:4
FNH:1
FNDA:1,(anonymous_1)
FNDA:0,FeatureOriginPipe
FNDA:0,(anonymous_3)
FNDA:0,(anonymous_4)
DA:1,1
DA:7,1
DA:8,1
DA:9,0
DA:11,1
LF:5
LH:4
BRF:0
BRH:0
end_of_record
TN:
SF:src/app/search/result-collections-view-modal.component.ts
FN:11,(anonymous_2)
FN:6,ResultCollectionsViewModalComponent
FN:17,(anonymous_4)
FN:24,(anonymous_5)
FNF:4
FNH:1
FNDA:1,(anonymous_2)
FNDA:0,ResultCollectionsViewModalComponent
FNDA:0,(anonymous_4)
FNDA:0,(anonymous_5)
DA:1,1
DA:2,1
DA:11,1
DA:12,1
DA:13,1
DA:15,1
DA:17,1
DA:18,0
DA:19,0
DA:21,0
DA:24,1
DA:25,0
DA:28,1
LF:13
LH:9
BRDA:18,1,0,0
BRDA:18,1,1,0
BRF:2
BRH:0
end_of_record
TN:
SF:src/app/dashboards/card.simple.component.ts
FN:10,(anonymous_2)
FN:4,CardComponent
FN:23,(anonymous_4)
FN:31,(anonymous_5)
FN:39,(anonymous_6)
FN:43,(anonymous_7)
FN:47,(anonymous_8)
FN:51,(anonymous_9)
FNF:8
FNH:1
FNDA:1,(anonymous_2)
FNDA:0,CardComponent
FNDA:0,(anonymous_4)
FNDA:0,(anonymous_5)
FNDA:0,(anonymous_6)
FNDA:0,(anonymous_7)
FNDA:0,(anonymous_8)
FNDA:0,(anonymous_9)
DA:1,1
DA:10,1
DA:12,1
DA:13,1
DA:14,1
DA:15,1
DA:16,1
DA:17,1
DA:19,1
DA:20,1
DA:23,1
DA:24,0
DA:25,0
DA:27,0
DA:31,1
DA:32,0
DA:33,0
DA:35,0
DA:39,1
DA:40,0
DA:43,1
DA:44,0
DA:47,1
DA:48,0
DA:51,1
DA:52,0
DA:53,0
DA:54,0
DA:55,0
DA:56,0
DA:57,0
DA:59,0
DA:62,1
LF:33
LH:17
BRDA:24,1,0,0
BRDA:24,1,1,0
BRDA:32,2,0,0
BRDA:32,2,1,0
BRDA:52,3,0,0
BRDA:52,3,1,0
BRDA:54,4,0,0
BRDA:54,4,1,0
BRDA:56,5,0,0
BRDA:56,5,1,0
BRF:10
BRH:0
end_of_record
TN:
SF:src/app/dashboards/share-button.component.ts
FN:26,(anonymous_2)
FN:33,ShareButtonComponent
FN:43,(anonymous_4)
FN:53,(anonymous_5)
FN:55,(anonymous_6)
FN:63,(anonymous_7)
FNF:6
FNH:1
FNDA:1,(anonymous_2)
FNDA:0,ShareButtonComponent
FNDA:0,(anonymous_4)
FNDA:0,(anonymous_5)
FNDA:0,(anonymous_6)
FNDA:0,(anonymous_7)
DA:1,1
DA:8,1
DA:26,1
DA:27,1
DA:29,1
DA:30,1
DA:31,0
DA:33,0
DA:34,0
DA:35,0
DA:36,0
DA:38,0
DA:43,1
DA:44,0
DA:45,0
DA:46,0
DA:48,0
DA:53,1
DA:54,0
DA:56,0
DA:57,0
DA:63,1
DA:64,0
DA:66,1
LF:24
LH:10
BRDA:34,1,0,0
BRDA:34,1,1,0
BRDA:35,2,0,0
BRDA:35,2,1,0
BRDA:44,3,0,0
BRDA:44,3,1,0
BRDA:45,4,0,0
BRDA:45,4,1,0
BRDA:56,5,0,0
BRDA:56,5,1,0
BRF:10
BRH:0
end_of_record
TN:
SF:src/app/dashboards/share-button.service.ts
FN:15,(anonymous_2)
FN:22,ShareButtonService
FN:24,(anonymous_4)
FN:32,(anonymous_5)
FN:50,(anonymous_6)
FNF:5
FNH:1
FNDA:1,(anonymous_2)
FNDA:0,ShareButtonService
FNDA:0,(anonymous_4)
FNDA:0,(anonymous_5)
FNDA:0,(anonymous_6)
DA:1,1
DA:2,1
DA:15,1
DA:19,0
DA:20,0
DA:22,0
DA:24,0
DA:32,1
DA:33,0
DA:34,0
DA:35,0
DA:37,0
DA:38,0
DA:39,0
DA:41,0
DA:42,0
DA:43,0
DA:44,0
DA:45,0
DA:47,0
DA:50,1
DA:51,0
DA:53,1
LF:23
LH:6
BRDA:33,1,0,0
BRDA:33,1,1,0
BRDA:37,2,0,0
BRDA:37,2,1,0
BRF:4
BRH:0
end_of_record
TN:
SF:src/app/_guards/index.ts
FNF:0
FNH:0
DA:1,1
DA:2,1
DA:3,1
DA:4,1
DA:5,1
LF:5
LH:5
BRF:0
BRH:0
end_of_record
TN:
SF:src/app/_guards/registered.guard.ts
FN:9,(anonymous_2)
FN:12,RegisteredGuard
FN:15,(anonymous_4)
FN:16,(anonymous_5)
FN:22,(anonymous_6)
FNF:5
FNH:1
FNDA:1,(anonymous_2)
FNDA:0,RegisteredGuard
FNDA:0,(anonymous_4)
FNDA:0,(anonymous_5)
FNDA:0,(anonymous_6)
DA:1,1
DA:2,1
DA:3,1
DA:4,1
DA:5,1
DA:9,1
DA:11,0
DA:12,0
DA:15,1
DA:16,0
DA:17,0
DA:18,0
DA:20,0
DA:23,0
DA:24,0
DA:28,0
DA:31,1
LF:17
LH:8
BRDA:17,1,0,0
BRDA:17,1,1,0
BRF:2
BRH:0
end_of_record
TN:
SF:src/app/_guards/owc-context-id.resolve.ts
FN:14,(anonymous_2)
FN:18,OwcContextIdResolve
FN:21,(anonymous_4)
FN:25,(anonymous_5)
FN:35,(anonymous_6)
FNF:5
FNH:1
FNDA:1,(anonymous_2)
FNDA:0,OwcContextIdResolve
FNDA:0,(anonymous_4)
FNDA:0,(anonymous_5)
FNDA:0,(anonymous_6)
DA:1,1
DA:3,1
DA:4,1
DA:5,1
DA:6,1
DA:7,1
DA:8,1
DA:9,1
DA:10,1
DA:14,1
DA:16,0
DA:17,0
DA:18,0
DA:21,1
DA:22,0
DA:24,0
DA:25,0
DA:26,0
DA:27,0
DA:29,0
DA:33,0
DA:36,0
DA:41,0
DA:44,1
LF:24
LH:12
BRDA:26,1,0,0
BRDA:26,1,1,0
BRF:2
BRH:0
end_of_record
TN:
SF:src/app/app.component.ts
FN:9,(anonymous_2)
FN:14,AppComponent
FNF:2
FNH:2
FNDA:1,(anonymous_2)
FNDA:1,AppComponent
DA:1,1
DA:9,1
DA:10,1
DA:15,1
DA:17,1
LF:5
LH:5
BRF:0
BRH:0
end_of_record
TN:
SF:src/app/navigation/navigation.component.ts
FN:17,(anonymous_4)
FN:44,NavigationComponent
FN:62,(anonymous_6)
FN:69,(anonymous_7)
FN:76,(anonymous_8)
FN:83,(anonymous_9)
FN:90,(anonymous_10)
FN:93,(anonymous_11)
FN:103,(anonymous_12)
FN:113,(anonymous_13)
FN:116,(anonymous_14)
FN:127,(anonymous_15)
FN:137,(anonymous_16)
FN:153,(anonymous_17)
FN:163,(anonymous_18)
FN:166,(anonymous_19)
FN:173,(anonymous_20)
FN:176,(anonymous_21)
FNF:18
FNH:2
FNDA:1,(anonymous_4)
FNDA:1,NavigationComponent
FNDA:0,(anonymous_6)
FNDA:0,(anonymous_7)
FNDA:0,(anonymous_8)
FNDA:0,(anonymous_9)
FNDA:0,(anonymous_10)
FNDA:0,(anonymous_11)
FNDA:0,(anonymous_12)
FNDA:0,(anonymous_13)
FNDA:0,(anonymous_14)
FNDA:0,(anonymous_15)
FNDA:0,(anonymous_16)
FNDA:0,(anonymous_17)
FNDA:0,(anonymous_18)
FNDA:0,(anonymous_19)
FNDA:0,(anonymous_20)
FNDA:0,(anonymous_21)
DA:1,1
DA:2,1
DA:3,1
DA:4,1
DA:5,1
DA:6,1
DA:17,1
DA:22,1
DA:23,1
DA:25,1
DA:26,1
DA:28,1
DA:30,1
DA:31,1
DA:32,1
DA:41,1
DA:42,1
DA:43,1
DA:44,1
DA:46,1
DA:48,1
DA:50,1
DA:51,0
DA:54,1
DA:56,1
DA:62,1
DA:63,0
DA:69,1
DA:70,0
DA:76,1
DA:77,0
DA:83,1
DA:84,0
DA:90,1
DA:91,0
DA:94,0
DA:95,0
DA:96,0
DA:101,0
DA:104,0
DA:105,0
DA:106,0
DA:113,1
DA:114,0
DA:117,0
DA:118,0
DA:119,0
DA:121,0
DA:124,0
DA:129,0
DA:130,0
DA:131,0
DA:135,0
DA:138,0
DA:139,0
DA:140,0
DA:142,0
DA:143,0
DA:144,0
DA:146,0
DA:150,0
DA:155,0
DA:156,0
DA:157,0
DA:161,0
DA:164,0
DA:167,0
DA:168,0
DA:171,0
DA:174,0
DA:177,0
DA:178,0
DA:181,1
LF:73
LH:31
BRDA:50,1,0,0
BRDA:50,1,1,1
BRDA:119,2,0,0
BRDA:119,2,1,0
BRDA:140,3,0,0
BRDA:140,3,1,0
BRDA:143,4,0,0
BRDA:143,4,1,0
BRF:8
BRH:1
end_of_record
TN:
SF:src/app/glossary-edu/glossary.service.ts
FN:13,(anonymous_2)
FN:15,GlossaryService
FN:27,(anonymous_4)
FN:40,(anonymous_5)
FN:46,(anonymous_6)
FN:57,(anonymous_7)
FN:70,(anonymous_8)
FN:76,(anonymous_9)
FN:85,(anonymous_10)
FN:106,(anonymous_11)
FN:124,(anonymous_12)
FNF:11
FNH:1
FNDA:1,(anonymous_2)
FNDA:0,GlossaryService
FNDA:0,(anonymous_4)
FNDA:0,(anonymous_5)
FNDA:0,(anonymous_6)
FNDA:0,(anonymous_7)
FNDA:0,(anonymous_8)
FNDA:0,(anonymous_9)
FNDA:0,(anonymous_10)
FNDA:0,(anonymous_11)
FNDA:0,(anonymous_12)
DA:1,1
DA:2,1
DA:3,1
DA:4,1
DA:5,1
DA:13,1
DA:15,0
DA:27,1
DA:29,0
DA:33,0
DA:35,0
DA:38,0
DA:41,0
DA:43,0
DA:46,0
DA:57,1
DA:59,0
DA:63,0
DA:65,0
DA:68,0
DA:71,0
DA:73,0
DA:76,0
DA:85,1
DA:86,0
DA:106,1
DA:107,0
DA:124,1
DA:125,0
DA:127,0
DA:129,0
DA:130,0
DA:131,0
DA:133,0
DA:134,0
DA:137,1
LF:36
LH:12
BRDA:127,1,0,0
BRDA:127,1,1,0
BRDA:127,2,0,0
BRDA:127,2,1,0
BRF:4
BRH:0
end_of_record
TN:
SF:src/app/navigation/usplash-credit-btn.component.ts
FN:17,(anonymous_2)
FN:17,UsplashImageCreditComponent
FNF:2
FNH:2
FNDA:1,(anonymous_2)
FNDA:4,UsplashImageCreditComponent
DA:1,1
DA:17,1
DA:19,1
DA:20,1
DA:21,1
LF:5
LH:5
BRF:0
BRH:0
end_of_record
TN:
SF:src/app/app.module.ts
FN:204,(anonymous_1)
FN:204,AppModule
FNF:2
FNH:1
FNDA:1,(anonymous_1)
FNDA:0,AppModule
DA:1,1
DA:2,1
DA:3,1
DA:4,1
DA:5,1
DA:6,1
DA:20,1
DA:21,1
DA:22,1
DA:23,1
DA:24,1
DA:32,1
DA:37,1
DA:52,1
DA:53,1
DA:54,1
DA:55,1
DA:65,1
DA:66,1
DA:84,1
DA:90,1
DA:91,1
DA:92,1
DA:93,1
DA:94,1
DA:95,1
DA:96,1
DA:97,1
DA:204,1
DA:205,1
LF:30
LH:30
BRF:0
BRH:0
end_of_record
TN:
SF:src/app/app.routing.ts
FNF:0
FNH:0
DA:2,1
DA:3,1
DA:4,1
DA:5,1
DA:6,1
DA:13,1
DA:19,1
DA:20,1
DA:21,1
DA:22,1
DA:23,1
DA:24,1
DA:25,1
DA:32,1
DA:34,1
DA:155,1
LF:16
LH:16
BRF:0
BRH:0
end_of_record
TN:
SF:src/app/navigation/index.ts
FNF:0
FNH:0
DA:1,1
DA:2,1
DA:3,1
DA:4,1
LF:4
LH:4
BRF:0
BRH:0
end_of_record
TN:
SF:src/app/navigation/not-found.component.ts
FN:12,(anonymous_2)
FN:14,NotFoundComponent
FN:17,(anonymous_4)
FNF:3
FNH:1
FNDA:1,(anonymous_2)
FNDA:0,NotFoundComponent
FNDA:0,(anonymous_4)
DA:1,1
DA:2,1
DA:12,1
DA:14,0
DA:17,1
DA:18,0
DA:20,1
LF:7
LH:5
BRF:0
BRH:0
end_of_record
TN:
SF:src/app/navigation/central-usernav.component.ts
FN:8,(anonymous_1)
FN:8,CentralUsernavComponent
FNF:2
FNH:1
FNDA:1,(anonymous_1)
FNDA:0,CentralUsernavComponent
DA:1,1
DA:8,1
LF:2
[...]
FN:17,(anonymous_2)
FN:42,GlossaryComponent
FN:45,(anonymous_4)
FN:49,(anonymous_5)
FN:62,(anonymous_6)
FN:67,(anonymous_7)
FN:73,(anonymous_8)
FN:74,(anonymous_9)
FN:82,(anonymous_10)
FN:91,(anonymous_11)
FN:97,(anonymous_12)
FN:108,(anonymous_13)
FN:115,(anonymous_14)
FN:119,(anonymous_15)
FNF:14
FNH:1
FNDA:1,(anonymous_2)
FNDA:0,GlossaryComponent
FNDA:0,(anonymous_4)
FNDA:0,(anonymous_5)
FNDA:0,(anonymous_6)
FNDA:0,(anonymous_7)
FNDA:0,(anonymous_8)
FNDA:0,(anonymous_9)
FNDA:0,(anonymous_10)
FNDA:0,(anonymous_11)
FNDA:0,(anonymous_12)
FNDA:0,(anonymous_13)
FNDA:0,(anonymous_14)
FNDA:0,(anonymous_15)
DA:1,1
DA:3,1
DA:4,1
DA:6,1
DA:7,1
DA:17,1
DA:19,0
DA:20,0
DA:22,0
DA:23,0
DA:25,0
DA:26,0
DA:28,1
DA:30,0
DA:31,0
DA:32,0
DA:33,0
DA:35,0
DA:36,0
DA:37,0
DA:38,0
DA:40,0
DA:41,0
DA:42,0
DA:45,1
DA:46,0
DA:47,0
DA:52,0
DA:60,0
DA:61,0
DA:62,0
DA:64,0
DA:68,0
DA:69,0
DA:73,1
DA:74,0
DA:75,0
DA:76,0
DA:82,1
DA:83,0
DA:84,0
DA:85,0
DA:86,0
DA:87,0
DA:89,0
DA:93,0
DA:95,0
DA:96,0
DA:97,0
DA:100,0
DA:102,0
DA:103,0
DA:106,0
DA:109,0
DA:110,0
DA:115,1
DA:116,0
DA:119,1
DA:120,0
DA:122,1
LF:60
LH:13
BRDA:76,1,0,0
BRDA:76,1,1,0
BRDA:83,2,0,0
BRDA:83,2,1,0
BRDA:83,3,0,0
BRDA:83,3,1,0
BRF:6
BRH:0
end_of_record
TN:
SF:src/app/context/index.ts
FNF:0
FNH:0
DA:1,1
DA:2,1
DA:3,1
LF:3
LH:3
BRF:0
BRH:0
end_of_record
TN:
SF:src/app/context/context.component.ts
FN:13,(anonymous_2)
FN:23,ContextRetrieveComponent
FN:26,(anonymous_4)
FN:28,(anonymous_5)
FN:32,(anonymous_6)
FN:33,(anonymous_7)
FN:34,(anonymous_8)
FN:48,(anonymous_9)
FN:49,(anonymous_10)
FN:50,(anonymous_11)
FN:59,(anonymous_12)
FN:60,(anonymous_13)
FN:61,(anonymous_14)
FNF:13
FNH:1
FNDA:1,(anonymous_2)
FNDA:0,ContextRetrieveComponent
FNDA:0,(anonymous_4)
FNDA:0,(anonymous_5)
FNDA:0,(anonymous_6)
FNDA:0,(anonymous_7)
FNDA:0,(anonymous_8)
FNDA:0,(anonymous_9)
FNDA:0,(anonymous_10)
FNDA:0,(anonymous_11)
FNDA:0,(anonymous_12)
FNDA:0,(anonymous_13)
FNDA:0,(anonymous_14)
DA:1,1
DA:2,1
DA:3,1
DA:13,1
DA:15,0
DA:16,0
DA:17,0
DA:20,0
DA:21,0
DA:22,0
DA:23,0
DA:26,1
DA:27,0
DA:29,0
DA:32,0
DA:33,0
DA:34,0
DA:35,0
DA:44,0
DA:48,0
DA:49,0
DA:50,0
DA:51,0
DA:55,0
DA:59,0
DA:60,0
DA:61,0
DA:62,0
DA:68,0
DA:72,0
DA:75,0
DA:79,0
DA:84,1
LF:33
LH:6
BRDA:30,1,0,0
BRDA:30,1,1,0
BRDA:30,1,2,0
BRDA:30,1,3,0
BRF:4
BRH:0
end_of_record
TN:
SF:src/app/context/fileloader.component.ts
FN:18,(anonymous_4)
FN:26,FileLoaderComponent
FN:32,(anonymous_6)
FN:34,(anonymous_7)
FN:39,(anonymous_8)
FN:43,(anonymous_9)
FN:46,(anonymous_10)
FN:51,(anonymous_11)
FN:60,(anonymous_12)
FN:70,(anonymous_13)
FNF:10
FNH:1
FNDA:1,(anonymous_4)
FNDA:0,FileLoaderComponent
FNDA:0,(anonymous_6)
FNDA:0,(anonymous_7)
FNDA:0,(anonymous_8)
FNDA:0,(anonymous_9)
FNDA:0,(anonymous_10)
FNDA:0,(anonymous_11)
FNDA:0,(anonymous_12)
FNDA:0,(anonymous_13)
DA:1,1
DA:2,1
DA:3,1
DA:4,1
DA:5,1
DA:6,1
DA:8,1
DA:18,1
DA:20,0
DA:22,0
DA:23,0
DA:24,0
DA:25,0
DA:26,0
DA:32,1
DA:34,0
DA:35,0
DA:39,1
DA:40,0
DA:43,1
DA:44,0
DA:45,0
DA:47,0
DA:48,0
DA:50,0
DA:52,0
DA:53,0
DA:54,0
DA:55,0
DA:61,0
DA:62,0
DA:63,0
DA:71,0
DA:72,0
DA:73,0
DA:80,1
LF:36
LH:12
BRF:0
BRH:0
end_of_record
TN:
SF:src/app/context/licensedlink.component.ts
FN:14,(anonymous_2)
FN:21,LicensedlinkComponent
FN:24,(anonymous_4)
FN:26,(anonymous_5)
FN:29,(anonymous_6)
FN:32,(anonymous_7)
FN:36,(anonymous_8)
FN:41,(anonymous_9)
FN:45,(anonymous_10)
FNF:9
FNH:1
FNDA:1,(anonymous_2)
FNDA:0,LicensedlinkComponent
FNDA:0,(anonymous_4)
FNDA:0,(anonymous_5)
FNDA:0,(anonymous_6)
FNDA:0,(anonymous_7)
FNDA:0,(anonymous_8)
FNDA:0,(anonymous_9)
FNDA:0,(anonymous_10)
DA:1,1
DA:2,1
DA:3,1
DA:5,1
DA:7,1
DA:14,1
DA:15,1
DA:16,1
DA:17,1
DA:19,0
DA:20,0
DA:21,0
DA:24,1
DA:25,0
DA:27,0
DA:30,0
DA:33,0
DA:37,0
DA:39,0
DA:41,1
DA:42,0
DA:45,1
DA:46,0
DA:48,1
LF:24
LH:13
BRF:0
BRH:0
end_of_record
TN:
SF:src/app/timeseries/index.ts
FNF:0
FNH:0
DA:1,1
DA:2,1
DA:3,1
DA:4,1
LF:4
LH:4
BRF:0
BRH:0
end_of_record
TN:
SF:src/app/timeseries/timeseries.types.ts
FN:1,(anonymous_0)
FN:1,Timeseries
FN:17,(anonymous_2)
FN:17,SosServiceMetadata
FN:27,(anonymous_4)
FN:27,SosCapabilities
FNF:6
FNH:3
FNDA:1,(anonymous_0)
FNDA:0,Timeseries
FNDA:1,(anonymous_2)
FNDA:0,SosServiceMetadata
FNDA:1,(anonymous_4)
FNDA:0,SosCapabilities
DA:1,1
DA:15,1
DA:17,1
DA:25,1
DA:27,1
DA:38,1
LF:6
LH:6
BRF:0
BRH:0
end_of_record
TN:
SF:src/app/timeseries/timeseries.component.ts
FN:27,(anonymous_4)
FN:65,TimeseriesComponent
FN:71,(anonymous_6)
FN:78,(anonymous_7)
FN:86,(anonymous_8)
FN:88,(anonymous_9)
FN:93,(anonymous_10)
FN:111,(anonymous_11)
FN:114,(anonymous_12)
FN:132,(anonymous_13)
FN:138,(anonymous_14)
FN:149,(anonymous_15)
FN:158,(anonymous_16)
FN:176,(anonymous_17)
FN:177,(anonymous_18)
FN:179,(anonymous_19)
FN:180,(anonymous_20)
FN:212,(anonymous_21)
FN:215,(anonymous_22)
FN:223,(anonymous_23)
FN:228,(anonymous_24)
FN:231,(anonymous_25)
FN:236,(anonymous_26)
FN:246,(anonymous_27)
FNF:24
FNH:1
FNDA:1,(anonymous_4)
FNDA:0,TimeseriesComponent
FNDA:0,(anonymous_6)
FNDA:0,(anonymous_7)
FNDA:0,(anonymous_8)
FNDA:0,(anonymous_9)
FNDA:0,(anonymous_10)
FNDA:0,(anonymous_11)
FNDA:0,(anonymous_12)
FNDA:0,(anonymous_13)
FNDA:0,(anonymous_14)
FNDA:0,(anonymous_15)
FNDA:0,(anonymous_16)
FNDA:0,(anonymous_17)
FNDA:0,(anonymous_18)
FNDA:0,(anonymous_19)
FNDA:0,(anonymous_20)
FNDA:0,(anonymous_21)
FNDA:0,(anonymous_22)
FNDA:0,(anonymous_23)
FNDA:0,(anonymous_24)
FNDA:0,(anonymous_25)
FNDA:0,(anonymous_26)
FNDA:0,(anonymous_27)
DA:1,1
DA:2,1
DA:3,1
DA:7,1
DA:8,1
DA:12,1
DA:13,1
DA:14,1
DA:16,1
DA:18,1
DA:27,1
DA:28,1
DA:33,0
DA:35,0
DA:63,0
DA:64,0
DA:65,0
DA:71,1
DA:74,0
DA:75,0
DA:78,0
DA:86,1
DA:88,0
DA:90,0
DA:91,0
DA:92,0
DA:94,0
DA:96,0
DA:97,0
DA:98,0
DA:101,0
DA:102,0
DA:109,0
DA:110,0
DA:111,0
DA:115,0
DA:116,0
DA:117,0
DA:125,0
DA:132,1
DA:134,0
DA:135,0
DA:138,1
DA:139,0
DA:144,0
DA:145,0
DA:146,0
DA:148,0
DA:150,0
DA:151,0
DA:152,0
DA:153,0
DA:159,0
DA:160,0
DA:161,0
DA:176,1
DA:177,0
DA:179,0
DA:180,0
DA:182,0
DA:185,0
DA:187,0
DA:191,0
DA:198,0
DA:199,0
DA:203,0
DA:212,1
DA:214,0
DA:218,0
DA:219,0
DA:220,0
DA:221,0
DA:223,0
DA:225,0
DA:228,1
DA:230,0
DA:234,0
DA:236,0
DA:238,0
DA:246,1
DA:247,0
DA:248,0
DA:250,0
DA:251,0
DA:252,0
DA:253,0
DA:254,0
DA:255,0
DA:256,0
DA:258,0
DA:259,0
DA:262,1
LF:92
LH:21
BRDA:74,1,0,0
BRDA:74,1,1,0
BRDA:90,2,0,0
BRDA:90,2,1,0
BRDA:97,3,0,0
BRDA:97,3,1,0
BRDA:139,4,0,0
BRDA:139,4,1,0
BRDA:182,5,0,0
BRDA:182,5,1,0
BRDA:191,6,0,0
BRDA:191,6,1,0
BRDA:198,7,0,0
BRDA:198,7,1,0
BRDA:199,8,0,0
BRDA:199,8,1,0
BRDA:250,9,0,0
BRDA:250,9,1,0
BRDA:250,10,0,0
BRDA:250,10,1,0
BRDA:254,11,0,0
BRDA:254,11,1,0
BRF:22
BRH:0
end_of_record
TN:
SF:src/app/timeseries/timeseries.configurator.modal.component.ts
FN:20,(anonymous_4)
FN:49,TimeseriesConfiguratorModalComponent
FN:53,(anonymous_6)
FN:77,(anonymous_7)
FN:105,(anonymous_8)
FN:109,(anonymous_9)
FN:118,(anonymous_10)
FN:128,(anonymous_11)
FN:133,(anonymous_12)
FN:137,(anonymous_13)
FN:170,(anonymous_14)
FN:177,(anonymous_15)
FN:182,(anonymous_16)
FN:187,(anonymous_17)
FN:234,(anonymous_18)
FN:244,(anonymous_19)
FNF:16
FNH:1
FNDA:1,(anonymous_4)
FNDA:0,TimeseriesConfiguratorModalComponent
FNDA:0,(anonymous_6)
FNDA:0,(anonymous_7)
FNDA:0,(anonymous_8)
FNDA:0,(anonymous_9)
FNDA:0,(anonymous_10)
FNDA:0,(anonymous_11)
FNDA:0,(anonymous_12)
FNDA:0,(anonymous_13)
FNDA:0,(anonymous_14)
FNDA:0,(anonymous_15)
FNDA:0,(anonymous_16)
FNDA:0,(anonymous_17)
FNDA:0,(anonymous_18)
FNDA:0,(anonymous_19)
DA:1,1
DA:2,1
DA:3,1
DA:4,1
DA:5,1
DA:6,1
DA:7,1
DA:8,1
DA:10,1
DA:11,1
DA:12,1
DA:20,1
DA:21,1
DA:24,0
DA:25,0
DA:27,0
DA:28,0
DA:35,0
DA:36,0
DA:46,0
DA:47,0
DA:48,0
DA:49,0
DA:50,0
DA:53,1
DA:54,0
DA:55,0
DA:57,0
DA:58,0
DA:59,0
DA:60,0
DA:61,0
DA:62,0
DA:63,0
DA:64,0
DA:65,0
DA:77,1
DA:79,0
DA:80,0
DA:81,0
DA:82,0
DA:83,0
DA:84,0
DA:86,0
DA:89,0
DA:90,0
DA:91,0
DA:96,0
DA:97,0
DA:98,0
DA:99,0
DA:100,0
DA:102,0
DA:105,1
DA:106,0
DA:109,1
DA:110,0
DA:111,0
DA:112,0
DA:113,0
DA:114,0
DA:115,0
DA:118,1
DA:119,0
DA:123,0
DA:125,0
DA:127,0
DA:131,0
DA:133,0
DA:136,0
DA:138,0
DA:139,0
DA:144,0
DA:145,0
DA:147,0
DA:150,0
DA:151,0
DA:153,0
DA:156,0
DA:157,0
DA:159,0
DA:162,0
DA:163,0
DA:165,0
DA:168,0
DA:171,0
DA:172,0
DA:177,1
DA:178,0
DA:179,0
DA:182,1
DA:183,0
DA:184,0
DA:187,1
DA:188,0
DA:214,0
DA:223,0
DA:233,0
DA:234,0
DA:236,0
DA:244,1
DA:245,0
DA:246,0
DA:248,0
DA:249,0
DA:250,0
DA:251,0
DA:252,0
DA:253,0
DA:254,0
DA:256,0
DA:257,0
DA:260,1
LF:113
LH:23
BRDA:54,1,0,0
BRDA:54,1,1,0
BRDA:58,2,0,0
BRDA:58,2,1,0
BRDA:61,3,0,0
BRDA:61,3,1,0
BRDA:61,4,0,0
BRDA:61,4,1,0
BRDA:64,5,0,0
BRDA:64,5,1,0
BRDA:79,6,0,0
BRDA:79,6,1,0
BRDA:123,7,0,0
BRDA:123,7,1,0
BRDA:123,8,0,0
BRDA:123,8,1,0
BRDA:131,9,0,0
BRDA:131,9,1,0
BRDA:144,10,0,0
BRDA:144,10,1,0
BRDA:144,11,0,0
BRDA:144,11,1,0
BRDA:150,12,0,0
BRDA:150,12,1,0
BRDA:150,13,0,0
BRDA:150,13,1,0
BRDA:156,14,0,0
BRDA:156,14,1,0
BRDA:156,15,0,0
BRDA:156,15,1,0
BRDA:162,16,0,0
BRDA:162,16,1,0
BRDA:162,17,0,0
BRDA:162,17,1,0
BRDA:248,18,0,0
BRDA:248,18,1,0
BRDA:248,19,0,0
BRDA:248,19,1,0
BRDA:252,20,0,0
BRDA:252,20,1,0
BRF:40
BRH:0
end_of_record
TN:
SF:src/app/timeseries/validators.sac.ts
FN:14,parseUri
FN:34,(anonymous_1)
FN:34,ValidatorsSacGwh
FN:39,(anonymous_3)
FN:48,(anonymous_4)
FN:60,(anonymous_5)
FNF:6
FNH:1
FNDA:0,parseUri
FNDA:1,(anonymous_1)
FNDA:0,ValidatorsSacGwh
FNDA:0,(anonymous_3)
FNDA:0,(anonymous_4)
FNDA:0,(anonymous_5)
DA:2,1
DA:15,0
DA:28,0
DA:34,1
DA:39,1
DA:40,0
DA:41,0
DA:48,1
DA:49,0
DA:50,0
DA:60,1
DA:61,0
DA:62,0
DA:64,0
DA:83,1
LF:15
LH:6
BRDA:42,1,0,0
BRDA:42,1,1,0
BRDA:41,2,0,0
BRDA:41,2,1,0
BRDA:51,3,0,0
BRDA:51,3,1,0
BRDA:50,4,0,0
BRDA:50,4,1,0
BRDA:62,5,0,0
BRDA:62,5,1,0
BRDA:69,6,0,0
BRDA:69,6,1,0
BRDA:64,7,0,0
BRDA:64,7,1,0
BRDA:64,7,2,0
BRDA:64,7,3,0
BRF:16
BRH:0
end_of_record
TN:
SF:src/app/groups/index.ts
FNF:0
FNH:0
DA:1,1
DA:2,1
DA:3,1
LF:3
LH:3
BRF:0
BRH:0
end_of_record
TN:
SF:src/app/groups/groups-base.component.ts
FN:11,_window
FN:21,(anonymous_3)
FN:43,GroupsBaseComponent
FN:46,(anonymous_5)
FN:49,(anonymous_6)
FN:50,(anonymous_7)
FN:54,(anonymous_8)
FN:64,(anonymous_9)
FN:71,(anonymous_10)
FN:74,(anonymous_11)
FN:81,(anonymous_12)
FN:83,(anonymous_13)
FN:88,(anonymous_14)
FN:95,(anonymous_15)
FN:97,(anonymous_16)
FN:103,(anonymous_17)
FN:113,(anonymous_18)
FN:119,(anonymous_19)
FN:128,(anonymous_20)
FN:149,(anonymous_21)
FN:160,(anonymous_22)
FN:169,(anonymous_23)
FN:173,(anonymous_24)
FN:184,(anonymous_25)
FN:188,(anonymous_26)
FN:192,(anonymous_27)
FN:195,(anonymous_28)
FN:197,(anonymous_29)
FN:201,(anonymous_30)
FN:211,(anonymous_31)
FN:218,(anonymous_32)
FN:220,(anonymous_33)
FN:225,(anonymous_34)
FN:231,(anonymous_35)
FN:232,(anonymous_36)
FN:240,(anonymous_37)
FN:241,(anonymous_38)
FN:247,(anonymous_39)
FN:251,(anonymous_40)
FN:253,(anonymous_41)
FN:257,(anonymous_42)
FN:258,(anonymous_43)
FN:266,(anonymous_44)
FN:267,(anonymous_45)
FN:272,(anonymous_46)
FN:276,(anonymous_47)
FN:286,(anonymous_48)
FN:299,(anonymous_49)
FN:309,(anonymous_50)
FN:313,(anonymous_51)
FN:314,(anonymous_52)
FN:323,(anonymous_53)
FN:335,(anonymous_54)
FN:349,(anonymous_55)
FN:371,(anonymous_56)
FN:373,(anonymous_57)
FN:377,(anonymous_58)
FN:389,(anonymous_59)
FN:396,(anonymous_60)
FN:397,(anonymous_61)
FN:406,(anonymous_62)
FN:416,(anonymous_63)
FN:423,(anonymous_64)
FN:424,(anonymous_65)
FN:428,(anonymous_66)
FN:429,(anonymous_67)
FN:438,(anonymous_68)
FN:449,(anonymous_69)
FN:464,(anonymous_70)
FN:466,(anonymous_71)
FN:470,(anonymous_72)
FN:481,(anonymous_73)
FN:488,(anonymous_74)
FN:492,(anonymous_75)
FN:496,(anonymous_76)
FN:500,(anonymous_77)
FNF:76
FNH:1
FNDA:0,_window
FNDA:1,(anonymous_3)
FNDA:0,GroupsBaseComponent
FNDA:0,(anonymous_5)
FNDA:0,(anonymous_6)
FNDA:0,(anonymous_7)
FNDA:0,(anonymous_8)
FNDA:0,(anonymous_9)
FNDA:0,(anonymous_10)
FNDA:0,(anonymous_11)
FNDA:0,(anonymous_12)
FNDA:0,(anonymous_13)
FNDA:0,(anonymous_14)
FNDA:0,(anonymous_15)
FNDA:0,(anonymous_16)
FNDA:0,(anonymous_17)
FNDA:0,(anonymous_18)
FNDA:0,(anonymous_19)
FNDA:0,(anonymous_20)
FNDA:0,(anonymous_21)
FNDA:0,(anonymous_22)
FNDA:0,(anonymous_23)
FNDA:0,(anonymous_24)
FNDA:0,(anonymous_25)
FNDA:0,(anonymous_26)
FNDA:0,(anonymous_27)
FNDA:0,(anonymous_28)
FNDA:0,(anonymous_29)
FNDA:0,(anonymous_30)
FNDA:0,(anonymous_31)
FNDA:0,(anonymous_32)
FNDA:0,(anonymous_33)
FNDA:0,(anonymous_34)
FNDA:0,(anonymous_35)
FNDA:0,(anonymous_36)
FNDA:0,(anonymous_37)
FNDA:0,(anonymous_38)
FNDA:0,(anonymous_39)
FNDA:0,(anonymous_40)
FNDA:0,(anonymous_41)
FNDA:0,(anonymous_42)
FNDA:0,(anonymous_43)
FNDA:0,(anonymous_44)
FNDA:0,(anonymous_45)
FNDA:0,(anonymous_46)
FNDA:0,(anonymous_47)
FNDA:0,(anonymous_48)
FNDA:0,(anonymous_49)
FNDA:0,(anonymous_50)
FNDA:0,(anonymous_51)
FNDA:0,(anonymous_52)
FNDA:0,(anonymous_53)
FNDA:0,(anonymous_54)
FNDA:0,(anonymous_55)
FNDA:0,(anonymous_56)
FNDA:0,(anonymous_57)
FNDA:0,(anonymous_58)
FNDA:0,(anonymous_59)
FNDA:0,(anonymous_60)
FNDA:0,(anonymous_61)
FNDA:0,(anonymous_62)
FNDA:0,(anonymous_63)
FNDA:0,(anonymous_64)
FNDA:0,(anonymous_65)
FNDA:0,(anonymous_66)
FNDA:0,(anonymous_67)
FNDA:0,(anonymous_68)
FNDA:0,(anonymous_69)
FNDA:0,(anonymous_70)
FNDA:0,(anonymous_71)
FNDA:0,(anonymous_72)
FNDA:0,(anonymous_73)
FNDA:0,(anonymous_74)
FNDA:0,(anonymous_75)
FNDA:0,(anonymous_76)
FNDA:0,(anonymous_77)
DA:1,1
DA:2,1
DA:3,1
DA:5,1
DA:6,1
DA:7,1
DA:8,1
DA:13,0
DA:21,1
DA:23,1
DA:24,1
DA:26,0
DA:29,0
DA:30,0
DA:33,0
DA:35,0
DA:36,0
DA:37,0
DA:38,0
DA:40,0
DA:41,0
DA:42,0
DA:43,0
DA:46,1
DA:47,0
DA:50,0
DA:51,0
DA:54,0
DA:55,0
DA:56,0
DA:58,0
DA:59,0
DA:61,0
DA:65,0
DA:66,0
DA:69,0
DA:72,0
DA:75,0
DA:76,0
DA:79,0
DA:82,0
DA:83,0
DA:84,0
DA:85,0
DA:89,0
DA:90,0
DA:93,0
DA:96,0
DA:97,0
DA:98,0
DA:99,0
DA:103,0
DA:104,0
DA:105,0
DA:107,0
DA:108,0
DA:110,0
DA:114,0
DA:115,0
DA:119,1
DA:120,0
DA:128,1
DA:129,0
DA:131,0
DA:137,0
DA:147,0
DA:150,0
DA:156,0
DA:157,0
DA:158,0
DA:161,0
DA:162,0
DA:169,1
DA:170,0
DA:173,1
DA:174,0
DA:175,0
DA:176,0
DA:177,0
DA:184,1
DA:185,0
DA:188,1
DA:189,0
DA:192,1
DA:193,0
DA:196,0
DA:197,0
DA:198,0
DA:201,0
DA:202,0
DA:203,0
DA:205,0
DA:206,0
DA:208,0
DA:212,0
DA:213,0
DA:216,0
DA:219,0
DA:220,0
DA:221,0
DA:222,0
DA:226,0
DA:227,0
DA:231,1
DA:232,0
DA:233,0
DA:234,0
DA:236,0
DA:240,1
DA:241,0
DA:242,0
DA:247,1
DA:248,0
DA:251,1
DA:252,0
DA:253,0
DA:254,0
DA:257,1
DA:258,0
DA:259,0
DA:260,0
DA:262,0
DA:266,1
DA:267,0
DA:268,0
DA:272,1
DA:273,0
DA:274,0
DA:275,0
DA:278,0
DA:283,0
DA:284,0
DA:287,0
DA:288,0
DA:291,0
DA:299,1
DA:300,0
DA:302,0
DA:303,0
DA:305,0
DA:309,1
DA:310,0
DA:311,0
DA:312,0
DA:314,0
DA:316,0
DA:321,0
DA:322,0
DA:324,0
DA:329,0
DA:330,0
DA:331,0
DA:332,0
DA:333,0
DA:336,0
DA:337,0
DA:338,0
DA:341,0
DA:342,0
DA:350,0
DA:351,0
DA:352,0
DA:359,0
DA:360,0
DA:366,0
DA:367,0
DA:368,0
DA:371,1
DA:373,0
DA:374,0
DA:375,0
DA:376,0
DA:378,0
DA:383,0
DA:384,0
DA:385,0
DA:386,0
DA:387,0
DA:390,0
DA:391,0
DA:392,0
DA:396,1
DA:397,0
DA:398,0
DA:399,0
DA:401,0
DA:403,0
DA:404,0
DA:405,0
DA:407,0
DA:412,0
DA:413,0
DA:414,0
DA:417,0
DA:418,0
DA:419,0
DA:423,1
DA:424,0
DA:425,0
DA:428,0
DA:429,0
DA:431,0
DA:436,0
DA:437,0
DA:439,0
DA:444,0
DA:445,0
DA:446,0
DA:447,0
DA:450,0
DA:451,0
DA:452,0
DA:455,0
DA:456,0
DA:464,1
DA:466,0
DA:467,0
DA:468,0
DA:469,0
DA:471,0
DA:476,0
DA:477,0
DA:478,0
DA:479,0
DA:482,0
DA:483,0
DA:484,0
DA:488,1
DA:489,0
DA:492,1
DA:493,0
DA:496,1
DA:497,0
DA:500,1
DA:501,0
DA:503,1
LF:236
LH:36
BRDA:55,1,0,0
BRDA:55,1,1,0
BRDA:58,2,0,0
BRDA:58,2,1,0
BRDA:98,3,0,0
BRDA:98,3,1,0
BRDA:104,4,0,0
BRDA:104,4,1,0
BRDA:107,5,0,0
BRDA:107,5,1,0
BRDA:176,6,0,0
BRDA:176,6,1,0
BRDA:176,7,0,0
BRDA:176,7,1,0
BRDA:202,8,0,0
BRDA:202,8,1,0
BRDA:205,9,0,0
BRDA:205,9,1,0
BRDA:233,10,0,0
BRDA:233,10,1,0
BRDA:242,11,0,0
BRDA:242,11,1,0
BRDA:254,12,0,0
BRDA:254,12,1,0
BRDA:259,13,0,0
BRDA:259,13,1,0
BRDA:268,14,0,0
BRDA:268,14,1,0
BRDA:273,15,0,0
BRDA:273,15,1,0
BRDA:302,16,0,0
BRDA:302,16,1,0
BRDA:310,17,0,0
BRDA:310,17,1,0
BRDA:314,18,0,0
BRDA:314,18,1,0
BRDA:314,19,0,0
BRDA:314,19,1,0
BRDA:398,20,0,0
BRDA:398,20,1,0
BRDA:425,21,0,0
BRDA:425,21,1,0
BRDA:428,22,0,0
BRDA:428,22,1,0
BRDA:429,23,0,0
BRDA:429,23,1,0
BRDA:429,24,0,0
BRDA:429,24,1,0
BRDA:429,24,2,0
BRF:49
BRH:0
end_of_record
TN:
SF:src/app/groups/groups-contextdisplay.component.ts
FN:15,(anonymous_2)
FN:20,GroupsUserContextComponent
FN:23,(anonymous_4)
FN:26,(anonymous_5)
FN:29,(anonymous_6)
FNF:5
FNH:1
FNDA:1,(anonymous_2)
FNDA:0,GroupsUserContextComponent
FNDA:0,(anonymous_4)
FNDA:0,(anonymous_5)
FNDA:0,(anonymous_6)
DA:1,1
DA:2,1
DA:3,1
DA:15,1
DA:16,1
DA:19,0
DA:20,0
DA:23,1
DA:24,0
DA:27,0
DA:30,0
DA:31,0
DA:34,1
LF:13
LH:7
BRF:0
BRH:0
end_of_record
TN:
SF:src/app/groups/groups-userdisplay.component.ts
FN:14,(anonymous_2)
FN:20,GroupsUserDisplayComponent
FN:23,(anonymous_4)
FN:27,(anonymous_5)
FN:30,(anonymous_6)
FNF:5
FNH:1
FNDA:1,(anonymous_2)
FNDA:0,GroupsUserDisplayComponent
FNDA:0,(anonymous_4)
FNDA:0,(anonymous_5)
FNDA:0,(anonymous_6)
DA:1,1
DA:3,1
DA:4,1
DA:14,1
DA:16,1
DA:19,0
DA:20,0
DA:23,1
DA:24,0
DA:25,0
DA:28,0
DA:31,0
DA:32,0
DA:35,1
LF:14
LH:7
BRF:0
BRH:0
end_of_record
TN:
SF:src/app/ol3-map/index.ts
FNF:0
FNH:0
DA:1,1
LF:1
LH:1
BRF:0
BRH:0
end_of_record
TN:
SF:src/app/ol3-map/ol3-map.component.ts
FN:32,(anonymous_2)
FN:32,Ol3MapExtent
FN:54,(anonymous_4)
FN:120,Ol3MapComponent
FN:75,(anonymous_6)
FN:90,(anonymous_7)
FN:100,(anonymous_8)
FN:137,(anonymous_9)
FN:203,(anonymous_10)
FN:204,(anonymous_11)
FN:205,(anonymous_12)
FN:206,(anonymous_13)
FN:207,(anonymous_14)
FN:208,(anonymous_15)
FN:209,(anonymous_16)
FN:210,(anonymous_17)
FN:211,(anonymous_18)
FN:212,(anonymous_19)
FN:215,(anonymous_20)
FN:229,(anonymous_21)
FN:237,(anonymous_22)
FN:267,(anonymous_23)
FN:274,(anonymous_24)
FNF:23
FNH:2
FNDA:1,(anonymous_2)
FNDA:0,Ol3MapExtent
FNDA:1,(anonymous_4)
FNDA:0,Ol3MapComponent
FNDA:0,(anonymous_6)
FNDA:0,(anonymous_7)
FNDA:0,(anonymous_8)
FNDA:0,(anonymous_9)
FNDA:0,(anonymous_10)
FNDA:0,(anonymous_11)
FNDA:0,(anonymous_12)
FNDA:0,(anonymous_13)
FNDA:0,(anonymous_14)
FNDA:0,(anonymous_15)
FNDA:0,(anonymous_16)
FNDA:0,(anonymous_17)
FNDA:0,(anonymous_18)
FNDA:0,(anonymous_19)
FNDA:0,(anonymous_20)
FNDA:0,(anonymous_21)
FNDA:0,(anonymous_22)
FNDA:0,(anonymous_23)
FNDA:0,(anonymous_24)
DA:1,1
DA:14,1
DA:30,1
DA:32,1
DA:35,1
DA:37,1
DA:38,1
DA:39,1
DA:41,1
DA:42,1
DA:43,1
DA:54,1
DA:58,1
DA:60,1
DA:61,1
DA:62,1
DA:63,1
DA:64,1
DA:65,1
DA:66,1
DA:67,1
DA:68,1
DA:69,1
DA:71,1
DA:72,1
DA:73,1
DA:75,2
DA:76,0
DA:77,0
DA:78,0
DA:80,0
DA:81,0
DA:84,0
DA:85,0
DA:86,0
DA:90,2
DA:91,0
DA:92,0
DA:95,0
DA:96,0
DA:97,0
DA:100,2
DA:101,0
DA:102,0
DA:105,0
DA:107,0
DA:108,0
DA:112,1
DA:114,0
DA:115,0
DA:121,0
DA:122,0
DA:123,0
DA:124,0
DA:125,0
DA:126,0
DA:127,0
DA:128,0
DA:129,0
DA:130,0
DA:131,0
DA:137,1
DA:138,0
DA:139,0
DA:140,0
DA:142,0
DA:143,0
DA:145,0
DA:146,0
DA:148,0
DA:162,0
DA:177,0
DA:198,0
DA:199,0
DA:201,0
DA:203,0
DA:204,0
DA:205,0
DA:206,0
DA:207,0
DA:208,0
DA:209,0
DA:210,0
DA:211,0
DA:212,0
DA:215,1
DA:216,0
DA:217,0
DA:218,0
DA:220,0
DA:221,0
DA:222,0
DA:225,0
DA:229,1
DA:231,0
DA:237,1
DA:238,0
DA:239,0
DA:241,0
DA:242,0
DA:243,0
DA:246,0
DA:247,0
DA:249,0
DA:250,0
DA:252,0
DA:257,0
DA:267,1
DA:268,0
DA:270,0
DA:271,0
DA:274,1
DA:275,0
DA:278,1
LF:114
LH:37
BRDA:76,1,0,0
BRDA:76,1,1,0
BRDA:78,2,0,0
BRDA:78,2,1,0
BRDA:84,3,0,0
BRDA:84,3,1,0
BRDA:91,4,0,0
BRDA:91,4,1,0
BRDA:91,5,0,0
BRDA:91,5,1,0
BRDA:101,6,0,0
BRDA:101,6,1,0
BRDA:101,7,0,0
BRDA:101,7,1,0
BRDA:107,8,0,0
BRDA:107,8,1,0
BRDA:139,9,0,0
BRDA:139,9,1,0
BRDA:142,10,0,0
BRDA:142,10,1,0
BRDA:145,11,0,0
BRDA:145,11,1,0
BRDA:217,12,0,0
BRDA:217,12,1,0
BRDA:221,13,0,0
BRDA:221,13,1,0
BRDA:238,14,0,0
BRDA:238,14,1,0
BRDA:241,15,0,0
BRDA:241,15,1,0
BRDA:246,16,0,0
BRDA:246,16,1,0
BRDA:246,17,0,0
BRDA:246,17,1,0
BRDA:249,18,0,0
BRDA:249,18,1,0
BRDA:249,19,0,0
BRDA:249,19,1,0
BRF:38
BRH:0
end_of_record
TN:
SF:src/app/x3d-view/index.ts
FNF:0
FNH:0
DA:1,1
LF:1
LH:1
BRF:0
BRH:0
end_of_record
TN:
SF:src/app/x3d-view/x3d-view.component.ts
FN:13,(anonymous_1)
FN:13,X3dViewComponent
FN:15,(anonymous_3)
FNF:3
FNH:1
FNDA:1,(anonymous_1)
FNDA:0,X3dViewComponent
FNDA:0,(anonymous_3)
DA:1,1
DA:13,1
DA:15,1
DA:16,0
DA:18,1
LF:5
LH:4
BRF:0
BRH:0
end_of_record
