TN:
SF:src/app/_guards/admin.guard.ts
FN:9,(anonymous_2)
FN:12,AdminGuard
FN:15,(anonymous_4)
FN:16,(anonymous_5)
FN:27,(anonymous_6)
FNF:5
FNH:1
FNDA:1,(anonymous_2)
FNDA:0,AdminGuard
FNDA:0,(anonymous_4)
FNDA:0,(anonymous_5)
FNDA:0,(anonymous_6)
DA:1,1
DA:2,1
DA:3,1
DA:4,1
DA:5,1
DA:9,1
DA:11,0
DA:12,0
DA:15,1
DA:16,0
DA:17,0
DA:18,0
DA:19,0
DA:22,0
DA:25,0
DA:28,0
DA:29,0
DA:33,0
DA:36,1
LF:19
LH:8
BRDA:17,1,0,0
BRDA:17,1,1,0
BRDA:18,2,0,0
BRDA:18,2,1,0
BRF:4
BRH:0
end_of_record
TN:
SF:src/app/account/index.ts
FNF:0
FNH:0
DA:2,1
DA:3,1
DA:4,1
DA:5,1
DA:6,1
DA:7,1
DA:8,1
DA:9,1
DA:10,1
DA:11,1
DA:12,1
DA:13,1
DA:14,1
LF:13
LH:13
BRF:0
BRH:0
end_of_record
TN:
SF:src/app/account/account.component.ts
FN:13,(anonymous_2)
FN:25,AccountComponent
FN:31,(anonymous_4)
FN:35,(anonymous_5)
FN:38,(anonymous_6)
FNF:5
FNH:1
FNDA:1,(anonymous_2)
FNDA:0,AccountComponent
FNDA:0,(anonymous_4)
FNDA:0,(anonymous_5)
FNDA:0,(anonymous_6)
DA:1,1
DA:2,1
DA:13,1
DA:19,1
DA:25,0
DA:31,1
DA:33,0
DA:36,0
DA:39,0
DA:40,0
DA:43,1
LF:11
LH:6
BRF:0
BRH:0
end_of_record
TN:
SF:src/app/account/account.service.ts
FN:22,(anonymous_4)
FN:48,AccountService
FN:72,(anonymous_6)
FN:84,(anonymous_7)
FN:109,(anonymous_8)
FN:122,(anonymous_9)
FN:133,(anonymous_10)
FN:140,(anonymous_11)
FN:149,(anonymous_12)
FN:157,(anonymous_13)
FN:169,(anonymous_14)
FN:176,(anonymous_15)
FN:184,(anonymous_16)
FN:196,(anonymous_17)
FN:204,(anonymous_18)
FN:210,(anonymous_19)
FN:242,(anonymous_20)
FN:250,(anonymous_21)
FN:254,(anonymous_22)
FN:264,(anonymous_23)
FN:274,(anonymous_24)
FN:290,(anonymous_25)
FN:312,(anonymous_26)
FN:320,(anonymous_27)
FN:331,(anonymous_28)
FN:345,(anonymous_29)
FN:353,(anonymous_30)
FN:359,(anonymous_31)
FN:369,(anonymous_32)
FN:379,(anonymous_33)
FN:387,(anonymous_34)
FN:397,(anonymous_35)
FN:406,(anonymous_36)
FN:412,(anonymous_37)
FN:425,(anonymous_38)
FN:432,(anonymous_39)
FN:435,(anonymous_40)
FN:440,(anonymous_41)
FN:447,(anonymous_42)
FN:450,(anonymous_43)
FN:455,(anonymous_44)
FN:463,(anonymous_45)
FN:478,(anonymous_46)
FN:486,(anonymous_47)
FN:509,(anonymous_48)
FN:517,(anonymous_49)
FN:536,(anonymous_50)
FNF:47
FNH:2
FNDA:1,(anonymous_4)
FNDA:1,AccountService
FNDA:0,(anonymous_6)
FNDA:0,(anonymous_7)
FNDA:0,(anonymous_8)
FNDA:0,(anonymous_9)
FNDA:0,(anonymous_10)
FNDA:0,(anonymous_11)
FNDA:0,(anonymous_12)
FNDA:0,(anonymous_13)
FNDA:0,(anonymous_14)
FNDA:0,(anonymous_15)
FNDA:0,(anonymous_16)
FNDA:0,(anonymous_17)
FNDA:0,(anonymous_18)
FNDA:0,(anonymous_19)
FNDA:0,(anonymous_20)
FNDA:0,(anonymous_21)
FNDA:0,(anonymous_22)
FNDA:0,(anonymous_23)
FNDA:0,(anonymous_24)
FNDA:0,(anonymous_25)
FNDA:0,(anonymous_26)
FNDA:0,(anonymous_27)
FNDA:0,(anonymous_28)
FNDA:0,(anonymous_29)
FNDA:0,(anonymous_30)
FNDA:0,(anonymous_31)
FNDA:0,(anonymous_32)
FNDA:0,(anonymous_33)
FNDA:0,(anonymous_34)
FNDA:0,(anonymous_35)
FNDA:0,(anonymous_36)
FNDA:0,(anonymous_37)
FNDA:0,(anonymous_38)
FNDA:0,(anonymous_39)
FNDA:0,(anonymous_40)
FNDA:0,(anonymous_41)
FNDA:0,(anonymous_42)
FNDA:0,(anonymous_43)
FNDA:0,(anonymous_44)
FNDA:0,(anonymous_45)
FNDA:0,(anonymous_46)
FNDA:0,(anonymous_47)
FNDA:0,(anonymous_48)
FNDA:0,(anonymous_49)
FNDA:0,(anonymous_50)
DA:1,1
DA:2,1
DA:3,1
DA:4,1
DA:5,1
DA:6,1
DA:7,1
DA:8,1
DA:22,1
DA:26,1
DA:44,1
DA:45,1
DA:46,1
DA:47,1
DA:48,1
DA:50,1
DA:51,1
DA:52,1
DA:54,1
DA:58,0
DA:59,0
DA:60,0
DA:62,0
DA:63,0
DA:64,0
DA:68,0
DA:70,0
DA:74,0
DA:75,0
DA:76,0
DA:77,0
DA:78,0
DA:79,0
DA:81,0
DA:84,0
DA:86,0
DA:87,0
DA:89,0
DA:90,0
DA:91,0
DA:92,0
DA:95,1
DA:96,1
DA:98,1
DA:99,1
DA:100,1
DA:101,1
DA:109,1
DA:111,0
DA:112,0
DA:113,0
DA:117,0
DA:120,0
DA:123,0
DA:124,0
DA:125,0
DA:126,0
DA:127,0
DA:128,0
DA:130,0
DA:133,0
DA:140,1
DA:142,0
DA:149,1
DA:150,0
DA:151,0
DA:155,0
DA:156,0
DA:160,0
DA:162,0
DA:163,0
DA:164,0
DA:165,0
DA:167,0
DA:169,0
DA:176,1
DA:177,0
DA:178,0
DA:182,0
DA:183,0
DA:187,0
DA:189,0
DA:190,0
DA:191,0
DA:192,0
DA:194,0
DA:196,0
DA:204,1
DA:205,0
DA:206,0
DA:207,0
DA:208,0
DA:209,0
DA:213,0
DA:214,0
DA:216,0
DA:217,0
DA:218,0
DA:222,0
DA:225,0
DA:226,0
DA:227,0
DA:228,0
DA:229,0
DA:232,0
DA:237,0
DA:238,0
DA:239,0
DA:242,0
DA:250,1
DA:251,0
DA:253,0
DA:256,0
DA:257,0
DA:258,0
DA:259,0
DA:260,0
DA:262,0
DA:264,0
DA:273,1
DA:275,0
DA:277,0
DA:282,0
DA:287,0
DA:289,0
DA:292,0
DA:293,0
DA:295,0
DA:296,0
DA:297,0
DA:301,0
DA:304,0
DA:308,0
DA:309,0
DA:312,0
DA:320,1
DA:321,0
DA:323,0
DA:328,0
DA:330,0
DA:334,0
DA:335,0
DA:336,0
DA:337,0
DA:338,0
DA:340,0
DA:345,0
DA:353,1
DA:354,0
DA:355,0
DA:356,0
DA:357,0
DA:358,0
DA:362,0
DA:363,0
DA:364,0
DA:369,0
DA:378,1
DA:380,0
DA:382,0
DA:383,0
DA:384,0
DA:385,0
DA:390,0
DA:391,0
DA:392,0
DA:397,0
DA:406,1
DA:407,0
DA:409,0
DA:411,0
DA:413,0
DA:415,0
DA:416,0
DA:417,0
DA:418,0
DA:420,0
DA:422,0
DA:425,0
DA:432,1
DA:433,0
DA:434,0
DA:436,0
DA:437,0
DA:438,0
DA:440,0
DA:447,1
DA:448,0
DA:449,0
DA:451,0
DA:452,0
DA:453,0
DA:455,0
DA:463,1
DA:464,0
DA:465,0
DA:467,0
DA:468,0
DA:469,0
DA:478,1
DA:479,0
DA:480,0
DA:481,0
DA:482,0
DA:483,0
DA:485,0
DA:488,0
DA:489,0
DA:491,0
DA:492,0
DA:493,0
DA:496,0
DA:497,0
DA:499,0
DA:500,0
DA:501,0
DA:502,0
DA:503,0
DA:506,0
DA:509,0
DA:517,1
DA:518,0
DA:520,0
DA:522,0
DA:523,0
DA:524,0
DA:526,0
DA:527,0
DA:536,1
DA:537,0
DA:539,0
DA:541,0
DA:542,0
DA:543,0
DA:544,0
DA:547,0
DA:550,1
LF:237
LH:43
BRDA:54,1,0,0
BRDA:54,1,1,1
BRDA:54,2,0,1
BRDA:54,2,1,0
BRDA:59,3,0,0
BRDA:59,3,1,0
BRDA:76,4,0,0
BRDA:76,4,1,0
BRDA:124,5,0,0
BRDA:124,5,1,0
BRDA:213,6,0,0
BRDA:213,6,1,0
BRDA:214,7,0,0
BRDA:214,7,1,0
BRDA:226,8,0,0
BRDA:226,8,1,0
BRDA:256,9,0,0
BRDA:256,9,1,0
BRDA:257,10,0,0
BRDA:257,10,1,0
BRDA:292,11,0,0
BRDA:292,11,1,0
BRDA:293,12,0,0
BRDA:293,12,1,0
BRDA:335,13,0,0
BRDA:335,13,1,0
BRDA:362,14,0,0
BRDA:362,14,1,0
BRDA:390,15,0,0
BRDA:390,15,1,0
BRDA:413,16,0,0
BRDA:413,16,1,0
BRDA:415,17,0,0
BRDA:415,17,1,0
BRDA:416,18,0,0
BRDA:416,18,1,0
BRDA:436,19,0,0
BRDA:436,19,1,0
BRDA:451,20,0,0
BRDA:451,20,1,0
BRDA:465,21,0,0
BRDA:465,21,1,0
BRDA:468,22,0,0
BRDA:468,22,1,0
BRDA:488,23,0,0
BRDA:488,23,1,0
BRDA:489,24,0,0
BRDA:489,24,1,0
BRDA:500,25,0,0
BRDA:500,25,1,0
BRDA:520,26,0,0
BRDA:520,26,1,0
BRDA:520,27,0,0
BRDA:520,27,1,0
BRDA:537,28,0,0
BRDA:537,28,1,0
BRF:56
BRH:2
end_of_record
TN:
SF:src/app/in-app-config/index.ts
FNF:0
FNH:0
DA:1,1
DA:2,1
LF:2
LH:2
BRF:0
BRH:0
end_of_record
TN:
SF:src/app/in-app-config/app.tokens.ts
FNF:0
FNH:0
DA:1,1
DA:5,1
DA:6,1
DA:7,1
DA:9,1
DA:10,1
DA:11,1
DA:13,1
DA:14,1
DA:15,1
DA:16,1
DA:18,1
DA:20,1
DA:21,1
DA:22,1
DA:24,1
DA:35,1
LF:17
LH:17
BRDA:5,1,0,1
BRDA:5,1,1,0
BRDA:6,2,0,1
BRDA:6,2,1,0
BRDA:7,3,0,1
BRDA:7,3,1,0
BRDA:10,4,0,1
BRDA:10,4,1,0
BRF:8
BRH:4
end_of_record
TN:
SF:src/app/account/account-password-modal.component.ts
FN:15,(anonymous_2)
FN:37,AccountPasswordModalComponent
FN:46,(anonymous_4)
FN:55,(anonymous_5)
FN:63,(anonymous_6)
FN:72,(anonymous_7)
FN:76,(anonymous_8)
FN:97,(anonymous_9)
FNF:8
FNH:1
FNDA:1,(anonymous_2)
FNDA:0,AccountPasswordModalComponent
FNDA:0,(anonymous_4)
FNDA:0,(anonymous_5)
FNDA:0,(anonymous_6)
FNDA:0,(anonymous_7)
FNDA:0,(anonymous_8)
FNDA:0,(anonymous_9)
DA:1,1
DA:2,1
DA:3,1
DA:4,1
DA:15,1
DA:16,1
DA:24,0
DA:25,0
DA:27,0
DA:28,0
DA:29,0
DA:36,0
DA:37,0
DA:39,0
DA:46,1
DA:47,0
DA:48,0
DA:55,1
DA:56,0
DA:57,0
DA:63,1
DA:65,0
DA:66,0
DA:72,1
DA:73,0
DA:74,0
DA:78,0
DA:80,0
DA:81,0
DA:85,0
DA:88,0
DA:92,0
DA:93,0
DA:94,0
DA:98,0
DA:99,0
DA:100,0
DA:103,1
LF:38
LH:11
BRDA:78,1,0,0
BRDA:78,1,1,0
BRF:2
BRH:0
end_of_record
TN:
SF:src/app/notifications/index.ts
FNF:0
FNH:0
DA:1,1
DA:2,1
LF:2
LH:2
BRF:0
BRH:0
end_of_record
TN:
SF:src/app/notifications/notification.component.ts
FN:12,(anonymous_2)
FN:21,NotificationComponent
FN:25,(anonymous_4)
FN:33,(anonymous_5)
FNF:4
FNH:2
FNDA:1,(anonymous_2)
FNDA:1,NotificationComponent
FNDA:0,(anonymous_4)
FNDA:0,(anonymous_5)
DA:1,1
DA:2,1
DA:12,1
DA:21,1
DA:25,1
DA:26,0
DA:33,1
DA:34,0
DA:36,1
LF:9
LH:7
BRF:0
BRH:0
end_of_record
TN:
SF:src/app/notifications/notification.service.ts
FN:32,(anonymous_1)
FN:31,NotificationService
FN:79,(anonymous_3)
FN:91,(anonymous_4)
FN:94,(anonymous_5)
FN:118,(anonymous_6)
FN:129,(anonymous_7)
FNF:7
FNH:2
FNDA:1,(anonymous_1)
FNDA:1,NotificationService
FNDA:0,(anonymous_3)
FNDA:0,(anonymous_4)
FNDA:0,(anonymous_5)
FNDA:0,(anonymous_6)
FNDA:0,(anonymous_7)
DA:1,1
DA:32,1
DA:35,1
DA:38,1
DA:41,1
DA:44,1
DA:47,1
DA:50,1
DA:53,1
DA:56,1
DA:59,1
DA:62,1
DA:65,1
DA:68,1
DA:72,1
DA:79,1
DA:80,0
DA:91,1
DA:92,0
DA:93,0
DA:94,0
DA:95,0
DA:96,0
DA:100,0
DA:102,0
DA:103,0
DA:106,0
DA:107,0
DA:111,0
DA:118,1
DA:120,0
DA:121,0
DA:129,1
DA:130,0
DA:132,1
LF:35
LH:20
BRDA:92,1,0,0
BRDA:92,1,1,0
BRDA:95,2,0,0
BRDA:95,2,1,0
BRDA:101,3,0,0
BRDA:101,3,1,0
BRDA:120,4,0,0
BRDA:120,4,1,0
BRDA:120,5,0,0
BRDA:120,5,1,0
BRF:10
BRH:0
end_of_record
TN:
SF:src/app/account/account-profile-modal.component.ts
FN:16,(anonymous_2)
FN:31,AccountProfileModalComponent
FN:37,(anonymous_4)
FN:41,(anonymous_5)
FN:44,(anonymous_6)
FN:50,(anonymous_7)
FN:59,(anonymous_8)
FN:67,(anonymous_9)
FN:71,(anonymous_10)
FN:75,(anonymous_11)
FN:95,(anonymous_12)
FNF:11
FNH:1
FNDA:1,(anonymous_2)
FNDA:0,AccountProfileModalComponent
FNDA:0,(anonymous_4)
FNDA:0,(anonymous_5)
FNDA:0,(anonymous_6)
FNDA:0,(anonymous_7)
FNDA:0,(anonymous_8)
FNDA:0,(anonymous_9)
FNDA:0,(anonymous_10)
FNDA:0,(anonymous_11)
FNDA:0,(anonymous_12)
DA:1,1
DA:2,1
DA:3,1
DA:4,1
DA:16,1
DA:17,1
DA:19,0
DA:20,0
DA:21,0
DA:30,0
DA:31,0
DA:37,1
DA:39,0
DA:42,0
DA:45,0
DA:46,0
DA:50,1
DA:52,0
DA:59,1
DA:60,0
DA:61,0
DA:67,1
DA:68,0
DA:71,1
DA:72,0
DA:73,0
DA:76,0
DA:78,0
DA:79,0
DA:83,0
DA:86,0
DA:90,0
DA:91,0
DA:92,0
DA:96,0
DA:97,0
DA:98,0
DA:101,1
LF:38
LH:12
BRDA:76,1,0,0
BRDA:76,1,1,0
BRF:2
BRH:0
end_of_record
TN:
SF:src/app/account/account-deleteself-modal.component.ts
FN:15,(anonymous_2)
FN:33,AccountDeleteSelfModalComponent
FN:40,(anonymous_4)
FN:48,(anonymous_5)
FN:55,(anonymous_6)
FN:59,(anonymous_7)
FN:80,(anonymous_8)
FNF:7
FNH:1
FNDA:1,(anonymous_2)
FNDA:0,AccountDeleteSelfModalComponent
FNDA:0,(anonymous_4)
FNDA:0,(anonymous_5)
FNDA:0,(anonymous_6)
FNDA:0,(anonymous_7)
FNDA:0,(anonymous_8)
DA:1,1
DA:2,1
DA:3,1
DA:4,1
DA:15,1
DA:16,1
DA:22,0
DA:24,0
DA:25,0
DA:32,0
DA:33,0
DA:40,1
DA:41,0
DA:42,0
DA:48,1
DA:49,0
DA:55,1
DA:56,0
DA:57,0
DA:61,0
DA:63,0
DA:64,0
DA:68,0
DA:71,0
DA:75,0
DA:76,0
DA:77,0
DA:81,0
DA:82,0
DA:83,0
DA:86,1
LF:31
LH:10
BRDA:61,1,0,0
BRDA:61,1,1,0
BRF:2
BRH:0
end_of_record
TN:
SF:src/app/account/gapi-auth.component.ts
FN:23,(anonymous_2)
FN:31,GApiAuthComponent
FN:34,(anonymous_4)
FN:36,(anonymous_5)
FN:44,(anonymous_6)
FN:46,(anonymous_7)
FN:56,(anonymous_8)
FN:60,(anonymous_9)
FN:73,(anonymous_10)
FN:78,(anonymous_11)
FN:80,(anonymous_12)
FN:82,(anonymous_13)
FN:94,(anonymous_14)
FN:97,(anonymous_15)
FNF:14
FNH:1
FNDA:1,(anonymous_2)
FNDA:0,GApiAuthComponent
FNDA:0,(anonymous_4)
FNDA:0,(anonymous_5)
FNDA:0,(anonymous_6)
FNDA:0,(anonymous_7)
FNDA:0,(anonymous_8)
FNDA:0,(anonymous_9)
FNDA:0,(anonymous_10)
FNDA:0,(anonymous_11)
FNDA:0,(anonymous_12)
FNDA:0,(anonymous_13)
FNDA:0,(anonymous_14)
FNDA:0,(anonymous_15)
DA:1,1
DA:10,1
DA:23,1
DA:24,1
DA:28,1
DA:30,0
DA:31,0
DA:34,1
DA:35,0
DA:37,0
DA:38,0
DA:40,0
DA:44,1
DA:45,0
DA:46,0
DA:47,0
DA:56,1
DA:57,0
DA:59,0
DA:62,0
DA:63,0
DA:64,0
DA:65,0
DA:66,0
DA:67,0
DA:68,0
DA:70,0
DA:71,0
DA:74,0
DA:78,1
DA:79,0
DA:80,0
DA:81,0
DA:83,0
DA:84,0
DA:85,0
DA:86,0
DA:88,0
DA:94,1
DA:95,0
DA:96,0
DA:98,0
DA:99,0
DA:100,0
DA:101,0
DA:103,0
DA:107,1
LF:47
LH:11
BRDA:37,1,0,0
BRDA:37,1,1,0
BRDA:83,2,0,0
BRDA:83,2,1,0
BRDA:98,3,0,0
BRDA:98,3,1,0
BRF:6
BRH:0
end_of_record
TN:
SF:src/app/account/gapi-auth.service.ts
FN:5,(anonymous_2)
FN:10,GApiAuthService
FN:12,(anonymous_4)
FN:15,(anonymous_5)
FN:33,(anonymous_6)
FNF:5
FNH:1
FNDA:1,(anonymous_2)
FNDA:0,GApiAuthService
FNDA:0,(anonymous_4)
FNDA:0,(anonymous_5)
FNDA:0,(anonymous_6)
DA:1,1
DA:2,1
DA:5,1
DA:7,0
DA:8,0
DA:10,0
DA:12,0
DA:15,1
DA:16,0
DA:17,0
DA:18,0
DA:19,0
DA:20,0
DA:21,0
DA:23,0
DA:24,0
DA:25,0
DA:26,0
DA:27,0
DA:28,0
DA:30,0
DA:33,1
DA:34,0
DA:36,1
LF:24
LH:6
BRDA:16,1,0,0
BRDA:16,1,1,0
BRF:2
BRH:0
end_of_record
TN:
SF:src/app/account/login.component.ts
FN:18,(anonymous_2)
FN:31,LoginComponent
FN:37,(anonymous_4)
FN:41,(anonymous_5)
FN:47,(anonymous_6)
FN:57,(anonymous_7)
FN:64,(anonymous_8)
FN:70,(anonymous_9)
FNF:8
FNH:1
FNDA:1,(anonymous_2)
FNDA:0,LoginComponent
FNDA:0,(anonymous_4)
FNDA:0,(anonymous_5)
FNDA:0,(anonymous_6)
FNDA:0,(anonymous_7)
FNDA:0,(anonymous_8)
FNDA:0,(anonymous_9)
DA:1,1
DA:2,1
DA:3,1
DA:4,1
DA:18,1
DA:20,0
DA:21,0
DA:30,0
DA:31,0
DA:37,1
DA:38,0
DA:39,0
DA:44,0
DA:45,0
DA:48,0
DA:49,0
DA:57,1
DA:58,0
DA:59,0
DA:62,0
DA:63,0
DA:67,0
DA:68,0
DA:71,0
DA:72,0
DA:75,0
DA:76,0
DA:83,1
LF:28
LH:8
BRDA:59,1,0,0
BRDA:59,1,1,0
BRF:2
BRH:0
end_of_record
TN:
SF:src/app/account/recaptcha.component.ts
FN:24,(anonymous_2)
FN:49,ReCaptchaComponent
FN:52,(anonymous_4)
FN:54,(anonymous_5)
FN:65,(anonymous_6)
FN:67,(anonymous_7)
FN:73,(anonymous_8)
FN:81,(anonymous_9)
FN:89,(anonymous_10)
FN:93,(anonymous_11)
FNF:10
FNH:1
FNDA:1,(anonymous_2)
FNDA:0,ReCaptchaComponent
FNDA:0,(anonymous_4)
FNDA:0,(anonymous_5)
FNDA:0,(anonymous_6)
FNDA:0,(anonymous_7)
FNDA:0,(anonymous_8)
FNDA:0,(anonymous_9)
FNDA:0,(anonymous_10)
FNDA:0,(anonymous_11)
DA:1,1
DA:10,1
DA:24,1
DA:27,1
DA:29,1
DA:31,1
DA:33,1
DA:35,1
DA:38,1
DA:41,1
DA:43,1
DA:45,1
DA:46,0
DA:48,0
DA:49,0
DA:52,1
DA:53,0
DA:55,0
DA:56,0
DA:59,0
DA:66,0
DA:68,0
DA:73,1
DA:74,0
DA:75,0
DA:78,0
DA:81,1
DA:82,0
DA:83,0
DA:86,0
DA:89,1
DA:90,0
DA:93,1
DA:94,0
DA:96,1
LF:35
LH:18
BRDA:55,1,0,0
BRDA:55,1,1,0
BRDA:74,2,0,0
BRDA:74,2,1,0
BRDA:82,3,0,0
BRDA:82,3,1,0
BRF:6
BRH:0
end_of_record
TN:
SF:src/app/account/recaptcha.service.ts
FN:18,(anonymous_2)
FN:23,ReCaptchaService
FN:25,(anonymous_4)
FN:28,(anonymous_5)
FN:44,(anonymous_6)
FNF:5
FNH:1
FNDA:1,(anonymous_2)
FNDA:0,ReCaptchaService
FNDA:0,(anonymous_4)
FNDA:0,(anonymous_5)
FNDA:0,(anonymous_6)
DA:1,1
DA:2,1
DA:18,1
DA:20,0
DA:21,0
DA:23,0
DA:25,0
DA:28,1
DA:29,0
DA:30,0
DA:31,0
DA:32,0
DA:33,0
DA:34,0
DA:37,0
DA:38,0
DA:39,0
DA:41,0
DA:44,1
DA:45,0
DA:47,1
LF:21
LH:6
BRDA:29,1,0,0
BRDA:29,1,1,0
BRDA:36,2,0,0
BRDA:36,2,1,0
BRF:4
BRH:0
end_of_record
TN:
SF:src/app/account/register.component.ts
FN:19,(anonymous_2)
FN:35,RegisterComponent
FN:39,(anonymous_4)
FN:43,(anonymous_5)
FN:60,(anonymous_6)
FN:83,(anonymous_7)
FN:94,(anonymous_8)
FN:97,(anonymous_9)
FN:112,(anonymous_10)
FN:125,(anonymous_11)
FN:132,(anonymous_12)
FN:148,(anonymous_13)
FNF:12
FNH:1
FNDA:1,(anonymous_2)
FNDA:0,RegisterComponent
FNDA:0,(anonymous_4)
FNDA:0,(anonymous_5)
FNDA:0,(anonymous_6)
FNDA:0,(anonymous_7)
FNDA:0,(anonymous_8)
FNDA:0,(anonymous_9)
FNDA:0,(anonymous_10)
FNDA:0,(anonymous_11)
FNDA:0,(anonymous_12)
FNDA:0,(anonymous_13)
DA:1,1
DA:2,1
DA:3,1
DA:4,1
DA:5,1
DA:19,1
DA:21,0
DA:22,0
DA:23,0
DA:24,0
DA:25,0
DA:34,0
DA:35,0
DA:36,0
DA:39,1
DA:40,0
DA:43,1
DA:44,0
DA:45,0
DA:47,0
DA:58,0
DA:62,0
DA:64,0
DA:70,0
DA:71,0
DA:74,0
DA:79,0
DA:80,0
DA:84,0
DA:85,0
DA:94,1
DA:95,0
DA:96,0
DA:98,0
DA:100,0
DA:101,0
DA:103,0
DA:104,0
DA:105,0
DA:114,0
DA:115,0
DA:116,0
DA:117,0
DA:125,1
DA:126,0
DA:127,0
DA:130,0
DA:131,0
DA:133,0
DA:135,0
DA:136,0
DA:139,0
DA:140,0
DA:145,0
DA:149,0
DA:150,0
DA:153,0
DA:154,0
DA:161,1
LF:59
LH:11
BRDA:62,1,0,0
BRDA:62,1,1,0
BRDA:100,2,0,0
BRDA:100,2,1,0
BRDA:127,3,0,0
BRDA:127,3,1,0
BRDA:133,4,0,0
BRDA:133,4,1,0
BRF:8
BRH:0
end_of_record
TN:
SF:src/app/account/reset-pass.component.ts
FN:15,(anonymous_2)
FN:27,ResetPassComponent
FN:34,(anonymous_4)
FN:39,(anonymous_5)
FN:48,(anonymous_6)
FNF:5
FNH:1
FNDA:1,(anonymous_2)
FNDA:0,ResetPassComponent
FNDA:0,(anonymous_4)
FNDA:0,(anonymous_5)
FNDA:0,(anonymous_6)
DA:1,1
DA:2,1
DA:3,1
DA:4,1
DA:15,1
DA:17,0
DA:18,0
DA:26,0
DA:27,0
DA:34,1
DA:35,0
DA:36,0
DA:37,0
DA:40,0
DA:41,0
DA:46,0
DA:49,0
DA:50,0
DA:53,1
LF:19
LH:7
BRF:0
BRH:0
end_of_record
TN:
SF:src/app/account/reset-pass-redeem.component.ts
FN:12,(anonymous_2)
FN:20,ResetPassRedeemComponent
FN:23,(anonymous_4)
FN:24,(anonymous_5)
FN:38,(anonymous_6)
FN:42,(anonymous_7)
FN:51,(anonymous_8)
FN:62,(anonymous_9)
FNF:8
FNH:1
FNDA:1,(anonymous_2)
FNDA:0,ResetPassRedeemComponent
FNDA:0,(anonymous_4)
FNDA:0,(anonymous_5)
FNDA:0,(anonymous_6)
FNDA:0,(anonymous_7)
FNDA:0,(anonymous_8)
FNDA:0,(anonymous_9)
DA:1,1
DA:2,1
DA:3,1
DA:4,1
DA:12,1
DA:13,0
DA:14,0
DA:16,0
DA:17,0
DA:19,0
DA:20,0
DA:23,1
DA:24,0
DA:25,0
DA:26,0
DA:27,0
DA:31,0
DA:33,0
DA:38,1
DA:39,0
DA:42,1
DA:43,0
DA:44,0
DA:45,0
DA:46,0
DA:48,0
DA:49,0
DA:55,0
DA:56,0
DA:60,0
DA:63,0
DA:64,0
DA:68,1
LF:33
LH:9
BRDA:26,1,0,0
BRDA:26,1,1,0
BRDA:44,2,0,0
BRDA:44,2,1,0
BRF:4
BRH:0
end_of_record
TN:
SF:src/app/_guards/auth.guard.ts
FN:9,(anonymous_2)
FN:12,AuthGuard
FN:15,(anonymous_4)
FN:16,(anonymous_5)
FN:22,(anonymous_6)
FNF:5
FNH:1
FNDA:1,(anonymous_2)
FNDA:0,AuthGuard
FNDA:0,(anonymous_4)
FNDA:0,(anonymous_5)
FNDA:0,(anonymous_6)
DA:1,1
DA:2,1
DA:3,1
DA:4,1
DA:5,1
DA:9,1
DA:11,0
DA:12,0
DA:15,1
DA:16,0
DA:17,0
DA:18,0
DA:20,0
DA:23,0
DA:24,0
DA:28,0
DA:33,1
LF:17
LH:8
BRDA:17,1,0,0
BRDA:17,1,1,0
BRF:2
BRH:0
end_of_record
TN:
SF:src/app/_guards/index.ts
FNF:0
FNH:0
DA:1,1
DA:2,1
DA:3,1
LF:3
LH:3
BRF:0
BRH:0
end_of_record
TN:
SF:src/app/_guards/registered.guard.ts
FN:9,(anonymous_2)
FN:12,RegisteredGuard
FN:15,(anonymous_4)
FN:16,(anonymous_5)
FN:22,(anonymous_6)
FNF:5
FNH:1
FNDA:1,(anonymous_2)
FNDA:0,RegisteredGuard
FNDA:0,(anonymous_4)
FNDA:0,(anonymous_5)
FNDA:0,(anonymous_6)
DA:1,1
DA:2,1
DA:3,1
DA:4,1
DA:5,1
DA:9,1
DA:11,0
DA:12,0
DA:15,1
DA:16,0
DA:17,0
DA:18,0
DA:20,0
DA:23,0
DA:24,0
DA:28,0
DA:31,1
LF:17
LH:8
BRDA:17,1,0,0
BRDA:17,1,1,0
BRF:2
BRH:0
end_of_record
TN:
SF:src/app/owc/index.ts
FNF:0
FNH:0
DA:2,1
DA:3,1
DA:4,1
DA:5,1
DA:6,1
DA:7,1
DA:8,1
DA:9,1
DA:10,1
DA:11,1
DA:12,1
DA:13,1
DA:14,1
DA:15,1
DA:16,1
LF:15
LH:15
BRF:0
BRH:0
end_of_record
TN:
SF:src/app/owc/collections.service.ts
FN:12,(anonymous_4)
FN:16,CollectionsService
FN:23,(anonymous_6)
FN:34,(anonymous_7)
FN:51,(anonymous_8)
FN:64,(anonymous_9)
FN:75,(anonymous_10)
FN:86,(anonymous_11)
FN:102,(anonymous_12)
FN:110,(anonymous_13)
FN:113,(anonymous_14)
FN:129,(anonymous_15)
FN:137,(anonymous_16)
FN:159,(anonymous_17)
FN:167,(anonymous_18)
FN:189,(anonymous_19)
FN:199,(anonymous_20)
FN:230,(anonymous_21)
FN:240,(anonymous_22)
FN:264,(anonymous_23)
FN:274,(anonymous_24)
FN:297,(anonymous_25)
FN:308,(anonymous_26)
FN:324,(anonymous_27)
FNF:24
FNH:1
FNDA:1,(anonymous_4)
FNDA:0,CollectionsService
FNDA:0,(anonymous_6)
FNDA:0,(anonymous_7)
FNDA:0,(anonymous_8)
FNDA:0,(anonymous_9)
FNDA:0,(anonymous_10)
FNDA:0,(anonymous_11)
FNDA:0,(anonymous_12)
FNDA:0,(anonymous_13)
FNDA:0,(anonymous_14)
FNDA:0,(anonymous_15)
FNDA:0,(anonymous_16)
FNDA:0,(anonymous_17)
FNDA:0,(anonymous_18)
FNDA:0,(anonymous_19)
FNDA:0,(anonymous_20)
FNDA:0,(anonymous_21)
FNDA:0,(anonymous_22)
FNDA:0,(anonymous_23)
FNDA:0,(anonymous_24)
FNDA:0,(anonymous_25)
FNDA:0,(anonymous_26)
FNDA:0,(anonymous_27)
DA:1,1
DA:2,1
DA:3,1
DA:4,1
DA:5,1
DA:6,1
DA:12,1
DA:14,0
DA:15,0
DA:16,0
DA:23,1
DA:25,0
DA:26,0
DA:27,0
DA:28,0
DA:29,0
DA:32,0
DA:35,0
DA:36,0
DA:37,0
DA:39,0
DA:51,1
DA:53,0
DA:54,0
DA:55,0
DA:56,0
DA:57,0
DA:58,0
DA:59,0
DA:62,0
DA:65,0
DA:66,0
DA:67,0
DA:69,0
DA:75,1
DA:77,0
DA:78,0
DA:79,0
DA:80,0
DA:81,0
DA:84,0
DA:87,0
DA:88,0
DA:89,0
DA:91,0
DA:102,1
DA:103,0
DA:104,0
DA:105,0
DA:106,0
DA:107,0
DA:109,0
DA:111,0
DA:112,0
DA:113,0
DA:114,0
DA:129,1
DA:130,0
DA:131,0
DA:132,0
DA:133,0
DA:134,0
DA:135,0
DA:138,0
DA:139,0
DA:140,0
DA:142,0
DA:159,1
DA:160,0
DA:161,0
DA:162,0
DA:163,0
DA:164,0
DA:165,0
DA:168,0
DA:169,0
DA:170,0
DA:172,0
DA:189,1
DA:190,0
DA:191,0
DA:192,0
DA:193,0
DA:194,0
DA:195,0
DA:196,0
DA:197,0
DA:200,0
DA:201,0
DA:202,0
DA:203,0
DA:204,0
DA:206,0
DA:207,0
DA:210,0
DA:230,1
DA:231,0
DA:232,0
DA:233,0
DA:234,0
DA:235,0
DA:236,0
DA:237,0
DA:238,0
DA:241,0
DA:242,0
DA:243,0
DA:245,0
DA:264,1
DA:265,0
DA:266,0
DA:267,0
DA:268,0
DA:269,0
DA:270,0
DA:271,0
DA:272,0
DA:275,0
DA:276,0
DA:277,0
DA:279,0
DA:297,1
DA:298,0
DA:299,0
DA:300,0
DA:301,0
DA:302,0
DA:303,0
DA:304,0
DA:305,0
DA:306,0
DA:309,0
DA:310,0
DA:311,0
DA:313,0
DA:324,1
DA:325,0
DA:327,0
DA:328,0
DA:329,0
DA:330,0
DA:332,0
DA:333,0
DA:336,1
LF:144
LH:19
BRDA:36,1,0,0
BRDA:36,1,1,0
BRDA:66,2,0,0
BRDA:66,2,1,0
BRDA:87,3,0,0
BRDA:87,3,1,0
BRDA:88,4,0,0
BRDA:88,4,1,0
BRDA:139,5,0,0
BRDA:139,5,1,0
BRDA:169,6,0,0
BRDA:169,6,1,0
BRDA:201,7,0,0
BRDA:201,7,1,0
BRDA:203,8,0,0
BRDA:203,8,1,0
BRDA:242,9,0,0
BRDA:242,9,1,0
BRDA:276,10,0,0
BRDA:276,10,1,0
BRDA:310,11,0,0
BRDA:310,11,1,0
BRDA:327,12,0,0
BRDA:327,12,1,0
BRF:24
BRH:0
end_of_record
TN:
SF:src/app/owc/collections.component.ts
FN:14,(anonymous_2)
FN:57,CollectionsComponent
FN:17,(anonymous_4)
FN:21,(anonymous_5)
FN:30,(anonymous_6)
FN:33,(anonymous_7)
FN:42,(anonymous_8)
FNF:7
FNH:1
FNDA:1,(anonymous_2)
FNDA:0,CollectionsComponent
FNDA:0,(anonymous_4)
FNDA:0,(anonymous_5)
FNDA:0,(anonymous_6)
FNDA:0,(anonymous_7)
FNDA:0,(anonymous_8)
DA:1,1
DA:2,1
DA:3,1
DA:4,1
DA:14,1
DA:15,1
DA:17,1
DA:18,0
DA:21,1
DA:22,0
DA:23,0
DA:30,1
DA:31,0
DA:32,0
DA:34,0
DA:35,0
DA:40,0
DA:43,0
DA:44,0
DA:55,0
DA:56,0
DA:57,0
DA:60,1
LF:23
LH:10
BRF:0
BRH:0
end_of_record
TN:
SF:src/app/owc/collections-desk.component.ts
FN:13,(anonymous_2)
FN:75,CollectionsDeskComponent
FN:18,(anonymous_4)
FN:22,(anonymous_5)
FN:24,(anonymous_6)
FN:34,(anonymous_7)
FN:41,(anonymous_8)
FN:49,(anonymous_9)
FN:58,(anonymous_10)
FN:81,(anonymous_11)
FN:85,(anonymous_12)
FN:86,(anonymous_13)
FN:91,(anonymous_14)
FN:98,(anonymous_15)
FN:101,(anonymous_16)
FNF:15
FNH:1
FNDA:1,(anonymous_2)
FNDA:0,CollectionsDeskComponent
FNDA:0,(anonymous_4)
FNDA:0,(anonymous_5)
FNDA:0,(anonymous_6)
FNDA:0,(anonymous_7)
FNDA:0,(anonymous_8)
FNDA:0,(anonymous_9)
FNDA:0,(anonymous_10)
FNDA:0,(anonymous_11)
FNDA:0,(anonymous_12)
FNDA:0,(anonymous_13)
FNDA:0,(anonymous_14)
FNDA:0,(anonymous_15)
FNDA:0,(anonymous_16)
DA:1,1
DA:2,1
DA:3,1
DA:13,1
DA:15,0
DA:18,1
DA:19,0
DA:20,0
DA:23,0
DA:24,0
DA:25,0
DA:26,0
DA:28,0
DA:35,0
DA:36,0
DA:39,0
DA:42,0
DA:43,0
DA:50,0
DA:51,0
DA:58,1
DA:59,0
DA:60,0
DA:61,0
DA:62,0
DA:74,0
DA:75,0
DA:81,1
DA:83,0
DA:86,0
DA:87,0
DA:88,0
DA:92,0
DA:93,0
DA:96,0
DA:99,0
DA:102,0
DA:103,0
DA:107,1
LF:39
LH:8
BRF:0
BRH:0
end_of_record
TN:
SF:src/app/owc/owc-resource-detail-modal.component.ts
FN:11,(anonymous_2)
FN:23,OwcResourceDetailModalComponent
FN:26,(anonymous_4)
FN:34,(anonymous_5)
FN:38,(anonymous_6)
FN:47,(anonymous_7)
FN:56,(anonymous_8)
FN:59,(anonymous_9)
FN:68,(anonymous_10)
FNF:9
FNH:1
FNDA:1,(anonymous_2)
FNDA:0,OwcResourceDetailModalComponent
FNDA:0,(anonymous_4)
FNDA:0,(anonymous_5)
FNDA:0,(anonymous_6)
FNDA:0,(anonymous_7)
FNDA:0,(anonymous_8)
FNDA:0,(anonymous_9)
FNDA:0,(anonymous_10)
DA:1,1
DA:2,1
DA:3,1
DA:4,1
DA:11,1
DA:15,1
DA:22,0
DA:23,0
DA:26,1
DA:27,0
DA:28,0
DA:29,0
DA:30,0
DA:34,1
DA:35,0
DA:38,1
DA:39,0
DA:40,0
DA:47,1
DA:48,0
DA:49,0
DA:56,1
DA:57,0
DA:58,0
DA:60,0
DA:61,0
DA:66,0
DA:69,0
DA:70,0
DA:74,1
LF:30
LH:12
BRDA:27,1,0,0
BRDA:27,1,1,0
BRDA:27,2,0,0
BRDA:27,2,1,0
BRF:4
BRH:0
end_of_record
TN:
SF:src/app/owc/owc-author.component.ts
FN:14,(anonymous_2)
FN:14,OwcAuthorComponent
FNF:2
FNH:1
FNDA:1,(anonymous_2)
FNDA:0,OwcAuthorComponent
DA:1,1
DA:14,1
DA:15,1
DA:16,1
LF:4
LH:4
BRF:0
BRH:0
end_of_record
TN:
SF:src/app/owc/owc-category.component.ts
FN:13,(anonymous_2)
FN:13,OwcCategoryComponent
FNF:2
FNH:1
FNDA:1,(anonymous_2)
FNDA:0,OwcCategoryComponent
DA:1,1
DA:13,1
DA:14,1
DA:15,1
LF:4
LH:4
BRF:0
BRH:0
end_of_record
TN:
SF:src/app/owc/owc-content.component.ts
FN:14,(anonymous_2)
FN:14,OwcContentComponent
FNF:2
FNH:1
FNDA:1,(anonymous_2)
FNDA:0,OwcContentComponent
DA:1,1
DA:14,1
DA:15,1
DA:16,1
LF:4
LH:4
BRF:0
BRH:0
end_of_record
TN:
SF:src/app/owc/owc-operation.component.ts
FN:27,(anonymous_2)
FN:27,OwcOperationComponent
FNF:2
FNH:1
FNDA:1,(anonymous_2)
FNDA:0,OwcOperationComponent
DA:1,1
DA:27,1
DA:28,1
DA:29,1
LF:4
LH:4
BRF:0
BRH:0
end_of_record
TN:
SF:src/app/owc/owc-styleset.component.ts
FN:17,(anonymous_2)
FN:17,OwcStyleSetComponent
FNF:2
FNH:1
FNDA:1,(anonymous_2)
FNDA:0,OwcStyleSetComponent
DA:1,1
DA:17,1
DA:18,1
DA:19,1
LF:4
LH:4
BRF:0
BRH:0
end_of_record
TN:
SF:src/app/owc/owc-creator-application.component.ts
FN:21,(anonymous_2)
FN:21,OwcCreatorApplicationComponent
FNF:2
FNH:1
FNDA:1,(anonymous_2)
FNDA:0,OwcCreatorApplicationComponent
DA:1,1
DA:21,1
DA:22,1
DA:23,1
LF:4
LH:4
BRF:0
BRH:0
end_of_record
TN:
SF:src/app/owc/owc-creator-display.component.ts
FN:20,(anonymous_2)
FN:20,OwcCreatorDisplayComponent
FNF:2
FNH:1
FNDA:1,(anonymous_2)
FNDA:0,OwcCreatorDisplayComponent
DA:1,1
DA:20,1
DA:21,1
DA:22,1
LF:4
LH:4
BRF:0
BRH:0
end_of_record
TN:
SF:src/app/owc/owc-link.component.ts
FN:15,(anonymous_2)
FN:15,OwcLinkComponent
FNF:2
FNH:1
FNDA:1,(anonymous_2)
FNDA:0,OwcLinkComponent
DA:1,1
DA:15,1
DA:16,1
DA:17,1
LF:4
LH:4
BRF:0
BRH:0
end_of_record
TN:
SF:src/app/owc/owc-offering.component.ts
FN:10,(anonymous_2)
FN:4,OwcOfferingComponent
FN:24,(anonymous_4)
FNF:3
FNH:1
FNDA:1,(anonymous_2)
FNDA:0,OwcOfferingComponent
FNDA:0,(anonymous_4)
DA:1,1
DA:10,1
DA:11,1
DA:13,0
DA:14,0
DA:16,0
DA:17,0
DA:18,0
DA:19,0
DA:20,0
DA:21,0
DA:22,0
DA:24,1
DA:25,0
DA:27,0
DA:28,0
DA:31,0
DA:32,0
DA:35,0
DA:36,0
DA:39,0
DA:40,0
DA:43,0
DA:44,0
DA:47,0
DA:48,0
DA:51,0
DA:52,0
DA:55,0
DA:58,1
LF:30
LH:5
BRDA:26,1,0,0
BRDA:26,1,1,0
BRDA:26,1,2,0
BRDA:26,1,3,0
BRDA:26,1,4,0
BRDA:26,1,5,0
BRDA:26,1,6,0
BRF:7
BRH:0
end_of_record
TN:
SF:src/app/owc/owc-context-properties.component.ts
FN:9,(anonymous_2)
FN:9,OwcContextPropertiesComponent
FNF:2
FNH:1
FNDA:1,(anonymous_2)
FNDA:0,OwcContextPropertiesComponent
DA:1,1
DA:9,1
DA:10,1
DA:11,1
LF:4
LH:4
BRF:0
BRH:0
end_of_record
TN:
SF:src/app/owc/owc-resource-properties.component.ts
FN:9,(anonymous_2)
FN:9,OwcResourcePropertiesComponent
FN:12,(anonymous_4)
FNF:3
FNH:1
FNDA:1,(anonymous_2)
FNDA:0,OwcResourcePropertiesComponent
FNDA:0,(anonymous_4)
DA:1,1
DA:9,1
DA:10,1
DA:12,1
DA:13,0
DA:15,1
LF:6
LH:5
BRF:0
BRH:0
end_of_record
TN:
SF:src/app/admin/admin.component.ts
FN:12,(anonymous_2)
FN:14,AdminComponent
FN:17,(anonymous_4)
FNF:3
FNH:1
FNDA:1,(anonymous_2)
FNDA:0,AdminComponent
FNDA:0,(anonymous_4)
DA:1,1
DA:2,1
DA:12,1
DA:14,0
DA:17,1
DA:18,0
DA:20,1
LF:7
LH:5
BRF:0
BRH:0
end_of_record
TN:
SF:src/app/admin/index.ts
FNF:0
FNH:0
DA:1,1
LF:1
LH:1
BRF:0
BRH:0
end_of_record
TN:
SF:src/app/app.component.ts
FN:10,(anonymous_2)
FN:16,AppComponent
FNF:2
FNH:2
FNDA:1,(anonymous_2)
FNDA:1,AppComponent
DA:1,1
DA:2,1
DA:10,1
DA:11,1
DA:15,1
DA:18,1
DA:20,1
LF:7
LH:7
BRF:0
BRH:0
end_of_record
TN:
SF:src/app/navigation/navigation.component.ts
FN:16,(anonymous_2)
FN:42,NavigationComponent
FN:60,(anonymous_4)
FN:67,(anonymous_5)
FN:74,(anonymous_6)
FN:81,(anonymous_7)
FN:88,(anonymous_8)
FN:91,(anonymous_9)
FN:96,(anonymous_10)
FN:106,(anonymous_11)
FN:109,(anonymous_12)
FN:120,(anonymous_13)
FN:130,(anonymous_14)
FN:146,(anonymous_15)
FN:156,(anonymous_16)
FN:159,(anonymous_17)
FN:166,(anonymous_18)
FN:169,(anonymous_19)
FNF:18
FNH:2
FNDA:1,(anonymous_2)
FNDA:1,NavigationComponent
FNDA:0,(anonymous_4)
FNDA:0,(anonymous_5)
FNDA:0,(anonymous_6)
FNDA:0,(anonymous_7)
FNDA:0,(anonymous_8)
FNDA:0,(anonymous_9)
FNDA:0,(anonymous_10)
FNDA:0,(anonymous_11)
FNDA:0,(anonymous_12)
FNDA:0,(anonymous_13)
FNDA:0,(anonymous_14)
FNDA:0,(anonymous_15)
FNDA:0,(anonymous_16)
FNDA:0,(anonymous_17)
FNDA:0,(anonymous_18)
FNDA:0,(anonymous_19)
DA:1,1
DA:2,1
DA:3,1
DA:4,1
DA:5,1
DA:16,1
DA:21,1
DA:22,1
DA:24,1
DA:25,1
DA:27,1
DA:29,1
DA:30,1
DA:31,1
DA:40,1
DA:41,1
DA:42,1
DA:44,1
DA:46,1
DA:48,1
DA:49,0
DA:50,0
DA:52,1
DA:54,1
DA:60,1
DA:61,0
DA:67,1
DA:68,0
DA:74,1
DA:75,0
DA:81,1
DA:82,0
DA:88,1
DA:89,0
DA:92,0
DA:93,0
DA:94,0
DA:97,0
DA:98,0
DA:99,0
DA:106,1
DA:107,0
DA:110,0
DA:111,0
DA:112,0
DA:114,0
DA:117,0
DA:122,0
DA:123,0
DA:124,0
DA:128,0
DA:131,0
DA:132,0
DA:133,0
DA:135,0
DA:136,0
DA:137,0
DA:139,0
DA:143,0
DA:148,0
DA:149,0
DA:150,0
DA:154,0
DA:157,0
DA:160,0
DA:161,0
DA:164,0
DA:167,0
DA:170,0
DA:171,0
DA:174,1
LF:71
LH:29
BRDA:48,1,0,0
BRDA:48,1,1,1
BRDA:112,2,0,0
BRDA:112,2,1,0
BRDA:133,3,0,0
BRDA:133,3,1,0
BRDA:136,4,0,0
BRDA:136,4,1,0
BRF:8
BRH:1
end_of_record
TN:
SF:src/app/dashboards/categories.service.ts
FN:11,(anonymous_2)
FN:19,CategoriesService
FN:21,(anonymous_4)
FN:32,(anonymous_5)
FN:41,(anonymous_6)
FN:42,(anonymous_7)
FN:43,(anonymous_8)
FN:52,(anonymous_9)
FN:53,(anonymous_10)
FN:54,(anonymous_11)
FN:55,(anonymous_12)
FN:56,(anonymous_13)
FN:65,(anonymous_14)
FN:72,(anonymous_15)
FN:76,(anonymous_16)
FN:80,(anonymous_17)
FN:88,(anonymous_18)
FNF:17
FNH:1
FNDA:1,(anonymous_2)
FNDA:0,CategoriesService
FNDA:0,(anonymous_4)
FNDA:0,(anonymous_5)
FNDA:0,(anonymous_6)
FNDA:0,(anonymous_7)
FNDA:0,(anonymous_8)
FNDA:0,(anonymous_9)
FNDA:0,(anonymous_10)
FNDA:0,(anonymous_11)
FNDA:0,(anonymous_12)
FNDA:0,(anonymous_13)
FNDA:0,(anonymous_14)
FNDA:0,(anonymous_15)
FNDA:0,(anonymous_16)
FNDA:0,(anonymous_17)
FNDA:0,(anonymous_18)
DA:1,1
DA:2,1
DA:5,1
DA:11,1
DA:13,0
DA:14,0
DA:19,0
DA:20,0
DA:21,0
DA:22,0
DA:23,0
DA:32,1
DA:33,0
DA:41,1
DA:42,0
DA:43,0
DA:52,1
DA:53,0
DA:54,0
DA:55,0
DA:56,0
DA:65,1
DA:67,0
DA:68,0
DA:69,0
DA:71,0
DA:72,0
DA:73,0
DA:76,0
DA:77,0
DA:80,0
DA:81,0
DA:82,0
DA:84,0
DA:88,0
DA:89,0
DA:90,0
DA:92,0
DA:96,0
DA:97,0
DA:101,0
DA:102,0
DA:105,0
DA:107,1
LF:44
LH:9
BRDA:22,1,0,0
BRDA:22,1,1,0
BRDA:43,2,0,0
BRDA:43,2,1,0
BRDA:71,3,0,0
BRDA:71,3,1,0
BRDA:71,4,0,0
BRDA:71,4,1,0
BRDA:71,4,2,0
BRDA:81,5,0,0
BRDA:81,5,1,0
BRDA:89,6,0,0
BRDA:89,6,1,0
BRDA:96,7,0,0
BRDA:96,7,1,0
BRDA:101,8,0,0
BRDA:101,8,1,0
BRF:17
BRH:0
end_of_record
TN:
SF:src/app/glossary-edu/glossary.service.ts
FN:13,(anonymous_2)
FN:15,GlossaryService
FN:27,(anonymous_4)
FN:40,(anonymous_5)
FN:46,(anonymous_6)
FN:57,(anonymous_7)
FN:70,(anonymous_8)
FN:76,(anonymous_9)
FN:85,(anonymous_10)
FN:106,(anonymous_11)
FN:124,(anonymous_12)
FNF:11
FNH:1
FNDA:1,(anonymous_2)
FNDA:0,GlossaryService
FNDA:0,(anonymous_4)
FNDA:0,(anonymous_5)
FNDA:0,(anonymous_6)
FNDA:0,(anonymous_7)
FNDA:0,(anonymous_8)
FNDA:0,(anonymous_9)
FNDA:0,(anonymous_10)
FNDA:0,(anonymous_11)
FNDA:0,(anonymous_12)
DA:1,1
DA:2,1
DA:3,1
DA:4,1
DA:5,1
DA:13,1
DA:15,0
DA:27,1
DA:29,0
DA:33,0
DA:35,0
DA:38,0
DA:41,0
DA:43,0
DA:46,0
DA:57,1
DA:59,0
DA:63,0
DA:65,0
DA:68,0
DA:71,0
DA:73,0
DA:76,0
DA:85,1
DA:86,0
DA:106,1
DA:107,0
DA:124,1
DA:125,0
DA:127,0
DA:129,0
DA:130,0
DA:131,0
DA:133,0
DA:134,0
DA:137,1
LF:36
LH:12
BRDA:127,1,0,0
BRDA:127,1,1,0
BRDA:127,2,0,0
BRDA:127,2,1,0
BRF:4
BRH:0
end_of_record
TN:
SF:src/app/navigation/usplash-credit-btn.component.ts
FN:17,(anonymous_2)
FN:17,UsplashImageCreditComponent
FNF:2
FNH:2
FNDA:1,(anonymous_2)
FNDA:4,UsplashImageCreditComponent
DA:1,1
DA:17,1
DA:19,1
DA:20,1
DA:21,1
LF:5
LH:5
BRF:0
BRH:0
end_of_record
TN:
SF:src/app/app.module.ts
FN:177,(anonymous_1)
FN:177,AppModule
FNF:2
FNH:1
FNDA:1,(anonymous_1)
FNDA:0,AppModule
DA:1,1
DA:2,1
DA:3,1
DA:4,1
DA:5,1
DA:6,1
DA:19,1
DA:20,1
DA:21,1
DA:22,1
DA:29,1
DA:30,1
DA:31,1
DA:32,1
DA:33,1
DA:43,1
DA:44,1
DA:59,1
DA:60,1
DA:77,1
DA:78,1
DA:79,1
DA:80,1
DA:81,1
DA:82,1
DA:83,1
DA:84,1
DA:85,1
DA:86,1
DA:177,1
DA:178,1
LF:31
LH:31
BRF:0
BRH:0
end_of_record
TN:
SF:src/app/app.routing.ts
FNF:0
FNH:0
DA:2,1
DA:3,1
DA:8,1
DA:9,1
DA:10,1
DA:17,1
DA:20,1
DA:21,1
DA:22,1
DA:23,1
DA:24,1
DA:25,1
DA:26,1
DA:28,1
DA:119,1
LF:15
LH:15
BRF:0
BRH:0
end_of_record
TN:
SF:src/app/dashboards/index.ts
FNF:0
FNH:0
DA:1,1
DA:2,1
DA:3,1
DA:4,1
DA:5,1
DA:6,1
DA:7,1
DA:9,1
LF:8
LH:8
BRF:0
BRH:0
end_of_record
TN:
SF:src/app/dashboards/dashboard-button.component.ts
FN:10,(anonymous_2)
FN:10,DashboardButtonComponent
FNF:2
FNH:1
FNDA:1,(anonymous_2)
FNDA:0,DashboardButtonComponent
DA:1,1
DA:10,1
DA:11,1
DA:12,1
DA:13,1
DA:14,1
LF:6
LH:6
BRF:0
BRH:0
end_of_record
TN:
SF:src/app/dashboards/dashboard-category.component.ts
FN:13,(anonymous_2)
FN:60,DashboardCategoryComponent
FN:22,(anonymous_4)
FN:24,(anonymous_5)
FN:30,(anonymous_6)
FN:40,(anonymous_7)
FN:52,(anonymous_8)
FNF:7
FNH:1
FNDA:1,(anonymous_2)
FNDA:0,DashboardCategoryComponent
FNDA:0,(anonymous_4)
FNDA:0,(anonymous_5)
FNDA:0,(anonymous_6)
FNDA:0,(anonymous_7)
FNDA:0,(anonymous_8)
DA:1,1
DA:2,1
DA:4,1
DA:5,1
DA:13,1
DA:15,0
DA:16,0
DA:17,0
DA:18,0
DA:19,0
DA:20,0
DA:22,1
DA:24,0
DA:26,0
DA:28,0
DA:31,0
DA:32,0
DA:34,0
DA:35,0
DA:37,0
DA:38,0
DA:40,0
DA:42,0
DA:45,0
DA:47,0
DA:48,0
DA:53,0
DA:59,0
DA:60,0
DA:61,0
DA:64,1
LF:31
LH:7
BRDA:31,1,0,0
BRDA:31,1,1,0
BRDA:31,2,0,0
BRDA:31,2,1,0
BRF:4
BRH:0
end_of_record
TN:
SF:src/app/dashboards/dashboard-home.component.ts
FN:14,(anonymous_2)
FN:20,DashboardHomeComponent
FN:23,(anonymous_4)
FN:26,(anonymous_5)
FN:27,(anonymous_6)
FN:33,(anonymous_7)
FNF:6
FNH:1
FNDA:1,(anonymous_2)
FNDA:0,DashboardHomeComponent
FNDA:0,(anonymous_4)
FNDA:0,(anonymous_5)
FNDA:0,(anonymous_6)
FNDA:0,(anonymous_7)
DA:1,1
DA:3,1
DA:4,1
DA:14,1
DA:16,0
DA:17,0
DA:19,0
DA:20,0
DA:23,1
DA:24,0
DA:27,0
DA:28,0
DA:29,0
DA:30,0
DA:34,0
DA:37,1
LF:16
LH:6
BRF:0
BRH:0
end_of_record
TN:
SF:src/app/dashboards/result-cards.component.ts
FN:26,(anonymous_2)
FN:55,ResultCardsComponent
FN:61,(anonymous_4)
FN:73,(anonymous_5)
FN:78,(anonymous_6)
FN:83,(anonymous_7)
FN:87,(anonymous_8)
FN:101,(anonymous_9)
FN:107,(anonymous_10)
FN:119,(anonymous_11)
FN:131,(anonymous_12)
FN:142,(anonymous_13)
FN:153,(anonymous_14)
FN:160,(anonymous_15)
FN:165,(anonymous_16)
FN:170,(anonymous_17)
FN:183,(anonymous_18)
FN:198,(anonymous_19)
FN:200,(anonymous_20)
FN:205,(anonymous_21)
FNF:20
FNH:1
FNDA:1,(anonymous_2)
FNDA:0,ResultCardsComponent
FNDA:0,(anonymous_4)
FNDA:0,(anonymous_5)
FNDA:0,(anonymous_6)
FNDA:0,(anonymous_7)
FNDA:0,(anonymous_8)
FNDA:0,(anonymous_9)
FNDA:0,(anonymous_10)
FNDA:0,(anonymous_11)
FNDA:0,(anonymous_12)
FNDA:0,(anonymous_13)
FNDA:0,(anonymous_14)
FNDA:0,(anonymous_15)
FNDA:0,(anonymous_16)
FNDA:0,(anonymous_17)
FNDA:0,(anonymous_18)
FNDA:0,(anonymous_19)
FNDA:0,(anonymous_20)
FNDA:0,(anonymous_21)
DA:1,1
DA:2,1
DA:4,1
DA:5,1
DA:6,1
DA:7,1
DA:8,1
DA:9,1
DA:26,1
DA:27,1
DA:32,0
DA:33,0
DA:34,0
DA:35,0
DA:36,0
DA:38,0
DA:51,0
DA:52,0
DA:53,0
DA:54,0
DA:55,0
DA:61,1
DA:62,0
DA:69,0
DA:72,0
DA:74,0
DA:75,0
DA:76,0
DA:79,0
DA:80,0
DA:81,0
DA:82,0
DA:83,0
DA:84,0
DA:88,0
DA:91,0
DA:92,0
DA:94,0
DA:102,0
DA:103,0
DA:105,0
DA:108,0
DA:109,0
DA:114,0
DA:115,0
DA:116,0
DA:120,0
DA:121,0
DA:123,0
DA:128,0
DA:132,0
DA:142,1
DA:145,0
DA:153,1
DA:154,0
DA:155,0
DA:157,0
DA:158,0
DA:159,0
DA:160,0
DA:161,0
DA:162,0
DA:165,0
DA:166,0
DA:170,1
DA:171,0
DA:172,0
DA:173,0
DA:174,0
DA:183,1
DA:184,0
DA:185,0
DA:198,1
DA:199,0
DA:201,0
DA:204,0
DA:205,0
DA:206,0
DA:208,0
DA:209,0
DA:211,1
LF:81
LH:17
BRDA:79,1,0,0
BRDA:79,1,1,0
BRDA:79,2,0,0
BRDA:79,2,1,0
BRDA:91,3,0,0
BRDA:91,3,1,0
BRDA:92,4,0,0
BRDA:92,4,1,0
BRDA:114,5,0,0
BRDA:114,5,1,0
BRDA:120,6,0,0
BRDA:120,6,1,0
BRDA:154,7,0,0
BRDA:154,7,1,0
BRDA:157,8,0,0
BRDA:157,8,1,0
BRDA:159,9,0,0
BRDA:159,9,1,0
BRDA:161,10,0,0
BRDA:161,10,1,0
BRF:20
BRH:0
end_of_record
TN:
SF:src/app/search/index.ts
FNF:0
FNH:0
DA:1,1
DA:2,1
DA:3,1
DA:4,1
DA:5,1
DA:6,1
LF:6
LH:6
BRF:0
BRH:0
end_of_record
TN:
SF:src/app/search/search.component.ts
FN:21,(anonymous_2)
FN:65,SearchComponent
FN:72,(anonymous_4)
FN:74,(anonymous_5)
FN:109,(anonymous_6)
FN:120,(anonymous_7)
FN:132,(anonymous_8)
FN:142,(anonymous_9)
FN:153,(anonymous_10)
FN:167,(anonymous_11)
FN:177,(anonymous_12)
FN:201,(anonymous_13)
FN:211,(anonymous_14)
FN:222,(anonymous_15)
FN:233,(anonymous_16)
FN:240,(anonymous_17)
FN:253,(anonymous_18)
FN:256,(anonymous_19)
FN:262,(anonymous_20)
FN:267,(anonymous_21)
FN:276,(anonymous_22)
FN:276,Search
FNF:22
FNH:2
FNDA:1,(anonymous_2)
FNDA:0,SearchComponent
FNDA:0,(anonymous_4)
FNDA:0,(anonymous_5)
FNDA:0,(anonymous_6)
FNDA:0,(anonymous_7)
FNDA:0,(anonymous_8)
FNDA:0,(anonymous_9)
FNDA:0,(anonymous_10)
FNDA:0,(anonymous_11)
FNDA:0,(anonymous_12)
FNDA:0,(anonymous_13)
FNDA:0,(anonymous_14)
FNDA:0,(anonymous_15)
FNDA:0,(anonymous_16)
FNDA:0,(anonymous_17)
FNDA:0,(anonymous_18)
FNDA:0,(anonymous_19)
FNDA:0,(anonymous_20)
FNDA:0,(anonymous_21)
FNDA:1,(anonymous_22)
FNDA:0,Search
DA:1,1
DA:3,1
DA:4,1
DA:6,1
DA:7,1
DA:8,1
DA:10,1
DA:21,1
DA:22,1
DA:25,0
DA:28,0
DA:46,0
DA:48,0
DA:62,0
DA:63,0
DA:64,0
DA:65,0
DA:72,1
DA:74,0
DA:75,0
DA:76,0
DA:78,0
DA:81,0
DA:82,0
DA:84,0
DA:87,0
DA:88,0
DA:89,0
DA:90,0
DA:92,0
DA:93,0
DA:96,0
DA:97,0
DA:99,0
DA:102,0
DA:103,0
DA:105,0
DA:106,0
DA:109,0
DA:110,0
DA:111,0
DA:115,0
DA:116,0
DA:117,0
DA:121,0
DA:122,0
DA:124,0
DA:129,0
DA:133,0
DA:142,1
DA:143,0
DA:153,1
DA:154,0
DA:167,1
DA:168,0
DA:170,0
DA:178,0
DA:181,0
DA:183,0
DA:192,0
DA:193,0
DA:199,0
DA:202,0
DA:203,0
DA:211,1
DA:212,0
DA:213,0
DA:214,0
DA:215,0
DA:222,1
DA:223,0
DA:224,0
DA:233,1
DA:234,0
DA:240,1
DA:241,0
DA:253,1
DA:254,0
DA:255,0
DA:257,0
DA:262,1
DA:263,0
DA:264,0
DA:267,1
DA:268,0
DA:269,0
DA:271,1
DA:276,1
DA:283,1
LF:89
LH:23
BRDA:75,1,0,0
BRDA:75,1,1,0
BRDA:81,2,0,0
BRDA:81,2,1,0
BRDA:87,3,0,0
BRDA:87,3,1,0
BRDA:96,4,0,0
BRDA:96,4,1,0
BRDA:102,5,0,0
BRDA:102,5,1,0
BRDA:103,6,0,0
BRDA:103,6,1,0
BRDA:105,7,0,0
BRDA:105,7,1,0
BRDA:115,8,0,0
BRDA:115,8,1,0
BRDA:121,9,0,0
BRDA:121,9,1,0
BRDA:181,10,0,0
BRDA:181,10,1,0
BRDA:223,11,0,0
BRDA:223,11,1,0
BRDA:254,12,0,0
BRDA:254,12,1,0
BRF:24
BRH:0
end_of_record
TN:
SF:src/app/search/result.service.ts
FN:13,(anonymous_4)
FN:24,ResultService
FN:41,(anonymous_6)
FN:57,(anonymous_7)
FN:60,(anonymous_8)
FN:64,(anonymous_9)
FN:81,(anonymous_10)
FN:100,(anonymous_11)
FN:116,(anonymous_12)
FN:119,(anonymous_13)
FN:123,(anonymous_14)
FN:140,(anonymous_15)
FN:148,(anonymous_16)
FNF:13
FNH:1
FNDA:1,(anonymous_4)
FNDA:0,ResultService
FNDA:0,(anonymous_6)
FNDA:0,(anonymous_7)
FNDA:0,(anonymous_8)
FNDA:0,(anonymous_9)
FNDA:0,(anonymous_10)
FNDA:0,(anonymous_11)
FNDA:0,(anonymous_12)
FNDA:0,(anonymous_13)
FNDA:0,(anonymous_14)
FNDA:0,(anonymous_15)
FNDA:0,(anonymous_16)
DA:1,1
DA:2,1
DA:3,1
DA:4,1
DA:6,1
DA:7,1
DA:8,1
DA:10,1
DA:13,1
DA:16,0
DA:23,0
DA:24,0
DA:37,1
DA:38,0
DA:39,0
DA:40,0
DA:43,0
DA:44,0
DA:45,0
DA:46,0
DA:47,0
DA:48,0
DA:49,0
DA:50,0
DA:55,0
DA:58,0
DA:59,0
DA:60,0
DA:61,0
DA:62,0
DA:64,0
DA:65,0
DA:66,0
DA:67,0
DA:68,0
DA:70,0
DA:71,0
DA:73,0
DA:74,0
DA:81,0
DA:95,1
DA:96,0
DA:98,0
DA:99,0
DA:102,0
DA:103,0
DA:104,0
DA:105,0
DA:106,0
DA:107,0
DA:108,0
DA:109,0
DA:114,0
DA:117,0
DA:118,0
DA:119,0
DA:120,0
DA:121,0
DA:123,0
DA:124,0
DA:125,0
DA:126,0
DA:127,0
DA:129,0
DA:130,0
DA:132,0
DA:133,0
DA:140,0
DA:148,1
DA:149,0
DA:151,0
DA:152,0
DA:153,0
DA:154,0
DA:156,0
DA:157,0
DA:160,1
LF:77
LH:13
BRDA:38,1,0,0
BRDA:38,1,1,0
BRDA:39,2,0,0
BRDA:39,2,1,0
BRDA:40,3,0,0
BRDA:40,3,1,0
BRDA:49,4,0,0
BRDA:49,4,1,0
BRDA:58,5,0,0
BRDA:58,5,1,0
BRDA:96,6,0,0
BRDA:96,6,1,0
BRDA:98,7,0,0
BRDA:98,7,1,0
BRDA:99,8,0,0
BRDA:99,8,1,0
BRDA:108,9,0,0
BRDA:108,9,1,0
BRDA:117,10,0,0
BRDA:117,10,1,0
BRDA:151,11,0,0
BRDA:151,11,1,0
BRF:22
BRH:0
end_of_record
TN:
SF:src/app/search/result-detail-modal.component.ts
FN:13,(anonymous_2)
FN:22,ResultDetailModalComponent
FN:25,(anonymous_4)
FN:32,(anonymous_5)
FN:45,(anonymous_6)
FN:53,(anonymous_7)
FN:57,(anonymous_8)
FNF:7
FNH:1
FNDA:1,(anonymous_2)
FNDA:0,ResultDetailModalComponent
FNDA:0,(anonymous_4)
FNDA:0,(anonymous_5)
FNDA:0,(anonymous_6)
FNDA:0,(anonymous_7)
FNDA:0,(anonymous_8)
DA:1,1
DA:2,1
DA:5,1
DA:6,1
DA:13,1
DA:17,1
DA:19,1
DA:21,0
DA:22,0
DA:25,1
DA:26,0
DA:27,0
DA:29,0
DA:33,0
DA:34,0
DA:36,0
DA:42,0
DA:46,0
DA:49,0
DA:53,1
DA:54,0
DA:57,1
DA:58,0
DA:60,1
LF:24
LH:11
BRDA:26,1,0,0
BRDA:26,1,1,0
BRDA:33,2,0,0
BRDA:33,2,1,0
BRF:4
BRH:0
end_of_record
TN:
SF:src/app/search/result-detail.component.ts
FN:10,(anonymous_2)
FN:10,ResultDetailComponent
FNF:2
FNH:1
FNDA:1,(anonymous_2)
FNDA:0,ResultDetailComponent
DA:1,1
DA:10,1
DA:12,1
DA:13,1
LF:4
LH:4
BRF:0
BRH:0
end_of_record
TN:
SF:src/app/search/result.ts
FN:1,(anonymous_0)
FN:1,Result
FNF:2
FNH:1
FNDA:1,(anonymous_0)
FNDA:0,Result
DA:1,1
DA:3,1
LF:2
LH:2
BRF:0
BRH:0
end_of_record
TN:
SF:src/app/search/featureOriginFilter.pipe.ts
FN:7,(anonymous_1)
FN:7,FeatureOriginPipe
FN:8,(anonymous_3)
FN:9,(anonymous_4)
FNF:4
FNH:1
FNDA:1,(anonymous_1)
FNDA:0,FeatureOriginPipe
FNDA:0,(anonymous_3)
FNDA:0,(anonymous_4)
DA:1,1
DA:7,1
DA:8,1
DA:9,0
DA:11,1
LF:5
LH:4
BRF:0
BRH:0
end_of_record
TN:
SF:src/app/dashboards/card.simple.component.ts
FN:10,(anonymous_2)
FN:4,CardComponent
FN:23,(anonymous_4)
FN:31,(anonymous_5)
FN:39,(anonymous_6)
FN:43,(anonymous_7)
FN:47,(anonymous_8)
FN:51,(anonymous_9)
FNF:8
FNH:1
FNDA:1,(anonymous_2)
FNDA:0,CardComponent
FNDA:0,(anonymous_4)
FNDA:0,(anonymous_5)
FNDA:0,(anonymous_6)
FNDA:0,(anonymous_7)
FNDA:0,(anonymous_8)
FNDA:0,(anonymous_9)
DA:1,1
DA:10,1
DA:12,1
DA:13,1
DA:14,1
DA:15,1
DA:16,1
DA:17,1
DA:19,1
DA:20,1
DA:23,1
DA:24,0
DA:25,0
DA:27,0
DA:31,1
DA:32,0
DA:33,0
DA:35,0
DA:39,1
DA:40,0
DA:43,1
DA:44,0
DA:47,1
DA:48,0
DA:51,1
DA:52,0
DA:53,0
DA:54,0
DA:55,0
DA:56,0
DA:57,0
DA:59,0
DA:62,1
LF:33
LH:17
BRDA:24,1,0,0
BRDA:24,1,1,0
BRDA:32,2,0,0
BRDA:32,2,1,0
BRDA:52,3,0,0
BRDA:52,3,1,0
BRDA:54,4,0,0
BRDA:54,4,1,0
BRDA:56,5,0,0
BRDA:56,5,1,0
BRF:10
BRH:0
end_of_record
TN:
SF:src/app/dashboards/share-button.component.ts
FN:24,(anonymous_2)
FN:27,ShareButtonComponent
FN:30,(anonymous_4)
FN:32,(anonymous_5)
FNF:4
FNH:1
FNDA:1,(anonymous_2)
FNDA:0,ShareButtonComponent
FNDA:0,(anonymous_4)
FNDA:0,(anonymous_5)
DA:1,1
DA:7,1
DA:24,1
DA:25,1
DA:27,0
DA:30,1
DA:31,0
DA:33,0
DA:34,0
DA:36,0
DA:39,1
LF:11
LH:6
BRDA:33,1,0,0
BRDA:33,1,1,0
BRF:2
BRH:0
end_of_record
TN:
SF:src/app/dashboards/share-button.service.ts
FN:15,(anonymous_2)
FN:22,ShareButtonService
FN:24,(anonymous_4)
FN:32,(anonymous_5)
FN:50,(anonymous_6)
FNF:5
FNH:1
FNDA:1,(anonymous_2)
FNDA:0,ShareButtonService
FNDA:0,(anonymous_4)
FNDA:0,(anonymous_5)
FNDA:0,(anonymous_6)
DA:1,1
DA:2,1
DA:15,1
DA:19,0
DA:20,0
DA:22,0
DA:24,0
DA:32,1
DA:33,0
DA:34,0
DA:35,0
DA:37,0
DA:38,0
DA:39,0
DA:41,0
DA:42,0
DA:43,0
DA:44,0
DA:45,0
DA:47,0
DA:50,1
DA:51,0
DA:53,1
LF:23
LH:6
BRDA:33,1,0,0
BRDA:33,1,1,0
BRDA:37,2,0,0
BRDA:37,2,1,0
BRF:4
BRH:0
end_of_record
TN:
SF:src/app/workbench/index.ts
FNF:0
FNH:0
DA:1,1
DA:2,1
DA:3,1
LF:3
LH:3
BRF:0
BRH:0
end_of_record
TN:
SF:src/app/workbench/metadata-editor.component.ts
FN:40,(anonymous_4)
FN:86,MetadataEditorComponent
FN:89,(anonymous_6)
FN:92,(anonymous_7)
FN:104,(anonymous_8)
FN:143,(anonymous_9)
FN:149,(anonymous_10)
FN:156,(anonymous_11)
FN:163,(anonymous_12)
FN:179,(anonymous_13)
FN:182,(anonymous_14)
FN:187,(anonymous_15)
FN:192,(anonymous_16)
FN:194,(anonymous_17)
FN:199,(anonymous_18)
FN:206,(anonymous_19)
FN:211,(anonymous_20)
FN:216,(anonymous_21)
FN:220,(anonymous_22)
FN:224,(anonymous_23)
FN:230,(anonymous_24)
FN:236,(anonymous_25)
FN:240,(anonymous_26)
FN:242,(anonymous_27)
FN:260,(anonymous_28)
FN:262,(anonymous_29)
FN:263,(anonymous_30)
FN:272,(anonymous_31)
FNF:28
FNH:1
FNDA:1,(anonymous_4)
FNDA:0,MetadataEditorComponent
FNDA:0,(anonymous_6)
FNDA:0,(anonymous_7)
FNDA:0,(anonymous_8)
FNDA:0,(anonymous_9)
FNDA:0,(anonymous_10)
FNDA:0,(anonymous_11)
FNDA:0,(anonymous_12)
FNDA:0,(anonymous_13)
FNDA:0,(anonymous_14)
FNDA:0,(anonymous_15)
FNDA:0,(anonymous_16)
FNDA:0,(anonymous_17)
FNDA:0,(anonymous_18)
FNDA:0,(anonymous_19)
FNDA:0,(anonymous_20)
FNDA:0,(anonymous_21)
FNDA:0,(anonymous_22)
FNDA:0,(anonymous_23)
FNDA:0,(anonymous_24)
FNDA:0,(anonymous_25)
FNDA:0,(anonymous_26)
FNDA:0,(anonymous_27)
FNDA:0,(anonymous_28)
FNDA:0,(anonymous_29)
FNDA:0,(anonymous_30)
FNDA:0,(anonymous_31)
DA:1,1
DA:2,1
DA:4,1
DA:5,1
DA:7,1
DA:8,1
DA:10,1
DA:11,1
DA:13,1
DA:40,1
DA:42,0
DA:56,0
DA:58,0
DA:70,0
DA:71,0
DA:77,0
DA:79,0
DA:81,0
DA:82,0
DA:83,0
DA:84,0
DA:85,0
DA:86,0
DA:88,0
DA:90,0
DA:94,0
DA:95,0
DA:98,0
DA:100,0
DA:104,1
DA:105,0
DA:143,0
DA:144,0
DA:145,0
DA:149,1
DA:150,0
DA:151,0
DA:152,0
DA:156,1
DA:157,0
DA:158,0
DA:159,0
DA:163,1
DA:164,0
DA:166,0
DA:167,0
DA:169,0
DA:173,0
DA:177,0
DA:178,0
DA:180,0
DA:183,0
DA:186,0
DA:188,0
DA:189,0
DA:190,0
DA:192,0
DA:195,0
DA:196,0
DA:197,0
DA:200,0
DA:201,0
DA:206,1
DA:207,0
DA:208,0
DA:211,1
DA:212,0
DA:213,0
DA:216,1
DA:217,0
DA:220,1
DA:221,0
DA:224,1
DA:225,0
DA:226,0
DA:227,0
DA:230,1
DA:231,0
DA:232,0
DA:233,0
DA:236,1
DA:237,0
DA:240,1
DA:241,0
DA:243,0
DA:244,0
DA:245,0
DA:246,0
DA:247,0
DA:250,0
DA:252,0
DA:258,0
DA:260,0
DA:262,0
DA:263,0
DA:272,1
DA:273,0
DA:275,0
DA:277,0
DA:278,0
DA:279,0
DA:280,0
DA:282,0
DA:283,0
DA:286,1
LF:105
LH:24
BRDA:94,1,0,0
BRDA:94,1,1,0
BRDA:150,2,0,0
BRDA:150,2,1,0
BRDA:157,3,0,0
BRDA:157,3,1,0
BRDA:190,4,0,0
BRDA:190,4,1,0
BRDA:237,5,0,0
BRDA:237,5,1,0
BRDA:246,6,0,0
BRDA:246,6,1,0
BRDA:246,7,0,0
BRDA:246,7,1,0
BRDA:277,8,0,0
BRDA:277,8,1,0
BRF:16
BRH:0
end_of_record
TN:
SF:src/app/workbench/metadata.ts
FN:4,(anonymous_0)
FN:4,GeoMetadata
FN:24,(anonymous_2)
FN:24,GeoExtent
FN:32,(anonymous_4)
FN:32,GeoCitation
FN:38,(anonymous_6)
FN:38,GeoContact
FN:47,(anonymous_8)
FN:47,GeoDistribution
FN:55,(anonymous_10)
FN:55,InsertResponse
FNF:12
FNH:6
FNDA:1,(anonymous_0)
FNDA:0,GeoMetadata
FNDA:1,(anonymous_2)
FNDA:0,GeoExtent
FNDA:1,(anonymous_4)
FNDA:0,GeoCitation
FNDA:1,(anonymous_6)
FNDA:0,GeoContact
FNDA:1,(anonymous_8)
FNDA:0,GeoDistribution
FNDA:1,(anonymous_10)
FNDA:0,InsertResponse
DA:4,1
DA:22,1
DA:24,1
DA:30,1
DA:32,1
DA:36,1
DA:38,1
DA:45,1
DA:47,1
DA:53,1
DA:55,1
DA:58,1
LF:12
LH:12
BRF:0
BRH:0
end_of_record
TN:
SF:src/app/workbench/basic-fileupload.component.ts
FN:14,(anonymous_4)
FN:24,BasicFileUploadComponent
FN:42,(anonymous_6)
FN:49,(anonymous_7)
FN:51,(anonymous_8)
FN:54,(anonymous_9)
FN:66,(anonymous_10)
FN:82,(anonymous_11)
FNF:8
FNH:1
FNDA:1,(anonymous_4)
FNDA:0,BasicFileUploadComponent
FNDA:0,(anonymous_6)
FNDA:0,(anonymous_7)
FNDA:0,(anonymous_8)
FNDA:0,(anonymous_9)
FNDA:0,(anonymous_10)
FNDA:0,(anonymous_11)
DA:1,1
DA:2,1
DA:3,1
DA:4,1
DA:5,1
DA:6,1
DA:14,1
DA:17,1
DA:20,0
DA:22,0
DA:23,0
DA:24,0
DA:26,0
DA:27,0
DA:31,0
DA:32,0
DA:38,0
DA:42,0
DA:43,0
DA:49,0
DA:51,0
DA:54,0
DA:55,0
DA:61,0
DA:63,0
DA:66,0
DA:67,0
DA:75,0
DA:77,0
DA:82,1
DA:83,0
DA:85,1
LF:32
LH:10
BRF:0
BRH:0
end_of_record
TN:
SF:src/app/navigation/index.ts
FNF:0
FNH:0
DA:1,1
DA:2,1
DA:3,1
LF:3
LH:3
BRF:0
BRH:0
end_of_record
TN:
SF:src/app/navigation/not-found.component.ts
FN:12,(anonymous_2)
FN:14,NotFoundComponent
FN:17,(anonymous_4)
FNF:3
FNH:1
FNDA:1,(anonymous_2)
FNDA:0,NotFoundComponent
FNDA:0,(anonymous_4)
DA:1,1
DA:2,1
DA:12,1
DA:14,0
DA:17,1
DA:18,0
DA:20,1
LF:7
LH:5
BRF:0
BRH:0
end_of_record
TN:
SF:src/app/research-pg/index.ts
FNF:0
FNH:0
DA:1,1
LF:1
LH:1
BRF:0
BRH:0
end_of_record
TN:
SF:src/app/research-pg/research-programmes.component.ts
FN:12,(anonymous_2)
FN:14,ResearchProgrammesComponent
FN:17,(anonymous_4)
FNF:3
FNH:1
FNDA:1,(anonymous_2)
FNDA:0,ResearchProgrammesComponent
FNDA:0,(anonymous_4)
DA:1,1
DA:2,1
DA:12,1
DA:14,0
DA:17,1
DA:18,0
DA:20,1
LF:7
LH:5
BRF:0
BRH:0
end_of_record
TN:
SF:src/app/glossary-edu/index.ts
FNF:0
FNH:0
DA:2,1
DA:3,1
LF:2
LH:2
BRF:0
BRH:0
end_of_record
TN:
SF:src/app/glossary-edu/glossary.component.ts
FN:17,(anonymous_2)
FN:42,GlossaryComponent
FN:45,(anonymous_4)
FN:49,(anonymous_5)
FN:62,(anonymous_6)
FN:67,(anonymous_7)
FN:73,(anonymous_8)
FN:74,(anonymous_9)
FN:82,(anonymous_10)
FN:91,(anonymous_11)
FN:97,(anonymous_12)
FN:108,(anonymous_13)
FN:115,(anonymous_14)
FN:119,(anonymous_15)
FNF:14
FNH:1
FNDA:1,(anonymous_2)
FNDA:0,GlossaryComponent
FNDA:0,(anonymous_4)
FNDA:0,(anonymous_5)
FNDA:0,(anonymous_6)
FNDA:0,(anonymous_7)
FNDA:0,(anonymous_8)
FNDA:0,(anonymous_9)
FNDA:0,(anonymous_10)
FNDA:0,(anonymous_11)
FNDA:0,(anonymous_12)
FNDA:0,(anonymous_13)
FNDA:0,(anonymous_14)
FNDA:0,(anonymous_15)
DA:1,1
DA:2,1
DA:3,1
DA:4,1
DA:6,1
DA:7,1
DA:17,1
DA:19,0
DA:20,0
DA:22,0
DA:23,0
DA:25,0
DA:26,0
DA:28,1
DA:30,0
DA:31,0
DA:32,0
DA:33,0
DA:35,0
DA:36,0
DA:37,0
DA:38,0
DA:40,0
DA:41,0
DA:42,0
DA:45,1
DA:46,0
DA:47,0
DA:52,0
DA:60,0
DA:61,0
DA:62,0
DA:64,0
DA:68,0
DA:69,0
DA:73,1
DA:74,0
DA:75,0
DA:76,0
DA:82,1
DA:83,0
DA:84,0
DA:85,0
DA:86,0
DA:87,0
DA:89,0
DA:93,0
DA:95,0
DA:96,0
DA:97,0
DA:100,0
DA:102,0
DA:103,0
DA:106,0
DA:109,0
DA:110,0
DA:115,1
DA:116,0
DA:119,1
DA:120,0
DA:122,1
LF:61
LH:14
BRDA:76,1,0,0
BRDA:76,1,1,0
BRDA:83,2,0,0
BRDA:83,2,1,0
BRDA:83,3,0,0
BRDA:83,3,1,0
BRF:6
BRH:0
end_of_record
TN:
SF:src/app/context/context.component.ts
FN:13,(anonymous_2)
FN:20,ContextRetrieveComponent
FN:23,(anonymous_4)
FN:25,(anonymous_5)
FN:29,(anonymous_6)
FN:30,(anonymous_7)
FN:31,(anonymous_8)
FNF:7
FNH:1
FNDA:1,(anonymous_2)
FNDA:0,ContextRetrieveComponent
FNDA:0,(anonymous_4)
FNDA:0,(anonymous_5)
FNDA:0,(anonymous_6)
FNDA:0,(anonymous_7)
FNDA:0,(anonymous_8)
DA:1,1
DA:2,1
DA:3,1
DA:13,1
DA:15,0
DA:17,0
DA:18,0
DA:19,0
DA:20,0
DA:23,1
DA:24,0
DA:26,0
DA:29,0
DA:30,0
DA:31,0
DA:32,0
DA:41,0
DA:44,0
DA:48,0
DA:53,1
LF:20
LH:6
BRDA:27,1,0,0
BRDA:27,1,1,0
BRF:2
BRH:0
end_of_record
TN:
SF:src/app/timeseries/timeseries.component.ts
FN:27,(anonymous_4)
FN:65,TimeseriesComponent
FN:71,(anonymous_6)
FN:78,(anonymous_7)
FN:86,(anonymous_8)
FN:88,(anonymous_9)
FN:93,(anonymous_10)
FN:111,(anonymous_11)
FN:114,(anonymous_12)
FN:132,(anonymous_13)
FN:138,(anonymous_14)
FN:149,(anonymous_15)
FN:158,(anonymous_16)
FN:176,(anonymous_17)
FN:177,(anonymous_18)
FN:179,(anonymous_19)
FN:180,(anonymous_20)
FN:212,(anonymous_21)
FN:215,(anonymous_22)
FN:223,(anonymous_23)
FN:228,(anonymous_24)
FN:231,(anonymous_25)
FN:236,(anonymous_26)
FN:246,(anonymous_27)
FNF:24
FNH:1
FNDA:1,(anonymous_4)
FNDA:0,TimeseriesComponent
FNDA:0,(anonymous_6)
FNDA:0,(anonymous_7)
FNDA:0,(anonymous_8)
FNDA:0,(anonymous_9)
FNDA:0,(anonymous_10)
FNDA:0,(anonymous_11)
FNDA:0,(anonymous_12)
FNDA:0,(anonymous_13)
FNDA:0,(anonymous_14)
FNDA:0,(anonymous_15)
FNDA:0,(anonymous_16)
FNDA:0,(anonymous_17)
FNDA:0,(anonymous_18)
FNDA:0,(anonymous_19)
FNDA:0,(anonymous_20)
FNDA:0,(anonymous_21)
FNDA:0,(anonymous_22)
FNDA:0,(anonymous_23)
FNDA:0,(anonymous_24)
FNDA:0,(anonymous_25)
FNDA:0,(anonymous_26)
FNDA:0,(anonymous_27)
DA:1,1
DA:2,1
DA:3,1
DA:7,1
DA:8,1
DA:12,1
DA:13,1
DA:14,1
DA:16,1
DA:18,1
DA:27,1
DA:28,1
DA:33,0
DA:35,0
DA:63,0
DA:64,0
DA:65,0
DA:71,1
DA:72,0
DA:74,0
DA:75,0
DA:78,0
DA:86,1
DA:88,0
DA:90,0
DA:91,0
DA:92,0
DA:94,0
DA:96,0
DA:97,0
DA:98,0
DA:101,0
DA:102,0
DA:108,0
DA:109,0
DA:110,0
DA:111,0
DA:115,0
DA:116,0
DA:117,0
DA:125,0
DA:132,1
DA:133,0
DA:134,0
DA:135,0
DA:138,1
DA:139,0
DA:144,0
DA:145,0
DA:146,0
DA:147,0
DA:148,0
DA:150,0
DA:151,0
DA:152,0
DA:153,0
DA:159,0
DA:160,0
DA:161,0
DA:176,1
DA:177,0
DA:179,0
DA:180,0
DA:182,0
DA:183,0
DA:185,0
DA:187,0
DA:191,0
DA:198,0
DA:199,0
DA:200,0
DA:201,0
DA:203,0
DA:212,1
DA:214,0
DA:216,0
DA:217,0
DA:218,0
DA:219,0
DA:220,0
DA:221,0
DA:223,0
DA:225,0
DA:228,1
DA:230,0
DA:232,0
DA:234,0
DA:236,0
DA:238,0
DA:246,1
DA:247,0
DA:248,0
DA:250,0
DA:251,0
DA:252,0
DA:253,0
DA:254,0
DA:255,0
DA:256,0
DA:258,0
DA:259,0
DA:262,1
LF:102
LH:21
BRDA:74,1,0,0
BRDA:74,1,1,0
BRDA:90,2,0,0
BRDA:90,2,1,0
BRDA:97,3,0,0
BRDA:97,3,1,0
BRDA:139,4,0,0
BRDA:139,4,1,0
BRDA:182,5,0,0
BRDA:182,5,1,0
BRDA:191,6,0,0
BRDA:191,6,1,0
BRDA:198,7,0,0
BRDA:198,7,1,0
BRDA:199,8,0,0
BRDA:199,8,1,0
BRDA:250,9,0,0
BRDA:250,9,1,0
BRDA:250,10,0,0
BRDA:250,10,1,0
BRDA:254,11,0,0
BRDA:254,11,1,0
BRF:22
BRH:0
end_of_record
TN:
SF:src/app/timeseries/index.ts
FNF:0
FNH:0
DA:1,1
DA:2,1
DA:3,1
DA:4,1
LF:4
LH:4
BRF:0
BRH:0
end_of_record
TN:
SF:src/app/timeseries/timeseries.types.ts
FN:1,(anonymous_0)
FN:1,Timeseries
FN:17,(anonymous_2)
FN:17,SosServiceMetadata
FN:27,(anonymous_4)
FN:27,SosCapabilities
FNF:6
FNH:3
FNDA:1,(anonymous_0)
FNDA:0,Timeseries
FNDA:1,(anonymous_2)
FNDA:0,SosServiceMetadata
FNDA:1,(anonymous_4)
FNDA:0,SosCapabilities
DA:1,1
DA:15,1
DA:17,1
DA:25,1
DA:27,1
DA:38,1
LF:6
LH:6
BRF:0
BRH:0
end_of_record
TN:
SF:src/app/timeseries/timeseries.configurator.modal.component.ts
FN:20,(anonymous_4)
FN:49,TimeseriesConfiguratorModalComponent
FN:53,(anonymous_6)
FN:77,(anonymous_7)
FN:105,(anonymous_8)
FN:109,(anonymous_9)
FN:118,(anonymous_10)
FN:128,(anonymous_11)
FN:133,(anonymous_12)
FN:137,(anonymous_13)
FN:170,(anonymous_14)
FN:177,(anonymous_15)
FN:182,(anonymous_16)
FN:187,(anonymous_17)
FN:234,(anonymous_18)
FN:244,(anonymous_19)
FNF:16
FNH:1
FNDA:1,(anonymous_4)
FNDA:0,TimeseriesConfiguratorModalComponent
FNDA:0,(anonymous_6)
FNDA:0,(anonymous_7)
FNDA:0,(anonymous_8)
FNDA:0,(anonymous_9)
FNDA:0,(anonymous_10)
FNDA:0,(anonymous_11)
FNDA:0,(anonymous_12)
FNDA:0,(anonymous_13)
FNDA:0,(anonymous_14)
FNDA:0,(anonymous_15)
FNDA:0,(anonymous_16)
FNDA:0,(anonymous_17)
FNDA:0,(anonymous_18)
FNDA:0,(anonymous_19)
DA:1,1
DA:2,1
DA:3,1
DA:4,1
DA:5,1
DA:6,1
DA:7,1
DA:8,1
DA:10,1
DA:11,1
DA:12,1
DA:20,1
DA:21,1
DA:24,0
DA:25,0
DA:27,0
DA:28,0
DA:35,0
DA:36,0
DA:46,0
DA:47,0
DA:48,0
DA:49,0
DA:50,0
DA:53,1
DA:54,0
DA:55,0
DA:57,0
DA:58,0
DA:59,0
DA:60,0
DA:61,0
DA:62,0
DA:63,0
DA:64,0
DA:65,0
DA:77,1
DA:79,0
DA:80,0
DA:81,0
DA:82,0
DA:83,0
DA:84,0
DA:86,0
DA:89,0
DA:90,0
DA:91,0
DA:94,0
DA:95,0
DA:96,0
DA:97,0
DA:98,0
DA:99,0
DA:100,0
DA:102,0
DA:105,1
DA:106,0
DA:109,1
DA:110,0
DA:111,0
DA:112,0
DA:113,0
DA:114,0
DA:115,0
DA:118,1
DA:119,0
DA:122,0
DA:123,0
DA:125,0
DA:127,0
DA:129,0
DA:130,0
DA:131,0
DA:133,0
DA:136,0
DA:138,0
DA:139,0
DA:141,0
DA:144,0
DA:145,0
DA:147,0
DA:150,0
DA:151,0
DA:153,0
DA:156,0
DA:157,0
DA:159,0
DA:162,0
DA:163,0
DA:165,0
DA:168,0
DA:171,0
DA:172,0
DA:177,1
DA:178,0
DA:179,0
DA:182,1
DA:183,0
DA:184,0
DA:187,1
DA:188,0
DA:214,0
DA:223,0
DA:233,0
DA:234,0
DA:236,0
DA:244,1
DA:245,0
DA:246,0
DA:248,0
DA:249,0
DA:250,0
DA:251,0
DA:252,0
DA:253,0
DA:254,0
DA:256,0
DA:257,0
DA:260,1
LF:119
LH:23
BRDA:54,1,0,0
BRDA:54,1,1,0
BRDA:58,2,0,0
BRDA:58,2,1,0
BRDA:61,3,0,0
BRDA:61,3,1,0
BRDA:61,4,0,0
BRDA:61,4,1,0
BRDA:64,5,0,0
BRDA:64,5,1,0
BRDA:79,6,0,0
BRDA:79,6,1,0
BRDA:123,7,0,0
BRDA:123,7,1,0
BRDA:123,8,0,0
BRDA:123,8,1,0
BRDA:131,9,0,0
BRDA:131,9,1,0
BRDA:144,10,0,0
BRDA:144,10,1,0
BRDA:144,11,0,0
BRDA:144,11,1,0
BRDA:150,12,0,0
BRDA:150,12,1,0
BRDA:150,13,0,0
BRDA:150,13,1,0
BRDA:156,14,0,0
BRDA:156,14,1,0
BRDA:156,15,0,0
BRDA:156,15,1,0
BRDA:162,16,0,0
BRDA:162,16,1,0
BRDA:162,17,0,0
BRDA:162,17,1,0
BRDA:248,18,0,0
BRDA:248,18,1,0
BRDA:248,19,0,0
BRDA:248,19,1,0
BRDA:252,20,0,0
BRDA:252,20,1,0
BRF:40
BRH:0
end_of_record
TN:
SF:src/app/timeseries/validators.sac.ts
FN:14,parseUri
FN:34,(anonymous_1)
FN:34,ValidatorsSacGwh
FN:39,(anonymous_3)
FN:48,(anonymous_4)
FN:60,(anonymous_5)
FNF:6
FNH:1
FNDA:0,parseUri
FNDA:1,(anonymous_1)
FNDA:0,ValidatorsSacGwh
FNDA:0,(anonymous_3)
FNDA:0,(anonymous_4)
FNDA:0,(anonymous_5)
DA:2,1
DA:15,0
DA:28,0
DA:34,1
DA:39,1
DA:40,0
DA:41,0
DA:48,1
DA:49,0
DA:50,0
DA:60,1
DA:61,0
DA:62,0
DA:64,0
DA:83,1
LF:15
LH:6
BRDA:42,1,0,0
BRDA:42,1,1,0
BRDA:41,2,0,0
BRDA:41,2,1,0
BRDA:51,3,0,0
BRDA:51,3,1,0
BRDA:50,4,0,0
BRDA:50,4,1,0
BRDA:62,5,0,0
BRDA:62,5,1,0
BRDA:69,6,0,0
BRDA:69,6,1,0
BRDA:64,7,0,0
BRDA:64,7,1,0
BRDA:64,7,2,0
BRDA:64,7,3,0
BRF:16
BRH:0
end_of_record
TN:
SF:src/app/ol3-map/index.ts
FNF:0
FNH:0
DA:1,1
LF:1
LH:1
BRF:0
BRH:0
end_of_record
TN:
SF:src/app/ol3-map/ol3-map.component.ts
FN:6,(anonymous_2)
FN:6,Ol3MapExtent
FN:20,(anonymous_4)
FN:11,Ol3MapComponent
FN:24,(anonymous_6)
FN:39,(anonymous_7)
FN:49,(anonymous_8)
FN:76,(anonymous_9)
FN:135,(anonymous_10)
FN:165,(anonymous_11)
FNF:10
FNH:2
FNDA:1,(anonymous_2)
FNDA:0,Ol3MapExtent
FNDA:1,(anonymous_4)
FNDA:0,Ol3MapComponent
FNDA:0,(anonymous_6)
FNDA:0,(anonymous_7)
FNDA:0,(anonymous_8)
FNDA:0,(anonymous_9)
FNDA:0,(anonymous_10)
FNDA:0,(anonymous_11)
DA:1,1
DA:3,1
DA:4,1
DA:6,1
DA:9,1
DA:20,1
DA:22,1
DA:24,2
DA:25,0
DA:27,0
DA:30,0
DA:33,0
DA:35,0
DA:39,2
DA:40,0
DA:41,0
DA:44,0
DA:45,0
DA:46,0
DA:49,2
DA:50,0
DA:51,0
DA:54,0
DA:56,0
DA:57,0
DA:62,0
DA:63,0
DA:68,0
DA:69,0
DA:70,0
DA:76,1
DA:77,0
DA:91,0
DA:106,0
DA:128,0
DA:129,0
DA:135,1
DA:136,0
DA:137,0
DA:139,0
DA:140,0
DA:141,0
DA:144,0
DA:145,0
DA:147,0
DA:148,0
DA:150,0
DA:155,0
DA:165,1
DA:166,0
DA:168,0
DA:169,0
DA:172,1
LF:53
LH:14
BRDA:25,1,0,0
BRDA:25,1,1,0
BRDA:33,2,0,0
BRDA:33,2,1,0
BRDA:40,3,0,0
BRDA:40,3,1,0
BRDA:40,4,0,0
BRDA:40,4,1,0
BRDA:50,5,0,0
BRDA:50,5,1,0
BRDA:50,6,0,0
BRDA:50,6,1,0
BRDA:56,7,0,0
BRDA:56,7,1,0
BRDA:136,8,0,0
BRDA:136,8,1,0
BRDA:139,9,0,0
BRDA:139,9,1,0
BRDA:144,10,0,0
BRDA:144,10,1,0
BRDA:144,11,0,0
BRDA:144,11,1,0
BRDA:147,12,0,0
BRDA:147,12,1,0
BRDA:147,13,0,0
BRDA:147,13,1,0
BRF:26
BRH:0
end_of_record
TN:
SF:src/app/x3d-view/index.ts
FNF:0
FNH:0
DA:1,1
LF:1
LH:1
BRF:0
BRH:0
end_of_record
TN:
SF:src/app/x3d-view/x3d-view.component.ts
FN:13,(anonymous_1)
FN:13,X3dViewComponent
FN:15,(anonymous_3)
FNF:3
FNH:1
FNDA:1,(anonymous_1)
FNDA:0,X3dViewComponent
FNDA:0,(anonymous_3)
DA:1,1
DA:13,1
DA:15,1
DA:16,0
DA:18,1
LF:5
LH:4
BRF:0
BRH:0
end_of_record
TN:
SF:src/app/context/index.ts
FNF:0
FNH:0
DA:1,1
LF:1
LH:1
BRF:0
BRH:0
end_of_record
